2024-05-15 17:59:39,584 [INFO] Activator:176 - 


2024-05-15 17:59:39,591 [INFO] Activator:177 - !SESSION log4j initialized
2024-05-15 17:59:48,537 [INFO] LogOutputStream:77 - [STDOUT_REDIRECT] 
2024-05-15 17:59:51,652 [INFO] ApplicationProperties:184 - Using Application install path: C:\ST\STM32CubeIDE_1.13.2\STM32CubeIDE\plugins\com.st.stm32cube.common.mx_6.9.2.202309101412
2024-05-15 17:59:51,683 [INFO] DbMcusXml:78 - Set database path to: C:\ST\STM32CubeIDE_1.13.2\STM32CubeIDE\plugins\com.st.stm32cube.common.mx_6.9.2.202309101412\\db\/mcu/
2024-05-15 17:59:51,683 [INFO] ApiDb:274 - Set plugin database path to: C:\ST\STM32CubeIDE_1.13.2\STM32CubeIDE\plugins\com.st.stm32cube.common.mx_6.9.2.202309101412\\db\/plugins/boardmanager/
2024-05-15 17:59:51,684 [WARN] ApiDb:259 - Overriding images path with different value:  => C:\ST\STM32CubeIDE_1.13.2\STM32CubeIDE\plugins\com.st.stm32cube.common.mx_6.9.2.202309101412\\db\/plugins/mcufinder/images/
2024-05-15 17:59:51,712 [INFO] ApiDb:250 - Set database path to: C:\Users\This PC\.stmcufinder\plugins\mcufinder//mcu/
2024-05-15 17:59:51,714 [INFO] DbMcusAds:125 - Set database path to: C:\Users\This PC\.stmcufinder\plugins\mcufinder//mcu/
2024-05-15 17:59:52,260 [INFO] CrossReferenceDbSqlite:203 - Set database path to: C:\Users\This PC\.stmcufinder\plugins\mcufinder//mcu/cs/
2024-05-15 17:59:52,409 [INFO] RulesReader:64 - Compatibility file has been processed (293 Rules)
2024-05-15 17:59:52,532 [INFO] DbMcusXml:78 - Set database path to: C:\ST\STM32CubeIDE_1.13.2\STM32CubeIDE\plugins\com.st.stm32cube.common.mx_6.9.2.202309101412\\db\/mcu/
2024-05-15 17:59:52,532 [INFO] ApiDb:274 - Set plugin database path to: C:\ST\STM32CubeIDE_1.13.2\STM32CubeIDE\plugins\com.st.stm32cube.common.mx_6.9.2.202309101412\\db\/plugins/boardmanager/
2024-05-15 17:59:52,532 [INFO] ApiDb:261 - Set plugin images path to: C:\ST\STM32CubeIDE_1.13.2\STM32CubeIDE\plugins\com.st.stm32cube.common.mx_6.9.2.202309101412\\db\/plugins/mcufinder/images/
2024-05-15 17:59:52,533 [WARN] DbFile:41 - Overriding database path with different value: C:\Users\This PC\.stmcufinder\plugins\mcufinder/ => C:\Users\This PC\.stmcufinder\plugins\mcufinder
2024-05-15 17:59:52,533 [INFO] ApiDb:250 - Set database path to: C:\Users\This PC\.stmcufinder\plugins\mcufinder//mcu/
2024-05-15 17:59:52,534 [WARN] DbFile:41 - Overriding database path with different value: C:\Users\This PC\.stmcufinder\plugins\mcufinder/ => C:\Users\This PC\.stmcufinder\plugins\mcufinder
2024-05-15 17:59:52,534 [INFO] DbMcusAds:125 - Set database path to: C:\Users\This PC\.stmcufinder\plugins\mcufinder//mcu/
2024-05-15 17:59:52,534 [WARN] DbFile:41 - Overriding database path with different value: C:\Users\This PC\.stmcufinder\plugins\mcufinder/ => C:\Users\This PC\.stmcufinder\plugins\mcufinder
2024-05-15 17:59:52,534 [WARN] DbFile:41 - Overriding database path with different value: C:\Users\This PC\.stmcufinder\plugins\mcufinder/ => C:\Users\This PC\.stmcufinder\plugins\mcufinder
2024-05-15 17:59:53,264 [INFO] CrossReferenceDbSqlite:203 - Set database path to: C:\Users\This PC\.stmcufinder\plugins\mcufinder//mcu/cs/
2024-05-15 17:59:53,399 [INFO] MainPanel:262 - HeapMemory: 268435456
2024-05-15 17:59:53,563 [INFO] DbMcusXml:78 - Set database path to: C:\ST\STM32CubeIDE_1.13.2\STM32CubeIDE\plugins\com.st.stm32cube.common.mx_6.9.2.202309101412\\db\/mcu/
2024-05-15 17:59:53,563 [INFO] ApiDb:274 - Set plugin database path to: C:\ST\STM32CubeIDE_1.13.2\STM32CubeIDE\plugins\com.st.stm32cube.common.mx_6.9.2.202309101412\\db\/plugins/boardmanager/
2024-05-15 17:59:53,563 [INFO] ApiDb:261 - Set plugin images path to: C:\ST\STM32CubeIDE_1.13.2\STM32CubeIDE\plugins\com.st.stm32cube.common.mx_6.9.2.202309101412\\db\/plugins/mcufinder/images/
2024-05-15 17:59:53,564 [WARN] DbFile:41 - Overriding database path with different value: C:\Users\This PC\.stmcufinder\plugins\mcufinder/ => C:\Users\This PC\.stmcufinder\plugins\mcufinder
2024-05-15 17:59:53,564 [INFO] ApiDb:250 - Set database path to: C:\Users\This PC\.stmcufinder\plugins\mcufinder//mcu/
2024-05-15 17:59:53,564 [WARN] DbFile:41 - Overriding database path with different value: C:\Users\This PC\.stmcufinder\plugins\mcufinder/ => C:\Users\This PC\.stmcufinder\plugins\mcufinder
2024-05-15 17:59:53,564 [INFO] DbMcusAds:125 - Set database path to: C:\Users\This PC\.stmcufinder\plugins\mcufinder//mcu/
2024-05-15 17:59:53,564 [WARN] DbFile:41 - Overriding database path with different value: C:\Users\This PC\.stmcufinder\plugins\mcufinder/ => C:\Users\This PC\.stmcufinder\plugins\mcufinder
2024-05-15 17:59:53,565 [WARN] DbFile:41 - Overriding database path with different value: C:\Users\This PC\.stmcufinder\plugins\mcufinder/ => C:\Users\This PC\.stmcufinder\plugins\mcufinder
2024-05-15 17:59:54,259 [INFO] CrossReferenceDbSqlite:203 - Set database path to: C:\Users\This PC\.stmcufinder\plugins\mcufinder//mcu/cs/
2024-05-15 17:59:54,288 [INFO] ApplicationProperties:184 - Using Application install path: C:\ST\STM32CubeIDE_1.13.2\STM32CubeIDE\plugins\com.st.stm32cube.common.mx_6.9.2.202309101412
2024-05-15 17:59:54,291 [INFO] PluginManage:196 - Search for loadable plugins [exclusion list=, ]
2024-05-15 17:59:54,293 [INFO] PluginManage:310 - Check plugin analytics
2024-05-15 17:59:55,361 [INFO] AnalyticsPlugin:253 - Accepted Software Licenses: 
2024-05-15 17:59:55,363 [INFO] AnalyticsPlugin:255 - Accepted CMSIS Pack Licenses: 
2024-05-15 17:59:55,363 [INFO] AnalyticsPlugin:257 - Accepted Firmware Licenses: 
2024-05-15 17:59:55,366 [INFO] PluginManage:359 - Loaded plugin analytics (category:tool,tabindex:-1)
2024-05-15 17:59:55,366 [INFO] PluginManage:310 - Check plugin cadmodel
2024-05-15 17:59:55,381 [INFO] CADModel:105 - Init CAD model plugin
2024-05-15 17:59:55,381 [INFO] PluginManage:359 - Loaded plugin cadmodel (category:power,tabindex:5)
2024-05-15 17:59:55,381 [INFO] PluginManage:310 - Check plugin clock
2024-05-15 17:59:55,402 [INFO] PluginManage:359 - Loaded plugin clock (category:base,tabindex:2)
2024-05-15 17:59:55,402 [INFO] PluginManage:310 - Check plugin ddr
2024-05-15 17:59:55,404 [INFO] PluginManage:359 - Loaded plugin ddr (category:tool,tabindex:6)
2024-05-15 17:59:55,404 [INFO] PluginManage:310 - Check plugin filemanager
2024-05-15 17:59:55,547 [INFO] PluginManage:359 - Loaded plugin filemanager (category:base,tabindex:10)
2024-05-15 17:59:55,547 [INFO] PluginManage:310 - Check plugin ipmanager
2024-05-15 17:59:55,556 [INFO] PluginManage:359 - Loaded plugin ipmanager (category:base,tabindex:5)
2024-05-15 17:59:55,557 [INFO] PluginManage:310 - Check plugin lpbam
2024-05-15 17:59:55,590 [INFO] PluginManage:359 - Loaded plugin lpbam (category:base,tabindex:0)
2024-05-15 17:59:55,590 [INFO] PluginManage:310 - Check plugin memorymap
2024-05-15 17:59:55,619 [INFO] PluginManage:359 - Loaded plugin memorymap (category:base,tabindex:4)
2024-05-15 17:59:55,619 [INFO] PluginManage:310 - Check plugin pinoutandconfiguration
2024-05-15 17:59:55,639 [INFO] PluginManage:359 - Loaded plugin pinoutandconfiguration (category:base,tabindex:1)
2024-05-15 17:59:55,639 [INFO] PluginManage:310 - Check plugin pinoutconfig
2024-05-15 17:59:55,749 [WARN] SupportedApi:132 - Cannot load RTOS API schema: s4s-elt-must-match.1: The content of 'definitions' must match (annotation?, (simpleType | complexType)?, (unique | key | keyref)*)). A problem was found starting at: attribute.
2024-05-15 17:59:55,920 [INFO] PluginManage:359 - Loaded plugin pinoutconfig (category:base,tabindex:0)
2024-05-15 17:59:55,920 [INFO] PluginManage:310 - Check plugin power
2024-05-15 17:59:55,948 [INFO] PluginManage:359 - Loaded plugin power (category:power,tabindex:4)
2024-05-15 17:59:55,948 [INFO] PluginManage:310 - Check plugin projectmanager
2024-05-15 17:59:55,965 [INFO] PluginManage:359 - Loaded plugin projectmanager (category:projectmanager,tabindex:3)
2024-05-15 17:59:55,965 [INFO] PluginManage:310 - Check plugin thirdparty
2024-05-15 17:59:56,321 [INFO] PluginManage:359 - Loaded plugin thirdparty (category:base,tabindex:-1)
2024-05-15 17:59:56,321 [WARN] IntegrityCheckThread:84 - waiting for thirdparty lock release [integrity check]
2024-05-15 17:59:56,321 [INFO] PluginManage:310 - Check plugin tools
2024-05-15 17:59:56,321 [INFO] IntegrityCheckThread:86 - entering critical section [integrity check]
2024-05-15 17:59:56,323 [INFO] ThirdPartyUpdaterWithRetryManager:70 - Updater plugin not ready yet. [1/15]
2024-05-15 17:59:56,371 [INFO] PluginManage:359 - Loaded plugin tools (category:base,tabindex:7)
2024-05-15 17:59:56,371 [INFO] PluginManage:310 - Check plugin tutovideos
2024-05-15 17:59:56,661 [INFO] PluginManage:359 - Loaded plugin tutovideos (category:base,tabindex:-1)
2024-05-15 17:59:56,661 [INFO] PluginManage:310 - Check plugin updater
2024-05-15 17:59:56,676 [INFO] PluginManage:359 - Loaded plugin updater (category:base,tabindex:12)
2024-05-15 17:59:56,677 [INFO] PluginManage:310 - Check plugin userauth
2024-05-15 17:59:56,684 [INFO] UserAuth:113 - Init User Auth plugin
2024-05-15 17:59:56,684 [INFO] PluginManage:359 - Loaded plugin userauth (category:base,tabindex:14)
2024-05-15 17:59:56,684 [INFO] PluginManage:283 - PluginManage : Loaded plugins [17]
2024-05-15 17:59:56,986 [INFO] PinOutPanel:1499 - setPackage(No Configuration,No Configuration)
2024-05-15 17:59:57,133 [INFO] CADModel:165 - CPN selected for project level
2024-05-15 17:59:57,133 [INFO] CADModel:114 - Register for checkConnection events
2024-05-15 17:59:57,170 [INFO] IPUIPlugin:80 - create IPUIPlugin
2024-05-15 17:59:57,170 [INFO] PluginManager:220 - loadIPPluginJar : add adc
2024-05-15 17:59:57,221 [INFO] IPUIPlugin:80 - create IPUIPlugin
2024-05-15 17:59:57,221 [INFO] PluginManager:220 - loadIPPluginJar : add aes
2024-05-15 17:59:57,280 [INFO] IPUIPlugin:80 - create IPUIPlugin
2024-05-15 17:59:57,280 [INFO] PluginManager:220 - loadIPPluginJar : add can
2024-05-15 17:59:57,311 [INFO] IPUIPlugin:80 - create IPUIPlugin
2024-05-15 17:59:57,311 [INFO] PluginManager:220 - loadIPPluginJar : add comp
2024-05-15 17:59:57,361 [INFO] IPUIPlugin:80 - create IPUIPlugin
2024-05-15 17:59:57,361 [INFO] PluginManager:220 - loadIPPluginJar : add cryp
2024-05-15 17:59:57,406 [INFO] IPUIPlugin:80 - create IPUIPlugin
2024-05-15 17:59:57,406 [INFO] PluginManager:220 - loadIPPluginJar : add dfsdm
2024-05-15 17:59:57,426 [INFO] IPUIPlugin:80 - create IPUIPlugin
2024-05-15 17:59:57,427 [INFO] PluginManager:220 - loadIPPluginJar : add dma
2024-05-15 17:59:57,485 [INFO] IPUIPlugin:80 - create IPUIPlugin
2024-05-15 17:59:57,485 [INFO] PluginManager:220 - loadIPPluginJar : add dma3
2024-05-15 17:59:57,516 [INFO] IPUIPlugin:80 - create IPUIPlugin
2024-05-15 17:59:57,516 [INFO] PluginManager:220 - loadIPPluginJar : add fatfs
2024-05-15 17:59:57,586 [INFO] IPUIPlugin:80 - create IPUIPlugin
2024-05-15 17:59:57,586 [INFO] PluginManager:220 - loadIPPluginJar : add fmc
2024-05-15 17:59:57,604 [INFO] IPUIPlugin:80 - create IPUIPlugin
2024-05-15 17:59:57,604 [INFO] PluginManager:220 - loadIPPluginJar : add freertos
2024-05-15 17:59:57,630 [INFO] IPUIPlugin:80 - create IPUIPlugin
2024-05-15 17:59:57,631 [INFO] PluginManager:220 - loadIPPluginJar : add genericplugin
2024-05-15 17:59:57,748 [INFO] IPUIPlugin:80 - create IPUIPlugin
2024-05-15 17:59:57,749 [INFO] PluginManager:220 - loadIPPluginJar : add gfxmmu
2024-05-15 17:59:57,909 [INFO] IPUIPlugin:80 - create IPUIPlugin
2024-05-15 17:59:57,910 [INFO] PluginManager:220 - loadIPPluginJar : add gic
2024-05-15 17:59:57,927 [INFO] IPUIPlugin:80 - create IPUIPlugin
2024-05-15 17:59:57,927 [INFO] PluginManager:220 - loadIPPluginJar : add gpio
2024-05-15 17:59:58,028 [INFO] IPUIPlugin:80 - create IPUIPlugin
2024-05-15 17:59:58,028 [INFO] PluginManager:220 - loadIPPluginJar : add gtzc
2024-05-15 17:59:58,061 [INFO] IPUIPlugin:80 - create IPUIPlugin
2024-05-15 17:59:58,061 [INFO] PluginManager:220 - loadIPPluginJar : add hash
2024-05-15 17:59:58,121 [INFO] IPUIPlugin:80 - create IPUIPlugin
2024-05-15 17:59:58,121 [INFO] PluginManager:220 - loadIPPluginJar : add i2c
2024-05-15 17:59:58,171 [INFO] IPUIPlugin:80 - create IPUIPlugin
2024-05-15 17:59:58,173 [INFO] PluginManager:220 - loadIPPluginJar : add i2s
2024-05-15 17:59:58,245 [INFO] IPUIPlugin:80 - create IPUIPlugin
2024-05-15 17:59:58,245 [INFO] PluginManager:220 - loadIPPluginJar : add i3c
2024-05-15 17:59:58,446 [INFO] IPUIPlugin:80 - create IPUIPlugin
2024-05-15 17:59:58,446 [INFO] PluginManager:220 - loadIPPluginJar : add ipddr
2024-05-15 17:59:58,607 [INFO] IPUIPlugin:80 - create IPUIPlugin
2024-05-15 17:59:58,607 [INFO] PluginManager:220 - loadIPPluginJar : add linkedlist
2024-05-15 17:59:58,664 [INFO] IPUIPlugin:80 - create IPUIPlugin
2024-05-15 17:59:58,664 [INFO] PluginManager:220 - loadIPPluginJar : add lorawan
2024-05-15 17:59:58,721 [INFO] IPUIPlugin:80 - create IPUIPlugin
2024-05-15 17:59:58,721 [INFO] PluginManager:220 - loadIPPluginJar : add ltdc
2024-05-15 17:59:58,754 [INFO] IPUIPlugin:80 - create IPUIPlugin
2024-05-15 17:59:58,754 [INFO] PluginManager:220 - loadIPPluginJar : add mdma
2024-05-15 17:59:58,773 [INFO] IPUIPlugin:80 - create IPUIPlugin
2024-05-15 17:59:58,773 [INFO] PluginManager:220 - loadIPPluginJar : add nvic
2024-05-15 17:59:58,837 [INFO] IPUIPlugin:80 - create IPUIPlugin
2024-05-15 17:59:58,837 [INFO] PluginManager:220 - loadIPPluginJar : add opamp
2024-05-15 17:59:58,947 [INFO] IPUIPlugin:80 - create IPUIPlugin
2024-05-15 17:59:58,948 [INFO] PluginManager:220 - loadIPPluginJar : add openamp
2024-05-15 17:59:59,023 [INFO] IPUIPlugin:80 - create IPUIPlugin
2024-05-15 17:59:59,023 [INFO] PluginManager:220 - loadIPPluginJar : add pdm2pcm
2024-05-15 17:59:59,044 [INFO] IPUIPlugin:80 - create IPUIPlugin
2024-05-15 17:59:59,047 [INFO] PluginManager:220 - loadIPPluginJar : add plateformsettings
2024-05-15 17:59:59,083 [INFO] IPUIPlugin:80 - create IPUIPlugin
2024-05-15 17:59:59,083 [INFO] PluginManager:220 - loadIPPluginJar : add quadspi
2024-05-15 17:59:59,104 [INFO] IPUIPlugin:80 - create IPUIPlugin
2024-05-15 17:59:59,104 [INFO] PluginManager:220 - loadIPPluginJar : add resmgrutility
2024-05-15 17:59:59,175 [INFO] IPUIPlugin:80 - create IPUIPlugin
2024-05-15 17:59:59,175 [INFO] PluginManager:220 - loadIPPluginJar : add sai
2024-05-15 17:59:59,238 [INFO] IPUIPlugin:80 - create IPUIPlugin
2024-05-15 17:59:59,239 [INFO] PluginManager:220 - loadIPPluginJar : add spi
2024-05-15 17:59:59,325 [INFO] ThirdPartyUpdaterWithRetryManager:70 - Updater plugin not ready yet. [2/15]
2024-05-15 17:59:59,337 [INFO] IPUIPlugin:80 - create IPUIPlugin
2024-05-15 17:59:59,337 [INFO] PluginManager:220 - loadIPPluginJar : add stm32_wpan
2024-05-15 17:59:59,370 [INFO] IPUIPlugin:80 - create IPUIPlugin
2024-05-15 17:59:59,370 [INFO] PluginManager:220 - loadIPPluginJar : add tim
2024-05-15 17:59:59,457 [INFO] IPUIPlugin:80 - create IPUIPlugin
2024-05-15 17:59:59,457 [INFO] PluginManager:220 - loadIPPluginJar : add touchsensing
2024-05-15 17:59:59,496 [INFO] IPUIPlugin:80 - create IPUIPlugin
2024-05-15 17:59:59,497 [INFO] PluginManager:220 - loadIPPluginJar : add tracer_emb
2024-05-15 17:59:59,536 [INFO] IPUIPlugin:80 - create IPUIPlugin
2024-05-15 17:59:59,536 [INFO] PluginManager:220 - loadIPPluginJar : add ts
2024-05-15 17:59:59,571 [INFO] IPUIPlugin:80 - create IPUIPlugin
2024-05-15 17:59:59,571 [INFO] PluginManager:220 - loadIPPluginJar : add tsc
2024-05-15 17:59:59,605 [INFO] IPUIPlugin:80 - create IPUIPlugin
2024-05-15 17:59:59,606 [INFO] PluginManager:220 - loadIPPluginJar : add ucpd
2024-05-15 17:59:59,679 [INFO] IPUIPlugin:80 - create IPUIPlugin
2024-05-15 17:59:59,679 [INFO] PluginManager:220 - loadIPPluginJar : add usart
2024-05-15 17:59:59,746 [INFO] IPUIPlugin:80 - create IPUIPlugin
2024-05-15 17:59:59,746 [INFO] PluginManager:220 - loadIPPluginJar : add usbx
2024-05-15 17:59:59,893 [INFO] CADModel:165 - CPN selected for project level
2024-05-15 17:59:59,893 [INFO] CADModel:114 - Register for checkConnection events
2024-05-15 17:59:59,894 [FATAL] Updater:308 - Updater called before beeing initialized
2024-05-15 17:59:59,894 [ERROR] CADModel:125 - Updater not yet initialized, retry later 
2024-05-15 18:00:00,106 [INFO] CADModel:165 - CPN selected for project level
2024-05-15 18:00:00,107 [INFO] CADModel:114 - Register for checkConnection events
2024-05-15 18:00:00,108 [FATAL] Updater:308 - Updater called before beeing initialized
2024-05-15 18:00:00,108 [ERROR] CADModel:125 - Updater not yet initialized, retry later 
2024-05-15 18:00:00,122 [FATAL] Updater:308 - Updater called before beeing initialized
2024-05-15 18:00:00,421 [FATAL] Updater:308 - Updater called before beeing initialized
2024-05-15 18:00:00,446 [INFO] DbMcusAds:53 - JSON generation date=Thu May 02 15:37:29 ICT 2024 (1714639049318)
2024-05-15 18:00:00,446 [FATAL] Updater:308 - Updater called before beeing initialized
2024-05-15 18:00:00,635 [WARN] DetailPanel:346 - Failed to get advertising image, set to default
2024-05-15 18:00:00,884 [FATAL] Updater:308 - Updater called before beeing initialized
2024-05-15 18:00:00,888 [FATAL] Updater:308 - Updater called before beeing initialized
2024-05-15 18:00:00,888 [FATAL] Updater:308 - Updater called before beeing initialized
2024-05-15 18:00:00,888 [WARN] DetailPanel:346 - Failed to get advertising image, set to default
2024-05-15 18:00:00,889 [FATAL] Updater:308 - Updater called before beeing initialized
2024-05-15 18:00:00,993 [ERROR] Updater:1120 - MainUpdater not yet initialized. External WinMGr cannot be set.
2024-05-15 18:00:01,024 [INFO] Updater:1056 - Updater Version found : 6.9.2
2024-05-15 18:00:01,098 [INFO] ApplicationProperties:184 - Using Application install path: C:\ST\STM32CubeIDE_1.13.2\STM32CubeIDE\plugins\com.st.stm32cube.common.mx_6.9.2.202309101412
2024-05-15 18:00:02,189 [INFO] MainUpdater:2868 - connection check result : 10
2024-05-15 18:00:02,191 [INFO] MainUpdater:285 - Updater Check For Update Now.
2024-05-15 18:00:02,191 [INFO] MicroXplorer:498 - Change Database Version : DB.6.0.92
2024-05-15 18:00:02,220 [INFO] McuFinderGlobals:63 - Set McuFinder mode to 2 (CubeIDE integrated)
2024-05-15 18:00:02,221 [INFO] UserAuth:179 - activating auth plugin
2024-05-15 18:00:02,225 [INFO] UserAuth:393 - Internet connection configuration mode: 1
2024-05-15 18:00:02,274 [INFO] JxBrowserEngine:151 - Initiate JxBrowser Engine with user profile folder
2024-05-15 18:00:02,325 [WARN] MainUpdater:1189 - Updater busy. Cannot search thirdparties
2024-05-15 18:00:02,326 [INFO] ThirdPartyUpdaterWithRetryManager:96 - Updater plugin is busy. [1/15]
2024-05-15 18:00:02,517 [INFO] CheckServerUpdateThread:120 - End of CheckServer Thread
2024-05-15 18:00:05,958 [WARN] PackLoader:240 - Cannot read IP mode file for STMicroelectronics.FP-SNS-MOTENVWB1.1.4.0
2024-05-15 18:00:06,017 [WARN] PackLoader:240 - Cannot read IP mode file for STMicroelectronics.X-CUBE-SMBUS.2.1.0
2024-05-15 18:00:06,061 [WARN] PackLoader:240 - Cannot read IP mode file for STMicroelectronics.X-CUBE-TOUCHGFX.4.23.1
2024-05-15 18:00:06,084 [WARN] PackLoader:240 - Cannot read IP mode file for STMicroelectronics.X-CUBE-TOUCHGFX.4.23.0
2024-05-15 18:00:06,118 [WARN] PackLoader:240 - Cannot read IP mode file for STMicroelectronics.X-CUBE-TOUCHGFX.4.23.2
2024-05-15 18:00:06,271 [WARN] PackLoader:240 - Cannot read IP mode file for STMicroelectronics.X-CUBE-AZRTOS-F7.1.1.0
2024-05-15 18:00:06,370 [WARN] PackLoader:240 - Cannot read IP mode file for STMicroelectronics.FP-SNS-MOTENV1.4.3.2
2024-05-15 18:00:06,462 [WARN] PackLoader:240 - Cannot read IP mode file for STMicroelectronics.FP-SNS-FLIGHT1.5.0.2
2024-05-15 18:00:06,516 [WARN] PackLoader:240 - Cannot read IP mode file for STMicroelectronics.X-CUBE-DISPLAY.3.0.0
2024-05-15 18:00:06,576 [WARN] PackLoader:240 - Cannot read IP mode file for STMicroelectronics.X-CUBE-BLE1.7.0.0
2024-05-15 18:00:06,605 [WARN] PackLoader:240 - Cannot read IP mode file for emotas.I-CUBE-CANOPEN.1.3.0
2024-05-15 18:00:06,633 [WARN] PackLoader:240 - Cannot read IP mode file for STMicroelectronics.X-CUBE-TOUCHGFX.4.22.1
2024-05-15 18:00:06,674 [WARN] PackLoader:240 - Cannot read IP mode file for STMicroelectronics.X-CUBE-BLEMGR.3.1.0
2024-05-15 18:00:06,710 [WARN] PackLoader:240 - Cannot read IP mode file for STMicroelectronics.FP-SNS-SMARTAG2.1.2.0
2024-05-15 18:00:06,787 [INFO] LogOutputStream:77 - [STDOUT_REDIRECT] 1 : Invalid condition id : UX_CORESTACK_Condition cause : null
2024-05-15 18:00:06,789 [INFO] LogOutputStream:77 - [STDOUT_REDIRECT] 1 : Invalid condition id : UX_CORESTACK_Condition cause : null
2024-05-15 18:00:06,792 [INFO] LogOutputStream:77 - [STDOUT_REDIRECT] 1 : Invalid condition id : UX_CORESTACK_Condition cause : null
2024-05-15 18:00:06,795 [INFO] LogOutputStream:77 - [STDOUT_REDIRECT] 1 : Invalid condition id : UX_CORESTACK_Condition cause : null
2024-05-15 18:00:06,797 [INFO] LogOutputStream:77 - [STDOUT_REDIRECT] 1 : Invalid condition id : UX_CORESTACK_Condition cause : null
2024-05-15 18:00:06,806 [WARN] PackLoader:240 - Cannot read IP mode file for STMicroelectronics.X-CUBE-AZRTOS-WL.2.0.0
2024-05-15 18:00:06,847 [WARN] PackLoader:240 - Cannot read IP mode file for STMicroelectronics.FP-SNS-MOTENV1.5.0.0
2024-05-15 18:00:06,906 [WARN] PackLoader:240 - Cannot read IP mode file for WES.I-CUBE-Cesium.1.3.0
2024-05-15 18:00:06,943 [WARN] PackLoader:240 - Cannot read IP mode file for STMicroelectronics.X-CUBE-BLE2.3.3.0
2024-05-15 18:00:07,012 [WARN] PackLoader:240 - Cannot read IP mode file for STMicroelectronics.X-CUBE-TCPP.4.1.0
2024-05-15 18:00:07,058 [WARN] PackLoader:240 - Cannot read IP mode file for STMicroelectronics.X-CUBE-ALGOBUILD.1.3.0
2024-05-15 18:00:07,159 [WARN] PackLoader:240 - Cannot read IP mode file for STMicroelectronics.X-CUBE-AZRTOS-G0.1.1.0
2024-05-15 18:00:07,316 [WARN] PackLoader:240 - Cannot read IP mode file for STMicroelectronics.X-CUBE-SAFEA1.1.2.2
2024-05-15 18:00:07,353 [WARN] PackLoader:240 - Cannot read IP mode file for STMicroelectronics.X-CUBE-NFC4.3.0.0
2024-05-15 18:00:07,426 [WARN] PackLoader:240 - Cannot read IP mode file for STMicroelectronics.X-CUBE-BLEMGR.3.0.0
2024-05-15 18:00:07,487 [WARN] PackLoader:240 - Cannot read IP mode file for STMicroelectronics.FP-ATR-SIGFOX1.3.2.0
2024-05-15 18:00:07,561 [WARN] PackLoader:240 - Cannot read IP mode file for STMicroelectronics.X-CUBE-EEPRMA1.5.1.0
2024-05-15 18:00:07,708 [WARN] PackLoader:240 - Cannot read IP mode file for SEGGER.I-CUBE-embOS.1.3.1
2024-05-15 18:00:07,878 [WARN] PackLoader:240 - Cannot read IP mode file for STMicroelectronics.X-CUBE-ALGOBUILD.1.4.0
2024-05-15 18:00:07,933 [WARN] PackLoader:240 - Cannot read IP mode file for STMicroelectronics.X-CUBE-GNSS1.6.0.0
2024-05-15 18:00:08,063 [WARN] PackLoader:240 - Cannot read IP mode file for STMicroelectronics.X-CUBE-AZRTOS-F4.1.1.0
2024-05-15 18:00:08,119 [WARN] PackLoader:240 - Cannot read IP mode file for wolfSSL.I-CUBE-wolfSSL.5.6.4
2024-05-15 18:00:08,188 [WARN] PackLoader:240 - Cannot read IP mode file for STMicroelectronics.X-CUBE-FREERTOS.1.2.0
2024-05-15 18:00:08,282 [WARN] PackLoader:240 - Cannot read IP mode file for STMicroelectronics.X-CUBE-AZRTOS-L5.2.0.0
2024-05-15 18:00:08,321 [WARN] PackLoader:240 - Cannot read IP mode file for STMicroelectronics.X-CUBE-EEPRMA1.4.2.0
2024-05-15 18:00:08,379 [WARN] PackLoader:240 - Cannot read IP mode file for STMicroelectronics.X-CUBE-NFC6.3.1.0
2024-05-15 18:00:08,427 [WARN] PackLoader:240 - Cannot read IP mode file for ITTIA_DB.I-CUBE-ITTIADB.8.8.0
2024-05-15 18:00:08,458 [WARN] PackLoader:240 - Cannot read IP mode file for STMicroelectronics.X-CUBE-AI.9.0.0
2024-05-15 18:00:08,488 [WARN] PackLoader:240 - Cannot read IP mode file for STMicroelectronics.X-CUBE-NFC7.1.0.1
2024-05-15 18:00:08,530 [WARN] PackLoader:240 - Cannot read IP mode file for STMicroelectronics.X-CUBE-NFC6.3.0.0
2024-05-15 18:00:08,583 [WARN] PackLoader:240 - Cannot read IP mode file for STMicroelectronics.X-CUBE-AI.8.1.0
2024-05-15 18:00:08,684 [WARN] ConditionMgr:438 - getConditionDescription Invalid condition id : LAN8742 Phy interface Condition cause : null
2024-05-15 18:00:08,686 [WARN] PackLoader:240 - Cannot read IP mode file for STMicroelectronics.X-CUBE-AZRTOS-L4.2.0.0
2024-05-15 18:00:08,689 [WARN] ConditionMgr:1039 - genDependencies : Invalid condition id : LAN8742 Phy interface Condition cause : null
2024-05-15 18:00:08,690 [WARN] ConditionMgr:1039 - genDependencies : Invalid condition id : LAN8742 Phy interface Condition cause : null
2024-05-15 18:00:08,696 [WARN] ConditionMgr:1039 - genDependencies : Invalid condition id : LAN8742 Phy interface Condition cause : null
2024-05-15 18:00:08,770 [WARN] PackLoader:240 - Cannot read IP mode file for STMicroelectronics.X-CUBE-SFXS2LP1.4.0.0
2024-05-15 18:00:08,805 [WARN] PackLoader:240 - Cannot read IP mode file for STMicroelectronics.X-CUBE-AI.8.0.0
2024-05-15 18:00:09,073 [WARN] ConditionMgr:438 - getConditionDescription Invalid condition id : UX DEVICE CLASS RTOS Condition cause : null
2024-05-15 18:00:09,075 [WARN] ConditionMgr:438 - getConditionDescription Invalid condition id : UX DEVICE CLASS RTOS Condition cause : null
2024-05-15 18:00:09,080 [WARN] PackLoader:240 - Cannot read IP mode file for STMicroelectronics.X-CUBE-AZRTOS-WB.2.0.0
2024-05-15 18:00:09,081 [WARN] ConditionMgr:1039 - genDependencies : Invalid condition id : UX DEVICE CLASS RTOS Condition cause : null
2024-05-15 18:00:09,082 [WARN] ConditionMgr:1039 - genDependencies : Invalid condition id : UX DEVICE CLASS RTOS Condition cause : null
2024-05-15 18:00:09,082 [WARN] ConditionMgr:1039 - genDependencies : Invalid condition id : UX DEVICE CLASS RTOS Condition cause : null
2024-05-15 18:00:09,083 [WARN] ConditionMgr:1039 - genDependencies : Invalid condition id : UX DEVICE CLASS RTOS Condition cause : null
2024-05-15 18:00:09,083 [WARN] ConditionMgr:1039 - genDependencies : Invalid condition id : UX DEVICE CLASS RTOS Condition cause : null
2024-05-15 18:00:09,159 [WARN] PackLoader:240 - Cannot read IP mode file for STMicroelectronics.X-CUBE-SUBG2.5.0.0
2024-05-15 18:00:09,292 [WARN] PackLoader:240 - Cannot read IP mode file for STMicroelectronics.X-CUBE-AZRTOS-G4.2.0.0
2024-05-15 18:00:09,534 [WARN] PackLoader:240 - Cannot read IP mode file for Infineon.AIROC-Wi-Fi-Bluetooth-STM32.1.5.1
2024-05-15 18:00:09,589 [WARN] PackLoader:240 - Cannot read IP mode file for STMicroelectronics.FP-SNS-MOTENVWB1.1.3.1
2024-05-15 18:00:09,631 [WARN] PackLoader:240 - Cannot read IP mode file for STMicroelectronics.X-CUBE-ISPU.2.0.0
2024-05-15 18:00:09,768 [WARN] PackLoader:240 - Cannot read IP mode file for STMicroelectronics.X-CUBE-MEMS1.10.0.0
2024-05-15 18:00:10,129 [WARN] PackLoader:240 - Cannot read IP mode file for STMicroelectronics.X-CUBE-FREERTOS.1.1.0
2024-05-15 18:00:10,163 [WARN] PackLoader:240 - Cannot read IP mode file for portGmbH.I-Cube-SoM-uGOAL.1.1.0
2024-05-15 18:00:10,205 [WARN] PackLoader:240 - Cannot read IP mode file for STMicroelectronics.X-CUBE-ALS.1.0.1
2024-05-15 18:00:10,287 [WARN] PackLoader:240 - Cannot read IP mode file for STMicroelectronics.X-CUBE-AZRTOS-H7RS.1.0.0
2024-05-15 18:00:10,356 [WARN] PackLoader:240 - Cannot read IP mode file for STMicroelectronics.FP-ATR-ASTRA1.2.0.0
2024-05-15 18:00:10,463 [WARN] PackLoader:240 - Cannot read IP mode file for STMicroelectronics.X-CUBE-TOF1.3.4.0
2024-05-15 18:00:10,780 [WARN] PackLoader:240 - Cannot read IP mode file for STMicroelectronics.X-CUBE-TOF1.3.4.1
2024-05-15 18:00:10,921 [WARN] PackLoader:240 - Cannot read IP mode file for STMicroelectronics.X-CUBE-AZRTOS-H7.3.2.0
2024-05-15 18:00:10,941 [INFO] ThirdParty:978 - Integrity check success = true
2024-05-15 18:00:10,942 [INFO] IntegrityCheckThread:100 - exiting critical section [integrity check]
2024-05-15 18:00:10,942 [INFO] IntegrityCheckThread:103 - End integrity checks thread
2024-05-15 18:00:12,459 [INFO] WebApp:157 - Instantiating new browser for Auth
2024-05-15 18:00:14,586 [INFO] WebApp:753 - Register for checkConnection events
2024-05-15 18:00:14,586 [INFO] WebApp:390 - Apply proxy settings
2024-05-15 18:00:14,586 [INFO] WebApp:475 - Chromium requires no authentication
2024-05-15 18:00:14,609 [INFO] WebApp:418 - Direct internet connection detected
2024-05-15 18:00:15,029 [INFO] WebApp:188 - Starting web application
2024-05-15 18:00:15,029 [INFO] WebApp:520 - Web application path used C:\ST\STM32CubeIDE_1.13.2\STM32CubeIDE\plugins\com.st.stm32cube.common.mx_6.9.2.202309101412\db\plugins\mcufinder\reactClient1\index.html
2024-05-15 18:00:36,316 [ERROR] LogOutputStream:75 - [STDERR_REDIRECT] SLF4J: Failed to load class "org.slf4j.impl.StaticLoggerBinder".
2024-05-15 18:00:36,316 [ERROR] LogOutputStream:75 - [STDERR_REDIRECT] SLF4J: Defaulting to no-operation (NOP) logger implementation
2024-05-15 18:00:36,318 [ERROR] LogOutputStream:75 - [STDERR_REDIRECT] SLF4J: See http://www.slf4j.org/codes.html#StaticLoggerBinder for further details.
