2024-05-24 07:35:36,730 [INFO] Activator:176 - 


2024-05-24 07:35:36,742 [INFO] Activator:177 - !SESSION log4j initialized
2024-05-24 07:35:44,025 [INFO] LogOutputStream:77 - [STDOUT_REDIRECT] 
2024-05-24 07:35:46,078 [INFO] ApplicationProperties:184 - Using Application install path: C:\ST\STM32CubeIDE_1.13.2\STM32CubeIDE\plugins\com.st.stm32cube.common.mx_6.9.2.202309101412
2024-05-24 07:35:46,099 [INFO] DbMcusXml:78 - Set database path to: C:\ST\STM32CubeIDE_1.13.2\STM32CubeIDE\plugins\com.st.stm32cube.common.mx_6.9.2.202309101412\\db\/mcu/
2024-05-24 07:35:46,099 [INFO] ApiDb:274 - Set plugin database path to: C:\ST\STM32CubeIDE_1.13.2\STM32CubeIDE\plugins\com.st.stm32cube.common.mx_6.9.2.202309101412\\db\/plugins/boardmanager/
2024-05-24 07:35:46,100 [WARN] ApiDb:259 - Overriding images path with different value:  => C:\ST\STM32CubeIDE_1.13.2\STM32CubeIDE\plugins\com.st.stm32cube.common.mx_6.9.2.202309101412\\db\/plugins/mcufinder/images/
2024-05-24 07:35:46,120 [INFO] ApiDb:250 - Set database path to: C:\Users\This PC\.stmcufinder\plugins\mcufinder//mcu/
2024-05-24 07:35:46,122 [INFO] DbMcusAds:125 - Set database path to: C:\Users\This PC\.stmcufinder\plugins\mcufinder//mcu/
2024-05-24 07:35:46,943 [INFO] CrossReferenceDbSqlite:203 - Set database path to: C:\Users\This PC\.stmcufinder\plugins\mcufinder//mcu/cs/
2024-05-24 07:35:47,068 [INFO] RulesReader:64 - Compatibility file has been processed (293 Rules)
2024-05-24 07:35:47,153 [INFO] DbMcusXml:78 - Set database path to: C:\ST\STM32CubeIDE_1.13.2\STM32CubeIDE\plugins\com.st.stm32cube.common.mx_6.9.2.202309101412\\db\/mcu/
2024-05-24 07:35:47,153 [INFO] ApiDb:274 - Set plugin database path to: C:\ST\STM32CubeIDE_1.13.2\STM32CubeIDE\plugins\com.st.stm32cube.common.mx_6.9.2.202309101412\\db\/plugins/boardmanager/
2024-05-24 07:35:47,153 [INFO] ApiDb:261 - Set plugin images path to: C:\ST\STM32CubeIDE_1.13.2\STM32CubeIDE\plugins\com.st.stm32cube.common.mx_6.9.2.202309101412\\db\/plugins/mcufinder/images/
2024-05-24 07:35:47,154 [WARN] DbFile:41 - Overriding database path with different value: C:\Users\This PC\.stmcufinder\plugins\mcufinder/ => C:\Users\This PC\.stmcufinder\plugins\mcufinder
2024-05-24 07:35:47,154 [INFO] ApiDb:250 - Set database path to: C:\Users\This PC\.stmcufinder\plugins\mcufinder//mcu/
2024-05-24 07:35:47,154 [WARN] DbFile:41 - Overriding database path with different value: C:\Users\This PC\.stmcufinder\plugins\mcufinder/ => C:\Users\This PC\.stmcufinder\plugins\mcufinder
2024-05-24 07:35:47,154 [INFO] DbMcusAds:125 - Set database path to: C:\Users\This PC\.stmcufinder\plugins\mcufinder//mcu/
2024-05-24 07:35:47,154 [WARN] DbFile:41 - Overriding database path with different value: C:\Users\This PC\.stmcufinder\plugins\mcufinder/ => C:\Users\This PC\.stmcufinder\plugins\mcufinder
2024-05-24 07:35:47,154 [WARN] DbFile:41 - Overriding database path with different value: C:\Users\This PC\.stmcufinder\plugins\mcufinder/ => C:\Users\This PC\.stmcufinder\plugins\mcufinder
2024-05-24 07:35:47,943 [INFO] CrossReferenceDbSqlite:203 - Set database path to: C:\Users\This PC\.stmcufinder\plugins\mcufinder//mcu/cs/
2024-05-24 07:35:48,056 [INFO] MainPanel:262 - HeapMemory: 268435456
2024-05-24 07:35:48,182 [INFO] DbMcusXml:78 - Set database path to: C:\ST\STM32CubeIDE_1.13.2\STM32CubeIDE\plugins\com.st.stm32cube.common.mx_6.9.2.202309101412\\db\/mcu/
2024-05-24 07:35:48,182 [INFO] ApiDb:274 - Set plugin database path to: C:\ST\STM32CubeIDE_1.13.2\STM32CubeIDE\plugins\com.st.stm32cube.common.mx_6.9.2.202309101412\\db\/plugins/boardmanager/
2024-05-24 07:35:48,183 [INFO] ApiDb:261 - Set plugin images path to: C:\ST\STM32CubeIDE_1.13.2\STM32CubeIDE\plugins\com.st.stm32cube.common.mx_6.9.2.202309101412\\db\/plugins/mcufinder/images/
2024-05-24 07:35:48,184 [WARN] DbFile:41 - Overriding database path with different value: C:\Users\This PC\.stmcufinder\plugins\mcufinder/ => C:\Users\This PC\.stmcufinder\plugins\mcufinder
2024-05-24 07:35:48,184 [INFO] ApiDb:250 - Set database path to: C:\Users\This PC\.stmcufinder\plugins\mcufinder//mcu/
2024-05-24 07:35:48,184 [WARN] DbFile:41 - Overriding database path with different value: C:\Users\This PC\.stmcufinder\plugins\mcufinder/ => C:\Users\This PC\.stmcufinder\plugins\mcufinder
2024-05-24 07:35:48,184 [INFO] DbMcusAds:125 - Set database path to: C:\Users\This PC\.stmcufinder\plugins\mcufinder//mcu/
2024-05-24 07:35:48,184 [WARN] DbFile:41 - Overriding database path with different value: C:\Users\This PC\.stmcufinder\plugins\mcufinder/ => C:\Users\This PC\.stmcufinder\plugins\mcufinder
2024-05-24 07:35:48,184 [WARN] DbFile:41 - Overriding database path with different value: C:\Users\This PC\.stmcufinder\plugins\mcufinder/ => C:\Users\This PC\.stmcufinder\plugins\mcufinder
2024-05-24 07:35:48,943 [INFO] CrossReferenceDbSqlite:203 - Set database path to: C:\Users\This PC\.stmcufinder\plugins\mcufinder//mcu/cs/
2024-05-24 07:35:48,963 [INFO] ApplicationProperties:184 - Using Application install path: C:\ST\STM32CubeIDE_1.13.2\STM32CubeIDE\plugins\com.st.stm32cube.common.mx_6.9.2.202309101412
2024-05-24 07:35:48,964 [INFO] PluginManage:196 - Search for loadable plugins [exclusion list=, ]
2024-05-24 07:35:48,966 [INFO] PluginManage:310 - Check plugin analytics
2024-05-24 07:35:50,017 [INFO] AnalyticsPlugin:253 - Accepted Software Licenses: 
2024-05-24 07:35:50,017 [INFO] AnalyticsPlugin:255 - Accepted CMSIS Pack Licenses: 
2024-05-24 07:35:50,017 [INFO] AnalyticsPlugin:257 - Accepted Firmware Licenses: 
2024-05-24 07:35:50,019 [INFO] PluginManage:359 - Loaded plugin analytics (category:tool,tabindex:-1)
2024-05-24 07:35:50,019 [INFO] PluginManage:310 - Check plugin cadmodel
2024-05-24 07:35:50,024 [INFO] CADModel:105 - Init CAD model plugin
2024-05-24 07:35:50,024 [INFO] PluginManage:359 - Loaded plugin cadmodel (category:power,tabindex:5)
2024-05-24 07:35:50,024 [INFO] PluginManage:310 - Check plugin clock
2024-05-24 07:35:50,031 [INFO] PluginManage:359 - Loaded plugin clock (category:base,tabindex:2)
2024-05-24 07:35:50,032 [INFO] PluginManage:310 - Check plugin ddr
2024-05-24 07:35:50,033 [INFO] PluginManage:359 - Loaded plugin ddr (category:tool,tabindex:6)
2024-05-24 07:35:50,033 [INFO] PluginManage:310 - Check plugin filemanager
2024-05-24 07:35:50,164 [INFO] PluginManage:359 - Loaded plugin filemanager (category:base,tabindex:10)
2024-05-24 07:35:50,165 [INFO] PluginManage:310 - Check plugin ipmanager
2024-05-24 07:35:50,170 [INFO] PluginManage:359 - Loaded plugin ipmanager (category:base,tabindex:5)
2024-05-24 07:35:50,170 [INFO] PluginManage:310 - Check plugin lpbam
2024-05-24 07:35:50,178 [INFO] PluginManage:359 - Loaded plugin lpbam (category:base,tabindex:0)
2024-05-24 07:35:50,178 [INFO] PluginManage:310 - Check plugin memorymap
2024-05-24 07:35:50,197 [INFO] PluginManage:359 - Loaded plugin memorymap (category:base,tabindex:4)
2024-05-24 07:35:50,197 [INFO] PluginManage:310 - Check plugin pinoutandconfiguration
2024-05-24 07:35:50,203 [INFO] PluginManage:359 - Loaded plugin pinoutandconfiguration (category:base,tabindex:1)
2024-05-24 07:35:50,203 [INFO] PluginManage:310 - Check plugin pinoutconfig
2024-05-24 07:35:50,277 [WARN] SupportedApi:132 - Cannot load RTOS API schema: s4s-elt-must-match.1: The content of 'definitions' must match (annotation?, (simpleType | complexType)?, (unique | key | keyref)*)). A problem was found starting at: attribute.
2024-05-24 07:35:50,404 [INFO] PluginManage:359 - Loaded plugin pinoutconfig (category:base,tabindex:0)
2024-05-24 07:35:50,404 [INFO] PluginManage:310 - Check plugin power
2024-05-24 07:35:50,416 [INFO] PluginManage:359 - Loaded plugin power (category:power,tabindex:4)
2024-05-24 07:35:50,416 [INFO] PluginManage:310 - Check plugin projectmanager
2024-05-24 07:35:50,429 [INFO] PluginManage:359 - Loaded plugin projectmanager (category:projectmanager,tabindex:3)
2024-05-24 07:35:50,429 [INFO] PluginManage:310 - Check plugin thirdparty
2024-05-24 07:35:50,681 [INFO] PluginManage:359 - Loaded plugin thirdparty (category:base,tabindex:-1)
2024-05-24 07:35:50,682 [INFO] PluginManage:310 - Check plugin tools
2024-05-24 07:35:50,682 [WARN] IntegrityCheckThread:84 - waiting for thirdparty lock release [integrity check]
2024-05-24 07:35:50,682 [INFO] IntegrityCheckThread:86 - entering critical section [integrity check]
2024-05-24 07:35:50,682 [INFO] ThirdPartyUpdaterWithRetryManager:70 - Updater plugin not ready yet. [1/15]
2024-05-24 07:35:50,685 [INFO] PluginManage:359 - Loaded plugin tools (category:base,tabindex:7)
2024-05-24 07:35:50,685 [INFO] PluginManage:310 - Check plugin tutovideos
2024-05-24 07:35:50,884 [INFO] PluginManage:359 - Loaded plugin tutovideos (category:base,tabindex:-1)
2024-05-24 07:35:50,885 [INFO] PluginManage:310 - Check plugin updater
2024-05-24 07:35:50,895 [INFO] PluginManage:359 - Loaded plugin updater (category:base,tabindex:12)
2024-05-24 07:35:50,895 [INFO] PluginManage:310 - Check plugin userauth
2024-05-24 07:35:50,900 [INFO] UserAuth:113 - Init User Auth plugin
2024-05-24 07:35:50,900 [INFO] PluginManage:359 - Loaded plugin userauth (category:base,tabindex:14)
2024-05-24 07:35:50,900 [INFO] PluginManage:283 - PluginManage : Loaded plugins [17]
2024-05-24 07:35:51,147 [INFO] PinOutPanel:1499 - setPackage(No Configuration,No Configuration)
2024-05-24 07:35:51,261 [INFO] CADModel:165 - CPN selected for project level
2024-05-24 07:35:51,261 [INFO] CADModel:114 - Register for checkConnection events
2024-05-24 07:35:51,278 [INFO] IPUIPlugin:80 - create IPUIPlugin
2024-05-24 07:35:51,278 [INFO] PluginManager:220 - loadIPPluginJar : add adc
2024-05-24 07:35:51,281 [INFO] IPUIPlugin:80 - create IPUIPlugin
2024-05-24 07:35:51,281 [INFO] PluginManager:220 - loadIPPluginJar : add aes
2024-05-24 07:35:51,283 [INFO] IPUIPlugin:80 - create IPUIPlugin
2024-05-24 07:35:51,283 [INFO] PluginManager:220 - loadIPPluginJar : add can
2024-05-24 07:35:51,284 [INFO] IPUIPlugin:80 - create IPUIPlugin
2024-05-24 07:35:51,284 [INFO] PluginManager:220 - loadIPPluginJar : add comp
2024-05-24 07:35:51,287 [INFO] IPUIPlugin:80 - create IPUIPlugin
2024-05-24 07:35:51,287 [INFO] PluginManager:220 - loadIPPluginJar : add cryp
2024-05-24 07:35:51,289 [INFO] IPUIPlugin:80 - create IPUIPlugin
2024-05-24 07:35:51,289 [INFO] PluginManager:220 - loadIPPluginJar : add dfsdm
2024-05-24 07:35:51,295 [INFO] IPUIPlugin:80 - create IPUIPlugin
2024-05-24 07:35:51,295 [INFO] PluginManager:220 - loadIPPluginJar : add dma
2024-05-24 07:35:51,297 [INFO] IPUIPlugin:80 - create IPUIPlugin
2024-05-24 07:35:51,297 [INFO] PluginManager:220 - loadIPPluginJar : add dma3
2024-05-24 07:35:51,299 [INFO] IPUIPlugin:80 - create IPUIPlugin
2024-05-24 07:35:51,299 [INFO] PluginManager:220 - loadIPPluginJar : add fatfs
2024-05-24 07:35:51,301 [INFO] IPUIPlugin:80 - create IPUIPlugin
2024-05-24 07:35:51,301 [INFO] PluginManager:220 - loadIPPluginJar : add fmc
2024-05-24 07:35:51,305 [INFO] IPUIPlugin:80 - create IPUIPlugin
2024-05-24 07:35:51,306 [INFO] PluginManager:220 - loadIPPluginJar : add freertos
2024-05-24 07:35:51,306 [INFO] IPUIPlugin:80 - create IPUIPlugin
2024-05-24 07:35:51,306 [INFO] PluginManager:220 - loadIPPluginJar : add genericplugin
2024-05-24 07:35:51,309 [INFO] IPUIPlugin:80 - create IPUIPlugin
2024-05-24 07:35:51,309 [INFO] PluginManager:220 - loadIPPluginJar : add gfxmmu
2024-05-24 07:35:51,312 [INFO] IPUIPlugin:80 - create IPUIPlugin
2024-05-24 07:35:51,313 [INFO] PluginManager:220 - loadIPPluginJar : add gic
2024-05-24 07:35:51,315 [INFO] IPUIPlugin:80 - create IPUIPlugin
2024-05-24 07:35:51,316 [INFO] PluginManager:220 - loadIPPluginJar : add gpio
2024-05-24 07:35:51,317 [INFO] IPUIPlugin:80 - create IPUIPlugin
2024-05-24 07:35:51,317 [INFO] PluginManager:220 - loadIPPluginJar : add gtzc
2024-05-24 07:35:51,319 [INFO] IPUIPlugin:80 - create IPUIPlugin
2024-05-24 07:35:51,319 [INFO] PluginManager:220 - loadIPPluginJar : add hash
2024-05-24 07:35:51,321 [INFO] IPUIPlugin:80 - create IPUIPlugin
2024-05-24 07:35:51,322 [INFO] PluginManager:220 - loadIPPluginJar : add i2c
2024-05-24 07:35:51,323 [INFO] IPUIPlugin:80 - create IPUIPlugin
2024-05-24 07:35:51,323 [INFO] PluginManager:220 - loadIPPluginJar : add i2s
2024-05-24 07:35:51,325 [INFO] IPUIPlugin:80 - create IPUIPlugin
2024-05-24 07:35:51,325 [INFO] PluginManager:220 - loadIPPluginJar : add i3c
2024-05-24 07:35:51,406 [INFO] IPUIPlugin:80 - create IPUIPlugin
2024-05-24 07:35:51,406 [INFO] PluginManager:220 - loadIPPluginJar : add ipddr
2024-05-24 07:35:51,412 [INFO] IPUIPlugin:80 - create IPUIPlugin
2024-05-24 07:35:51,412 [INFO] PluginManager:220 - loadIPPluginJar : add linkedlist
2024-05-24 07:35:51,414 [INFO] IPUIPlugin:80 - create IPUIPlugin
2024-05-24 07:35:51,414 [INFO] PluginManager:220 - loadIPPluginJar : add lorawan
2024-05-24 07:35:51,417 [INFO] IPUIPlugin:80 - create IPUIPlugin
2024-05-24 07:35:51,417 [INFO] PluginManager:220 - loadIPPluginJar : add ltdc
2024-05-24 07:35:51,422 [INFO] IPUIPlugin:80 - create IPUIPlugin
2024-05-24 07:35:51,422 [INFO] PluginManager:220 - loadIPPluginJar : add mdma
2024-05-24 07:35:51,425 [INFO] IPUIPlugin:80 - create IPUIPlugin
2024-05-24 07:35:51,425 [INFO] PluginManager:220 - loadIPPluginJar : add nvic
2024-05-24 07:35:51,428 [INFO] IPUIPlugin:80 - create IPUIPlugin
2024-05-24 07:35:51,428 [INFO] PluginManager:220 - loadIPPluginJar : add opamp
2024-05-24 07:35:51,431 [INFO] IPUIPlugin:80 - create IPUIPlugin
2024-05-24 07:35:51,432 [INFO] PluginManager:220 - loadIPPluginJar : add openamp
2024-05-24 07:35:51,434 [INFO] IPUIPlugin:80 - create IPUIPlugin
2024-05-24 07:35:51,435 [INFO] PluginManager:220 - loadIPPluginJar : add pdm2pcm
2024-05-24 07:35:51,440 [INFO] IPUIPlugin:80 - create IPUIPlugin
2024-05-24 07:35:51,441 [INFO] PluginManager:220 - loadIPPluginJar : add plateformsettings
2024-05-24 07:35:51,443 [INFO] IPUIPlugin:80 - create IPUIPlugin
2024-05-24 07:35:51,443 [INFO] PluginManager:220 - loadIPPluginJar : add quadspi
2024-05-24 07:35:51,449 [INFO] IPUIPlugin:80 - create IPUIPlugin
2024-05-24 07:35:51,449 [INFO] PluginManager:220 - loadIPPluginJar : add resmgrutility
2024-05-24 07:35:51,453 [INFO] IPUIPlugin:80 - create IPUIPlugin
2024-05-24 07:35:51,453 [INFO] PluginManager:220 - loadIPPluginJar : add sai
2024-05-24 07:35:51,455 [INFO] IPUIPlugin:80 - create IPUIPlugin
2024-05-24 07:35:51,456 [INFO] PluginManager:220 - loadIPPluginJar : add spi
2024-05-24 07:35:51,460 [INFO] IPUIPlugin:80 - create IPUIPlugin
2024-05-24 07:35:51,461 [INFO] PluginManager:220 - loadIPPluginJar : add stm32_wpan
2024-05-24 07:35:51,462 [INFO] IPUIPlugin:80 - create IPUIPlugin
2024-05-24 07:35:51,462 [INFO] PluginManager:220 - loadIPPluginJar : add tim
2024-05-24 07:35:51,465 [INFO] IPUIPlugin:80 - create IPUIPlugin
2024-05-24 07:35:51,465 [INFO] PluginManager:220 - loadIPPluginJar : add touchsensing
2024-05-24 07:35:51,466 [INFO] IPUIPlugin:80 - create IPUIPlugin
2024-05-24 07:35:51,466 [INFO] PluginManager:220 - loadIPPluginJar : add tracer_emb
2024-05-24 07:35:51,469 [INFO] IPUIPlugin:80 - create IPUIPlugin
2024-05-24 07:35:51,469 [INFO] PluginManager:220 - loadIPPluginJar : add ts
2024-05-24 07:35:51,470 [INFO] IPUIPlugin:80 - create IPUIPlugin
2024-05-24 07:35:51,470 [INFO] PluginManager:220 - loadIPPluginJar : add tsc
2024-05-24 07:35:51,473 [INFO] IPUIPlugin:80 - create IPUIPlugin
2024-05-24 07:35:51,473 [INFO] PluginManager:220 - loadIPPluginJar : add ucpd
2024-05-24 07:35:51,475 [INFO] IPUIPlugin:80 - create IPUIPlugin
2024-05-24 07:35:51,475 [INFO] PluginManager:220 - loadIPPluginJar : add usart
2024-05-24 07:35:51,477 [INFO] IPUIPlugin:80 - create IPUIPlugin
2024-05-24 07:35:51,477 [INFO] PluginManager:220 - loadIPPluginJar : add usbx
2024-05-24 07:35:51,589 [INFO] CADModel:165 - CPN selected for project level
2024-05-24 07:35:51,589 [INFO] CADModel:114 - Register for checkConnection events
2024-05-24 07:35:51,589 [FATAL] Updater:308 - Updater called before beeing initialized
2024-05-24 07:35:51,590 [ERROR] CADModel:125 - Updater not yet initialized, retry later 
2024-05-24 07:35:51,723 [INFO] CADModel:165 - CPN selected for project level
2024-05-24 07:35:51,723 [INFO] CADModel:114 - Register for checkConnection events
2024-05-24 07:35:51,723 [FATAL] Updater:308 - Updater called before beeing initialized
2024-05-24 07:35:51,723 [ERROR] CADModel:125 - Updater not yet initialized, retry later 
2024-05-24 07:35:51,726 [FATAL] Updater:308 - Updater called before beeing initialized
2024-05-24 07:35:51,823 [FATAL] Updater:308 - Updater called before beeing initialized
2024-05-24 07:35:51,831 [INFO] DbMcusAds:53 - JSON generation date=Thu May 16 16:22:00 ICT 2024 (1715851320852)
2024-05-24 07:35:51,831 [FATAL] Updater:308 - Updater called before beeing initialized
2024-05-24 07:35:51,870 [WARN] DetailPanel:346 - Failed to get advertising image, set to default
2024-05-24 07:35:51,941 [FATAL] Updater:308 - Updater called before beeing initialized
2024-05-24 07:35:51,943 [FATAL] Updater:308 - Updater called before beeing initialized
2024-05-24 07:35:51,943 [FATAL] Updater:308 - Updater called before beeing initialized
2024-05-24 07:35:51,943 [WARN] DetailPanel:346 - Failed to get advertising image, set to default
2024-05-24 07:35:51,943 [FATAL] Updater:308 - Updater called before beeing initialized
2024-05-24 07:35:51,993 [ERROR] Updater:1120 - MainUpdater not yet initialized. External WinMGr cannot be set.
2024-05-24 07:35:52,002 [INFO] Updater:1056 - Updater Version found : 6.9.2
2024-05-24 07:35:52,019 [INFO] ApplicationProperties:184 - Using Application install path: C:\ST\STM32CubeIDE_1.13.2\STM32CubeIDE\plugins\com.st.stm32cube.common.mx_6.9.2.202309101412
2024-05-24 07:35:53,116 [INFO] MainUpdater:2868 - connection check result : 10
2024-05-24 07:35:53,116 [INFO] MainUpdater:285 - Updater Check For Update Now.
2024-05-24 07:35:53,116 [INFO] MicroXplorer:498 - Change Database Version : DB.6.0.92
2024-05-24 07:35:53,137 [INFO] McuFinderGlobals:63 - Set McuFinder mode to 2 (CubeIDE integrated)
2024-05-24 07:35:53,138 [INFO] UserAuth:179 - activating auth plugin
2024-05-24 07:35:53,140 [INFO] UserAuth:393 - Internet connection configuration mode: 1
2024-05-24 07:35:53,173 [INFO] JxBrowserEngine:151 - Initiate JxBrowser Engine with user profile folder
2024-05-24 07:35:53,351 [INFO] CheckServerUpdateThread:120 - End of CheckServer Thread
2024-05-24 07:35:53,916 [WARN] PackLoader:240 - Cannot read IP mode file for STMicroelectronics.FP-SNS-MOTENVWB1.1.4.0
2024-05-24 07:35:53,943 [WARN] PackLoader:240 - Cannot read IP mode file for STMicroelectronics.X-CUBE-SMBUS.2.1.0
2024-05-24 07:35:53,962 [WARN] PackLoader:240 - Cannot read IP mode file for STMicroelectronics.X-CUBE-TOUCHGFX.4.23.1
2024-05-24 07:35:53,979 [WARN] PackLoader:240 - Cannot read IP mode file for STMicroelectronics.X-CUBE-TOUCHGFX.4.23.0
2024-05-24 07:35:53,993 [WARN] PackLoader:240 - Cannot read IP mode file for STMicroelectronics.X-CUBE-TOUCHGFX.4.23.2
2024-05-24 07:35:54,056 [WARN] PackLoader:240 - Cannot read IP mode file for STMicroelectronics.X-CUBE-AZRTOS-F7.1.1.0
2024-05-24 07:35:54,082 [WARN] PackLoader:240 - Cannot read IP mode file for STMicroelectronics.FP-SNS-MOTENV1.4.3.2
2024-05-24 07:35:54,100 [WARN] PackLoader:240 - Cannot read IP mode file for STMicroelectronics.FP-SNS-FLIGHT1.5.0.2
2024-05-24 07:35:54,123 [WARN] PackLoader:240 - Cannot read IP mode file for STMicroelectronics.X-CUBE-DISPLAY.3.0.0
2024-05-24 07:35:54,150 [WARN] PackLoader:240 - Cannot read IP mode file for STMicroelectronics.X-CUBE-BLE1.7.0.0
2024-05-24 07:35:54,166 [WARN] PackLoader:240 - Cannot read IP mode file for emotas.I-CUBE-CANOPEN.1.3.0
2024-05-24 07:35:54,178 [WARN] PackLoader:240 - Cannot read IP mode file for STMicroelectronics.X-CUBE-TOUCHGFX.4.22.1
2024-05-24 07:35:54,199 [WARN] PackLoader:240 - Cannot read IP mode file for STMicroelectronics.X-CUBE-BLEMGR.3.1.0
2024-05-24 07:35:54,216 [WARN] PackLoader:240 - Cannot read IP mode file for STMicroelectronics.FP-SNS-SMARTAG2.1.2.0
2024-05-24 07:35:54,235 [INFO] LogOutputStream:77 - [STDOUT_REDIRECT] 1 : Invalid condition id : UX_CORESTACK_Condition cause : null
2024-05-24 07:35:54,235 [INFO] LogOutputStream:77 - [STDOUT_REDIRECT] 1 : Invalid condition id : UX_CORESTACK_Condition cause : null
2024-05-24 07:35:54,236 [INFO] LogOutputStream:77 - [STDOUT_REDIRECT] 1 : Invalid condition id : UX_CORESTACK_Condition cause : null
2024-05-24 07:35:54,237 [INFO] LogOutputStream:77 - [STDOUT_REDIRECT] 1 : Invalid condition id : UX_CORESTACK_Condition cause : null
2024-05-24 07:35:54,238 [INFO] LogOutputStream:77 - [STDOUT_REDIRECT] 1 : Invalid condition id : UX_CORESTACK_Condition cause : null
2024-05-24 07:35:54,240 [WARN] PackLoader:240 - Cannot read IP mode file for STMicroelectronics.X-CUBE-AZRTOS-WL.2.0.0
2024-05-24 07:35:54,251 [WARN] PackLoader:240 - Cannot read IP mode file for STMicroelectronics.FP-SNS-MOTENV1.5.0.0
2024-05-24 07:35:54,267 [WARN] PackLoader:240 - Cannot read IP mode file for WES.I-CUBE-Cesium.1.3.0
2024-05-24 07:35:54,278 [WARN] PackLoader:240 - Cannot read IP mode file for STMicroelectronics.X-CUBE-BLE2.3.3.0
2024-05-24 07:35:54,288 [WARN] PackLoader:240 - Cannot read IP mode file for STMicroelectronics.X-CUBE-TCPP.4.1.0
2024-05-24 07:35:54,306 [WARN] PackLoader:240 - Cannot read IP mode file for STMicroelectronics.X-CUBE-ALGOBUILD.1.3.0
2024-05-24 07:35:54,346 [WARN] PackLoader:240 - Cannot read IP mode file for STMicroelectronics.X-CUBE-AZRTOS-G0.1.1.0
2024-05-24 07:35:54,363 [WARN] PackLoader:240 - Cannot read IP mode file for STMicroelectronics.X-CUBE-SAFEA1.1.2.2
2024-05-24 07:35:54,378 [WARN] PackLoader:240 - Cannot read IP mode file for STMicroelectronics.X-CUBE-NFC4.3.0.0
2024-05-24 07:35:54,399 [WARN] PackLoader:240 - Cannot read IP mode file for STMicroelectronics.X-CUBE-BLEMGR.3.0.0
2024-05-24 07:35:54,422 [WARN] PackLoader:240 - Cannot read IP mode file for STMicroelectronics.FP-ATR-SIGFOX1.3.2.0
2024-05-24 07:35:54,438 [WARN] PackLoader:240 - Cannot read IP mode file for STMicroelectronics.X-CUBE-EEPRMA1.5.1.0
2024-05-24 07:35:54,484 [WARN] PackLoader:240 - Cannot read IP mode file for SEGGER.I-CUBE-embOS.1.3.1
2024-05-24 07:35:54,536 [WARN] PackLoader:240 - Cannot read IP mode file for STMicroelectronics.X-CUBE-ALGOBUILD.1.4.0
2024-05-24 07:35:54,553 [WARN] PackLoader:240 - Cannot read IP mode file for STMicroelectronics.X-CUBE-GNSS1.6.0.0
2024-05-24 07:35:54,586 [WARN] PackLoader:240 - Cannot read IP mode file for STMicroelectronics.X-CUBE-AZRTOS-F4.1.1.0
2024-05-24 07:35:54,604 [WARN] PackLoader:240 - Cannot read IP mode file for wolfSSL.I-CUBE-wolfSSL.5.6.4
2024-05-24 07:35:54,618 [WARN] PackLoader:240 - Cannot read IP mode file for STMicroelectronics.X-CUBE-FREERTOS.1.2.0
2024-05-24 07:35:54,652 [WARN] PackLoader:240 - Cannot read IP mode file for STMicroelectronics.X-CUBE-AZRTOS-L5.2.0.0
2024-05-24 07:35:54,667 [WARN] PackLoader:240 - Cannot read IP mode file for STMicroelectronics.X-CUBE-EEPRMA1.4.2.0
2024-05-24 07:35:54,685 [WARN] PackLoader:240 - Cannot read IP mode file for STMicroelectronics.X-CUBE-NFC6.3.1.0
2024-05-24 07:35:54,703 [WARN] PackLoader:240 - Cannot read IP mode file for ITTIA_DB.I-CUBE-ITTIADB.8.8.0
2024-05-24 07:35:54,718 [WARN] PackLoader:240 - Cannot read IP mode file for STMicroelectronics.X-CUBE-AI.9.0.0
2024-05-24 07:35:54,730 [WARN] PackLoader:240 - Cannot read IP mode file for STMicroelectronics.X-CUBE-NFC7.1.0.1
2024-05-24 07:35:54,747 [WARN] PackLoader:240 - Cannot read IP mode file for STMicroelectronics.X-CUBE-NFC6.3.0.0
2024-05-24 07:35:54,764 [WARN] PackLoader:240 - Cannot read IP mode file for STMicroelectronics.X-CUBE-AI.8.1.0
2024-05-24 07:35:54,797 [WARN] ConditionMgr:438 - getConditionDescription Invalid condition id : LAN8742 Phy interface Condition cause : null
2024-05-24 07:35:54,798 [WARN] PackLoader:240 - Cannot read IP mode file for STMicroelectronics.X-CUBE-AZRTOS-L4.2.0.0
2024-05-24 07:35:54,799 [WARN] ConditionMgr:1039 - genDependencies : Invalid condition id : LAN8742 Phy interface Condition cause : null
2024-05-24 07:35:54,800 [WARN] ConditionMgr:1039 - genDependencies : Invalid condition id : LAN8742 Phy interface Condition cause : null
2024-05-24 07:35:54,800 [WARN] ConditionMgr:1039 - genDependencies : Invalid condition id : LAN8742 Phy interface Condition cause : null
2024-05-24 07:35:54,822 [WARN] PackLoader:240 - Cannot read IP mode file for STMicroelectronics.X-CUBE-SFXS2LP1.4.0.0
2024-05-24 07:35:54,842 [WARN] PackLoader:240 - Cannot read IP mode file for STMicroelectronics.X-CUBE-AI.8.0.0
2024-05-24 07:35:55,006 [WARN] ConditionMgr:438 - getConditionDescription Invalid condition id : UX DEVICE CLASS RTOS Condition cause : null
2024-05-24 07:35:55,006 [WARN] ConditionMgr:438 - getConditionDescription Invalid condition id : UX DEVICE CLASS RTOS Condition cause : null
2024-05-24 07:35:55,008 [WARN] PackLoader:240 - Cannot read IP mode file for STMicroelectronics.X-CUBE-AZRTOS-WB.2.0.0
2024-05-24 07:35:55,008 [WARN] ConditionMgr:1039 - genDependencies : Invalid condition id : UX DEVICE CLASS RTOS Condition cause : null
2024-05-24 07:35:55,008 [WARN] ConditionMgr:1039 - genDependencies : Invalid condition id : UX DEVICE CLASS RTOS Condition cause : null
2024-05-24 07:35:55,008 [WARN] ConditionMgr:1039 - genDependencies : Invalid condition id : UX DEVICE CLASS RTOS Condition cause : null
2024-05-24 07:35:55,008 [WARN] ConditionMgr:1039 - genDependencies : Invalid condition id : UX DEVICE CLASS RTOS Condition cause : null
2024-05-24 07:35:55,009 [WARN] ConditionMgr:1039 - genDependencies : Invalid condition id : UX DEVICE CLASS RTOS Condition cause : null
2024-05-24 07:35:55,029 [WARN] PackLoader:240 - Cannot read IP mode file for STMicroelectronics.X-CUBE-SUBG2.5.0.0
2024-05-24 07:35:55,060 [WARN] PackLoader:240 - Cannot read IP mode file for STMicroelectronics.X-CUBE-AZRTOS-G4.2.0.0
2024-05-24 07:35:55,084 [WARN] PackLoader:240 - Cannot read IP mode file for Infineon.AIROC-Wi-Fi-Bluetooth-STM32.1.5.1
2024-05-24 07:35:55,100 [WARN] PackLoader:240 - Cannot read IP mode file for STMicroelectronics.FP-SNS-MOTENVWB1.1.3.1
2024-05-24 07:35:55,116 [WARN] PackLoader:240 - Cannot read IP mode file for STMicroelectronics.X-CUBE-ISPU.2.0.0
2024-05-24 07:35:55,128 [WARN] PackLoader:240 - Cannot read IP mode file for STMicroelectronics.X-CUBE-ALS.1.0.2
2024-05-24 07:35:55,180 [WARN] PackLoader:240 - Cannot read IP mode file for STMicroelectronics.X-CUBE-MEMS1.10.0.0
2024-05-24 07:35:55,307 [WARN] PackLoader:240 - Cannot read IP mode file for STMicroelectronics.X-CUBE-FREERTOS.1.1.0
2024-05-24 07:35:55,323 [WARN] PackLoader:240 - Cannot read IP mode file for portGmbH.I-Cube-SoM-uGOAL.1.1.0
2024-05-24 07:35:55,336 [WARN] PackLoader:240 - Cannot read IP mode file for STMicroelectronics.X-CUBE-ALS.1.0.1
2024-05-24 07:35:55,369 [WARN] PackLoader:240 - Cannot read IP mode file for STMicroelectronics.X-CUBE-AZRTOS-H7RS.1.0.0
2024-05-24 07:35:55,385 [WARN] PackLoader:240 - Cannot read IP mode file for STMicroelectronics.FP-ATR-ASTRA1.2.0.0
2024-05-24 07:35:55,416 [WARN] PackLoader:240 - Cannot read IP mode file for STMicroelectronics.X-CUBE-TOF1.3.4.0
2024-05-24 07:35:55,542 [WARN] PackLoader:240 - Cannot read IP mode file for STMicroelectronics.X-CUBE-TOF1.3.4.1
2024-05-24 07:35:55,594 [WARN] PackLoader:240 - Cannot read IP mode file for STMicroelectronics.X-CUBE-AZRTOS-H7.3.2.0
2024-05-24 07:35:55,599 [INFO] ThirdParty:978 - Integrity check success = true
2024-05-24 07:35:55,599 [INFO] IntegrityCheckThread:100 - exiting critical section [integrity check]
2024-05-24 07:35:55,599 [INFO] IntegrityCheckThread:103 - End integrity checks thread
2024-05-24 07:35:56,100 [INFO] WebApp:157 - Instantiating new browser for Auth
2024-05-24 07:35:56,796 [INFO] WebApp:753 - Register for checkConnection events
2024-05-24 07:35:56,796 [INFO] WebApp:390 - Apply proxy settings
2024-05-24 07:35:56,796 [INFO] WebApp:475 - Chromium requires no authentication
2024-05-24 07:35:56,806 [INFO] WebApp:418 - Direct internet connection detected
2024-05-24 07:35:56,979 [INFO] WebApp:188 - Starting web application
2024-05-24 07:35:56,979 [INFO] WebApp:520 - Web application path used C:\ST\STM32CubeIDE_1.13.2\STM32CubeIDE\plugins\com.st.stm32cube.common.mx_6.9.2.202309101412\db\plugins\mcufinder\reactClient1\index.html
2024-05-24 07:36:17,717 [ERROR] LogOutputStream:75 - [STDERR_REDIRECT] SLF4J: Failed to load class "org.slf4j.impl.StaticLoggerBinder".
2024-05-24 07:36:17,718 [ERROR] LogOutputStream:75 - [STDERR_REDIRECT] SLF4J: Defaulting to no-operation (NOP) logger implementation
2024-05-24 07:36:17,719 [ERROR] LogOutputStream:75 - [STDERR_REDIRECT] SLF4J: See http://www.slf4j.org/codes.html#StaticLoggerBinder for further details.
2024-05-24 07:39:39,684 [ERROR] LogOutputStream:75 - [STDERR_REDIRECT] 
