2024-05-23 06:30:26,422 [ERROR] LogOutputStream:75 - [STDERR_REDIRECT] 
2024-05-23 20:51:00,566 [INFO] Activator:176 - 


2024-05-23 20:51:00,566 [INFO] Activator:177 - !SESSION log4j initialized
2024-05-23 20:51:07,028 [INFO] LogOutputStream:77 - [STDOUT_REDIRECT] 
2024-05-23 20:51:10,657 [INFO] ApplicationProperties:184 - Using Application install path: C:\ST\STM32CubeIDE_1.13.2\STM32CubeIDE\plugins\com.st.stm32cube.common.mx_6.9.2.202309101412
2024-05-23 20:51:10,676 [INFO] DbMcusXml:78 - Set database path to: C:\ST\STM32CubeIDE_1.13.2\STM32CubeIDE\plugins\com.st.stm32cube.common.mx_6.9.2.202309101412\\db\/mcu/
2024-05-23 20:51:10,676 [INFO] ApiDb:274 - Set plugin database path to: C:\ST\STM32CubeIDE_1.13.2\STM32CubeIDE\plugins\com.st.stm32cube.common.mx_6.9.2.202309101412\\db\/plugins/boardmanager/
2024-05-23 20:51:10,677 [WARN] ApiDb:259 - Overriding images path with different value:  => C:\ST\STM32CubeIDE_1.13.2\STM32CubeIDE\plugins\com.st.stm32cube.common.mx_6.9.2.202309101412\\db\/plugins/mcufinder/images/
2024-05-23 20:51:10,696 [INFO] ApiDb:250 - Set database path to: C:\Users\This PC\.stmcufinder\plugins\mcufinder//mcu/
2024-05-23 20:51:10,697 [INFO] DbMcusAds:125 - Set database path to: C:\Users\This PC\.stmcufinder\plugins\mcufinder//mcu/
2024-05-23 20:51:11,461 [INFO] CrossReferenceDbSqlite:203 - Set database path to: C:\Users\This PC\.stmcufinder\plugins\mcufinder//mcu/cs/
2024-05-23 20:51:11,573 [INFO] RulesReader:64 - Compatibility file has been processed (293 Rules)
2024-05-23 20:51:11,662 [INFO] DbMcusXml:78 - Set database path to: C:\ST\STM32CubeIDE_1.13.2\STM32CubeIDE\plugins\com.st.stm32cube.common.mx_6.9.2.202309101412\\db\/mcu/
2024-05-23 20:51:11,662 [INFO] ApiDb:274 - Set plugin database path to: C:\ST\STM32CubeIDE_1.13.2\STM32CubeIDE\plugins\com.st.stm32cube.common.mx_6.9.2.202309101412\\db\/plugins/boardmanager/
2024-05-23 20:51:11,662 [INFO] ApiDb:261 - Set plugin images path to: C:\ST\STM32CubeIDE_1.13.2\STM32CubeIDE\plugins\com.st.stm32cube.common.mx_6.9.2.202309101412\\db\/plugins/mcufinder/images/
2024-05-23 20:51:11,662 [WARN] DbFile:41 - Overriding database path with different value: C:\Users\This PC\.stmcufinder\plugins\mcufinder/ => C:\Users\This PC\.stmcufinder\plugins\mcufinder
2024-05-23 20:51:11,662 [INFO] ApiDb:250 - Set database path to: C:\Users\This PC\.stmcufinder\plugins\mcufinder//mcu/
2024-05-23 20:51:11,662 [WARN] DbFile:41 - Overriding database path with different value: C:\Users\This PC\.stmcufinder\plugins\mcufinder/ => C:\Users\This PC\.stmcufinder\plugins\mcufinder
2024-05-23 20:51:11,663 [INFO] DbMcusAds:125 - Set database path to: C:\Users\This PC\.stmcufinder\plugins\mcufinder//mcu/
2024-05-23 20:51:11,663 [WARN] DbFile:41 - Overriding database path with different value: C:\Users\This PC\.stmcufinder\plugins\mcufinder/ => C:\Users\This PC\.stmcufinder\plugins\mcufinder
2024-05-23 20:51:11,663 [WARN] DbFile:41 - Overriding database path with different value: C:\Users\This PC\.stmcufinder\plugins\mcufinder/ => C:\Users\This PC\.stmcufinder\plugins\mcufinder
2024-05-23 20:51:12,449 [INFO] CrossReferenceDbSqlite:203 - Set database path to: C:\Users\This PC\.stmcufinder\plugins\mcufinder//mcu/cs/
2024-05-23 20:51:12,553 [INFO] MainPanel:262 - HeapMemory: 268435456
2024-05-23 20:51:12,655 [INFO] DbMcusXml:78 - Set database path to: C:\ST\STM32CubeIDE_1.13.2\STM32CubeIDE\plugins\com.st.stm32cube.common.mx_6.9.2.202309101412\\db\/mcu/
2024-05-23 20:51:12,656 [INFO] ApiDb:274 - Set plugin database path to: C:\ST\STM32CubeIDE_1.13.2\STM32CubeIDE\plugins\com.st.stm32cube.common.mx_6.9.2.202309101412\\db\/plugins/boardmanager/
2024-05-23 20:51:12,656 [INFO] ApiDb:261 - Set plugin images path to: C:\ST\STM32CubeIDE_1.13.2\STM32CubeIDE\plugins\com.st.stm32cube.common.mx_6.9.2.202309101412\\db\/plugins/mcufinder/images/
2024-05-23 20:51:12,656 [WARN] DbFile:41 - Overriding database path with different value: C:\Users\This PC\.stmcufinder\plugins\mcufinder/ => C:\Users\This PC\.stmcufinder\plugins\mcufinder
2024-05-23 20:51:12,656 [INFO] ApiDb:250 - Set database path to: C:\Users\This PC\.stmcufinder\plugins\mcufinder//mcu/
2024-05-23 20:51:12,659 [WARN] DbFile:41 - Overriding database path with different value: C:\Users\This PC\.stmcufinder\plugins\mcufinder/ => C:\Users\This PC\.stmcufinder\plugins\mcufinder
2024-05-23 20:51:12,659 [INFO] DbMcusAds:125 - Set database path to: C:\Users\This PC\.stmcufinder\plugins\mcufinder//mcu/
2024-05-23 20:51:12,659 [WARN] DbFile:41 - Overriding database path with different value: C:\Users\This PC\.stmcufinder\plugins\mcufinder/ => C:\Users\This PC\.stmcufinder\plugins\mcufinder
2024-05-23 20:51:12,659 [WARN] DbFile:41 - Overriding database path with different value: C:\Users\This PC\.stmcufinder\plugins\mcufinder/ => C:\Users\This PC\.stmcufinder\plugins\mcufinder
2024-05-23 20:51:13,457 [INFO] CrossReferenceDbSqlite:203 - Set database path to: C:\Users\This PC\.stmcufinder\plugins\mcufinder//mcu/cs/
2024-05-23 20:51:13,480 [INFO] ApplicationProperties:184 - Using Application install path: C:\ST\STM32CubeIDE_1.13.2\STM32CubeIDE\plugins\com.st.stm32cube.common.mx_6.9.2.202309101412
2024-05-23 20:51:13,481 [INFO] PluginManage:196 - Search for loadable plugins [exclusion list=, ]
2024-05-23 20:51:13,483 [INFO] PluginManage:310 - Check plugin analytics
2024-05-23 20:51:14,539 [INFO] AnalyticsPlugin:253 - Accepted Software Licenses: 
2024-05-23 20:51:14,540 [INFO] AnalyticsPlugin:255 - Accepted CMSIS Pack Licenses: 
2024-05-23 20:51:14,540 [INFO] AnalyticsPlugin:257 - Accepted Firmware Licenses: 
2024-05-23 20:51:14,544 [INFO] PluginManage:359 - Loaded plugin analytics (category:tool,tabindex:-1)
2024-05-23 20:51:14,545 [INFO] PluginManage:310 - Check plugin cadmodel
2024-05-23 20:51:14,557 [INFO] CADModel:105 - Init CAD model plugin
2024-05-23 20:51:14,557 [INFO] PluginManage:359 - Loaded plugin cadmodel (category:power,tabindex:5)
2024-05-23 20:51:14,557 [INFO] PluginManage:310 - Check plugin clock
2024-05-23 20:51:14,575 [INFO] PluginManage:359 - Loaded plugin clock (category:base,tabindex:2)
2024-05-23 20:51:14,575 [INFO] PluginManage:310 - Check plugin ddr
2024-05-23 20:51:14,577 [INFO] PluginManage:359 - Loaded plugin ddr (category:tool,tabindex:6)
2024-05-23 20:51:14,577 [INFO] PluginManage:310 - Check plugin filemanager
2024-05-23 20:51:14,715 [INFO] PluginManage:359 - Loaded plugin filemanager (category:base,tabindex:10)
2024-05-23 20:51:14,715 [INFO] PluginManage:310 - Check plugin ipmanager
2024-05-23 20:51:14,722 [INFO] PluginManage:359 - Loaded plugin ipmanager (category:base,tabindex:5)
2024-05-23 20:51:14,722 [INFO] PluginManage:310 - Check plugin lpbam
2024-05-23 20:51:14,738 [INFO] PluginManage:359 - Loaded plugin lpbam (category:base,tabindex:0)
2024-05-23 20:51:14,738 [INFO] PluginManage:310 - Check plugin memorymap
2024-05-23 20:51:14,762 [INFO] PluginManage:359 - Loaded plugin memorymap (category:base,tabindex:4)
2024-05-23 20:51:14,762 [INFO] PluginManage:310 - Check plugin pinoutandconfiguration
2024-05-23 20:51:14,775 [INFO] PluginManage:359 - Loaded plugin pinoutandconfiguration (category:base,tabindex:1)
2024-05-23 20:51:14,775 [INFO] PluginManage:310 - Check plugin pinoutconfig
2024-05-23 20:51:14,860 [WARN] SupportedApi:132 - Cannot load RTOS API schema: s4s-elt-must-match.1: The content of 'definitions' must match (annotation?, (simpleType | complexType)?, (unique | key | keyref)*)). A problem was found starting at: attribute.
2024-05-23 20:51:15,027 [INFO] PluginManage:359 - Loaded plugin pinoutconfig (category:base,tabindex:0)
2024-05-23 20:51:15,028 [INFO] PluginManage:310 - Check plugin power
2024-05-23 20:51:15,064 [INFO] PluginManage:359 - Loaded plugin power (category:power,tabindex:4)
2024-05-23 20:51:15,064 [INFO] PluginManage:310 - Check plugin projectmanager
2024-05-23 20:51:15,090 [INFO] PluginManage:359 - Loaded plugin projectmanager (category:projectmanager,tabindex:3)
2024-05-23 20:51:15,090 [INFO] PluginManage:310 - Check plugin thirdparty
2024-05-23 20:51:15,426 [INFO] PluginManage:359 - Loaded plugin thirdparty (category:base,tabindex:-1)
2024-05-23 20:51:15,427 [INFO] PluginManage:310 - Check plugin tools
2024-05-23 20:51:15,426 [WARN] IntegrityCheckThread:84 - waiting for thirdparty lock release [integrity check]
2024-05-23 20:51:15,427 [INFO] IntegrityCheckThread:86 - entering critical section [integrity check]
2024-05-23 20:51:15,428 [INFO] ThirdPartyUpdaterWithRetryManager:70 - Updater plugin not ready yet. [1/15]
2024-05-23 20:51:15,479 [INFO] PluginManage:359 - Loaded plugin tools (category:base,tabindex:7)
2024-05-23 20:51:15,479 [INFO] PluginManage:310 - Check plugin tutovideos
2024-05-23 20:51:15,746 [INFO] PluginManage:359 - Loaded plugin tutovideos (category:base,tabindex:-1)
2024-05-23 20:51:15,747 [INFO] PluginManage:310 - Check plugin updater
2024-05-23 20:51:15,766 [INFO] PluginManage:359 - Loaded plugin updater (category:base,tabindex:12)
2024-05-23 20:51:15,766 [INFO] PluginManage:310 - Check plugin userauth
2024-05-23 20:51:15,773 [INFO] UserAuth:113 - Init User Auth plugin
2024-05-23 20:51:15,774 [INFO] PluginManage:359 - Loaded plugin userauth (category:base,tabindex:14)
2024-05-23 20:51:15,774 [INFO] PluginManage:283 - PluginManage : Loaded plugins [17]
2024-05-23 20:51:16,160 [INFO] PinOutPanel:1499 - setPackage(No Configuration,No Configuration)
2024-05-23 20:51:16,348 [INFO] CADModel:165 - CPN selected for project level
2024-05-23 20:51:16,348 [INFO] CADModel:114 - Register for checkConnection events
2024-05-23 20:51:16,394 [INFO] IPUIPlugin:80 - create IPUIPlugin
2024-05-23 20:51:16,394 [INFO] PluginManager:220 - loadIPPluginJar : add adc
2024-05-23 20:51:16,462 [INFO] IPUIPlugin:80 - create IPUIPlugin
2024-05-23 20:51:16,462 [INFO] PluginManager:220 - loadIPPluginJar : add aes
2024-05-23 20:51:16,541 [INFO] IPUIPlugin:80 - create IPUIPlugin
2024-05-23 20:51:16,542 [INFO] PluginManager:220 - loadIPPluginJar : add can
2024-05-23 20:51:16,582 [INFO] IPUIPlugin:80 - create IPUIPlugin
2024-05-23 20:51:16,583 [INFO] PluginManager:220 - loadIPPluginJar : add comp
2024-05-23 20:51:16,635 [INFO] IPUIPlugin:80 - create IPUIPlugin
2024-05-23 20:51:16,635 [INFO] PluginManager:220 - loadIPPluginJar : add cryp
2024-05-23 20:51:16,639 [INFO] IPUIPlugin:80 - create IPUIPlugin
2024-05-23 20:51:16,639 [INFO] PluginManager:220 - loadIPPluginJar : add dfsdm
2024-05-23 20:51:16,661 [INFO] IPUIPlugin:80 - create IPUIPlugin
2024-05-23 20:51:16,662 [INFO] PluginManager:220 - loadIPPluginJar : add dma
2024-05-23 20:51:16,733 [INFO] IPUIPlugin:80 - create IPUIPlugin
2024-05-23 20:51:16,733 [INFO] PluginManager:220 - loadIPPluginJar : add dma3
2024-05-23 20:51:16,756 [INFO] IPUIPlugin:80 - create IPUIPlugin
2024-05-23 20:51:16,756 [INFO] PluginManager:220 - loadIPPluginJar : add fatfs
2024-05-23 20:51:16,795 [INFO] IPUIPlugin:80 - create IPUIPlugin
2024-05-23 20:51:16,795 [INFO] PluginManager:220 - loadIPPluginJar : add fmc
2024-05-23 20:51:16,807 [INFO] IPUIPlugin:80 - create IPUIPlugin
2024-05-23 20:51:16,807 [INFO] PluginManager:220 - loadIPPluginJar : add freertos
2024-05-23 20:51:16,826 [INFO] IPUIPlugin:80 - create IPUIPlugin
2024-05-23 20:51:16,826 [INFO] PluginManager:220 - loadIPPluginJar : add genericplugin
2024-05-23 20:51:16,902 [INFO] IPUIPlugin:80 - create IPUIPlugin
2024-05-23 20:51:16,902 [INFO] PluginManager:220 - loadIPPluginJar : add gfxmmu
2024-05-23 20:51:16,999 [INFO] IPUIPlugin:80 - create IPUIPlugin
2024-05-23 20:51:16,999 [INFO] PluginManager:220 - loadIPPluginJar : add gic
2024-05-23 20:51:17,010 [INFO] IPUIPlugin:80 - create IPUIPlugin
2024-05-23 20:51:17,010 [INFO] PluginManager:220 - loadIPPluginJar : add gpio
2024-05-23 20:51:17,077 [INFO] IPUIPlugin:80 - create IPUIPlugin
2024-05-23 20:51:17,078 [INFO] PluginManager:220 - loadIPPluginJar : add gtzc
2024-05-23 20:51:17,105 [INFO] IPUIPlugin:80 - create IPUIPlugin
2024-05-23 20:51:17,105 [INFO] PluginManager:220 - loadIPPluginJar : add hash
2024-05-23 20:51:17,144 [INFO] IPUIPlugin:80 - create IPUIPlugin
2024-05-23 20:51:17,144 [INFO] PluginManager:220 - loadIPPluginJar : add i2c
2024-05-23 20:51:17,173 [INFO] IPUIPlugin:80 - create IPUIPlugin
2024-05-23 20:51:17,173 [INFO] PluginManager:220 - loadIPPluginJar : add i2s
2024-05-23 20:51:17,204 [INFO] IPUIPlugin:80 - create IPUIPlugin
2024-05-23 20:51:17,204 [INFO] PluginManager:220 - loadIPPluginJar : add i3c
2024-05-23 20:51:17,282 [INFO] IPUIPlugin:80 - create IPUIPlugin
2024-05-23 20:51:17,282 [INFO] PluginManager:220 - loadIPPluginJar : add ipddr
2024-05-23 20:51:17,350 [INFO] IPUIPlugin:80 - create IPUIPlugin
2024-05-23 20:51:17,350 [INFO] PluginManager:220 - loadIPPluginJar : add linkedlist
2024-05-23 20:51:17,353 [INFO] IPUIPlugin:80 - create IPUIPlugin
2024-05-23 20:51:17,353 [INFO] PluginManager:220 - loadIPPluginJar : add lorawan
2024-05-23 20:51:17,381 [INFO] IPUIPlugin:80 - create IPUIPlugin
2024-05-23 20:51:17,381 [INFO] PluginManager:220 - loadIPPluginJar : add ltdc
2024-05-23 20:51:17,394 [INFO] IPUIPlugin:80 - create IPUIPlugin
2024-05-23 20:51:17,394 [INFO] PluginManager:220 - loadIPPluginJar : add mdma
2024-05-23 20:51:17,405 [INFO] IPUIPlugin:80 - create IPUIPlugin
2024-05-23 20:51:17,405 [INFO] PluginManager:220 - loadIPPluginJar : add nvic
2024-05-23 20:51:17,442 [INFO] IPUIPlugin:80 - create IPUIPlugin
2024-05-23 20:51:17,442 [INFO] PluginManager:220 - loadIPPluginJar : add opamp
2024-05-23 20:51:17,488 [INFO] IPUIPlugin:80 - create IPUIPlugin
2024-05-23 20:51:17,488 [INFO] PluginManager:220 - loadIPPluginJar : add openamp
2024-05-23 20:51:17,523 [INFO] IPUIPlugin:80 - create IPUIPlugin
2024-05-23 20:51:17,523 [INFO] PluginManager:220 - loadIPPluginJar : add pdm2pcm
2024-05-23 20:51:17,536 [INFO] IPUIPlugin:80 - create IPUIPlugin
2024-05-23 20:51:17,538 [INFO] PluginManager:220 - loadIPPluginJar : add plateformsettings
2024-05-23 20:51:17,556 [INFO] IPUIPlugin:80 - create IPUIPlugin
2024-05-23 20:51:17,556 [INFO] PluginManager:220 - loadIPPluginJar : add quadspi
2024-05-23 20:51:17,570 [INFO] IPUIPlugin:80 - create IPUIPlugin
2024-05-23 20:51:17,570 [INFO] PluginManager:220 - loadIPPluginJar : add resmgrutility
2024-05-23 20:51:17,621 [INFO] IPUIPlugin:80 - create IPUIPlugin
2024-05-23 20:51:17,621 [INFO] PluginManager:220 - loadIPPluginJar : add sai
2024-05-23 20:51:17,661 [INFO] IPUIPlugin:80 - create IPUIPlugin
2024-05-23 20:51:17,661 [INFO] PluginManager:220 - loadIPPluginJar : add spi
2024-05-23 20:51:17,731 [INFO] IPUIPlugin:80 - create IPUIPlugin
2024-05-23 20:51:17,731 [INFO] PluginManager:220 - loadIPPluginJar : add stm32_wpan
2024-05-23 20:51:17,735 [INFO] IPUIPlugin:80 - create IPUIPlugin
2024-05-23 20:51:17,735 [INFO] PluginManager:220 - loadIPPluginJar : add tim
2024-05-23 20:51:17,792 [INFO] IPUIPlugin:80 - create IPUIPlugin
2024-05-23 20:51:17,792 [INFO] PluginManager:220 - loadIPPluginJar : add touchsensing
2024-05-23 20:51:17,809 [INFO] IPUIPlugin:80 - create IPUIPlugin
2024-05-23 20:51:17,809 [INFO] PluginManager:220 - loadIPPluginJar : add tracer_emb
2024-05-23 20:51:17,827 [INFO] IPUIPlugin:80 - create IPUIPlugin
2024-05-23 20:51:17,827 [INFO] PluginManager:220 - loadIPPluginJar : add ts
2024-05-23 20:51:17,830 [INFO] IPUIPlugin:80 - create IPUIPlugin
2024-05-23 20:51:17,830 [INFO] PluginManager:220 - loadIPPluginJar : add tsc
2024-05-23 20:51:17,847 [INFO] IPUIPlugin:80 - create IPUIPlugin
2024-05-23 20:51:17,847 [INFO] PluginManager:220 - loadIPPluginJar : add ucpd
2024-05-23 20:51:17,879 [INFO] IPUIPlugin:80 - create IPUIPlugin
2024-05-23 20:51:17,879 [INFO] PluginManager:220 - loadIPPluginJar : add usart
2024-05-23 20:51:17,910 [INFO] IPUIPlugin:80 - create IPUIPlugin
2024-05-23 20:51:17,910 [INFO] PluginManager:220 - loadIPPluginJar : add usbx
2024-05-23 20:51:18,030 [INFO] CADModel:165 - CPN selected for project level
2024-05-23 20:51:18,030 [INFO] CADModel:114 - Register for checkConnection events
2024-05-23 20:51:18,030 [FATAL] Updater:308 - Updater called before beeing initialized
2024-05-23 20:51:18,030 [ERROR] CADModel:125 - Updater not yet initialized, retry later 
2024-05-23 20:51:18,156 [INFO] CADModel:165 - CPN selected for project level
2024-05-23 20:51:18,156 [INFO] CADModel:114 - Register for checkConnection events
2024-05-23 20:51:18,157 [FATAL] Updater:308 - Updater called before beeing initialized
2024-05-23 20:51:18,157 [ERROR] CADModel:125 - Updater not yet initialized, retry later 
2024-05-23 20:51:18,160 [FATAL] Updater:308 - Updater called before beeing initialized
2024-05-23 20:51:18,256 [FATAL] Updater:308 - Updater called before beeing initialized
2024-05-23 20:51:18,263 [INFO] DbMcusAds:53 - JSON generation date=Thu May 16 16:22:00 ICT 2024 (1715851320852)
2024-05-23 20:51:18,263 [FATAL] Updater:308 - Updater called before beeing initialized
2024-05-23 20:51:18,352 [WARN] DetailPanel:346 - Failed to get advertising image, set to default
2024-05-23 20:51:18,429 [INFO] ThirdPartyUpdaterWithRetryManager:70 - Updater plugin not ready yet. [2/15]
2024-05-23 20:51:18,431 [FATAL] Updater:308 - Updater called before beeing initialized
2024-05-23 20:51:18,433 [FATAL] Updater:308 - Updater called before beeing initialized
2024-05-23 20:51:18,433 [FATAL] Updater:308 - Updater called before beeing initialized
2024-05-23 20:51:18,433 [WARN] DetailPanel:346 - Failed to get advertising image, set to default
2024-05-23 20:51:18,433 [FATAL] Updater:308 - Updater called before beeing initialized
2024-05-23 20:51:18,483 [ERROR] Updater:1120 - MainUpdater not yet initialized. External WinMGr cannot be set.
2024-05-23 20:51:18,491 [INFO] Updater:1056 - Updater Version found : 6.9.2
2024-05-23 20:51:18,505 [INFO] ApplicationProperties:184 - Using Application install path: C:\ST\STM32CubeIDE_1.13.2\STM32CubeIDE\plugins\com.st.stm32cube.common.mx_6.9.2.202309101412
2024-05-23 20:51:20,784 [WARN] ServerAccessManage:1168 - Warning during Server Connection :  timeout Connect timed out
2024-05-23 20:51:21,429 [FATAL] Updater:308 - Updater called before beeing initialized
2024-05-23 20:51:21,430 [ERROR] IntegrityCheckThread:130 - Cannot retrieve database content from updater: error 21
2024-05-23 20:51:21,431 [INFO] ThirdParty:978 - Integrity check success = false
2024-05-23 20:51:21,431 [INFO] IntegrityCheckThread:100 - exiting critical section [integrity check]
2024-05-23 20:51:21,431 [INFO] IntegrityCheckThread:103 - End integrity checks thread
2024-05-23 20:51:22,788 [WARN] ServerAccessManage:1168 - Warning during Server Connection :  timeout Connect timed out
2024-05-23 20:51:22,794 [INFO] MainUpdater:2868 - connection check result : 22
2024-05-23 20:51:22,795 [INFO] MainUpdater:285 - Updater Check For Update Now.
2024-05-23 20:51:22,796 [INFO] MicroXplorer:498 - Change Database Version : DB.6.0.92
2024-05-23 20:51:22,816 [INFO] McuFinderGlobals:63 - Set McuFinder mode to 2 (CubeIDE integrated)
2024-05-23 20:51:22,816 [INFO] UserAuth:179 - activating auth plugin
2024-05-23 20:51:22,820 [INFO] UserAuth:393 - Internet connection configuration mode: 2
2024-05-23 20:51:23,007 [INFO] CheckServerUpdateThread:120 - End of CheckServer Thread
2024-05-23 20:51:43,667 [ERROR] LogOutputStream:75 - [STDERR_REDIRECT] SLF4J: Failed to load class "org.slf4j.impl.StaticLoggerBinder".
2024-05-23 20:51:43,668 [ERROR] LogOutputStream:75 - [STDERR_REDIRECT] SLF4J: Defaulting to no-operation (NOP) logger implementation
2024-05-23 20:51:43,669 [ERROR] LogOutputStream:75 - [STDERR_REDIRECT] SLF4J: See http://www.slf4j.org/codes.html#StaticLoggerBinder for further details.
