2024-05-16 01:00:45,411 [ERROR] LogOutputStream:75 - [STDERR_REDIRECT] [Fatal Error] :1:1: Premature end of file.
2024-05-16 01:00:45,576 [ERROR] LogOutputStream:75 - [STDERR_REDIRECT] 
2024-05-16 06:18:58,856 [INFO] Activator:176 - 


2024-05-16 06:18:58,863 [INFO] Activator:177 - !SESSION log4j initialized
2024-05-16 06:19:12,183 [INFO] LogOutputStream:77 - [STDOUT_REDIRECT] 
2024-05-16 06:19:15,948 [INFO] ApplicationProperties:184 - Using Application install path: C:\ST\STM32CubeIDE_1.13.2\STM32CubeIDE\plugins\com.st.stm32cube.common.mx_6.9.2.202309101412
2024-05-16 06:19:15,969 [INFO] DbMcusXml:78 - Set database path to: C:\ST\STM32CubeIDE_1.13.2\STM32CubeIDE\plugins\com.st.stm32cube.common.mx_6.9.2.202309101412\\db\/mcu/
2024-05-16 06:19:15,970 [INFO] ApiDb:274 - Set plugin database path to: C:\ST\STM32CubeIDE_1.13.2\STM32CubeIDE\plugins\com.st.stm32cube.common.mx_6.9.2.202309101412\\db\/plugins/boardmanager/
2024-05-16 06:19:15,970 [WARN] ApiDb:259 - Overriding images path with different value:  => C:\ST\STM32CubeIDE_1.13.2\STM32CubeIDE\plugins\com.st.stm32cube.common.mx_6.9.2.202309101412\\db\/plugins/mcufinder/images/
2024-05-16 06:19:15,989 [INFO] ApiDb:250 - Set database path to: C:\Users\This PC\.stmcufinder\plugins\mcufinder//mcu/
2024-05-16 06:19:15,990 [INFO] DbMcusAds:125 - Set database path to: C:\Users\This PC\.stmcufinder\plugins\mcufinder//mcu/
2024-05-16 06:19:16,945 [INFO] CrossReferenceDbSqlite:203 - Set database path to: C:\Users\This PC\.stmcufinder\plugins\mcufinder//mcu/cs/
2024-05-16 06:19:17,085 [INFO] RulesReader:64 - Compatibility file has been processed (293 Rules)
2024-05-16 06:19:17,184 [INFO] DbMcusXml:78 - Set database path to: C:\ST\STM32CubeIDE_1.13.2\STM32CubeIDE\plugins\com.st.stm32cube.common.mx_6.9.2.202309101412\\db\/mcu/
2024-05-16 06:19:17,184 [INFO] ApiDb:274 - Set plugin database path to: C:\ST\STM32CubeIDE_1.13.2\STM32CubeIDE\plugins\com.st.stm32cube.common.mx_6.9.2.202309101412\\db\/plugins/boardmanager/
2024-05-16 06:19:17,185 [INFO] ApiDb:261 - Set plugin images path to: C:\ST\STM32CubeIDE_1.13.2\STM32CubeIDE\plugins\com.st.stm32cube.common.mx_6.9.2.202309101412\\db\/plugins/mcufinder/images/
2024-05-16 06:19:17,185 [WARN] DbFile:41 - Overriding database path with different value: C:\Users\This PC\.stmcufinder\plugins\mcufinder/ => C:\Users\This PC\.stmcufinder\plugins\mcufinder
2024-05-16 06:19:17,185 [INFO] ApiDb:250 - Set database path to: C:\Users\This PC\.stmcufinder\plugins\mcufinder//mcu/
2024-05-16 06:19:17,185 [WARN] DbFile:41 - Overriding database path with different value: C:\Users\This PC\.stmcufinder\plugins\mcufinder/ => C:\Users\This PC\.stmcufinder\plugins\mcufinder
2024-05-16 06:19:17,185 [INFO] DbMcusAds:125 - Set database path to: C:\Users\This PC\.stmcufinder\plugins\mcufinder//mcu/
2024-05-16 06:19:17,185 [WARN] DbFile:41 - Overriding database path with different value: C:\Users\This PC\.stmcufinder\plugins\mcufinder/ => C:\Users\This PC\.stmcufinder\plugins\mcufinder
2024-05-16 06:19:17,185 [WARN] DbFile:41 - Overriding database path with different value: C:\Users\This PC\.stmcufinder\plugins\mcufinder/ => C:\Users\This PC\.stmcufinder\plugins\mcufinder
2024-05-16 06:19:17,945 [INFO] CrossReferenceDbSqlite:203 - Set database path to: C:\Users\This PC\.stmcufinder\plugins\mcufinder//mcu/cs/
2024-05-16 06:19:18,033 [INFO] MainPanel:262 - HeapMemory: 268435456
2024-05-16 06:19:18,154 [INFO] DbMcusXml:78 - Set database path to: C:\ST\STM32CubeIDE_1.13.2\STM32CubeIDE\plugins\com.st.stm32cube.common.mx_6.9.2.202309101412\\db\/mcu/
2024-05-16 06:19:18,155 [INFO] ApiDb:274 - Set plugin database path to: C:\ST\STM32CubeIDE_1.13.2\STM32CubeIDE\plugins\com.st.stm32cube.common.mx_6.9.2.202309101412\\db\/plugins/boardmanager/
2024-05-16 06:19:18,155 [INFO] ApiDb:261 - Set plugin images path to: C:\ST\STM32CubeIDE_1.13.2\STM32CubeIDE\plugins\com.st.stm32cube.common.mx_6.9.2.202309101412\\db\/plugins/mcufinder/images/
2024-05-16 06:19:18,155 [WARN] DbFile:41 - Overriding database path with different value: C:\Users\This PC\.stmcufinder\plugins\mcufinder/ => C:\Users\This PC\.stmcufinder\plugins\mcufinder
2024-05-16 06:19:18,156 [INFO] ApiDb:250 - Set database path to: C:\Users\This PC\.stmcufinder\plugins\mcufinder//mcu/
2024-05-16 06:19:18,156 [WARN] DbFile:41 - Overriding database path with different value: C:\Users\This PC\.stmcufinder\plugins\mcufinder/ => C:\Users\This PC\.stmcufinder\plugins\mcufinder
2024-05-16 06:19:18,156 [INFO] DbMcusAds:125 - Set database path to: C:\Users\This PC\.stmcufinder\plugins\mcufinder//mcu/
2024-05-16 06:19:18,156 [WARN] DbFile:41 - Overriding database path with different value: C:\Users\This PC\.stmcufinder\plugins\mcufinder/ => C:\Users\This PC\.stmcufinder\plugins\mcufinder
2024-05-16 06:19:18,156 [WARN] DbFile:41 - Overriding database path with different value: C:\Users\This PC\.stmcufinder\plugins\mcufinder/ => C:\Users\This PC\.stmcufinder\plugins\mcufinder
2024-05-16 06:19:18,944 [INFO] CrossReferenceDbSqlite:203 - Set database path to: C:\Users\This PC\.stmcufinder\plugins\mcufinder//mcu/cs/
2024-05-16 06:19:18,976 [INFO] ApplicationProperties:184 - Using Application install path: C:\ST\STM32CubeIDE_1.13.2\STM32CubeIDE\plugins\com.st.stm32cube.common.mx_6.9.2.202309101412
2024-05-16 06:19:18,978 [INFO] PluginManage:196 - Search for loadable plugins [exclusion list=, ]
2024-05-16 06:19:18,979 [INFO] PluginManage:310 - Check plugin analytics
2024-05-16 06:19:20,079 [INFO] AnalyticsPlugin:253 - Accepted Software Licenses: 
2024-05-16 06:19:20,080 [INFO] AnalyticsPlugin:255 - Accepted CMSIS Pack Licenses: 
2024-05-16 06:19:20,080 [INFO] AnalyticsPlugin:257 - Accepted Firmware Licenses: 
2024-05-16 06:19:20,086 [INFO] PluginManage:359 - Loaded plugin analytics (category:tool,tabindex:-1)
2024-05-16 06:19:20,088 [INFO] PluginManage:310 - Check plugin cadmodel
2024-05-16 06:19:20,120 [INFO] CADModel:105 - Init CAD model plugin
2024-05-16 06:19:20,121 [INFO] PluginManage:359 - Loaded plugin cadmodel (category:power,tabindex:5)
2024-05-16 06:19:20,121 [INFO] PluginManage:310 - Check plugin clock
2024-05-16 06:19:20,148 [INFO] PluginManage:359 - Loaded plugin clock (category:base,tabindex:2)
2024-05-16 06:19:20,148 [INFO] PluginManage:310 - Check plugin ddr
2024-05-16 06:19:20,151 [INFO] PluginManage:359 - Loaded plugin ddr (category:tool,tabindex:6)
2024-05-16 06:19:20,152 [INFO] PluginManage:310 - Check plugin filemanager
2024-05-16 06:19:20,417 [INFO] PluginManage:359 - Loaded plugin filemanager (category:base,tabindex:10)
2024-05-16 06:19:20,417 [INFO] PluginManage:310 - Check plugin ipmanager
2024-05-16 06:19:20,431 [INFO] PluginManage:359 - Loaded plugin ipmanager (category:base,tabindex:5)
2024-05-16 06:19:20,431 [INFO] PluginManage:310 - Check plugin lpbam
2024-05-16 06:19:20,465 [INFO] PluginManage:359 - Loaded plugin lpbam (category:base,tabindex:0)
2024-05-16 06:19:20,465 [INFO] PluginManage:310 - Check plugin memorymap
2024-05-16 06:19:20,521 [INFO] PluginManage:359 - Loaded plugin memorymap (category:base,tabindex:4)
2024-05-16 06:19:20,522 [INFO] PluginManage:310 - Check plugin pinoutandconfiguration
2024-05-16 06:19:20,563 [INFO] PluginManage:359 - Loaded plugin pinoutandconfiguration (category:base,tabindex:1)
2024-05-16 06:19:20,563 [INFO] PluginManage:310 - Check plugin pinoutconfig
2024-05-16 06:19:20,777 [WARN] SupportedApi:132 - Cannot load RTOS API schema: s4s-elt-must-match.1: The content of 'definitions' must match (annotation?, (simpleType | complexType)?, (unique | key | keyref)*)). A problem was found starting at: attribute.
2024-05-16 06:19:21,085 [INFO] PluginManage:359 - Loaded plugin pinoutconfig (category:base,tabindex:0)
2024-05-16 06:19:21,086 [INFO] PluginManage:310 - Check plugin power
2024-05-16 06:19:21,125 [INFO] PluginManage:359 - Loaded plugin power (category:power,tabindex:4)
2024-05-16 06:19:21,125 [INFO] PluginManage:310 - Check plugin projectmanager
2024-05-16 06:19:21,155 [INFO] PluginManage:359 - Loaded plugin projectmanager (category:projectmanager,tabindex:3)
2024-05-16 06:19:21,155 [INFO] PluginManage:310 - Check plugin thirdparty
2024-05-16 06:19:21,582 [INFO] PluginManage:359 - Loaded plugin thirdparty (category:base,tabindex:-1)
2024-05-16 06:19:21,582 [WARN] IntegrityCheckThread:84 - waiting for thirdparty lock release [integrity check]
2024-05-16 06:19:21,583 [INFO] PluginManage:310 - Check plugin tools
2024-05-16 06:19:21,583 [INFO] IntegrityCheckThread:86 - entering critical section [integrity check]
2024-05-16 06:19:21,583 [INFO] ThirdPartyUpdaterWithRetryManager:70 - Updater plugin not ready yet. [1/15]
2024-05-16 06:19:21,628 [INFO] PluginManage:359 - Loaded plugin tools (category:base,tabindex:7)
2024-05-16 06:19:21,628 [INFO] PluginManage:310 - Check plugin tutovideos
2024-05-16 06:19:21,917 [INFO] PluginManage:359 - Loaded plugin tutovideos (category:base,tabindex:-1)
2024-05-16 06:19:21,917 [INFO] PluginManage:310 - Check plugin updater
2024-05-16 06:19:21,933 [INFO] PluginManage:359 - Loaded plugin updater (category:base,tabindex:12)
2024-05-16 06:19:21,934 [INFO] PluginManage:310 - Check plugin userauth
2024-05-16 06:19:21,941 [INFO] UserAuth:113 - Init User Auth plugin
2024-05-16 06:19:21,942 [INFO] PluginManage:359 - Loaded plugin userauth (category:base,tabindex:14)
2024-05-16 06:19:21,942 [INFO] PluginManage:283 - PluginManage : Loaded plugins [17]
2024-05-16 06:19:22,228 [INFO] PinOutPanel:1499 - setPackage(No Configuration,No Configuration)
2024-05-16 06:19:22,386 [INFO] CADModel:165 - CPN selected for project level
2024-05-16 06:19:22,386 [INFO] CADModel:114 - Register for checkConnection events
2024-05-16 06:19:22,421 [INFO] IPUIPlugin:80 - create IPUIPlugin
2024-05-16 06:19:22,421 [INFO] PluginManager:220 - loadIPPluginJar : add adc
2024-05-16 06:19:22,479 [INFO] IPUIPlugin:80 - create IPUIPlugin
2024-05-16 06:19:22,479 [INFO] PluginManager:220 - loadIPPluginJar : add aes
2024-05-16 06:19:22,542 [INFO] IPUIPlugin:80 - create IPUIPlugin
2024-05-16 06:19:22,543 [INFO] PluginManager:220 - loadIPPluginJar : add can
2024-05-16 06:19:22,583 [INFO] IPUIPlugin:80 - create IPUIPlugin
2024-05-16 06:19:22,583 [INFO] PluginManager:220 - loadIPPluginJar : add comp
2024-05-16 06:19:22,675 [INFO] IPUIPlugin:80 - create IPUIPlugin
2024-05-16 06:19:22,675 [INFO] PluginManager:220 - loadIPPluginJar : add cryp
2024-05-16 06:19:22,717 [INFO] IPUIPlugin:80 - create IPUIPlugin
2024-05-16 06:19:22,717 [INFO] PluginManager:220 - loadIPPluginJar : add dfsdm
2024-05-16 06:19:22,731 [INFO] IPUIPlugin:80 - create IPUIPlugin
2024-05-16 06:19:22,731 [INFO] PluginManager:220 - loadIPPluginJar : add dma
2024-05-16 06:19:22,798 [INFO] IPUIPlugin:80 - create IPUIPlugin
2024-05-16 06:19:22,798 [INFO] PluginManager:220 - loadIPPluginJar : add dma3
2024-05-16 06:19:22,820 [INFO] IPUIPlugin:80 - create IPUIPlugin
2024-05-16 06:19:22,820 [INFO] PluginManager:220 - loadIPPluginJar : add fatfs
2024-05-16 06:19:22,888 [INFO] IPUIPlugin:80 - create IPUIPlugin
2024-05-16 06:19:22,890 [INFO] PluginManager:220 - loadIPPluginJar : add fmc
2024-05-16 06:19:22,911 [INFO] IPUIPlugin:80 - create IPUIPlugin
2024-05-16 06:19:22,912 [INFO] PluginManager:220 - loadIPPluginJar : add freertos
2024-05-16 06:19:22,937 [INFO] IPUIPlugin:80 - create IPUIPlugin
2024-05-16 06:19:22,937 [INFO] PluginManager:220 - loadIPPluginJar : add genericplugin
2024-05-16 06:19:23,057 [INFO] IPUIPlugin:80 - create IPUIPlugin
2024-05-16 06:19:23,057 [INFO] PluginManager:220 - loadIPPluginJar : add gfxmmu
2024-05-16 06:19:23,227 [INFO] IPUIPlugin:80 - create IPUIPlugin
2024-05-16 06:19:23,227 [INFO] PluginManager:220 - loadIPPluginJar : add gic
2024-05-16 06:19:23,243 [INFO] IPUIPlugin:80 - create IPUIPlugin
2024-05-16 06:19:23,243 [INFO] PluginManager:220 - loadIPPluginJar : add gpio
2024-05-16 06:19:23,380 [INFO] IPUIPlugin:80 - create IPUIPlugin
2024-05-16 06:19:23,380 [INFO] PluginManager:220 - loadIPPluginJar : add gtzc
2024-05-16 06:19:23,420 [INFO] IPUIPlugin:80 - create IPUIPlugin
2024-05-16 06:19:23,420 [INFO] PluginManager:220 - loadIPPluginJar : add hash
2024-05-16 06:19:23,507 [INFO] IPUIPlugin:80 - create IPUIPlugin
2024-05-16 06:19:23,508 [INFO] PluginManager:220 - loadIPPluginJar : add i2c
2024-05-16 06:19:23,565 [INFO] IPUIPlugin:80 - create IPUIPlugin
2024-05-16 06:19:23,565 [INFO] PluginManager:220 - loadIPPluginJar : add i2s
2024-05-16 06:19:23,618 [INFO] IPUIPlugin:80 - create IPUIPlugin
2024-05-16 06:19:23,618 [INFO] PluginManager:220 - loadIPPluginJar : add i3c
2024-05-16 06:19:23,779 [INFO] IPUIPlugin:80 - create IPUIPlugin
2024-05-16 06:19:23,779 [INFO] PluginManager:220 - loadIPPluginJar : add ipddr
2024-05-16 06:19:23,924 [INFO] IPUIPlugin:80 - create IPUIPlugin
2024-05-16 06:19:23,925 [INFO] PluginManager:220 - loadIPPluginJar : add linkedlist
2024-05-16 06:19:23,979 [INFO] IPUIPlugin:80 - create IPUIPlugin
2024-05-16 06:19:23,979 [INFO] PluginManager:220 - loadIPPluginJar : add lorawan
2024-05-16 06:19:24,044 [INFO] IPUIPlugin:80 - create IPUIPlugin
2024-05-16 06:19:24,044 [INFO] PluginManager:220 - loadIPPluginJar : add ltdc
2024-05-16 06:19:24,065 [INFO] IPUIPlugin:80 - create IPUIPlugin
2024-05-16 06:19:24,066 [INFO] PluginManager:220 - loadIPPluginJar : add mdma
2024-05-16 06:19:24,080 [INFO] IPUIPlugin:80 - create IPUIPlugin
2024-05-16 06:19:24,080 [INFO] PluginManager:220 - loadIPPluginJar : add nvic
2024-05-16 06:19:24,136 [INFO] IPUIPlugin:80 - create IPUIPlugin
2024-05-16 06:19:24,136 [INFO] PluginManager:220 - loadIPPluginJar : add opamp
2024-05-16 06:19:24,252 [INFO] IPUIPlugin:80 - create IPUIPlugin
2024-05-16 06:19:24,252 [INFO] PluginManager:220 - loadIPPluginJar : add openamp
2024-05-16 06:19:24,326 [INFO] IPUIPlugin:80 - create IPUIPlugin
2024-05-16 06:19:24,327 [INFO] PluginManager:220 - loadIPPluginJar : add pdm2pcm
2024-05-16 06:19:24,346 [INFO] IPUIPlugin:80 - create IPUIPlugin
2024-05-16 06:19:24,349 [INFO] PluginManager:220 - loadIPPluginJar : add plateformsettings
2024-05-16 06:19:24,383 [INFO] IPUIPlugin:80 - create IPUIPlugin
2024-05-16 06:19:24,383 [INFO] PluginManager:220 - loadIPPluginJar : add quadspi
2024-05-16 06:19:24,398 [INFO] IPUIPlugin:80 - create IPUIPlugin
2024-05-16 06:19:24,398 [INFO] PluginManager:220 - loadIPPluginJar : add resmgrutility
2024-05-16 06:19:24,494 [INFO] IPUIPlugin:80 - create IPUIPlugin
2024-05-16 06:19:24,494 [INFO] PluginManager:220 - loadIPPluginJar : add sai
2024-05-16 06:19:24,571 [INFO] IPUIPlugin:80 - create IPUIPlugin
2024-05-16 06:19:24,571 [INFO] PluginManager:220 - loadIPPluginJar : add spi
2024-05-16 06:19:24,585 [INFO] ThirdPartyUpdaterWithRetryManager:70 - Updater plugin not ready yet. [2/15]
2024-05-16 06:19:24,692 [INFO] IPUIPlugin:80 - create IPUIPlugin
2024-05-16 06:19:24,692 [INFO] PluginManager:220 - loadIPPluginJar : add stm32_wpan
2024-05-16 06:19:24,746 [INFO] IPUIPlugin:80 - create IPUIPlugin
2024-05-16 06:19:24,747 [INFO] PluginManager:220 - loadIPPluginJar : add tim
2024-05-16 06:19:24,950 [INFO] IPUIPlugin:80 - create IPUIPlugin
2024-05-16 06:19:24,951 [INFO] PluginManager:220 - loadIPPluginJar : add touchsensing
2024-05-16 06:19:25,069 [INFO] IPUIPlugin:80 - create IPUIPlugin
2024-05-16 06:19:25,070 [INFO] PluginManager:220 - loadIPPluginJar : add tracer_emb
2024-05-16 06:19:25,179 [INFO] IPUIPlugin:80 - create IPUIPlugin
2024-05-16 06:19:25,179 [INFO] PluginManager:220 - loadIPPluginJar : add ts
2024-05-16 06:19:25,224 [INFO] IPUIPlugin:80 - create IPUIPlugin
2024-05-16 06:19:25,224 [INFO] PluginManager:220 - loadIPPluginJar : add tsc
2024-05-16 06:19:25,262 [INFO] IPUIPlugin:80 - create IPUIPlugin
2024-05-16 06:19:25,263 [INFO] PluginManager:220 - loadIPPluginJar : add ucpd
2024-05-16 06:19:25,332 [INFO] IPUIPlugin:80 - create IPUIPlugin
2024-05-16 06:19:25,332 [INFO] PluginManager:220 - loadIPPluginJar : add usart
2024-05-16 06:19:25,419 [INFO] IPUIPlugin:80 - create IPUIPlugin
2024-05-16 06:19:25,419 [INFO] PluginManager:220 - loadIPPluginJar : add usbx
2024-05-16 06:19:25,599 [INFO] CADModel:165 - CPN selected for project level
2024-05-16 06:19:25,599 [INFO] CADModel:114 - Register for checkConnection events
2024-05-16 06:19:25,599 [FATAL] Updater:308 - Updater called before beeing initialized
2024-05-16 06:19:25,601 [ERROR] CADModel:125 - Updater not yet initialized, retry later 
2024-05-16 06:19:25,915 [INFO] CADModel:165 - CPN selected for project level
2024-05-16 06:19:25,915 [INFO] CADModel:114 - Register for checkConnection events
2024-05-16 06:19:25,915 [FATAL] Updater:308 - Updater called before beeing initialized
2024-05-16 06:19:25,915 [ERROR] CADModel:125 - Updater not yet initialized, retry later 
2024-05-16 06:19:25,922 [FATAL] Updater:308 - Updater called before beeing initialized
2024-05-16 06:19:26,151 [FATAL] Updater:308 - Updater called before beeing initialized
2024-05-16 06:19:26,169 [INFO] DbMcusAds:53 - JSON generation date=Thu May 02 15:37:29 ICT 2024 (1714639049318)
2024-05-16 06:19:26,169 [FATAL] Updater:308 - Updater called before beeing initialized
2024-05-16 06:19:26,325 [WARN] DetailPanel:346 - Failed to get advertising image, set to default
2024-05-16 06:19:26,603 [FATAL] Updater:308 - Updater called before beeing initialized
2024-05-16 06:19:26,607 [FATAL] Updater:308 - Updater called before beeing initialized
2024-05-16 06:19:26,607 [FATAL] Updater:308 - Updater called before beeing initialized
2024-05-16 06:19:26,608 [WARN] DetailPanel:346 - Failed to get advertising image, set to default
2024-05-16 06:19:26,609 [FATAL] Updater:308 - Updater called before beeing initialized
2024-05-16 06:19:26,847 [ERROR] Updater:1120 - MainUpdater not yet initialized. External WinMGr cannot be set.
2024-05-16 06:19:26,867 [INFO] Updater:1056 - Updater Version found : 6.9.2
2024-05-16 06:19:26,920 [INFO] ApplicationProperties:184 - Using Application install path: C:\ST\STM32CubeIDE_1.13.2\STM32CubeIDE\plugins\com.st.stm32cube.common.mx_6.9.2.202309101412
2024-05-16 06:19:27,585 [INFO] ThirdPartyUpdaterWithRetryManager:70 - Updater plugin not ready yet. [3/15]
2024-05-16 06:19:28,024 [INFO] MainUpdater:2868 - connection check result : 10
2024-05-16 06:19:28,026 [INFO] MainUpdater:285 - Updater Check For Update Now.
2024-05-16 06:19:28,026 [INFO] MicroXplorer:498 - Change Database Version : DB.6.0.92
2024-05-16 06:19:28,115 [INFO] McuFinderGlobals:63 - Set McuFinder mode to 2 (CubeIDE integrated)
2024-05-16 06:19:28,115 [INFO] UserAuth:179 - activating auth plugin
2024-05-16 06:19:28,125 [INFO] UserAuth:393 - Internet connection configuration mode: 1
2024-05-16 06:19:28,215 [INFO] JxBrowserEngine:151 - Initiate JxBrowser Engine with user profile folder
2024-05-16 06:19:28,660 [INFO] CheckServerUpdateThread:120 - End of CheckServer Thread
2024-05-16 06:19:31,629 [WARN] PackLoader:240 - Cannot read IP mode file for STMicroelectronics.FP-SNS-MOTENVWB1.1.4.0
2024-05-16 06:19:31,691 [WARN] PackLoader:240 - Cannot read IP mode file for STMicroelectronics.X-CUBE-SMBUS.2.1.0
2024-05-16 06:19:31,725 [WARN] PackLoader:240 - Cannot read IP mode file for STMicroelectronics.X-CUBE-TOUCHGFX.4.23.1
2024-05-16 06:19:31,772 [WARN] PackLoader:240 - Cannot read IP mode file for STMicroelectronics.X-CUBE-TOUCHGFX.4.23.0
2024-05-16 06:19:31,835 [WARN] PackLoader:240 - Cannot read IP mode file for STMicroelectronics.X-CUBE-TOUCHGFX.4.23.2
2024-05-16 06:19:32,130 [WARN] PackLoader:240 - Cannot read IP mode file for STMicroelectronics.X-CUBE-AZRTOS-F7.1.1.0
2024-05-16 06:19:32,183 [WARN] PackLoader:240 - Cannot read IP mode file for STMicroelectronics.FP-SNS-MOTENV1.4.3.2
2024-05-16 06:19:32,254 [WARN] PackLoader:240 - Cannot read IP mode file for STMicroelectronics.FP-SNS-FLIGHT1.5.0.2
2024-05-16 06:19:32,306 [WARN] PackLoader:240 - Cannot read IP mode file for STMicroelectronics.X-CUBE-DISPLAY.3.0.0
2024-05-16 06:19:32,409 [WARN] PackLoader:240 - Cannot read IP mode file for STMicroelectronics.X-CUBE-BLE1.7.0.0
2024-05-16 06:19:32,437 [WARN] PackLoader:240 - Cannot read IP mode file for emotas.I-CUBE-CANOPEN.1.3.0
2024-05-16 06:19:32,501 [WARN] PackLoader:240 - Cannot read IP mode file for STMicroelectronics.X-CUBE-TOUCHGFX.4.22.1
2024-05-16 06:19:32,544 [WARN] PackLoader:240 - Cannot read IP mode file for STMicroelectronics.X-CUBE-BLEMGR.3.1.0
2024-05-16 06:19:32,594 [WARN] PackLoader:240 - Cannot read IP mode file for STMicroelectronics.FP-SNS-SMARTAG2.1.2.0
2024-05-16 06:19:32,652 [INFO] LogOutputStream:77 - [STDOUT_REDIRECT] 1 : Invalid condition id : UX_CORESTACK_Condition cause : null
2024-05-16 06:19:32,652 [INFO] LogOutputStream:77 - [STDOUT_REDIRECT] 1 : Invalid condition id : UX_CORESTACK_Condition cause : null
2024-05-16 06:19:32,656 [INFO] LogOutputStream:77 - [STDOUT_REDIRECT] 1 : Invalid condition id : UX_CORESTACK_Condition cause : null
2024-05-16 06:19:32,658 [INFO] LogOutputStream:77 - [STDOUT_REDIRECT] 1 : Invalid condition id : UX_CORESTACK_Condition cause : null
2024-05-16 06:19:32,660 [INFO] LogOutputStream:77 - [STDOUT_REDIRECT] 1 : Invalid condition id : UX_CORESTACK_Condition cause : null
2024-05-16 06:19:32,672 [WARN] PackLoader:240 - Cannot read IP mode file for STMicroelectronics.X-CUBE-AZRTOS-WL.2.0.0
2024-05-16 06:19:32,736 [WARN] PackLoader:240 - Cannot read IP mode file for STMicroelectronics.FP-SNS-MOTENV1.5.0.0
2024-05-16 06:19:32,791 [WARN] PackLoader:240 - Cannot read IP mode file for WES.I-CUBE-Cesium.1.3.0
2024-05-16 06:19:32,843 [WARN] PackLoader:240 - Cannot read IP mode file for STMicroelectronics.X-CUBE-BLE2.3.3.0
2024-05-16 06:19:32,895 [WARN] PackLoader:240 - Cannot read IP mode file for STMicroelectronics.X-CUBE-TCPP.4.1.0
2024-05-16 06:19:32,933 [WARN] PackLoader:240 - Cannot read IP mode file for STMicroelectronics.X-CUBE-ALGOBUILD.1.3.0
2024-05-16 06:19:33,143 [WARN] PackLoader:240 - Cannot read IP mode file for STMicroelectronics.X-CUBE-AZRTOS-G0.1.1.0
2024-05-16 06:19:33,231 [WARN] PackLoader:240 - Cannot read IP mode file for STMicroelectronics.X-CUBE-SAFEA1.1.2.2
2024-05-16 06:19:33,290 [WARN] PackLoader:240 - Cannot read IP mode file for STMicroelectronics.X-CUBE-NFC4.3.0.0
2024-05-16 06:19:33,331 [WARN] PackLoader:240 - Cannot read IP mode file for STMicroelectronics.X-CUBE-BLEMGR.3.0.0
2024-05-16 06:19:33,412 [WARN] PackLoader:240 - Cannot read IP mode file for STMicroelectronics.FP-ATR-SIGFOX1.3.2.0
2024-05-16 06:19:33,445 [WARN] PackLoader:240 - Cannot read IP mode file for STMicroelectronics.X-CUBE-EEPRMA1.5.1.0
2024-05-16 06:19:33,588 [WARN] PackLoader:240 - Cannot read IP mode file for SEGGER.I-CUBE-embOS.1.3.1
2024-05-16 06:19:33,908 [WARN] PackLoader:240 - Cannot read IP mode file for STMicroelectronics.X-CUBE-ALGOBUILD.1.4.0
2024-05-16 06:19:33,970 [WARN] PackLoader:240 - Cannot read IP mode file for STMicroelectronics.X-CUBE-GNSS1.6.0.0
2024-05-16 06:19:34,072 [WARN] PackLoader:240 - Cannot read IP mode file for STMicroelectronics.X-CUBE-AZRTOS-F4.1.1.0
2024-05-16 06:19:34,227 [WARN] PackLoader:240 - Cannot read IP mode file for wolfSSL.I-CUBE-wolfSSL.5.6.4
2024-05-16 06:19:34,272 [WARN] PackLoader:240 - Cannot read IP mode file for STMicroelectronics.X-CUBE-FREERTOS.1.2.0
2024-05-16 06:19:34,340 [WARN] PackLoader:240 - Cannot read IP mode file for STMicroelectronics.X-CUBE-AZRTOS-L5.2.0.0
2024-05-16 06:19:34,385 [WARN] PackLoader:240 - Cannot read IP mode file for STMicroelectronics.X-CUBE-EEPRMA1.4.2.0
2024-05-16 06:19:34,439 [WARN] PackLoader:240 - Cannot read IP mode file for STMicroelectronics.X-CUBE-NFC6.3.1.0
2024-05-16 06:19:34,472 [WARN] PackLoader:240 - Cannot read IP mode file for ITTIA_DB.I-CUBE-ITTIADB.8.8.0
2024-05-16 06:19:34,504 [WARN] PackLoader:240 - Cannot read IP mode file for STMicroelectronics.X-CUBE-AI.9.0.0
2024-05-16 06:19:34,536 [WARN] PackLoader:240 - Cannot read IP mode file for STMicroelectronics.X-CUBE-NFC7.1.0.1
2024-05-16 06:19:34,570 [WARN] PackLoader:240 - Cannot read IP mode file for STMicroelectronics.X-CUBE-NFC6.3.0.0
2024-05-16 06:19:34,614 [WARN] PackLoader:240 - Cannot read IP mode file for STMicroelectronics.X-CUBE-AI.8.1.0
2024-05-16 06:19:34,739 [WARN] ConditionMgr:438 - getConditionDescription Invalid condition id : LAN8742 Phy interface Condition cause : null
2024-05-16 06:19:34,741 [WARN] PackLoader:240 - Cannot read IP mode file for STMicroelectronics.X-CUBE-AZRTOS-L4.2.0.0
2024-05-16 06:19:34,742 [WARN] ConditionMgr:1039 - genDependencies : Invalid condition id : LAN8742 Phy interface Condition cause : null
2024-05-16 06:19:34,743 [WARN] ConditionMgr:1039 - genDependencies : Invalid condition id : LAN8742 Phy interface Condition cause : null
2024-05-16 06:19:34,746 [WARN] ConditionMgr:1039 - genDependencies : Invalid condition id : LAN8742 Phy interface Condition cause : null
2024-05-16 06:19:34,835 [WARN] PackLoader:240 - Cannot read IP mode file for STMicroelectronics.X-CUBE-SFXS2LP1.4.0.0
2024-05-16 06:19:35,040 [WARN] PackLoader:240 - Cannot read IP mode file for STMicroelectronics.X-CUBE-AI.8.0.0
2024-05-16 06:19:35,233 [INFO] WebApp:157 - Instantiating new browser for Auth
2024-05-16 06:19:35,563 [WARN] ConditionMgr:438 - getConditionDescription Invalid condition id : UX DEVICE CLASS RTOS Condition cause : null
2024-05-16 06:19:35,564 [WARN] ConditionMgr:438 - getConditionDescription Invalid condition id : UX DEVICE CLASS RTOS Condition cause : null
2024-05-16 06:19:35,567 [WARN] PackLoader:240 - Cannot read IP mode file for STMicroelectronics.X-CUBE-AZRTOS-WB.2.0.0
2024-05-16 06:19:35,569 [WARN] ConditionMgr:1039 - genDependencies : Invalid condition id : UX DEVICE CLASS RTOS Condition cause : null
2024-05-16 06:19:35,570 [WARN] ConditionMgr:1039 - genDependencies : Invalid condition id : UX DEVICE CLASS RTOS Condition cause : null
2024-05-16 06:19:35,571 [WARN] ConditionMgr:1039 - genDependencies : Invalid condition id : UX DEVICE CLASS RTOS Condition cause : null
2024-05-16 06:19:35,571 [WARN] ConditionMgr:1039 - genDependencies : Invalid condition id : UX DEVICE CLASS RTOS Condition cause : null
2024-05-16 06:19:35,571 [WARN] ConditionMgr:1039 - genDependencies : Invalid condition id : UX DEVICE CLASS RTOS Condition cause : null
2024-05-16 06:19:35,614 [WARN] PackLoader:240 - Cannot read IP mode file for STMicroelectronics.X-CUBE-SUBG2.5.0.0
2024-05-16 06:19:35,679 [WARN] PackLoader:240 - Cannot read IP mode file for STMicroelectronics.X-CUBE-AZRTOS-G4.2.0.0
2024-05-16 06:19:35,739 [WARN] PackLoader:240 - Cannot read IP mode file for Infineon.AIROC-Wi-Fi-Bluetooth-STM32.1.5.1
2024-05-16 06:19:35,779 [WARN] PackLoader:240 - Cannot read IP mode file for STMicroelectronics.FP-SNS-MOTENVWB1.1.3.1
2024-05-16 06:19:36,045 [WARN] PackLoader:240 - Cannot read IP mode file for STMicroelectronics.X-CUBE-ISPU.2.0.0
2024-05-16 06:19:36,456 [WARN] PackLoader:240 - Cannot read IP mode file for STMicroelectronics.X-CUBE-MEMS1.10.0.0
2024-05-16 06:19:37,140 [WARN] PackLoader:240 - Cannot read IP mode file for STMicroelectronics.X-CUBE-FREERTOS.1.1.0
2024-05-16 06:19:37,345 [WARN] PackLoader:240 - Cannot read IP mode file for portGmbH.I-Cube-SoM-uGOAL.1.1.0
2024-05-16 06:19:37,423 [WARN] PackLoader:240 - Cannot read IP mode file for STMicroelectronics.X-CUBE-ALS.1.0.1
2024-05-16 06:19:37,639 [WARN] PackLoader:240 - Cannot read IP mode file for STMicroelectronics.X-CUBE-AZRTOS-H7RS.1.0.0
2024-05-16 06:19:37,957 [WARN] PackLoader:240 - Cannot read IP mode file for STMicroelectronics.FP-ATR-ASTRA1.2.0.0
2024-05-16 06:19:38,067 [WARN] PackLoader:240 - Cannot read IP mode file for STMicroelectronics.X-CUBE-TOF1.3.4.0
2024-05-16 06:19:39,002 [WARN] PackLoader:240 - Cannot read IP mode file for STMicroelectronics.X-CUBE-TOF1.3.4.1
2024-05-16 06:19:39,339 [WARN] PackLoader:240 - Cannot read IP mode file for STMicroelectronics.X-CUBE-AZRTOS-H7.3.2.0
2024-05-16 06:19:39,350 [INFO] ThirdParty:978 - Integrity check success = true
2024-05-16 06:19:39,351 [INFO] IntegrityCheckThread:100 - exiting critical section [integrity check]
2024-05-16 06:19:39,351 [INFO] IntegrityCheckThread:103 - End integrity checks thread
2024-05-16 06:19:40,522 [INFO] WebApp:753 - Register for checkConnection events
2024-05-16 06:19:40,524 [INFO] WebApp:390 - Apply proxy settings
2024-05-16 06:19:40,524 [INFO] WebApp:475 - Chromium requires no authentication
2024-05-16 06:19:40,546 [INFO] WebApp:418 - Direct internet connection detected
2024-05-16 06:19:41,085 [INFO] WebApp:188 - Starting web application
2024-05-16 06:19:41,086 [INFO] WebApp:520 - Web application path used C:\ST\STM32CubeIDE_1.13.2\STM32CubeIDE\plugins\com.st.stm32cube.common.mx_6.9.2.202309101412\db\plugins\mcufinder\reactClient1\index.html
2024-05-16 06:20:03,529 [ERROR] LogOutputStream:75 - [STDERR_REDIRECT] SLF4J: Failed to load class "org.slf4j.impl.StaticLoggerBinder".
2024-05-16 06:20:03,531 [ERROR] LogOutputStream:75 - [STDERR_REDIRECT] SLF4J: Defaulting to no-operation (NOP) logger implementation
2024-05-16 06:20:03,532 [ERROR] LogOutputStream:75 - [STDERR_REDIRECT] SLF4J: See http://www.slf4j.org/codes.html#StaticLoggerBinder for further details.
2024-05-16 07:43:50,074 [ERROR] LogOutputStream:75 - [STDERR_REDIRECT] 
2024-05-16 18:01:18,245 [INFO] Activator:176 - 


2024-05-16 18:01:18,249 [INFO] Activator:177 - !SESSION log4j initialized
2024-05-16 18:01:27,660 [INFO] LogOutputStream:77 - [STDOUT_REDIRECT] 
2024-05-16 18:01:30,010 [INFO] ApplicationProperties:184 - Using Application install path: C:\ST\STM32CubeIDE_1.13.2\STM32CubeIDE\plugins\com.st.stm32cube.common.mx_6.9.2.202309101412
2024-05-16 18:01:30,031 [INFO] DbMcusXml:78 - Set database path to: C:\ST\STM32CubeIDE_1.13.2\STM32CubeIDE\plugins\com.st.stm32cube.common.mx_6.9.2.202309101412\\db\/mcu/
2024-05-16 18:01:30,032 [INFO] ApiDb:274 - Set plugin database path to: C:\ST\STM32CubeIDE_1.13.2\STM32CubeIDE\plugins\com.st.stm32cube.common.mx_6.9.2.202309101412\\db\/plugins/boardmanager/
2024-05-16 18:01:30,032 [WARN] ApiDb:259 - Overriding images path with different value:  => C:\ST\STM32CubeIDE_1.13.2\STM32CubeIDE\plugins\com.st.stm32cube.common.mx_6.9.2.202309101412\\db\/plugins/mcufinder/images/
2024-05-16 18:01:30,054 [INFO] ApiDb:250 - Set database path to: C:\Users\This PC\.stmcufinder\plugins\mcufinder//mcu/
2024-05-16 18:01:30,055 [INFO] DbMcusAds:125 - Set database path to: C:\Users\This PC\.stmcufinder\plugins\mcufinder//mcu/
2024-05-16 18:01:30,944 [INFO] CrossReferenceDbSqlite:203 - Set database path to: C:\Users\This PC\.stmcufinder\plugins\mcufinder//mcu/cs/
2024-05-16 18:01:31,071 [INFO] RulesReader:64 - Compatibility file has been processed (293 Rules)
2024-05-16 18:01:31,139 [INFO] DbMcusXml:78 - Set database path to: C:\ST\STM32CubeIDE_1.13.2\STM32CubeIDE\plugins\com.st.stm32cube.common.mx_6.9.2.202309101412\\db\/mcu/
2024-05-16 18:01:31,139 [INFO] ApiDb:274 - Set plugin database path to: C:\ST\STM32CubeIDE_1.13.2\STM32CubeIDE\plugins\com.st.stm32cube.common.mx_6.9.2.202309101412\\db\/plugins/boardmanager/
2024-05-16 18:01:31,139 [INFO] ApiDb:261 - Set plugin images path to: C:\ST\STM32CubeIDE_1.13.2\STM32CubeIDE\plugins\com.st.stm32cube.common.mx_6.9.2.202309101412\\db\/plugins/mcufinder/images/
2024-05-16 18:01:31,139 [WARN] DbFile:41 - Overriding database path with different value: C:\Users\This PC\.stmcufinder\plugins\mcufinder/ => C:\Users\This PC\.stmcufinder\plugins\mcufinder
2024-05-16 18:01:31,139 [INFO] ApiDb:250 - Set database path to: C:\Users\This PC\.stmcufinder\plugins\mcufinder//mcu/
2024-05-16 18:01:31,140 [WARN] DbFile:41 - Overriding database path with different value: C:\Users\This PC\.stmcufinder\plugins\mcufinder/ => C:\Users\This PC\.stmcufinder\plugins\mcufinder
2024-05-16 18:01:31,140 [INFO] DbMcusAds:125 - Set database path to: C:\Users\This PC\.stmcufinder\plugins\mcufinder//mcu/
2024-05-16 18:01:31,140 [WARN] DbFile:41 - Overriding database path with different value: C:\Users\This PC\.stmcufinder\plugins\mcufinder/ => C:\Users\This PC\.stmcufinder\plugins\mcufinder
2024-05-16 18:01:31,140 [WARN] DbFile:41 - Overriding database path with different value: C:\Users\This PC\.stmcufinder\plugins\mcufinder/ => C:\Users\This PC\.stmcufinder\plugins\mcufinder
2024-05-16 18:01:31,944 [INFO] CrossReferenceDbSqlite:203 - Set database path to: C:\Users\This PC\.stmcufinder\plugins\mcufinder//mcu/cs/
2024-05-16 18:01:32,058 [INFO] MainPanel:262 - HeapMemory: 268435456
2024-05-16 18:01:32,180 [INFO] DbMcusXml:78 - Set database path to: C:\ST\STM32CubeIDE_1.13.2\STM32CubeIDE\plugins\com.st.stm32cube.common.mx_6.9.2.202309101412\\db\/mcu/
2024-05-16 18:01:32,180 [INFO] ApiDb:274 - Set plugin database path to: C:\ST\STM32CubeIDE_1.13.2\STM32CubeIDE\plugins\com.st.stm32cube.common.mx_6.9.2.202309101412\\db\/plugins/boardmanager/
2024-05-16 18:01:32,180 [INFO] ApiDb:261 - Set plugin images path to: C:\ST\STM32CubeIDE_1.13.2\STM32CubeIDE\plugins\com.st.stm32cube.common.mx_6.9.2.202309101412\\db\/plugins/mcufinder/images/
2024-05-16 18:01:32,181 [WARN] DbFile:41 - Overriding database path with different value: C:\Users\This PC\.stmcufinder\plugins\mcufinder/ => C:\Users\This PC\.stmcufinder\plugins\mcufinder
2024-05-16 18:01:32,181 [INFO] ApiDb:250 - Set database path to: C:\Users\This PC\.stmcufinder\plugins\mcufinder//mcu/
2024-05-16 18:01:32,181 [WARN] DbFile:41 - Overriding database path with different value: C:\Users\This PC\.stmcufinder\plugins\mcufinder/ => C:\Users\This PC\.stmcufinder\plugins\mcufinder
2024-05-16 18:01:32,181 [INFO] DbMcusAds:125 - Set database path to: C:\Users\This PC\.stmcufinder\plugins\mcufinder//mcu/
2024-05-16 18:01:32,181 [WARN] DbFile:41 - Overriding database path with different value: C:\Users\This PC\.stmcufinder\plugins\mcufinder/ => C:\Users\This PC\.stmcufinder\plugins\mcufinder
2024-05-16 18:01:32,181 [WARN] DbFile:41 - Overriding database path with different value: C:\Users\This PC\.stmcufinder\plugins\mcufinder/ => C:\Users\This PC\.stmcufinder\plugins\mcufinder
2024-05-16 18:01:32,945 [INFO] CrossReferenceDbSqlite:203 - Set database path to: C:\Users\This PC\.stmcufinder\plugins\mcufinder//mcu/cs/
2024-05-16 18:01:32,972 [INFO] ApplicationProperties:184 - Using Application install path: C:\ST\STM32CubeIDE_1.13.2\STM32CubeIDE\plugins\com.st.stm32cube.common.mx_6.9.2.202309101412
2024-05-16 18:01:32,975 [INFO] PluginManage:196 - Search for loadable plugins [exclusion list=, ]
2024-05-16 18:01:32,977 [INFO] PluginManage:310 - Check plugin analytics
2024-05-16 18:01:34,025 [INFO] AnalyticsPlugin:253 - Accepted Software Licenses: 
2024-05-16 18:01:34,025 [INFO] AnalyticsPlugin:255 - Accepted CMSIS Pack Licenses: 
2024-05-16 18:01:34,025 [INFO] AnalyticsPlugin:257 - Accepted Firmware Licenses: 
2024-05-16 18:01:34,028 [INFO] PluginManage:359 - Loaded plugin analytics (category:tool,tabindex:-1)
2024-05-16 18:01:34,029 [INFO] PluginManage:310 - Check plugin cadmodel
2024-05-16 18:01:34,047 [INFO] CADModel:105 - Init CAD model plugin
2024-05-16 18:01:34,047 [INFO] PluginManage:359 - Loaded plugin cadmodel (category:power,tabindex:5)
2024-05-16 18:01:34,047 [INFO] PluginManage:310 - Check plugin clock
2024-05-16 18:01:34,070 [INFO] PluginManage:359 - Loaded plugin clock (category:base,tabindex:2)
2024-05-16 18:01:34,070 [INFO] PluginManage:310 - Check plugin ddr
2024-05-16 18:01:34,072 [INFO] PluginManage:359 - Loaded plugin ddr (category:tool,tabindex:6)
2024-05-16 18:01:34,072 [INFO] PluginManage:310 - Check plugin filemanager
2024-05-16 18:01:34,235 [INFO] PluginManage:359 - Loaded plugin filemanager (category:base,tabindex:10)
2024-05-16 18:01:34,235 [INFO] PluginManage:310 - Check plugin ipmanager
2024-05-16 18:01:34,244 [INFO] PluginManage:359 - Loaded plugin ipmanager (category:base,tabindex:5)
2024-05-16 18:01:34,245 [INFO] PluginManage:310 - Check plugin lpbam
2024-05-16 18:01:34,264 [INFO] PluginManage:359 - Loaded plugin lpbam (category:base,tabindex:0)
2024-05-16 18:01:34,264 [INFO] PluginManage:310 - Check plugin memorymap
2024-05-16 18:01:34,288 [INFO] PluginManage:359 - Loaded plugin memorymap (category:base,tabindex:4)
2024-05-16 18:01:34,288 [INFO] PluginManage:310 - Check plugin pinoutandconfiguration
2024-05-16 18:01:34,317 [INFO] PluginManage:359 - Loaded plugin pinoutandconfiguration (category:base,tabindex:1)
2024-05-16 18:01:34,317 [INFO] PluginManage:310 - Check plugin pinoutconfig
2024-05-16 18:01:34,448 [WARN] SupportedApi:132 - Cannot load RTOS API schema: s4s-elt-must-match.1: The content of 'definitions' must match (annotation?, (simpleType | complexType)?, (unique | key | keyref)*)). A problem was found starting at: attribute.
2024-05-16 18:01:34,658 [INFO] PluginManage:359 - Loaded plugin pinoutconfig (category:base,tabindex:0)
2024-05-16 18:01:34,658 [INFO] PluginManage:310 - Check plugin power
2024-05-16 18:01:34,679 [INFO] PluginManage:359 - Loaded plugin power (category:power,tabindex:4)
2024-05-16 18:01:34,679 [INFO] PluginManage:310 - Check plugin projectmanager
2024-05-16 18:01:34,698 [INFO] PluginManage:359 - Loaded plugin projectmanager (category:projectmanager,tabindex:3)
2024-05-16 18:01:34,698 [INFO] PluginManage:310 - Check plugin thirdparty
2024-05-16 18:01:34,993 [INFO] PluginManage:359 - Loaded plugin thirdparty (category:base,tabindex:-1)
2024-05-16 18:01:34,993 [INFO] PluginManage:310 - Check plugin tools
2024-05-16 18:01:34,993 [WARN] IntegrityCheckThread:84 - waiting for thirdparty lock release [integrity check]
2024-05-16 18:01:34,994 [INFO] IntegrityCheckThread:86 - entering critical section [integrity check]
2024-05-16 18:01:34,994 [INFO] ThirdPartyUpdaterWithRetryManager:70 - Updater plugin not ready yet. [1/15]
2024-05-16 18:01:35,027 [INFO] PluginManage:359 - Loaded plugin tools (category:base,tabindex:7)
2024-05-16 18:01:35,027 [INFO] PluginManage:310 - Check plugin tutovideos
2024-05-16 18:01:35,231 [INFO] PluginManage:359 - Loaded plugin tutovideos (category:base,tabindex:-1)
2024-05-16 18:01:35,231 [INFO] PluginManage:310 - Check plugin updater
2024-05-16 18:01:35,246 [INFO] PluginManage:359 - Loaded plugin updater (category:base,tabindex:12)
2024-05-16 18:01:35,247 [INFO] PluginManage:310 - Check plugin userauth
2024-05-16 18:01:35,257 [INFO] UserAuth:113 - Init User Auth plugin
2024-05-16 18:01:35,257 [INFO] PluginManage:359 - Loaded plugin userauth (category:base,tabindex:14)
2024-05-16 18:01:35,257 [INFO] PluginManage:283 - PluginManage : Loaded plugins [17]
2024-05-16 18:01:35,520 [INFO] PinOutPanel:1499 - setPackage(No Configuration,No Configuration)
2024-05-16 18:01:35,660 [INFO] CADModel:165 - CPN selected for project level
2024-05-16 18:01:35,660 [INFO] CADModel:114 - Register for checkConnection events
2024-05-16 18:01:35,691 [INFO] IPUIPlugin:80 - create IPUIPlugin
2024-05-16 18:01:35,692 [INFO] PluginManager:220 - loadIPPluginJar : add adc
2024-05-16 18:01:35,730 [INFO] IPUIPlugin:80 - create IPUIPlugin
2024-05-16 18:01:35,732 [INFO] PluginManager:220 - loadIPPluginJar : add aes
2024-05-16 18:01:35,777 [INFO] IPUIPlugin:80 - create IPUIPlugin
2024-05-16 18:01:35,777 [INFO] PluginManager:220 - loadIPPluginJar : add can
2024-05-16 18:01:35,796 [INFO] IPUIPlugin:80 - create IPUIPlugin
2024-05-16 18:01:35,797 [INFO] PluginManager:220 - loadIPPluginJar : add comp
2024-05-16 18:01:35,830 [INFO] IPUIPlugin:80 - create IPUIPlugin
2024-05-16 18:01:35,830 [INFO] PluginManager:220 - loadIPPluginJar : add cryp
2024-05-16 18:01:35,877 [INFO] IPUIPlugin:80 - create IPUIPlugin
2024-05-16 18:01:35,878 [INFO] PluginManager:220 - loadIPPluginJar : add dfsdm
2024-05-16 18:01:35,890 [INFO] IPUIPlugin:80 - create IPUIPlugin
2024-05-16 18:01:35,890 [INFO] PluginManager:220 - loadIPPluginJar : add dma
2024-05-16 18:01:35,931 [INFO] IPUIPlugin:80 - create IPUIPlugin
2024-05-16 18:01:35,931 [INFO] PluginManager:220 - loadIPPluginJar : add dma3
2024-05-16 18:01:35,948 [INFO] IPUIPlugin:80 - create IPUIPlugin
2024-05-16 18:01:35,948 [INFO] PluginManager:220 - loadIPPluginJar : add fatfs
2024-05-16 18:01:36,004 [INFO] IPUIPlugin:80 - create IPUIPlugin
2024-05-16 18:01:36,005 [INFO] PluginManager:220 - loadIPPluginJar : add fmc
2024-05-16 18:01:36,024 [INFO] IPUIPlugin:80 - create IPUIPlugin
2024-05-16 18:01:36,024 [INFO] PluginManager:220 - loadIPPluginJar : add freertos
2024-05-16 18:01:36,043 [INFO] IPUIPlugin:80 - create IPUIPlugin
2024-05-16 18:01:36,044 [INFO] PluginManager:220 - loadIPPluginJar : add genericplugin
2024-05-16 18:01:36,140 [INFO] IPUIPlugin:80 - create IPUIPlugin
2024-05-16 18:01:36,141 [INFO] PluginManager:220 - loadIPPluginJar : add gfxmmu
2024-05-16 18:01:36,285 [INFO] IPUIPlugin:80 - create IPUIPlugin
2024-05-16 18:01:36,285 [INFO] PluginManager:220 - loadIPPluginJar : add gic
2024-05-16 18:01:36,309 [INFO] IPUIPlugin:80 - create IPUIPlugin
2024-05-16 18:01:36,309 [INFO] PluginManager:220 - loadIPPluginJar : add gpio
2024-05-16 18:01:36,473 [INFO] IPUIPlugin:80 - create IPUIPlugin
2024-05-16 18:01:36,473 [INFO] PluginManager:220 - loadIPPluginJar : add gtzc
2024-05-16 18:01:36,532 [INFO] IPUIPlugin:80 - create IPUIPlugin
2024-05-16 18:01:36,532 [INFO] PluginManager:220 - loadIPPluginJar : add hash
2024-05-16 18:01:36,593 [INFO] IPUIPlugin:80 - create IPUIPlugin
2024-05-16 18:01:36,593 [INFO] PluginManager:220 - loadIPPluginJar : add i2c
2024-05-16 18:01:36,663 [INFO] IPUIPlugin:80 - create IPUIPlugin
2024-05-16 18:01:36,663 [INFO] PluginManager:220 - loadIPPluginJar : add i2s
2024-05-16 18:01:36,708 [INFO] IPUIPlugin:80 - create IPUIPlugin
2024-05-16 18:01:36,708 [INFO] PluginManager:220 - loadIPPluginJar : add i3c
2024-05-16 18:01:36,824 [INFO] IPUIPlugin:80 - create IPUIPlugin
2024-05-16 18:01:36,825 [INFO] PluginManager:220 - loadIPPluginJar : add ipddr
2024-05-16 18:01:36,968 [INFO] IPUIPlugin:80 - create IPUIPlugin
2024-05-16 18:01:36,968 [INFO] PluginManager:220 - loadIPPluginJar : add linkedlist
2024-05-16 18:01:37,000 [INFO] IPUIPlugin:80 - create IPUIPlugin
2024-05-16 18:01:37,001 [INFO] PluginManager:220 - loadIPPluginJar : add lorawan
2024-05-16 18:01:37,047 [INFO] IPUIPlugin:80 - create IPUIPlugin
2024-05-16 18:01:37,047 [INFO] PluginManager:220 - loadIPPluginJar : add ltdc
2024-05-16 18:01:37,063 [INFO] IPUIPlugin:80 - create IPUIPlugin
2024-05-16 18:01:37,064 [INFO] PluginManager:220 - loadIPPluginJar : add mdma
2024-05-16 18:01:37,074 [INFO] IPUIPlugin:80 - create IPUIPlugin
2024-05-16 18:01:37,075 [INFO] PluginManager:220 - loadIPPluginJar : add nvic
2024-05-16 18:01:37,104 [INFO] IPUIPlugin:80 - create IPUIPlugin
2024-05-16 18:01:37,104 [INFO] PluginManager:220 - loadIPPluginJar : add opamp
2024-05-16 18:01:37,187 [INFO] IPUIPlugin:80 - create IPUIPlugin
2024-05-16 18:01:37,187 [INFO] PluginManager:220 - loadIPPluginJar : add openamp
2024-05-16 18:01:37,227 [INFO] IPUIPlugin:80 - create IPUIPlugin
2024-05-16 18:01:37,227 [INFO] PluginManager:220 - loadIPPluginJar : add pdm2pcm
2024-05-16 18:01:37,243 [INFO] IPUIPlugin:80 - create IPUIPlugin
2024-05-16 18:01:37,246 [INFO] PluginManager:220 - loadIPPluginJar : add plateformsettings
2024-05-16 18:01:37,266 [INFO] IPUIPlugin:80 - create IPUIPlugin
2024-05-16 18:01:37,266 [INFO] PluginManager:220 - loadIPPluginJar : add quadspi
2024-05-16 18:01:37,281 [INFO] IPUIPlugin:80 - create IPUIPlugin
2024-05-16 18:01:37,281 [INFO] PluginManager:220 - loadIPPluginJar : add resmgrutility
2024-05-16 18:01:37,372 [INFO] IPUIPlugin:80 - create IPUIPlugin
2024-05-16 18:01:37,372 [INFO] PluginManager:220 - loadIPPluginJar : add sai
2024-05-16 18:01:37,424 [INFO] IPUIPlugin:80 - create IPUIPlugin
2024-05-16 18:01:37,424 [INFO] PluginManager:220 - loadIPPluginJar : add spi
2024-05-16 18:01:37,482 [INFO] IPUIPlugin:80 - create IPUIPlugin
2024-05-16 18:01:37,483 [INFO] PluginManager:220 - loadIPPluginJar : add stm32_wpan
2024-05-16 18:01:37,505 [INFO] IPUIPlugin:80 - create IPUIPlugin
2024-05-16 18:01:37,505 [INFO] PluginManager:220 - loadIPPluginJar : add tim
2024-05-16 18:01:37,558 [INFO] IPUIPlugin:80 - create IPUIPlugin
2024-05-16 18:01:37,558 [INFO] PluginManager:220 - loadIPPluginJar : add touchsensing
2024-05-16 18:01:37,613 [INFO] IPUIPlugin:80 - create IPUIPlugin
2024-05-16 18:01:37,614 [INFO] PluginManager:220 - loadIPPluginJar : add tracer_emb
2024-05-16 18:01:37,635 [INFO] IPUIPlugin:80 - create IPUIPlugin
2024-05-16 18:01:37,635 [INFO] PluginManager:220 - loadIPPluginJar : add ts
2024-05-16 18:01:37,657 [INFO] IPUIPlugin:80 - create IPUIPlugin
2024-05-16 18:01:37,657 [INFO] PluginManager:220 - loadIPPluginJar : add tsc
2024-05-16 18:01:37,674 [INFO] IPUIPlugin:80 - create IPUIPlugin
2024-05-16 18:01:37,674 [INFO] PluginManager:220 - loadIPPluginJar : add ucpd
2024-05-16 18:01:37,719 [INFO] IPUIPlugin:80 - create IPUIPlugin
2024-05-16 18:01:37,719 [INFO] PluginManager:220 - loadIPPluginJar : add usart
2024-05-16 18:01:37,758 [INFO] IPUIPlugin:80 - create IPUIPlugin
2024-05-16 18:01:37,758 [INFO] PluginManager:220 - loadIPPluginJar : add usbx
2024-05-16 18:01:37,883 [INFO] CADModel:165 - CPN selected for project level
2024-05-16 18:01:37,883 [INFO] CADModel:114 - Register for checkConnection events
2024-05-16 18:01:37,884 [FATAL] Updater:308 - Updater called before beeing initialized
2024-05-16 18:01:37,884 [ERROR] CADModel:125 - Updater not yet initialized, retry later 
2024-05-16 18:01:37,996 [INFO] ThirdPartyUpdaterWithRetryManager:70 - Updater plugin not ready yet. [2/15]
2024-05-16 18:01:38,044 [INFO] CADModel:165 - CPN selected for project level
2024-05-16 18:01:38,044 [INFO] CADModel:114 - Register for checkConnection events
2024-05-16 18:01:38,044 [FATAL] Updater:308 - Updater called before beeing initialized
2024-05-16 18:01:38,044 [ERROR] CADModel:125 - Updater not yet initialized, retry later 
2024-05-16 18:01:38,050 [FATAL] Updater:308 - Updater called before beeing initialized
2024-05-16 18:01:38,173 [FATAL] Updater:308 - Updater called before beeing initialized
2024-05-16 18:01:38,185 [INFO] DbMcusAds:53 - JSON generation date=Thu May 02 15:37:29 ICT 2024 (1714639049318)
2024-05-16 18:01:38,185 [FATAL] Updater:308 - Updater called before beeing initialized
2024-05-16 18:01:38,263 [WARN] DetailPanel:346 - Failed to get advertising image, set to default
2024-05-16 18:01:38,350 [FATAL] Updater:308 - Updater called before beeing initialized
2024-05-16 18:01:38,352 [FATAL] Updater:308 - Updater called before beeing initialized
2024-05-16 18:01:38,353 [FATAL] Updater:308 - Updater called before beeing initialized
2024-05-16 18:01:38,353 [WARN] DetailPanel:346 - Failed to get advertising image, set to default
2024-05-16 18:01:38,353 [FATAL] Updater:308 - Updater called before beeing initialized
2024-05-16 18:01:38,426 [ERROR] Updater:1120 - MainUpdater not yet initialized. External WinMGr cannot be set.
2024-05-16 18:01:38,439 [INFO] Updater:1056 - Updater Version found : 6.9.2
2024-05-16 18:01:38,465 [INFO] ApplicationProperties:184 - Using Application install path: C:\ST\STM32CubeIDE_1.13.2\STM32CubeIDE\plugins\com.st.stm32cube.common.mx_6.9.2.202309101412
2024-05-16 18:01:39,428 [INFO] MainUpdater:2868 - connection check result : 10
2024-05-16 18:01:39,429 [INFO] MainUpdater:285 - Updater Check For Update Now.
2024-05-16 18:01:39,430 [INFO] MicroXplorer:498 - Change Database Version : DB.6.0.92
2024-05-16 18:01:39,448 [INFO] McuFinderGlobals:63 - Set McuFinder mode to 2 (CubeIDE integrated)
2024-05-16 18:01:39,448 [INFO] UserAuth:179 - activating auth plugin
2024-05-16 18:01:39,451 [INFO] UserAuth:393 - Internet connection configuration mode: 1
2024-05-16 18:01:39,493 [INFO] JxBrowserEngine:151 - Initiate JxBrowser Engine with user profile folder
2024-05-16 18:01:39,652 [INFO] CheckServerUpdateThread:120 - End of CheckServer Thread
2024-05-16 18:01:41,226 [WARN] PackLoader:240 - Cannot read IP mode file for STMicroelectronics.FP-SNS-MOTENVWB1.1.4.0
2024-05-16 18:01:41,248 [WARN] PackLoader:240 - Cannot read IP mode file for STMicroelectronics.X-CUBE-SMBUS.2.1.0
2024-05-16 18:01:41,267 [WARN] PackLoader:240 - Cannot read IP mode file for STMicroelectronics.X-CUBE-TOUCHGFX.4.23.1
2024-05-16 18:01:41,280 [WARN] PackLoader:240 - Cannot read IP mode file for STMicroelectronics.X-CUBE-TOUCHGFX.4.23.0
2024-05-16 18:01:41,295 [WARN] PackLoader:240 - Cannot read IP mode file for STMicroelectronics.X-CUBE-TOUCHGFX.4.23.2
2024-05-16 18:01:41,357 [WARN] PackLoader:240 - Cannot read IP mode file for STMicroelectronics.X-CUBE-AZRTOS-F7.1.1.0
2024-05-16 18:01:41,393 [WARN] PackLoader:240 - Cannot read IP mode file for STMicroelectronics.FP-SNS-MOTENV1.4.3.2
2024-05-16 18:01:41,423 [WARN] PackLoader:240 - Cannot read IP mode file for STMicroelectronics.FP-SNS-FLIGHT1.5.0.2
2024-05-16 18:01:41,458 [WARN] PackLoader:240 - Cannot read IP mode file for STMicroelectronics.X-CUBE-DISPLAY.3.0.0
2024-05-16 18:01:41,484 [WARN] PackLoader:240 - Cannot read IP mode file for STMicroelectronics.X-CUBE-BLE1.7.0.0
2024-05-16 18:01:41,497 [WARN] PackLoader:240 - Cannot read IP mode file for emotas.I-CUBE-CANOPEN.1.3.0
2024-05-16 18:01:41,511 [WARN] PackLoader:240 - Cannot read IP mode file for STMicroelectronics.X-CUBE-TOUCHGFX.4.22.1
2024-05-16 18:01:41,532 [WARN] PackLoader:240 - Cannot read IP mode file for STMicroelectronics.X-CUBE-BLEMGR.3.1.0
2024-05-16 18:01:41,552 [WARN] PackLoader:240 - Cannot read IP mode file for STMicroelectronics.FP-SNS-SMARTAG2.1.2.0
2024-05-16 18:01:41,578 [INFO] LogOutputStream:77 - [STDOUT_REDIRECT] 1 : Invalid condition id : UX_CORESTACK_Condition cause : null
2024-05-16 18:01:41,578 [INFO] LogOutputStream:77 - [STDOUT_REDIRECT] 1 : Invalid condition id : UX_CORESTACK_Condition cause : null
2024-05-16 18:01:41,580 [INFO] LogOutputStream:77 - [STDOUT_REDIRECT] 1 : Invalid condition id : UX_CORESTACK_Condition cause : null
2024-05-16 18:01:41,581 [INFO] LogOutputStream:77 - [STDOUT_REDIRECT] 1 : Invalid condition id : UX_CORESTACK_Condition cause : null
2024-05-16 18:01:41,582 [INFO] LogOutputStream:77 - [STDOUT_REDIRECT] 1 : Invalid condition id : UX_CORESTACK_Condition cause : null
2024-05-16 18:01:41,585 [WARN] PackLoader:240 - Cannot read IP mode file for STMicroelectronics.X-CUBE-AZRTOS-WL.2.0.0
2024-05-16 18:01:41,600 [WARN] PackLoader:240 - Cannot read IP mode file for STMicroelectronics.FP-SNS-MOTENV1.5.0.0
2024-05-16 18:01:41,618 [WARN] PackLoader:240 - Cannot read IP mode file for WES.I-CUBE-Cesium.1.3.0
2024-05-16 18:01:41,632 [WARN] PackLoader:240 - Cannot read IP mode file for STMicroelectronics.X-CUBE-BLE2.3.3.0
2024-05-16 18:01:41,682 [WARN] PackLoader:240 - Cannot read IP mode file for STMicroelectronics.X-CUBE-TCPP.4.1.0
2024-05-16 18:01:41,701 [WARN] PackLoader:240 - Cannot read IP mode file for STMicroelectronics.X-CUBE-ALGOBUILD.1.3.0
2024-05-16 18:01:41,755 [WARN] PackLoader:240 - Cannot read IP mode file for STMicroelectronics.X-CUBE-AZRTOS-G0.1.1.0
2024-05-16 18:01:41,815 [WARN] PackLoader:240 - Cannot read IP mode file for STMicroelectronics.X-CUBE-SAFEA1.1.2.2
2024-05-16 18:01:41,901 [WARN] PackLoader:240 - Cannot read IP mode file for STMicroelectronics.X-CUBE-NFC4.3.0.0
2024-05-16 18:01:41,924 [WARN] PackLoader:240 - Cannot read IP mode file for STMicroelectronics.X-CUBE-BLEMGR.3.0.0
2024-05-16 18:01:41,941 [WARN] PackLoader:240 - Cannot read IP mode file for STMicroelectronics.FP-ATR-SIGFOX1.3.2.0
2024-05-16 18:01:41,959 [WARN] PackLoader:240 - Cannot read IP mode file for STMicroelectronics.X-CUBE-EEPRMA1.5.1.0
2024-05-16 18:01:42,011 [WARN] PackLoader:240 - Cannot read IP mode file for SEGGER.I-CUBE-embOS.1.3.1
2024-05-16 18:01:42,156 [WARN] PackLoader:240 - Cannot read IP mode file for STMicroelectronics.X-CUBE-ALGOBUILD.1.4.0
2024-05-16 18:01:42,199 [WARN] PackLoader:240 - Cannot read IP mode file for STMicroelectronics.X-CUBE-GNSS1.6.0.0
2024-05-16 18:01:42,252 [WARN] PackLoader:240 - Cannot read IP mode file for STMicroelectronics.X-CUBE-AZRTOS-F4.1.1.0
2024-05-16 18:01:42,274 [WARN] PackLoader:240 - Cannot read IP mode file for wolfSSL.I-CUBE-wolfSSL.5.6.4
2024-05-16 18:01:42,341 [WARN] PackLoader:240 - Cannot read IP mode file for STMicroelectronics.X-CUBE-FREERTOS.1.2.0
2024-05-16 18:01:42,395 [WARN] PackLoader:240 - Cannot read IP mode file for STMicroelectronics.X-CUBE-AZRTOS-L5.2.0.0
2024-05-16 18:01:42,419 [WARN] PackLoader:240 - Cannot read IP mode file for STMicroelectronics.X-CUBE-EEPRMA1.4.2.0
2024-05-16 18:01:42,441 [WARN] PackLoader:240 - Cannot read IP mode file for STMicroelectronics.X-CUBE-NFC6.3.1.0
2024-05-16 18:01:42,460 [INFO] WebApp:157 - Instantiating new browser for Auth
2024-05-16 18:01:42,465 [WARN] PackLoader:240 - Cannot read IP mode file for ITTIA_DB.I-CUBE-ITTIADB.8.8.0
2024-05-16 18:01:42,494 [WARN] PackLoader:240 - Cannot read IP mode file for STMicroelectronics.X-CUBE-AI.9.0.0
2024-05-16 18:01:42,515 [WARN] PackLoader:240 - Cannot read IP mode file for STMicroelectronics.X-CUBE-NFC7.1.0.1
2024-05-16 18:01:42,537 [WARN] PackLoader:240 - Cannot read IP mode file for STMicroelectronics.X-CUBE-NFC6.3.0.0
2024-05-16 18:01:42,556 [WARN] PackLoader:240 - Cannot read IP mode file for STMicroelectronics.X-CUBE-AI.8.1.0
2024-05-16 18:01:42,600 [WARN] ConditionMgr:438 - getConditionDescription Invalid condition id : LAN8742 Phy interface Condition cause : null
2024-05-16 18:01:42,601 [WARN] PackLoader:240 - Cannot read IP mode file for STMicroelectronics.X-CUBE-AZRTOS-L4.2.0.0
2024-05-16 18:01:42,603 [WARN] ConditionMgr:1039 - genDependencies : Invalid condition id : LAN8742 Phy interface Condition cause : null
2024-05-16 18:01:42,604 [WARN] ConditionMgr:1039 - genDependencies : Invalid condition id : LAN8742 Phy interface Condition cause : null
2024-05-16 18:01:42,604 [WARN] ConditionMgr:1039 - genDependencies : Invalid condition id : LAN8742 Phy interface Condition cause : null
2024-05-16 18:01:42,626 [WARN] PackLoader:240 - Cannot read IP mode file for STMicroelectronics.X-CUBE-SFXS2LP1.4.0.0
2024-05-16 18:01:42,644 [WARN] PackLoader:240 - Cannot read IP mode file for STMicroelectronics.X-CUBE-AI.8.0.0
2024-05-16 18:01:42,807 [WARN] ConditionMgr:438 - getConditionDescription Invalid condition id : UX DEVICE CLASS RTOS Condition cause : null
2024-05-16 18:01:42,807 [WARN] ConditionMgr:438 - getConditionDescription Invalid condition id : UX DEVICE CLASS RTOS Condition cause : null
2024-05-16 18:01:42,810 [WARN] PackLoader:240 - Cannot read IP mode file for STMicroelectronics.X-CUBE-AZRTOS-WB.2.0.0
2024-05-16 18:01:42,811 [WARN] ConditionMgr:1039 - genDependencies : Invalid condition id : UX DEVICE CLASS RTOS Condition cause : null
2024-05-16 18:01:42,811 [WARN] ConditionMgr:1039 - genDependencies : Invalid condition id : UX DEVICE CLASS RTOS Condition cause : null
2024-05-16 18:01:42,811 [WARN] ConditionMgr:1039 - genDependencies : Invalid condition id : UX DEVICE CLASS RTOS Condition cause : null
2024-05-16 18:01:42,813 [WARN] ConditionMgr:1039 - genDependencies : Invalid condition id : UX DEVICE CLASS RTOS Condition cause : null
2024-05-16 18:01:42,813 [WARN] ConditionMgr:1039 - genDependencies : Invalid condition id : UX DEVICE CLASS RTOS Condition cause : null
2024-05-16 18:01:42,840 [WARN] PackLoader:240 - Cannot read IP mode file for STMicroelectronics.X-CUBE-SUBG2.5.0.0
2024-05-16 18:01:42,875 [WARN] PackLoader:240 - Cannot read IP mode file for STMicroelectronics.X-CUBE-AZRTOS-G4.2.0.0
2024-05-16 18:01:42,907 [WARN] PackLoader:240 - Cannot read IP mode file for Infineon.AIROC-Wi-Fi-Bluetooth-STM32.1.5.1
2024-05-16 18:01:42,941 [WARN] PackLoader:240 - Cannot read IP mode file for STMicroelectronics.FP-SNS-MOTENVWB1.1.3.1
2024-05-16 18:01:42,962 [WARN] PackLoader:240 - Cannot read IP mode file for STMicroelectronics.X-CUBE-ISPU.2.0.0
2024-05-16 18:01:43,052 [WARN] PackLoader:240 - Cannot read IP mode file for STMicroelectronics.X-CUBE-MEMS1.10.0.0
2024-05-16 18:01:43,227 [WARN] PackLoader:240 - Cannot read IP mode file for STMicroelectronics.X-CUBE-FREERTOS.1.1.0
2024-05-16 18:01:43,241 [WARN] PackLoader:240 - Cannot read IP mode file for portGmbH.I-Cube-SoM-uGOAL.1.1.0
2024-05-16 18:01:43,258 [WARN] PackLoader:240 - Cannot read IP mode file for STMicroelectronics.X-CUBE-ALS.1.0.1
2024-05-16 18:01:43,295 [WARN] PackLoader:240 - Cannot read IP mode file for STMicroelectronics.X-CUBE-AZRTOS-H7RS.1.0.0
2024-05-16 18:01:43,307 [WARN] PackLoader:240 - Cannot read IP mode file for STMicroelectronics.FP-ATR-ASTRA1.2.0.0
2024-05-16 18:01:43,332 [WARN] PackLoader:240 - Cannot read IP mode file for STMicroelectronics.X-CUBE-TOF1.3.4.0
2024-05-16 18:01:43,361 [WARN] PackLoader:240 - Cannot read IP mode file for STMicroelectronics.X-CUBE-TOF1.3.4.1
2024-05-16 18:01:43,405 [WARN] PackLoader:240 - Cannot read IP mode file for STMicroelectronics.X-CUBE-AZRTOS-H7.3.2.0
2024-05-16 18:01:43,408 [INFO] ThirdParty:978 - Integrity check success = true
2024-05-16 18:01:43,408 [INFO] IntegrityCheckThread:100 - exiting critical section [integrity check]
2024-05-16 18:01:43,408 [INFO] IntegrityCheckThread:103 - End integrity checks thread
2024-05-16 18:01:43,434 [INFO] WebApp:753 - Register for checkConnection events
2024-05-16 18:01:43,434 [INFO] WebApp:390 - Apply proxy settings
2024-05-16 18:01:43,434 [INFO] WebApp:475 - Chromium requires no authentication
2024-05-16 18:01:43,443 [INFO] WebApp:418 - Direct internet connection detected
2024-05-16 18:01:43,709 [INFO] WebApp:188 - Starting web application
2024-05-16 18:01:43,709 [INFO] WebApp:520 - Web application path used C:\ST\STM32CubeIDE_1.13.2\STM32CubeIDE\plugins\com.st.stm32cube.common.mx_6.9.2.202309101412\db\plugins\mcufinder\reactClient1\index.html
2024-05-16 18:02:05,046 [ERROR] LogOutputStream:75 - [STDERR_REDIRECT] SLF4J: Failed to load class "org.slf4j.impl.StaticLoggerBinder".
2024-05-16 18:02:05,047 [ERROR] LogOutputStream:75 - [STDERR_REDIRECT] SLF4J: Defaulting to no-operation (NOP) logger implementation
2024-05-16 18:02:05,051 [ERROR] LogOutputStream:75 - [STDERR_REDIRECT] SLF4J: See http://www.slf4j.org/codes.html#StaticLoggerBinder for further details.
2024-05-16 20:36:13,545 [INFO] McuFinderGlobals:63 - Set McuFinder mode to 2 (CubeIDE integrated)
2024-05-16 20:36:13,572 [INFO] MainUpdater:2868 - connection check result : 10
2024-05-16 20:36:13,579 [INFO] MainUpdater:2868 - connection check result : 10
2024-05-16 20:36:13,782 [INFO] MicroXplorer:468 - Change Database Path : 
2024-05-16 20:36:13,783 [INFO] MicroXplorer:498 - Change Database Version : DB.6.0.92
2024-05-16 20:36:13,788 [WARN] ThirdParty:871 - waiting for thirdparty lock release [close project]
2024-05-16 20:36:13,788 [INFO] ThirdParty:873 - entering critical section [close project]
2024-05-16 20:36:13,812 [INFO] ThirdParty:883 - exiting critical section [close project]
2024-05-16 20:36:13,818 [INFO] PinOutPanel:1499 - setPackage(No Configuration,No Configuration)
2024-05-16 20:36:13,839 [INFO] UtilMem:75 - Begin LoadConfig() Used Memory: 792421368 Bytes (1073741824)
2024-05-16 20:36:13,841 [INFO] MicroXplorer:468 - Change Database Path : 
2024-05-16 20:36:13,841 [INFO] MicroXplorer:498 - Change Database Version : DB.6.0.92
2024-05-16 20:36:13,841 [INFO] OpenFileManager:308 - Change cursor
2024-05-16 20:36:13,903 [INFO] Mcu:1946 - Initializing MCU STM32F407V(E-G)Tx STM32F407VGTx STM32F407VGT6
2024-05-16 20:36:15,513 [INFO] Context:659 - Trying to add GPIOservice into a context  which must be forbidden
2024-05-16 20:36:16,368 [INFO] RtosManager:555 - Registered RTOS mode: class=CMSIS, group=RTOS, mode=CMSIS_V1, owner=FREERTOS
2024-05-16 20:36:16,368 [INFO] RtosManager:555 - Registered RTOS mode: class=CMSIS, group=RTOS2, mode=CMSIS_V2, owner=FREERTOS
2024-05-16 20:36:16,368 [INFO] RtosManager:555 - Registered RTOS mode: class=RTOS, group=Core, mode=CMSIS_V1, owner=FREERTOS
2024-05-16 20:36:16,368 [INFO] RtosManager:555 - Registered RTOS mode: class=RTOS, group=Core, mode=CMSIS_V2, owner=FREERTOS
2024-05-16 20:36:16,368 [WARN] ModelIntegratedComponent:184 - Missing modes for component STMicroelectronics:FreeRTOS:0.0.1:STMicroelectronics:RTOS:FreeRTOS:Core:::10.2.0:
2024-05-16 20:36:16,380 [WARN] ModelIntegratedComponent:63 - No mode defined for component null
2024-05-16 20:36:16,380 [WARN] ModelIntegratedComponent:63 - No mode defined for component null
2024-05-16 20:36:16,380 [WARN] ModelIntegratedComponent:63 - No mode defined for component null
2024-05-16 20:36:16,381 [WARN] ModelIntegratedComponent:63 - No mode defined for component null
2024-05-16 20:36:16,381 [WARN] ModelIntegratedComponent:63 - No mode defined for component null
2024-05-16 20:36:16,381 [WARN] ModelIntegratedComponent:63 - No mode defined for component null
2024-05-16 20:36:16,381 [WARN] ModelIntegratedComponent:63 - No mode defined for component null
2024-05-16 20:36:16,381 [WARN] ModelIntegratedComponent:63 - No mode defined for component null
2024-05-16 20:36:16,381 [WARN] ModelIntegratedComponent:63 - No mode defined for component null
2024-05-16 20:36:16,381 [WARN] ModelIntegratedComponent:63 - No mode defined for component null
2024-05-16 20:36:16,381 [WARN] ModelIntegratedComponent:63 - No mode defined for component null
2024-05-16 20:36:16,381 [WARN] ModelIntegratedComponent:63 - No mode defined for component null
2024-05-16 20:36:16,381 [WARN] ModelIntegratedComponent:63 - No mode defined for component null
2024-05-16 20:36:16,381 [WARN] ModelIntegratedComponent:63 - No mode defined for component null
2024-05-16 20:36:16,381 [WARN] ModelIntegratedComponent:63 - No mode defined for component null
2024-05-16 20:36:16,381 [WARN] ModelIntegratedComponent:63 - No mode defined for component null
2024-05-16 20:36:16,381 [WARN] ModelIntegratedComponent:63 - No mode defined for component null
2024-05-16 20:36:16,381 [WARN] ModelIntegratedComponent:63 - No mode defined for component null
2024-05-16 20:36:16,381 [WARN] ModelIntegratedComponent:63 - No mode defined for component null
2024-05-16 20:36:16,381 [WARN] ModelIntegratedComponent:63 - No mode defined for component null
2024-05-16 20:36:16,381 [WARN] ModelIntegratedComponent:63 - No mode defined for component null
2024-05-16 20:36:16,381 [WARN] ModelIntegratedComponent:63 - No mode defined for component null
2024-05-16 20:36:16,381 [WARN] ModelIntegratedComponent:63 - No mode defined for component null
2024-05-16 20:36:16,381 [WARN] ModelIntegratedComponent:63 - No mode defined for component null
2024-05-16 20:36:16,381 [WARN] ModelIntegratedComponent:63 - No mode defined for component null
2024-05-16 20:36:16,381 [WARN] ModelIntegratedComponent:63 - No mode defined for component null
2024-05-16 20:36:16,381 [WARN] ModelIntegratedComponent:63 - No mode defined for component null
2024-05-16 20:36:16,381 [WARN] ModelIntegratedComponent:63 - No mode defined for component null
2024-05-16 20:36:16,381 [WARN] ModelIntegratedComponent:63 - No mode defined for component null
2024-05-16 20:36:16,381 [WARN] ModelIntegratedComponent:63 - No mode defined for component null
2024-05-16 20:36:16,381 [WARN] ModelIntegratedComponent:63 - No mode defined for component null
2024-05-16 20:36:16,381 [WARN] ModelIntegratedComponent:63 - No mode defined for component null
2024-05-16 20:36:16,382 [WARN] ModelIntegratedComponent:63 - No mode defined for component null
2024-05-16 20:36:16,474 [INFO] ThirdPartyModel:298 - Start build external matchings
2024-05-16 20:36:16,794 [INFO] ThirdPartyModel:316 - End build external matchings
2024-05-16 20:36:16,810 [INFO] ImportTextPane:194 - (OptionalMessage_ERROR) IP (DMA) : Parameter (Instance) has Id (ADC1) currently not set
2024-05-16 20:36:16,810 [INFO] ImportTextPane:194 - (OptionalMessage_ERROR) IP (DMA) : Parameter (Channel) has Id (ADC1) currently not set
2024-05-16 20:36:16,810 [INFO] ImportTextPane:194 - (OptionalMessage_ERROR) IP (DMA) : Parameter (Direction) has Id (ADC1) currently not set
2024-05-16 20:36:16,811 [INFO] ImportTextPane:194 - (OptionalMessage_ERROR) IP (DMA) : Parameter (PeriphInc) has Id (ADC1) currently not set
2024-05-16 20:36:16,811 [INFO] ImportTextPane:194 - (OptionalMessage_ERROR) IP (DMA) : Parameter (MemInc) has Id (ADC1) currently not set
2024-05-16 20:36:16,811 [INFO] ImportTextPane:194 - (OptionalMessage_ERROR) IP (DMA) : Parameter (PeriphDataAlignment) has Id (ADC1) currently not set
2024-05-16 20:36:16,811 [INFO] ImportTextPane:194 - (OptionalMessage_ERROR) IP (DMA) : Parameter (MemDataAlignment) has Id (ADC1) currently not set
2024-05-16 20:36:16,811 [INFO] ImportTextPane:194 - (OptionalMessage_ERROR) IP (DMA) : Parameter (Mode) has Id (ADC1) currently not set
2024-05-16 20:36:16,811 [INFO] ImportTextPane:194 - (OptionalMessage_ERROR) IP (DMA) : Parameter (Priority) has Id (ADC1) currently not set
2024-05-16 20:36:16,811 [INFO] ImportTextPane:194 - (OptionalMessage_ERROR) IP (DMA) : Parameter (FIFOMode) has Id (ADC1) currently not set
2024-05-16 20:36:16,812 [INFO] ImportTextPane:194 - (OptionalMessage_ERROR) IP (RCC) : Parameter (48MHZClocksFreq_Value) has invalid value (50000000)
2024-05-16 20:36:16,813 [INFO] ImportTextPane:194 - (OptionalMessage_ERROR) IP (RCC) : Parameter (RTCHSEDivFreq_Value) has invalid value (12500000)
2024-05-16 20:36:17,155 [INFO] UtilMem:75 - End LoadConfig() Used Memory: 925376312 Bytes (1073741824)
2024-05-16 20:36:18,218 [INFO] ApiDb:581 - Connected to CubeFinder SQLite database (C:\Users\This PC\.stmcufinder\plugins\mcufinder\mcu\cube-finder-db.db)
2024-05-16 20:36:18,286 [INFO] ApiDb:668 - CubeFinder database Data Model version=2.1
2024-05-16 20:36:18,286 [INFO] ApiDb:669 - CubeFinder database Configuration version=3.0.39
2024-05-16 20:36:18,287 [INFO] ApiDb:670 - CubeFinder database generation date=2024-04-15 (1713193726)
2024-05-16 20:36:18,287 [INFO] ApiDb:671 - CubeFinder database FW Pack versions=[FP-ATR-ASTRA1_V2.0.0, FP-SNS-FLIGHT1_V5.0.1, FP-SNS-FLIGHT1_V5.0.2, FP-SNS-MOTENV1_V4.3.1, FP-SNS-MOTENV1_V4.3.2, FP-SNS-MOTENVWB1_V1.3.1, FP-SNS-SMARTAG2_V1.2.0, STM32Cube_FW_C0_V1.1.0, STM32Cube_FW_F4_V1.28.0, STM32Cube_FW_F7_V1.17.0, STM32Cube_FW_G0_V1.6.2, STM32Cube_FW_G4_V1.5.2, STM32Cube_FW_H5_V0.5.1, STM32Cube_FW_H5_V1.1.1, STM32Cube_FW_H5_V1.2.0, STM32Cube_FW_H5_V1.2.0RC4, STM32Cube_FW_H7RS_V1.0.0, STM32Cube_FW_H7RS_V1.0.0RC4, STM32Cube_FW_H7_V1.11.0, STM32Cube_FW_L0_V1.12.2, STM32Cube_FW_L5_V1.5.1, STM32Cube_FW_U0_V1.0.0, STM32Cube_FW_U0_V1.0.0RC1, STM32Cube_FW_U5_V1.3.0RC4, STM32Cube_FW_U5_V1.5.0, STM32Cube_FW_U5_V1.5.0RC1, STM32Cube_FW_WBA_V1.0.0RC1, STM32Cube_FW_WBA_V1.2.0, STM32Cube_FW_WBA_V1.2.0RC2, STM32Cube_FW_WBA_V1.3.0, STM32Cube_FW_WBA_V1.3.0RC1, STM32Cube_FW_WB_V1.15.0RC1, STM32Cube_FW_WB_V1.16.0, STM32Cube_FW_WB_V1.16.0RC2, STM32Cube_FW_WB_V1.18.0, STM32Cube_FW_WB_V1.19.0, STM32Cube_FW_WL_V1.3.0, X-CUBE-ALGOBUILD_V1.3.0, X-CUBE-ALS_V1.0.1, X-CUBE-AZRTOS-F4_V1.1.0, X-CUBE-AZRTOS-F7_V1.1.0, X-CUBE-AZRTOS-G0_V1.1.0, X-CUBE-AZRTOS-G4_V2.0.0, X-CUBE-AZRTOS-H7_V3.2.0, X-CUBE-AZRTOS-L4_V1.0.0, X-CUBE-AZRTOS-L4_V2.0.0, X-CUBE-AZRTOS-L5_V1.1.0, X-CUBE-AZRTOS-WB_V2.0.0, X-CUBE-AZRTOS-WL_V2.0.0, X-CUBE-BLE1_V7.0.0, X-CUBE-BLE2_V3.3.0, X-CUBE-BLEMGR_V3.1.0, X-CUBE-EEPRMA1_V4.1.0, X-CUBE-EEPRMA1_V5.1.0, X-CUBE-FREERTOS_V1.1.0, X-CUBE-GNSS1_V6.0.0, X-CUBE-MEMS1_V10.0.0, X-CUBE-MEMS1_V9.1.0, X-CUBE-MEMS1_V9.4.0, X-CUBE-MEMS1_V9.6.0, X-CUBE-NFC4_V3.0.0, X-CUBE-NFC7_V1.0.1, X-CUBE-SFXS2LP1_V4.0.0, X-CUBE-SUBG2_V5.0.0, X-CUBE-TOF1_V3.4.0]
2024-05-16 20:36:20,066 [INFO] ApiDb:240 - Found 323 in-development CPN: [B-G473E-ZEST1S, B-WB1M-WPAN1, B-WL5M-SUBG1, NUCLEO-C031C6, NUCLEO-H503RB, NUCLEO-H563ZI, NUCLEO-U545RE-Q, NUCLEO-U5A5ZJ-Q, NUCLEO-WBA52CG, STEVAL-PROTEUS1, STEVAL-SMARTAG2, STEVAL-STWINBX1, STM320518-EVAL, STM32C0116-DK, STM32C011D6Y3TR, STM32C011D6Y6TR, STM32C011F4P3, STM32C011F4P6, STM32C011F4U3, STM32C011F4U6TR, STM32C011F6P3, STM32C011F6P6, STM32C011F6U3, STM32C011F6U6TR, STM32C011J4M3, STM32C011J4M6, STM32C011J6M3, STM32C011J6M6, STM32C0316-DK, STM32C031C4T3, STM32C031C4T6, STM32C031C4U3, STM32C031C4U6, STM32C031C6T3, STM32C031C6T6, STM32C031C6U3, STM32C031C6U6, STM32C031F4P3, STM32C031F4P6, STM32C031F6P3, STM32C031F6P6, STM32C031G4U3, STM32C031G4U6, STM32C031G6U3, STM32C031G6U6, STM32C031K4T3, STM32C031K4T6, STM32C031K4U3, STM32C031K4U6, STM32C031K6T3, STM32C031K6T6, STM32C031K6U3, STM32C031K6U6, STM32G071K8TXN, STM32G071K8UXN, STM32G081GBU6N, STM32G081KBT6N, STM32G081KBUXN, STM32G0B1CCT6N, STM32G0B1KCT6, STM32G0B1NEY6TR, STM32G0B1RCT6N, STM32G0C1CCT6, STM32G0C1CCT6N, STM32G0C1CCU6N, STM32G0C1CET6N, STM32G0C1CEU6N, STM32G0C1KCT6, STM32G0C1NEY6TR, STM32G0C1RCI6N, STM32G0C1RCT6N, STM32G0C1REI6N, STM32G0C1RET6N, STM32G0C1VCI6, STM32G0C1VEI6, STM32G471CCT6, STM32G471CCU6, STM32G471CET3, STM32G471CET6, STM32G471CEU3, STM32G471CEU6, STM32G471MCT6, STM32G471MET3, STM32G471MET6, STM32G471MEY6TR, STM32G471QCT6, STM32G471QET3, STM32G471RCT6, STM32G471RET3, STM32G471RET6, STM32G471VCH6, STM32G471VCI6, STM32G471VCT6, STM32G471VEH3, STM32G471VEH6, STM32G471VEI3, STM32G471VEI6, STM32G471VET3, STM32G471VET6, STM32G474CCT6, STM32H503CBT6, STM32H503CBU6, STM32H503EBY6TR, STM32H503KBU6, STM32H503RBT6, STM32H562AGI6, STM32H562AII6, STM32H562IGK6, STM32H562IGT6, STM32H562IIK6, STM32H562IIT6, STM32H562RGT6, STM32H562RGV6, STM32H562RIT6, STM32H562RIV6, STM32H562VGT6, STM32H562VIT6, STM32H562ZGT6, STM32H562ZIT6, STM32H563AGI6, STM32H563AII3Q, STM32H563AII6, STM32H563IGK6, STM32H563IGT6, STM32H563IIK3Q, STM32H563IIK6, STM32H563IIT3Q, STM32H563IIT6, STM32H563MIY3QTR, STM32H563RGT6, STM32H563RGV6, STM32H563RIT6, STM32H563RIV6, STM32H563VGT6, STM32H563VIT3Q, STM32H563VIT6, STM32H563ZGT6, STM32H563ZIT3Q, STM32H563ZIT6, STM32H573AII3Q, STM32H573AII6, STM32H573I-DK, STM32H573IIK3Q, STM32H573IIK6, STM32H573IIT3Q, STM32H573IIT6, STM32H573MIY3QTR, STM32H573RIT6, STM32H573RIV6, STM32H573VIT3Q, STM32H573VIT6, STM32H573ZIT3Q, STM32H573ZIT6, STM32L4R5QGI6STR, STM32MP131AAE3, STM32MP131AAF3, STM32MP131AAG3, STM32MP131CAE3, STM32MP131CAF3, STM32MP131CAG3, STM32MP131DAE7, STM32MP131DAF7, STM32MP131DAG7, STM32MP131FAE7, STM32MP131FAF7, STM32MP131FAG7, STM32MP133AAE3, STM32MP133AAF3, STM32MP133AAG3, STM32MP133CAE3, STM32MP133CAF3, STM32MP133CAG3, STM32MP133DAE7, STM32MP133DAF7, STM32MP133DAG7, STM32MP133FAE7, STM32MP133FAF7, STM32MP133FAG7, STM32MP135AAE3, STM32MP135AAF3, STM32MP135AAG3, STM32MP135CAE3, STM32MP135CAF3, STM32MP135CAG3, STM32MP135DAE7, STM32MP135DAF7, STM32MP135DAG7, STM32MP135F-DK, STM32MP135FAE7, STM32MP135FAF7, STM32MP135FAF7T, STM32MP135FAF7U, STM32MP135FAG7, STM32U535CBT6, STM32U535CBT6Q, STM32U535CBU6, STM32U535CBU6Q, STM32U535CCT6, STM32U535CCT6Q, STM32U535CCU6, STM32U535CCU6Q, STM32U535CET6, STM32U535CET6Q, STM32U535CEU6, STM32U535CEU6Q, STM32U535JEY6QTR, STM32U535NCY6QTR, STM32U535NEY6QTR, STM32U535RBI6, STM32U535RBI6Q, STM32U535RBT6, STM32U535RBT6Q, STM32U535RCI6, STM32U535RCI6Q, STM32U535RCT6, STM32U535RCT6Q, STM32U535REI6, STM32U535REI6Q, STM32U535RET6, STM32U535RET6Q, STM32U535VCI6, STM32U535VCI6Q, STM32U535VCT6, STM32U535VCT6Q, STM32U535VEI6, STM32U535VEI6Q, STM32U535VET6, STM32U535VET6Q, STM32U545CET6, STM32U545CET6Q, STM32U545CEU6, STM32U545CEU6Q, STM32U545JEY6QTR, STM32U545NEY6QTR, STM32U545REI6, STM32U545REI6Q, STM32U545RET6, STM32U545RET6Q, STM32U545VEI6, STM32U545VEI6Q, STM32U545VET6, STM32U545VET6Q, STM32U595AIH6, STM32U595AIH6Q, STM32U595AJH6, STM32U595AJH6Q, STM32U595QII6, STM32U595QII6Q, STM32U595QJI6, STM32U595QJI6Q, STM32U595RIT6, STM32U595RIT6Q, STM32U595RJT6, STM32U595RJT6Q, STM32U595VIT6, STM32U595VIT6Q, STM32U595VJT6, STM32U595VJT6Q, STM32U595ZIT6, STM32U595ZIT6Q, STM32U595ZIY6QTR, STM32U595ZJT6, STM32U595ZJT6Q, STM32U595ZJY6QTR, STM32U599BJY6QTR, STM32U599NIH6Q, STM32U599NJH6Q, STM32U599VIT6Q, STM32U599VJT6, STM32U599VJT6Q, STM32U599ZIT6Q, STM32U599ZIY6QTR, STM32U599ZJT6Q, STM32U599ZJY6QTR, STM32U5A5AJH6, STM32U5A5AJH6Q, STM32U5A5QJI6, STM32U5A5QJI6Q, STM32U5A5RJT6, STM32U5A5RJT6Q, STM32U5A5VJT6, STM32U5A5VJT6Q, STM32U5A5ZJT6, STM32U5A5ZJT6Q, STM32U5A5ZJY6QTR, STM32U5A9BJY6QTR, STM32U5A9J-DK, STM32U5A9NJH6Q, STM32U5A9VJT6Q, STM32U5A9ZJT6Q, STM32U5A9ZJY6QTR, STM32U5F7VIT6, STM32U5F7VIT6Q, STM32U5F7VJT6, STM32U5F7VJT6Q, STM32U5F9BJY6QTR, STM32U5F9NJH6Q, STM32U5F9VIT6Q, STM32U5F9VJT6Q, STM32U5F9ZIJ6QTR, STM32U5F9ZIT6Q, STM32U5F9ZJJ6QTR, STM32U5F9ZJT6Q, STM32U5G7VJT6, STM32U5G7VJT6Q, STM32U5G9BJY6QTR, STM32U5G9J-DK1, STM32U5G9J-DK2, STM32U5G9NJH6Q, STM32U5G9VJT6Q, STM32U5G9ZJJ6QTR, STM32U5G9ZJT6Q, STM32WB1MMCH6, STM32WBA52CEU6, STM32WBA52CEU6T, STM32WBA52CGU6, STM32WBA52CGU6T, STM32WBA52KEU6, STM32WBA52KEU6T, STM32WBA52KGU6, STM32WBA52KGU6T, STM32WL5MOCH6, STM32WL5MOCH6TR]
2024-05-16 20:36:20,070 [INFO] DbMcus:217 - Found 4073 MCUs, 4073 are supported
2024-05-16 20:36:20,076 [INFO] ApiDb:423 - Load user favorites file C:\Users\This PC/.stm32cubeide/favorites.mcus.txt: 5 item(s)
2024-05-16 20:36:20,076 [INFO] ApiDb:427 - User favorites MCUs=[STM32F303RET6, STM32F303RET6TR, STM32F303RET7, STM32F303RET7TR, STM32L451CEU6]
2024-05-16 20:36:20,076 [INFO] DbMcus:223 - Set 5 / 5 favorites MCUs
2024-05-16 20:36:20,445 [WARN] ThirdParty:833 - waiting for thirdparty lock release [change project]
2024-05-16 20:36:20,445 [INFO] ThirdParty:835 - entering critical section [change project]
2024-05-16 20:36:20,446 [INFO] ThirdParty:1030 - CMSIS Pack Vendor :STMicroelectronics USBPD 4.1
2024-05-16 20:36:20,446 [INFO] ThirdParty:1030 - CMSIS Pack Vendor :STMicroelectronics X-CUBE-GNSS1 6.0.0
2024-05-16 20:36:20,446 [INFO] ThirdParty:1030 - CMSIS Pack Vendor :STMicroelectronics USB_HOST 2.0.0
2024-05-16 20:36:20,446 [INFO] ThirdParty:1030 - CMSIS Pack Vendor :STMicroelectronics FP-SNS-MOTENVWB1 1.4.0
2024-05-16 20:36:20,446 [INFO] ThirdParty:1030 - CMSIS Pack Vendor :STMicroelectronics X-CUBE-AZRTOS-F4 1.1.0
2024-05-16 20:36:20,446 [INFO] ThirdParty:1030 - CMSIS Pack Vendor :STMicroelectronics LIBJPEG 8.0.0
2024-05-16 20:36:20,446 [INFO] ThirdParty:1030 - CMSIS Pack Vendor :wolfSSL I-CUBE-wolfSSL 5.6.4
2024-05-16 20:36:20,446 [INFO] ThirdParty:1030 - CMSIS Pack Vendor :STMicroelectronics X-CUBE-SMBUS 2.1.0
2024-05-16 20:36:20,446 [INFO] ThirdParty:1030 - CMSIS Pack Vendor :STMicroelectronics USB_DEVICE 3.0.0
2024-05-16 20:36:20,446 [INFO] ThirdParty:1030 - CMSIS Pack Vendor :STMicroelectronics X-CUBE-TCPP 4.1.0
2024-05-16 20:36:20,446 [INFO] ThirdParty:1030 - CMSIS Pack Vendor :STMicroelectronics X-CUBE-FREERTOS 1.2.0
2024-05-16 20:36:20,446 [INFO] ThirdParty:1030 - CMSIS Pack Vendor :STMicroelectronics X-CUBE-AI 8.0.0
2024-05-16 20:36:20,446 [INFO] ThirdParty:1030 - CMSIS Pack Vendor :STMicroelectronics X-CUBE-AZRTOS-WB 2.0.0
2024-05-16 20:36:20,446 [INFO] ThirdParty:1030 - CMSIS Pack Vendor :STMicroelectronics X-CUBE-TOUCHGFX 4.23.1
2024-05-16 20:36:20,446 [INFO] ThirdParty:1030 - CMSIS Pack Vendor :STMicroelectronics X-CUBE-TOUCHGFX 4.23.0
2024-05-16 20:36:20,446 [INFO] ThirdParty:1030 - CMSIS Pack Vendor :STMicroelectronics X-CUBE-TOUCHGFX 4.23.2
2024-05-16 20:36:20,446 [INFO] ThirdParty:1030 - CMSIS Pack Vendor :STMicroelectronics X-CUBE-AZRTOS-F7 1.1.0
2024-05-16 20:36:20,446 [INFO] ThirdParty:1030 - CMSIS Pack Vendor :STMicroelectronics X-CUBE-AZRTOS-L5 2.0.0
2024-05-16 20:36:20,446 [INFO] ThirdParty:1030 - CMSIS Pack Vendor :STMicroelectronics USB_DEVICE 2.0.0
2024-05-16 20:36:20,446 [INFO] ThirdParty:1030 - CMSIS Pack Vendor :STMicroelectronics X-CUBE-EEPRMA1 4.2.0
2024-05-16 20:36:20,446 [INFO] ThirdParty:1030 - CMSIS Pack Vendor :STMicroelectronics X-CUBE-NFC6 3.1.0
2024-05-16 20:36:20,446 [INFO] ThirdParty:1030 - CMSIS Pack Vendor :ITTIA_DB I-CUBE-ITTIADB 8.8.0
2024-05-16 20:36:20,446 [INFO] ThirdParty:1030 - CMSIS Pack Vendor :STMicroelectronics FP-SNS-MOTENV1 4.3.2
2024-05-16 20:36:20,446 [INFO] ThirdParty:1030 - CMSIS Pack Vendor :STMicroelectronics X-CUBE-ALGOBUILD 1.3.0
2024-05-16 20:36:20,446 [INFO] ThirdParty:1030 - CMSIS Pack Vendor :STMicroelectronics FreeRTOS 0.0.1
2024-05-16 20:36:20,446 [INFO] ThirdParty:1030 - CMSIS Pack Vendor :STMicroelectronics X-CUBE-AZRTOS-G0 1.1.0
2024-05-16 20:36:20,446 [INFO] ThirdParty:1030 - CMSIS Pack Vendor :STMicroelectronics X-CUBE-SAFEA1 1.2.2
2024-05-16 20:36:20,446 [INFO] ThirdParty:1030 - CMSIS Pack Vendor :STMicroelectronics X-CUBE-NFC4 3.0.0
2024-05-16 20:36:20,447 [INFO] ThirdParty:1030 - CMSIS Pack Vendor :STMicroelectronics X-CUBE-SUBG2 5.0.0
2024-05-16 20:36:20,447 [INFO] ThirdParty:1030 - CMSIS Pack Vendor :STMicroelectronics STM32_WPAN 1.0.0
2024-05-16 20:36:20,447 [INFO] ThirdParty:1030 - CMSIS Pack Vendor :STMicroelectronics lwIP 2.0.3
2024-05-16 20:36:20,447 [INFO] ThirdParty:1030 - CMSIS Pack Vendor :STMicroelectronics FP-SNS-FLIGHT1 5.0.2
2024-05-16 20:36:20,447 [INFO] ThirdParty:1030 - CMSIS Pack Vendor :STMicroelectronics USB_HOST 1.0.0
2024-05-16 20:36:20,447 [INFO] ThirdParty:1030 - CMSIS Pack Vendor :STMicroelectronics X-CUBE-AI 9.0.0
2024-05-16 20:36:20,447 [INFO] ThirdParty:1030 - CMSIS Pack Vendor :STMicroelectronics X-CUBE-AZRTOS-G4 2.0.0
2024-05-16 20:36:20,447 [INFO] ThirdParty:1030 - CMSIS Pack Vendor :STMicroelectronics PDM2PCM 3.1.0
2024-05-16 20:36:20,447 [INFO] ThirdParty:1030 - CMSIS Pack Vendor :Infineon AIROC-Wi-Fi-Bluetooth-STM32 1.5.1
2024-05-16 20:36:20,447 [INFO] ThirdParty:1030 - CMSIS Pack Vendor :STMicroelectronics X-CUBE-BLEMGR 3.0.0
2024-05-16 20:36:20,447 [INFO] ThirdParty:1030 - CMSIS Pack Vendor :STMicroelectronics PDM2PCM 3.3.0
2024-05-16 20:36:20,447 [INFO] ThirdParty:1030 - CMSIS Pack Vendor :STMicroelectronics X-CUBE-DISPLAY 3.0.0
2024-05-16 20:36:20,447 [INFO] ThirdParty:1030 - CMSIS Pack Vendor :STMicroelectronics FP-SNS-MOTENVWB1 1.3.1
2024-05-16 20:36:20,447 [INFO] ThirdParty:1030 - CMSIS Pack Vendor :STMicroelectronics X-CUBE-BLE1 7.0.0
2024-05-16 20:36:20,447 [INFO] ThirdParty:1030 - CMSIS Pack Vendor :STMicroelectronics FP-ATR-SIGFOX1 3.2.0
2024-05-16 20:36:20,447 [INFO] ThirdParty:1030 - CMSIS Pack Vendor :STMicroelectronics X-CUBE-ISPU 2.0.0
2024-05-16 20:36:20,447 [INFO] ThirdParty:1030 - CMSIS Pack Vendor :STMicroelectronics X-CUBE-EEPRMA1 5.1.0
2024-05-16 20:36:20,447 [INFO] ThirdParty:1030 - CMSIS Pack Vendor :STMicroelectronics HAL Drivers 0.0.0
2024-05-16 20:36:20,447 [INFO] ThirdParty:1030 - CMSIS Pack Vendor :STMicroelectronics MBEDTLS 2.16.2
2024-05-16 20:36:20,447 [INFO] ThirdParty:1030 - CMSIS Pack Vendor :emotas I-CUBE-CANOPEN 1.3.0
2024-05-16 20:36:20,447 [INFO] ThirdParty:1030 - CMSIS Pack Vendor :STMicroelectronics X-CUBE-MEMS1 10.0.0
2024-05-16 20:36:20,447 [INFO] ThirdParty:1030 - CMSIS Pack Vendor :STMicroelectronics X-CUBE-FREERTOS 1.1.0
2024-05-16 20:36:20,447 [INFO] ThirdParty:1030 - CMSIS Pack Vendor :STMicroelectronics X-CUBE-NFC7 1.0.1
2024-05-16 20:36:20,447 [INFO] ThirdParty:1030 - CMSIS Pack Vendor :STMicroelectronics MBEDTLS 2.14.1
2024-05-16 20:36:20,447 [INFO] ThirdParty:1030 - CMSIS Pack Vendor :STMicroelectronics X-CUBE-TOUCHGFX 4.22.1
2024-05-16 20:36:20,447 [INFO] ThirdParty:1030 - CMSIS Pack Vendor :STMicroelectronics X-CUBE-NFC6 3.0.0
2024-05-16 20:36:20,447 [INFO] ThirdParty:1030 - CMSIS Pack Vendor :portGmbH I-Cube-SoM-uGOAL 1.1.0
2024-05-16 20:36:20,447 [INFO] ThirdParty:1030 - CMSIS Pack Vendor :STMicroelectronics X-CUBE-ALS 1.0.1
2024-05-16 20:36:20,447 [INFO] ThirdParty:1030 - CMSIS Pack Vendor :STMicroelectronics X-CUBE-BLEMGR 3.1.0
2024-05-16 20:36:20,447 [INFO] ThirdParty:1030 - CMSIS Pack Vendor :STMicroelectronics ThreadX 1.0.0
2024-05-16 20:36:20,447 [INFO] ThirdParty:1030 - CMSIS Pack Vendor :STMicroelectronics FP-SNS-SMARTAG2 1.2.0
2024-05-16 20:36:20,447 [INFO] ThirdParty:1030 - CMSIS Pack Vendor :STMicroelectronics X-CUBE-AZRTOS-WL 2.0.0
2024-05-16 20:36:20,447 [INFO] ThirdParty:1030 - CMSIS Pack Vendor :SEGGER I-CUBE-embOS 1.3.1
2024-05-16 20:36:20,447 [INFO] ThirdParty:1030 - CMSIS Pack Vendor :STMicroelectronics X-CUBE-ALGOBUILD 1.4.0
2024-05-16 20:36:20,447 [INFO] ThirdParty:1030 - CMSIS Pack Vendor :STMicroelectronics FP-SNS-MOTENV1 5.0.0
2024-05-16 20:36:20,447 [INFO] ThirdParty:1030 - CMSIS Pack Vendor :STMicroelectronics USB_DEVICE 1.0.0
2024-05-16 20:36:20,447 [INFO] ThirdParty:1030 - CMSIS Pack Vendor :STMicroelectronics X-CUBE-AI 8.1.0
2024-05-16 20:36:20,447 [INFO] ThirdParty:1030 - CMSIS Pack Vendor :STMicroelectronics X-CUBE-AZRTOS-H7RS 1.0.0
2024-05-16 20:36:20,447 [INFO] ThirdParty:1030 - CMSIS Pack Vendor :STMicroelectronics X-CUBE-AZRTOS-L4 2.0.0
2024-05-16 20:36:20,447 [INFO] ThirdParty:1030 - CMSIS Pack Vendor :STMicroelectronics ThreadX 0.0.2
2024-05-16 20:36:20,447 [INFO] ThirdParty:1030 - CMSIS Pack Vendor :WES I-CUBE-Cesium 1.3.0
2024-05-16 20:36:20,447 [INFO] ThirdParty:1030 - CMSIS Pack Vendor :STMicroelectronics FP-ATR-ASTRA1 2.0.0
2024-05-16 20:36:20,448 [INFO] ThirdParty:1030 - CMSIS Pack Vendor :STMicroelectronics lwIP 2.1.2
2024-05-16 20:36:20,448 [INFO] ThirdParty:1030 - CMSIS Pack Vendor :STMicroelectronics X-CUBE-SFXS2LP1 4.0.0
2024-05-16 20:36:20,448 [INFO] ThirdParty:1030 - CMSIS Pack Vendor :STMicroelectronics X-CUBE-BLE2 3.3.0
2024-05-16 20:36:20,448 [INFO] ThirdParty:1030 - CMSIS Pack Vendor :STMicroelectronics X-CUBE-TOF1 3.4.0
2024-05-16 20:36:20,448 [INFO] ThirdParty:1030 - CMSIS Pack Vendor :STMicroelectronics X-CUBE-TOF1 3.4.1
2024-05-16 20:36:20,448 [INFO] ThirdParty:1030 - CMSIS Pack Vendor :STMicroelectronics X-CUBE-AZRTOS-H7 3.2.0
2024-05-16 20:36:20,448 [INFO] ThirdParty:1030 - CMSIS Pack Vendor :STMicroelectronics PDM2PCM 3.2.0
2024-05-16 20:36:20,448 [INFO] ThirdParty:841 - exiting critical section [change project]
2024-05-16 20:36:20,829 [INFO] PinOutPanel:1499 - setPackage(No Configuration,No Configuration)
2024-05-16 20:36:20,835 [INFO] PinOutPanel:1499 - setPackage(STM32F407VGTx,LQFP100)
2024-05-16 20:36:21,346 [INFO] UtilMem:75 - Before build in PCC Used Memory: 678612480 Bytes (1073741824)
2024-05-16 20:36:22,368 [INFO] UtilMem:75 - After build in PCC Used Memory: 761039848 Bytes (1073741824)
2024-05-16 20:36:22,402 [INFO] IPUIPlugin:80 - create IPUIPlugin
2024-05-16 20:36:22,403 [INFO] IPUIPlugin:80 - create IPUIPlugin
2024-05-16 20:36:22,403 [INFO] IPUIPlugin:80 - create IPUIPlugin
2024-05-16 20:36:22,403 [INFO] IPUIPlugin:80 - create IPUIPlugin
2024-05-16 20:36:22,403 [INFO] IPUIPlugin:80 - create IPUIPlugin
2024-05-16 20:36:22,404 [INFO] IPUIPlugin:80 - create IPUIPlugin
2024-05-16 20:36:22,404 [INFO] IPUIPlugin:80 - create IPUIPlugin
2024-05-16 20:36:22,404 [INFO] IPUIPlugin:80 - create IPUIPlugin
2024-05-16 20:36:22,404 [INFO] IPUIPlugin:80 - create IPUIPlugin
2024-05-16 20:36:22,405 [INFO] IPUIPlugin:80 - create IPUIPlugin
2024-05-16 20:36:22,405 [INFO] IPUIPlugin:80 - create IPUIPlugin
2024-05-16 20:36:22,405 [INFO] IPUIPlugin:80 - create IPUIPlugin
2024-05-16 20:36:22,405 [INFO] IPUIPlugin:80 - create IPUIPlugin
2024-05-16 20:36:22,405 [INFO] IPUIPlugin:80 - create IPUIPlugin
2024-05-16 20:36:22,405 [INFO] IPUIPlugin:80 - create IPUIPlugin
2024-05-16 20:36:22,405 [INFO] IPUIPlugin:80 - create IPUIPlugin
2024-05-16 20:36:22,405 [INFO] IPUIPlugin:80 - create IPUIPlugin
2024-05-16 20:36:22,406 [INFO] IPUIPlugin:80 - create IPUIPlugin
2024-05-16 20:36:22,406 [INFO] IPUIPlugin:80 - create IPUIPlugin
2024-05-16 20:36:22,406 [INFO] IPUIPlugin:80 - create IPUIPlugin
2024-05-16 20:36:22,406 [INFO] IPUIPlugin:80 - create IPUIPlugin
2024-05-16 20:36:22,406 [INFO] IPUIPlugin:80 - create IPUIPlugin
2024-05-16 20:36:22,407 [INFO] IPUIPlugin:80 - create IPUIPlugin
2024-05-16 20:36:22,407 [INFO] IPUIPlugin:80 - create IPUIPlugin
2024-05-16 20:36:22,407 [INFO] IPUIPlugin:80 - create IPUIPlugin
2024-05-16 20:36:22,407 [INFO] IPUIPlugin:80 - create IPUIPlugin
2024-05-16 20:36:22,408 [INFO] IPUIPlugin:80 - create IPUIPlugin
2024-05-16 20:36:22,408 [INFO] IPUIPlugin:80 - create IPUIPlugin
2024-05-16 20:36:22,408 [INFO] IPUIPlugin:80 - create IPUIPlugin
2024-05-16 20:36:22,408 [INFO] IPUIPlugin:80 - create IPUIPlugin
2024-05-16 20:36:22,409 [INFO] IPUIPlugin:80 - create IPUIPlugin
2024-05-16 20:36:22,409 [INFO] IPUIPlugin:80 - create IPUIPlugin
2024-05-16 20:36:22,409 [INFO] IPUIPlugin:80 - create IPUIPlugin
2024-05-16 20:36:22,409 [INFO] IPUIPlugin:80 - create IPUIPlugin
2024-05-16 20:36:22,410 [INFO] IPUIPlugin:80 - create IPUIPlugin
2024-05-16 20:36:22,410 [INFO] IPUIPlugin:80 - create IPUIPlugin
2024-05-16 20:36:22,410 [INFO] IPUIPlugin:80 - create IPUIPlugin
2024-05-16 20:36:22,410 [INFO] IPUIPlugin:80 - create IPUIPlugin
2024-05-16 20:36:22,410 [INFO] IPUIPlugin:80 - create IPUIPlugin
2024-05-16 20:36:22,411 [INFO] IPUIPlugin:80 - create IPUIPlugin
2024-05-16 20:36:22,411 [INFO] IPUIPlugin:80 - create IPUIPlugin
2024-05-16 20:36:22,411 [INFO] IPUIPlugin:80 - create IPUIPlugin
2024-05-16 20:36:22,411 [INFO] IPUIPlugin:80 - create IPUIPlugin
2024-05-16 20:36:22,411 [INFO] IPUIPlugin:80 - create IPUIPlugin
2024-05-16 20:36:22,412 [INFO] IPUIPlugin:80 - create IPUIPlugin
2024-05-16 20:36:22,412 [INFO] IPUIPlugin:80 - create IPUIPlugin
2024-05-16 20:36:22,412 [INFO] IPUIPlugin:80 - create IPUIPlugin
2024-05-16 20:36:22,413 [INFO] IPUIPlugin:80 - create IPUIPlugin
2024-05-16 20:36:22,413 [INFO] IPUIPlugin:80 - create IPUIPlugin
2024-05-16 20:36:22,413 [INFO] IPUIPlugin:80 - create IPUIPlugin
2024-05-16 20:36:22,414 [INFO] IPUIPlugin:80 - create IPUIPlugin
2024-05-16 20:36:22,414 [INFO] IPUIPlugin:80 - create IPUIPlugin
2024-05-16 20:36:22,414 [INFO] IPUIPlugin:80 - create IPUIPlugin
2024-05-16 20:36:22,415 [INFO] IPUIPlugin:80 - create IPUIPlugin
2024-05-16 20:36:22,415 [INFO] IPUIPlugin:80 - create IPUIPlugin
2024-05-16 20:36:22,416 [INFO] IPUIPlugin:80 - create IPUIPlugin
2024-05-16 20:36:22,416 [INFO] IPUIPlugin:80 - create IPUIPlugin
2024-05-16 20:36:22,417 [INFO] IPUIPlugin:80 - create IPUIPlugin
2024-05-16 20:36:22,537 [INFO] ApiDbMcu:507 - Load IP Config File for PDM2PCM
2024-05-16 20:36:22,559 [WARN] IP:2114 - I2C_Coeff_DF not found: check if there is a RefParameter without a condition.
2024-05-16 20:36:22,559 [WARN] IP:2114 - Analog_Filter not found: check if there is a RefParameter without a condition.
2024-05-16 20:36:22,925 [INFO] CADModel:165 - CPN selected for project levelSTM32F407VGT6
2024-05-16 20:36:22,925 [INFO] CADModel:114 - Register for checkConnection events
2024-05-16 20:36:22,963 [INFO] OpenFileManager:328 - Restore cursor
2024-05-16 20:36:23,182 [WARN] IP:2114 - I2C_Coeff_DF not found: check if there is a RefParameter without a condition.
2024-05-16 20:36:23,182 [WARN] IP:2114 - Analog_Filter not found: check if there is a RefParameter without a condition.
2024-05-16 20:36:23,183 [WARN] IP:2114 - I2C_Coeff_DF not found: check if there is a RefParameter without a condition.
2024-05-16 20:36:23,183 [WARN] IP:2114 - Analog_Filter not found: check if there is a RefParameter without a condition.
