2024-05-21 06:06:42,929 [INFO] Activator:176 - 


2024-05-21 06:06:42,934 [INFO] Activator:177 - !SESSION log4j initialized
2024-05-21 06:06:48,282 [INFO] LogOutputStream:77 - [STDOUT_REDIRECT] 
2024-05-21 06:06:52,184 [INFO] ApplicationProperties:184 - Using Application install path: C:\ST\STM32CubeIDE_1.13.2\STM32CubeIDE\plugins\com.st.stm32cube.common.mx_6.9.2.202309101412
2024-05-21 06:06:52,200 [INFO] DbMcusXml:78 - Set database path to: C:\ST\STM32CubeIDE_1.13.2\STM32CubeIDE\plugins\com.st.stm32cube.common.mx_6.9.2.202309101412\\db\/mcu/
2024-05-21 06:06:52,200 [INFO] ApiDb:274 - Set plugin database path to: C:\ST\STM32CubeIDE_1.13.2\STM32CubeIDE\plugins\com.st.stm32cube.common.mx_6.9.2.202309101412\\db\/plugins/boardmanager/
2024-05-21 06:06:52,201 [WARN] ApiDb:259 - Overriding images path with different value:  => C:\ST\STM32CubeIDE_1.13.2\STM32CubeIDE\plugins\com.st.stm32cube.common.mx_6.9.2.202309101412\\db\/plugins/mcufinder/images/
2024-05-21 06:06:52,217 [INFO] ApiDb:250 - Set database path to: C:\Users\This PC\.stmcufinder\plugins\mcufinder//mcu/
2024-05-21 06:06:52,218 [INFO] DbMcusAds:125 - Set database path to: C:\Users\This PC\.stmcufinder\plugins\mcufinder//mcu/
2024-05-21 06:06:52,951 [INFO] CrossReferenceDbSqlite:203 - Set database path to: C:\Users\This PC\.stmcufinder\plugins\mcufinder//mcu/cs/
2024-05-21 06:06:53,054 [INFO] RulesReader:64 - Compatibility file has been processed (293 Rules)
2024-05-21 06:06:53,134 [INFO] DbMcusXml:78 - Set database path to: C:\ST\STM32CubeIDE_1.13.2\STM32CubeIDE\plugins\com.st.stm32cube.common.mx_6.9.2.202309101412\\db\/mcu/
2024-05-21 06:06:53,134 [INFO] ApiDb:274 - Set plugin database path to: C:\ST\STM32CubeIDE_1.13.2\STM32CubeIDE\plugins\com.st.stm32cube.common.mx_6.9.2.202309101412\\db\/plugins/boardmanager/
2024-05-21 06:06:53,135 [INFO] ApiDb:261 - Set plugin images path to: C:\ST\STM32CubeIDE_1.13.2\STM32CubeIDE\plugins\com.st.stm32cube.common.mx_6.9.2.202309101412\\db\/plugins/mcufinder/images/
2024-05-21 06:06:53,135 [WARN] DbFile:41 - Overriding database path with different value: C:\Users\This PC\.stmcufinder\plugins\mcufinder/ => C:\Users\This PC\.stmcufinder\plugins\mcufinder
2024-05-21 06:06:53,135 [INFO] ApiDb:250 - Set database path to: C:\Users\This PC\.stmcufinder\plugins\mcufinder//mcu/
2024-05-21 06:06:53,135 [WARN] DbFile:41 - Overriding database path with different value: C:\Users\This PC\.stmcufinder\plugins\mcufinder/ => C:\Users\This PC\.stmcufinder\plugins\mcufinder
2024-05-21 06:06:53,135 [INFO] DbMcusAds:125 - Set database path to: C:\Users\This PC\.stmcufinder\plugins\mcufinder//mcu/
2024-05-21 06:06:53,135 [WARN] DbFile:41 - Overriding database path with different value: C:\Users\This PC\.stmcufinder\plugins\mcufinder/ => C:\Users\This PC\.stmcufinder\plugins\mcufinder
2024-05-21 06:06:53,135 [WARN] DbFile:41 - Overriding database path with different value: C:\Users\This PC\.stmcufinder\plugins\mcufinder/ => C:\Users\This PC\.stmcufinder\plugins\mcufinder
2024-05-21 06:06:53,949 [INFO] CrossReferenceDbSqlite:203 - Set database path to: C:\Users\This PC\.stmcufinder\plugins\mcufinder//mcu/cs/
2024-05-21 06:06:54,034 [INFO] MainPanel:262 - HeapMemory: 268435456
2024-05-21 06:06:54,132 [INFO] DbMcusXml:78 - Set database path to: C:\ST\STM32CubeIDE_1.13.2\STM32CubeIDE\plugins\com.st.stm32cube.common.mx_6.9.2.202309101412\\db\/mcu/
2024-05-21 06:06:54,132 [INFO] ApiDb:274 - Set plugin database path to: C:\ST\STM32CubeIDE_1.13.2\STM32CubeIDE\plugins\com.st.stm32cube.common.mx_6.9.2.202309101412\\db\/plugins/boardmanager/
2024-05-21 06:06:54,132 [INFO] ApiDb:261 - Set plugin images path to: C:\ST\STM32CubeIDE_1.13.2\STM32CubeIDE\plugins\com.st.stm32cube.common.mx_6.9.2.202309101412\\db\/plugins/mcufinder/images/
2024-05-21 06:06:54,132 [WARN] DbFile:41 - Overriding database path with different value: C:\Users\This PC\.stmcufinder\plugins\mcufinder/ => C:\Users\This PC\.stmcufinder\plugins\mcufinder
2024-05-21 06:06:54,132 [INFO] ApiDb:250 - Set database path to: C:\Users\This PC\.stmcufinder\plugins\mcufinder//mcu/
2024-05-21 06:06:54,133 [WARN] DbFile:41 - Overriding database path with different value: C:\Users\This PC\.stmcufinder\plugins\mcufinder/ => C:\Users\This PC\.stmcufinder\plugins\mcufinder
2024-05-21 06:06:54,133 [INFO] DbMcusAds:125 - Set database path to: C:\Users\This PC\.stmcufinder\plugins\mcufinder//mcu/
2024-05-21 06:06:54,133 [WARN] DbFile:41 - Overriding database path with different value: C:\Users\This PC\.stmcufinder\plugins\mcufinder/ => C:\Users\This PC\.stmcufinder\plugins\mcufinder
2024-05-21 06:06:54,133 [WARN] DbFile:41 - Overriding database path with different value: C:\Users\This PC\.stmcufinder\plugins\mcufinder/ => C:\Users\This PC\.stmcufinder\plugins\mcufinder
2024-05-21 06:06:54,947 [INFO] CrossReferenceDbSqlite:203 - Set database path to: C:\Users\This PC\.stmcufinder\plugins\mcufinder//mcu/cs/
2024-05-21 06:06:54,968 [INFO] ApplicationProperties:184 - Using Application install path: C:\ST\STM32CubeIDE_1.13.2\STM32CubeIDE\plugins\com.st.stm32cube.common.mx_6.9.2.202309101412
2024-05-21 06:06:54,970 [INFO] PluginManage:196 - Search for loadable plugins [exclusion list=, ]
2024-05-21 06:06:54,971 [INFO] PluginManage:310 - Check plugin analytics
2024-05-21 06:06:56,050 [INFO] AnalyticsPlugin:253 - Accepted Software Licenses: 
2024-05-21 06:06:56,051 [INFO] AnalyticsPlugin:255 - Accepted CMSIS Pack Licenses: 
2024-05-21 06:06:56,051 [INFO] AnalyticsPlugin:257 - Accepted Firmware Licenses: 
2024-05-21 06:06:56,054 [INFO] PluginManage:359 - Loaded plugin analytics (category:tool,tabindex:-1)
2024-05-21 06:06:56,054 [INFO] PluginManage:310 - Check plugin cadmodel
2024-05-21 06:06:56,071 [INFO] CADModel:105 - Init CAD model plugin
2024-05-21 06:06:56,071 [INFO] PluginManage:359 - Loaded plugin cadmodel (category:power,tabindex:5)
2024-05-21 06:06:56,071 [INFO] PluginManage:310 - Check plugin clock
2024-05-21 06:06:56,096 [INFO] PluginManage:359 - Loaded plugin clock (category:base,tabindex:2)
2024-05-21 06:06:56,096 [INFO] PluginManage:310 - Check plugin ddr
2024-05-21 06:06:56,100 [INFO] PluginManage:359 - Loaded plugin ddr (category:tool,tabindex:6)
2024-05-21 06:06:56,100 [INFO] PluginManage:310 - Check plugin filemanager
2024-05-21 06:06:56,273 [INFO] PluginManage:359 - Loaded plugin filemanager (category:base,tabindex:10)
2024-05-21 06:06:56,273 [INFO] PluginManage:310 - Check plugin ipmanager
2024-05-21 06:06:56,282 [INFO] PluginManage:359 - Loaded plugin ipmanager (category:base,tabindex:5)
2024-05-21 06:06:56,282 [INFO] PluginManage:310 - Check plugin lpbam
2024-05-21 06:06:56,306 [INFO] PluginManage:359 - Loaded plugin lpbam (category:base,tabindex:0)
2024-05-21 06:06:56,306 [INFO] PluginManage:310 - Check plugin memorymap
2024-05-21 06:06:56,330 [INFO] PluginManage:359 - Loaded plugin memorymap (category:base,tabindex:4)
2024-05-21 06:06:56,330 [INFO] PluginManage:310 - Check plugin pinoutandconfiguration
2024-05-21 06:06:56,367 [INFO] PluginManage:359 - Loaded plugin pinoutandconfiguration (category:base,tabindex:1)
2024-05-21 06:06:56,367 [INFO] PluginManage:310 - Check plugin pinoutconfig
2024-05-21 06:06:56,503 [WARN] SupportedApi:132 - Cannot load RTOS API schema: s4s-elt-must-match.1: The content of 'definitions' must match (annotation?, (simpleType | complexType)?, (unique | key | keyref)*)). A problem was found starting at: attribute.
2024-05-21 06:06:56,698 [INFO] PluginManage:359 - Loaded plugin pinoutconfig (category:base,tabindex:0)
2024-05-21 06:06:56,698 [INFO] PluginManage:310 - Check plugin power
2024-05-21 06:06:56,725 [INFO] PluginManage:359 - Loaded plugin power (category:power,tabindex:4)
2024-05-21 06:06:56,725 [INFO] PluginManage:310 - Check plugin projectmanager
2024-05-21 06:06:56,744 [INFO] PluginManage:359 - Loaded plugin projectmanager (category:projectmanager,tabindex:3)
2024-05-21 06:06:56,744 [INFO] PluginManage:310 - Check plugin thirdparty
2024-05-21 06:06:57,116 [INFO] PluginManage:359 - Loaded plugin thirdparty (category:base,tabindex:-1)
2024-05-21 06:06:57,116 [INFO] PluginManage:310 - Check plugin tools
2024-05-21 06:06:57,116 [WARN] IntegrityCheckThread:84 - waiting for thirdparty lock release [integrity check]
2024-05-21 06:06:57,117 [INFO] IntegrityCheckThread:86 - entering critical section [integrity check]
2024-05-21 06:06:57,117 [INFO] ThirdPartyUpdaterWithRetryManager:70 - Updater plugin not ready yet. [1/15]
2024-05-21 06:06:57,159 [INFO] PluginManage:359 - Loaded plugin tools (category:base,tabindex:7)
2024-05-21 06:06:57,159 [INFO] PluginManage:310 - Check plugin tutovideos
2024-05-21 06:06:57,348 [INFO] PluginManage:359 - Loaded plugin tutovideos (category:base,tabindex:-1)
2024-05-21 06:06:57,348 [INFO] PluginManage:310 - Check plugin updater
2024-05-21 06:06:57,361 [INFO] PluginManage:359 - Loaded plugin updater (category:base,tabindex:12)
2024-05-21 06:06:57,361 [INFO] PluginManage:310 - Check plugin userauth
2024-05-21 06:06:57,366 [INFO] UserAuth:113 - Init User Auth plugin
2024-05-21 06:06:57,366 [INFO] PluginManage:359 - Loaded plugin userauth (category:base,tabindex:14)
2024-05-21 06:06:57,367 [INFO] PluginManage:283 - PluginManage : Loaded plugins [17]
2024-05-21 06:06:57,557 [INFO] PinOutPanel:1499 - setPackage(No Configuration,No Configuration)
2024-05-21 06:06:57,650 [INFO] CADModel:165 - CPN selected for project level
2024-05-21 06:06:57,650 [INFO] CADModel:114 - Register for checkConnection events
2024-05-21 06:06:57,675 [INFO] IPUIPlugin:80 - create IPUIPlugin
2024-05-21 06:06:57,675 [INFO] PluginManager:220 - loadIPPluginJar : add adc
2024-05-21 06:06:57,704 [INFO] IPUIPlugin:80 - create IPUIPlugin
2024-05-21 06:06:57,704 [INFO] PluginManager:220 - loadIPPluginJar : add aes
2024-05-21 06:06:57,736 [INFO] IPUIPlugin:80 - create IPUIPlugin
2024-05-21 06:06:57,736 [INFO] PluginManager:220 - loadIPPluginJar : add can
2024-05-21 06:06:57,753 [INFO] IPUIPlugin:80 - create IPUIPlugin
2024-05-21 06:06:57,753 [INFO] PluginManager:220 - loadIPPluginJar : add comp
2024-05-21 06:06:57,778 [INFO] IPUIPlugin:80 - create IPUIPlugin
2024-05-21 06:06:57,778 [INFO] PluginManager:220 - loadIPPluginJar : add cryp
2024-05-21 06:06:57,800 [INFO] IPUIPlugin:80 - create IPUIPlugin
2024-05-21 06:06:57,800 [INFO] PluginManager:220 - loadIPPluginJar : add dfsdm
2024-05-21 06:06:57,811 [INFO] IPUIPlugin:80 - create IPUIPlugin
2024-05-21 06:06:57,811 [INFO] PluginManager:220 - loadIPPluginJar : add dma
2024-05-21 06:06:57,843 [INFO] IPUIPlugin:80 - create IPUIPlugin
2024-05-21 06:06:57,843 [INFO] PluginManager:220 - loadIPPluginJar : add dma3
2024-05-21 06:06:57,857 [INFO] IPUIPlugin:80 - create IPUIPlugin
2024-05-21 06:06:57,857 [INFO] PluginManager:220 - loadIPPluginJar : add fatfs
2024-05-21 06:06:57,891 [INFO] IPUIPlugin:80 - create IPUIPlugin
2024-05-21 06:06:57,891 [INFO] PluginManager:220 - loadIPPluginJar : add fmc
2024-05-21 06:06:57,903 [INFO] IPUIPlugin:80 - create IPUIPlugin
2024-05-21 06:06:57,903 [INFO] PluginManager:220 - loadIPPluginJar : add freertos
2024-05-21 06:06:57,919 [INFO] IPUIPlugin:80 - create IPUIPlugin
2024-05-21 06:06:57,919 [INFO] PluginManager:220 - loadIPPluginJar : add genericplugin
2024-05-21 06:06:57,982 [INFO] IPUIPlugin:80 - create IPUIPlugin
2024-05-21 06:06:57,982 [INFO] PluginManager:220 - loadIPPluginJar : add gfxmmu
2024-05-21 06:06:58,071 [INFO] IPUIPlugin:80 - create IPUIPlugin
2024-05-21 06:06:58,072 [INFO] PluginManager:220 - loadIPPluginJar : add gic
2024-05-21 06:06:58,082 [INFO] IPUIPlugin:80 - create IPUIPlugin
2024-05-21 06:06:58,082 [INFO] PluginManager:220 - loadIPPluginJar : add gpio
2024-05-21 06:06:58,145 [INFO] IPUIPlugin:80 - create IPUIPlugin
2024-05-21 06:06:58,145 [INFO] PluginManager:220 - loadIPPluginJar : add gtzc
2024-05-21 06:06:58,168 [INFO] IPUIPlugin:80 - create IPUIPlugin
2024-05-21 06:06:58,169 [INFO] PluginManager:220 - loadIPPluginJar : add hash
2024-05-21 06:06:58,205 [INFO] IPUIPlugin:80 - create IPUIPlugin
2024-05-21 06:06:58,206 [INFO] PluginManager:220 - loadIPPluginJar : add i2c
2024-05-21 06:06:58,232 [INFO] IPUIPlugin:80 - create IPUIPlugin
2024-05-21 06:06:58,233 [INFO] PluginManager:220 - loadIPPluginJar : add i2s
2024-05-21 06:06:58,262 [INFO] IPUIPlugin:80 - create IPUIPlugin
2024-05-21 06:06:58,262 [INFO] PluginManager:220 - loadIPPluginJar : add i3c
2024-05-21 06:06:58,334 [INFO] IPUIPlugin:80 - create IPUIPlugin
2024-05-21 06:06:58,334 [INFO] PluginManager:220 - loadIPPluginJar : add ipddr
2024-05-21 06:06:58,399 [INFO] IPUIPlugin:80 - create IPUIPlugin
2024-05-21 06:06:58,399 [INFO] PluginManager:220 - loadIPPluginJar : add linkedlist
2024-05-21 06:06:58,425 [INFO] IPUIPlugin:80 - create IPUIPlugin
2024-05-21 06:06:58,425 [INFO] PluginManager:220 - loadIPPluginJar : add lorawan
2024-05-21 06:06:58,453 [INFO] IPUIPlugin:80 - create IPUIPlugin
2024-05-21 06:06:58,453 [INFO] PluginManager:220 - loadIPPluginJar : add ltdc
2024-05-21 06:06:58,466 [INFO] IPUIPlugin:80 - create IPUIPlugin
2024-05-21 06:06:58,466 [INFO] PluginManager:220 - loadIPPluginJar : add mdma
2024-05-21 06:06:58,476 [INFO] IPUIPlugin:80 - create IPUIPlugin
2024-05-21 06:06:58,476 [INFO] PluginManager:220 - loadIPPluginJar : add nvic
2024-05-21 06:06:58,504 [INFO] IPUIPlugin:80 - create IPUIPlugin
2024-05-21 06:06:58,504 [INFO] PluginManager:220 - loadIPPluginJar : add opamp
2024-05-21 06:06:58,547 [INFO] IPUIPlugin:80 - create IPUIPlugin
2024-05-21 06:06:58,547 [INFO] PluginManager:220 - loadIPPluginJar : add openamp
2024-05-21 06:06:58,578 [INFO] IPUIPlugin:80 - create IPUIPlugin
2024-05-21 06:06:58,578 [INFO] PluginManager:220 - loadIPPluginJar : add pdm2pcm
2024-05-21 06:06:58,590 [INFO] IPUIPlugin:80 - create IPUIPlugin
2024-05-21 06:06:58,592 [INFO] PluginManager:220 - loadIPPluginJar : add plateformsettings
2024-05-21 06:06:58,611 [INFO] IPUIPlugin:80 - create IPUIPlugin
2024-05-21 06:06:58,611 [INFO] PluginManager:220 - loadIPPluginJar : add quadspi
2024-05-21 06:06:58,624 [INFO] IPUIPlugin:80 - create IPUIPlugin
2024-05-21 06:06:58,624 [INFO] PluginManager:220 - loadIPPluginJar : add resmgrutility
2024-05-21 06:06:58,670 [INFO] IPUIPlugin:80 - create IPUIPlugin
2024-05-21 06:06:58,670 [INFO] PluginManager:220 - loadIPPluginJar : add sai
2024-05-21 06:06:58,699 [INFO] IPUIPlugin:80 - create IPUIPlugin
2024-05-21 06:06:58,699 [INFO] PluginManager:220 - loadIPPluginJar : add spi
2024-05-21 06:06:58,741 [INFO] IPUIPlugin:80 - create IPUIPlugin
2024-05-21 06:06:58,741 [INFO] PluginManager:220 - loadIPPluginJar : add stm32_wpan
2024-05-21 06:06:58,758 [INFO] IPUIPlugin:80 - create IPUIPlugin
2024-05-21 06:06:58,758 [INFO] PluginManager:220 - loadIPPluginJar : add tim
2024-05-21 06:06:58,798 [INFO] IPUIPlugin:80 - create IPUIPlugin
2024-05-21 06:06:58,798 [INFO] PluginManager:220 - loadIPPluginJar : add touchsensing
2024-05-21 06:06:58,815 [INFO] IPUIPlugin:80 - create IPUIPlugin
2024-05-21 06:06:58,815 [INFO] PluginManager:220 - loadIPPluginJar : add tracer_emb
2024-05-21 06:06:58,833 [INFO] IPUIPlugin:80 - create IPUIPlugin
2024-05-21 06:06:58,833 [INFO] PluginManager:220 - loadIPPluginJar : add ts
2024-05-21 06:06:58,851 [INFO] IPUIPlugin:80 - create IPUIPlugin
2024-05-21 06:06:58,851 [INFO] PluginManager:220 - loadIPPluginJar : add tsc
2024-05-21 06:06:58,869 [INFO] IPUIPlugin:80 - create IPUIPlugin
2024-05-21 06:06:58,869 [INFO] PluginManager:220 - loadIPPluginJar : add ucpd
2024-05-21 06:06:58,901 [INFO] IPUIPlugin:80 - create IPUIPlugin
2024-05-21 06:06:58,901 [INFO] PluginManager:220 - loadIPPluginJar : add usart
2024-05-21 06:06:58,932 [INFO] IPUIPlugin:80 - create IPUIPlugin
2024-05-21 06:06:58,932 [INFO] PluginManager:220 - loadIPPluginJar : add usbx
2024-05-21 06:06:59,044 [INFO] CADModel:165 - CPN selected for project level
2024-05-21 06:06:59,044 [INFO] CADModel:114 - Register for checkConnection events
2024-05-21 06:06:59,044 [FATAL] Updater:308 - Updater called before beeing initialized
2024-05-21 06:06:59,044 [ERROR] CADModel:125 - Updater not yet initialized, retry later 
2024-05-21 06:06:59,172 [INFO] CADModel:165 - CPN selected for project level
2024-05-21 06:06:59,172 [INFO] CADModel:114 - Register for checkConnection events
2024-05-21 06:06:59,172 [FATAL] Updater:308 - Updater called before beeing initialized
2024-05-21 06:06:59,172 [ERROR] CADModel:125 - Updater not yet initialized, retry later 
2024-05-21 06:06:59,177 [FATAL] Updater:308 - Updater called before beeing initialized
2024-05-21 06:06:59,286 [FATAL] Updater:308 - Updater called before beeing initialized
2024-05-21 06:06:59,295 [INFO] DbMcusAds:53 - JSON generation date=Thu May 16 16:22:00 ICT 2024 (1715851320852)
2024-05-21 06:06:59,295 [FATAL] Updater:308 - Updater called before beeing initialized
2024-05-21 06:06:59,357 [WARN] DetailPanel:346 - Failed to get advertising image, set to default
2024-05-21 06:06:59,426 [FATAL] Updater:308 - Updater called before beeing initialized
2024-05-21 06:06:59,428 [FATAL] Updater:308 - Updater called before beeing initialized
2024-05-21 06:06:59,428 [FATAL] Updater:308 - Updater called before beeing initialized
2024-05-21 06:06:59,428 [WARN] DetailPanel:346 - Failed to get advertising image, set to default
2024-05-21 06:06:59,428 [FATAL] Updater:308 - Updater called before beeing initialized
2024-05-21 06:06:59,480 [ERROR] Updater:1120 - MainUpdater not yet initialized. External WinMGr cannot be set.
2024-05-21 06:06:59,491 [INFO] Updater:1056 - Updater Version found : 6.9.2
2024-05-21 06:06:59,508 [INFO] ApplicationProperties:184 - Using Application install path: C:\ST\STM32CubeIDE_1.13.2\STM32CubeIDE\plugins\com.st.stm32cube.common.mx_6.9.2.202309101412
2024-05-21 06:07:00,118 [INFO] ThirdPartyUpdaterWithRetryManager:70 - Updater plugin not ready yet. [2/15]
2024-05-21 06:07:00,355 [INFO] MainUpdater:2868 - connection check result : 10
2024-05-21 06:07:00,355 [INFO] MainUpdater:285 - Updater Check For Update Now.
2024-05-21 06:07:00,355 [INFO] MicroXplorer:498 - Change Database Version : DB.6.0.92
2024-05-21 06:07:00,378 [INFO] McuFinderGlobals:63 - Set McuFinder mode to 2 (CubeIDE integrated)
2024-05-21 06:07:00,378 [INFO] UserAuth:179 - activating auth plugin
2024-05-21 06:07:00,382 [INFO] UserAuth:393 - Internet connection configuration mode: 1
2024-05-21 06:07:00,419 [INFO] JxBrowserEngine:151 - Initiate JxBrowser Engine with user profile folder
2024-05-21 06:07:00,558 [INFO] CheckServerUpdateThread:120 - End of CheckServer Thread
2024-05-21 06:07:02,223 [INFO] WebApp:157 - Instantiating new browser for Auth
2024-05-21 06:07:02,902 [INFO] WebApp:753 - Register for checkConnection events
2024-05-21 06:07:02,903 [INFO] WebApp:390 - Apply proxy settings
2024-05-21 06:07:02,903 [INFO] WebApp:475 - Chromium requires no authentication
2024-05-21 06:07:02,914 [INFO] WebApp:418 - Direct internet connection detected
2024-05-21 06:07:03,074 [INFO] WebApp:188 - Starting web application
2024-05-21 06:07:03,075 [INFO] WebApp:520 - Web application path used C:\ST\STM32CubeIDE_1.13.2\STM32CubeIDE\plugins\com.st.stm32cube.common.mx_6.9.2.202309101412\db\plugins\mcufinder\reactClient1\index.html
2024-05-21 06:07:03,372 [WARN] PackLoader:240 - Cannot read IP mode file for STMicroelectronics.FP-SNS-MOTENVWB1.1.4.0
2024-05-21 06:07:03,397 [WARN] PackLoader:240 - Cannot read IP mode file for STMicroelectronics.X-CUBE-SMBUS.2.1.0
2024-05-21 06:07:03,416 [WARN] PackLoader:240 - Cannot read IP mode file for STMicroelectronics.X-CUBE-TOUCHGFX.4.23.1
2024-05-21 06:07:03,440 [WARN] PackLoader:240 - Cannot read IP mode file for STMicroelectronics.X-CUBE-TOUCHGFX.4.23.0
2024-05-21 06:07:03,459 [WARN] PackLoader:240 - Cannot read IP mode file for STMicroelectronics.X-CUBE-TOUCHGFX.4.23.2
2024-05-21 06:07:03,521 [WARN] PackLoader:240 - Cannot read IP mode file for STMicroelectronics.X-CUBE-AZRTOS-F7.1.1.0
2024-05-21 06:07:03,546 [WARN] PackLoader:240 - Cannot read IP mode file for STMicroelectronics.FP-SNS-MOTENV1.4.3.2
2024-05-21 06:07:03,565 [WARN] PackLoader:240 - Cannot read IP mode file for STMicroelectronics.FP-SNS-FLIGHT1.5.0.2
2024-05-21 06:07:03,587 [WARN] PackLoader:240 - Cannot read IP mode file for STMicroelectronics.X-CUBE-DISPLAY.3.0.0
2024-05-21 06:07:03,613 [WARN] PackLoader:240 - Cannot read IP mode file for STMicroelectronics.X-CUBE-BLE1.7.0.0
2024-05-21 06:07:03,631 [WARN] PackLoader:240 - Cannot read IP mode file for emotas.I-CUBE-CANOPEN.1.3.0
2024-05-21 06:07:03,649 [WARN] PackLoader:240 - Cannot read IP mode file for STMicroelectronics.X-CUBE-TOUCHGFX.4.22.1
2024-05-21 06:07:03,678 [WARN] PackLoader:240 - Cannot read IP mode file for STMicroelectronics.X-CUBE-BLEMGR.3.1.0
2024-05-21 06:07:03,703 [WARN] PackLoader:240 - Cannot read IP mode file for STMicroelectronics.FP-SNS-SMARTAG2.1.2.0
2024-05-21 06:07:03,733 [INFO] LogOutputStream:77 - [STDOUT_REDIRECT] 1 : Invalid condition id : UX_CORESTACK_Condition cause : null
2024-05-21 06:07:03,733 [INFO] LogOutputStream:77 - [STDOUT_REDIRECT] 1 : Invalid condition id : UX_CORESTACK_Condition cause : null
2024-05-21 06:07:03,734 [INFO] LogOutputStream:77 - [STDOUT_REDIRECT] 1 : Invalid condition id : UX_CORESTACK_Condition cause : null
2024-05-21 06:07:03,736 [INFO] LogOutputStream:77 - [STDOUT_REDIRECT] 1 : Invalid condition id : UX_CORESTACK_Condition cause : null
2024-05-21 06:07:03,737 [INFO] LogOutputStream:77 - [STDOUT_REDIRECT] 1 : Invalid condition id : UX_CORESTACK_Condition cause : null
2024-05-21 06:07:03,740 [WARN] PackLoader:240 - Cannot read IP mode file for STMicroelectronics.X-CUBE-AZRTOS-WL.2.0.0
2024-05-21 06:07:03,758 [WARN] PackLoader:240 - Cannot read IP mode file for STMicroelectronics.FP-SNS-MOTENV1.5.0.0
2024-05-21 06:07:03,784 [WARN] PackLoader:240 - Cannot read IP mode file for WES.I-CUBE-Cesium.1.3.0
2024-05-21 06:07:03,805 [WARN] PackLoader:240 - Cannot read IP mode file for STMicroelectronics.X-CUBE-BLE2.3.3.0
2024-05-21 06:07:03,821 [WARN] PackLoader:240 - Cannot read IP mode file for STMicroelectronics.X-CUBE-TCPP.4.1.0
2024-05-21 06:07:03,837 [WARN] PackLoader:240 - Cannot read IP mode file for STMicroelectronics.X-CUBE-ALGOBUILD.1.3.0
2024-05-21 06:07:03,862 [WARN] PackLoader:240 - Cannot read IP mode file for STMicroelectronics.X-CUBE-AZRTOS-G0.1.1.0
2024-05-21 06:07:03,882 [WARN] PackLoader:240 - Cannot read IP mode file for STMicroelectronics.X-CUBE-SAFEA1.1.2.2
2024-05-21 06:07:03,896 [WARN] PackLoader:240 - Cannot read IP mode file for STMicroelectronics.X-CUBE-NFC4.3.0.0
2024-05-21 06:07:03,916 [WARN] PackLoader:240 - Cannot read IP mode file for STMicroelectronics.X-CUBE-BLEMGR.3.0.0
2024-05-21 06:07:03,932 [WARN] PackLoader:240 - Cannot read IP mode file for STMicroelectronics.FP-ATR-SIGFOX1.3.2.0
2024-05-21 06:07:03,946 [WARN] PackLoader:240 - Cannot read IP mode file for STMicroelectronics.X-CUBE-EEPRMA1.5.1.0
2024-05-21 06:07:03,983 [WARN] PackLoader:240 - Cannot read IP mode file for SEGGER.I-CUBE-embOS.1.3.1
2024-05-21 06:07:04,024 [WARN] PackLoader:240 - Cannot read IP mode file for STMicroelectronics.X-CUBE-ALGOBUILD.1.4.0
2024-05-21 06:07:04,039 [WARN] PackLoader:240 - Cannot read IP mode file for STMicroelectronics.X-CUBE-GNSS1.6.0.0
2024-05-21 06:07:04,070 [WARN] PackLoader:240 - Cannot read IP mode file for STMicroelectronics.X-CUBE-AZRTOS-F4.1.1.0
2024-05-21 06:07:04,085 [WARN] PackLoader:240 - Cannot read IP mode file for wolfSSL.I-CUBE-wolfSSL.5.6.4
2024-05-21 06:07:04,097 [WARN] PackLoader:240 - Cannot read IP mode file for STMicroelectronics.X-CUBE-FREERTOS.1.2.0
2024-05-21 06:07:04,127 [WARN] PackLoader:240 - Cannot read IP mode file for STMicroelectronics.X-CUBE-AZRTOS-L5.2.0.0
2024-05-21 06:07:04,150 [WARN] PackLoader:240 - Cannot read IP mode file for STMicroelectronics.X-CUBE-EEPRMA1.4.2.0
2024-05-21 06:07:04,169 [WARN] PackLoader:240 - Cannot read IP mode file for STMicroelectronics.X-CUBE-NFC6.3.1.0
2024-05-21 06:07:04,190 [WARN] PackLoader:240 - Cannot read IP mode file for ITTIA_DB.I-CUBE-ITTIADB.8.8.0
2024-05-21 06:07:04,206 [WARN] PackLoader:240 - Cannot read IP mode file for STMicroelectronics.X-CUBE-AI.9.0.0
2024-05-21 06:07:04,222 [WARN] PackLoader:240 - Cannot read IP mode file for STMicroelectronics.X-CUBE-NFC7.1.0.1
2024-05-21 06:07:04,265 [WARN] PackLoader:240 - Cannot read IP mode file for STMicroelectronics.X-CUBE-NFC6.3.0.0
2024-05-21 06:07:04,285 [WARN] PackLoader:240 - Cannot read IP mode file for STMicroelectronics.X-CUBE-AI.8.1.0
2024-05-21 06:07:04,335 [WARN] ConditionMgr:438 - getConditionDescription Invalid condition id : LAN8742 Phy interface Condition cause : null
2024-05-21 06:07:04,336 [WARN] PackLoader:240 - Cannot read IP mode file for STMicroelectronics.X-CUBE-AZRTOS-L4.2.0.0
2024-05-21 06:07:04,338 [WARN] ConditionMgr:1039 - genDependencies : Invalid condition id : LAN8742 Phy interface Condition cause : null
2024-05-21 06:07:04,338 [WARN] ConditionMgr:1039 - genDependencies : Invalid condition id : LAN8742 Phy interface Condition cause : null
2024-05-21 06:07:04,340 [WARN] ConditionMgr:1039 - genDependencies : Invalid condition id : LAN8742 Phy interface Condition cause : null
2024-05-21 06:07:04,356 [WARN] PackLoader:240 - Cannot read IP mode file for STMicroelectronics.X-CUBE-SFXS2LP1.4.0.0
2024-05-21 06:07:04,371 [WARN] PackLoader:240 - Cannot read IP mode file for STMicroelectronics.X-CUBE-AI.8.0.0
2024-05-21 06:07:04,489 [WARN] ConditionMgr:438 - getConditionDescription Invalid condition id : UX DEVICE CLASS RTOS Condition cause : null
2024-05-21 06:07:04,489 [WARN] ConditionMgr:438 - getConditionDescription Invalid condition id : UX DEVICE CLASS RTOS Condition cause : null
2024-05-21 06:07:04,490 [WARN] PackLoader:240 - Cannot read IP mode file for STMicroelectronics.X-CUBE-AZRTOS-WB.2.0.0
2024-05-21 06:07:04,491 [WARN] ConditionMgr:1039 - genDependencies : Invalid condition id : UX DEVICE CLASS RTOS Condition cause : null
2024-05-21 06:07:04,491 [WARN] ConditionMgr:1039 - genDependencies : Invalid condition id : UX DEVICE CLASS RTOS Condition cause : null
2024-05-21 06:07:04,491 [WARN] ConditionMgr:1039 - genDependencies : Invalid condition id : UX DEVICE CLASS RTOS Condition cause : null
2024-05-21 06:07:04,491 [WARN] ConditionMgr:1039 - genDependencies : Invalid condition id : UX DEVICE CLASS RTOS Condition cause : null
2024-05-21 06:07:04,491 [WARN] ConditionMgr:1039 - genDependencies : Invalid condition id : UX DEVICE CLASS RTOS Condition cause : null
2024-05-21 06:07:04,507 [WARN] PackLoader:240 - Cannot read IP mode file for STMicroelectronics.X-CUBE-SUBG2.5.0.0
2024-05-21 06:07:04,532 [WARN] PackLoader:240 - Cannot read IP mode file for STMicroelectronics.X-CUBE-AZRTOS-G4.2.0.0
2024-05-21 06:07:04,553 [WARN] PackLoader:240 - Cannot read IP mode file for Infineon.AIROC-Wi-Fi-Bluetooth-STM32.1.5.1
2024-05-21 06:07:04,566 [WARN] PackLoader:240 - Cannot read IP mode file for STMicroelectronics.FP-SNS-MOTENVWB1.1.3.1
2024-05-21 06:07:04,577 [WARN] PackLoader:240 - Cannot read IP mode file for STMicroelectronics.X-CUBE-ISPU.2.0.0
2024-05-21 06:07:04,618 [WARN] PackLoader:240 - Cannot read IP mode file for STMicroelectronics.X-CUBE-MEMS1.10.0.0
2024-05-21 06:07:04,739 [WARN] PackLoader:240 - Cannot read IP mode file for STMicroelectronics.X-CUBE-FREERTOS.1.1.0
2024-05-21 06:07:04,755 [WARN] PackLoader:240 - Cannot read IP mode file for portGmbH.I-Cube-SoM-uGOAL.1.1.0
2024-05-21 06:07:04,772 [WARN] PackLoader:240 - Cannot read IP mode file for STMicroelectronics.X-CUBE-ALS.1.0.1
2024-05-21 06:07:04,801 [WARN] PackLoader:240 - Cannot read IP mode file for STMicroelectronics.X-CUBE-AZRTOS-H7RS.1.0.0
2024-05-21 06:07:04,816 [WARN] PackLoader:240 - Cannot read IP mode file for STMicroelectronics.FP-ATR-ASTRA1.2.0.0
2024-05-21 06:07:04,842 [WARN] PackLoader:240 - Cannot read IP mode file for STMicroelectronics.X-CUBE-TOF1.3.4.0
2024-05-21 06:07:04,871 [WARN] PackLoader:240 - Cannot read IP mode file for STMicroelectronics.X-CUBE-TOF1.3.4.1
2024-05-21 06:07:04,925 [WARN] PackLoader:240 - Cannot read IP mode file for STMicroelectronics.X-CUBE-AZRTOS-H7.3.2.0
2024-05-21 06:07:04,930 [INFO] ThirdParty:978 - Integrity check success = true
2024-05-21 06:07:04,930 [INFO] IntegrityCheckThread:100 - exiting critical section [integrity check]
2024-05-21 06:07:04,930 [INFO] IntegrityCheckThread:103 - End integrity checks thread
2024-05-21 06:07:24,093 [ERROR] LogOutputStream:75 - [STDERR_REDIRECT] SLF4J: Failed to load class "org.slf4j.impl.StaticLoggerBinder".
2024-05-21 06:07:24,093 [ERROR] LogOutputStream:75 - [STDERR_REDIRECT] SLF4J: Defaulting to no-operation (NOP) logger implementation
2024-05-21 06:07:24,095 [ERROR] LogOutputStream:75 - [STDERR_REDIRECT] SLF4J: See http://www.slf4j.org/codes.html#StaticLoggerBinder for further details.
