2024-05-21 06:06:42,929 [INFO] Activator:176 - 


2024-05-21 06:06:42,934 [INFO] Activator:177 - !SESSION log4j initialized
2024-05-21 06:06:48,282 [INFO] LogOutputStream:77 - [STDOUT_REDIRECT] 
2024-05-21 06:06:52,184 [INFO] ApplicationProperties:184 - Using Application install path: C:\ST\STM32CubeIDE_1.13.2\STM32CubeIDE\plugins\com.st.stm32cube.common.mx_6.9.2.202309101412
2024-05-21 06:06:52,200 [INFO] DbMcusXml:78 - Set database path to: C:\ST\STM32CubeIDE_1.13.2\STM32CubeIDE\plugins\com.st.stm32cube.common.mx_6.9.2.202309101412\\db\/mcu/
2024-05-21 06:06:52,200 [INFO] ApiDb:274 - Set plugin database path to: C:\ST\STM32CubeIDE_1.13.2\STM32CubeIDE\plugins\com.st.stm32cube.common.mx_6.9.2.202309101412\\db\/plugins/boardmanager/
2024-05-21 06:06:52,201 [WARN] ApiDb:259 - Overriding images path with different value:  => C:\ST\STM32CubeIDE_1.13.2\STM32CubeIDE\plugins\com.st.stm32cube.common.mx_6.9.2.202309101412\\db\/plugins/mcufinder/images/
2024-05-21 06:06:52,217 [INFO] ApiDb:250 - Set database path to: C:\Users\This PC\.stmcufinder\plugins\mcufinder//mcu/
2024-05-21 06:06:52,218 [INFO] DbMcusAds:125 - Set database path to: C:\Users\This PC\.stmcufinder\plugins\mcufinder//mcu/
2024-05-21 06:06:52,951 [INFO] CrossReferenceDbSqlite:203 - Set database path to: C:\Users\This PC\.stmcufinder\plugins\mcufinder//mcu/cs/
2024-05-21 06:06:53,054 [INFO] RulesReader:64 - Compatibility file has been processed (293 Rules)
2024-05-21 06:06:53,134 [INFO] DbMcusXml:78 - Set database path to: C:\ST\STM32CubeIDE_1.13.2\STM32CubeIDE\plugins\com.st.stm32cube.common.mx_6.9.2.202309101412\\db\/mcu/
2024-05-21 06:06:53,134 [INFO] ApiDb:274 - Set plugin database path to: C:\ST\STM32CubeIDE_1.13.2\STM32CubeIDE\plugins\com.st.stm32cube.common.mx_6.9.2.202309101412\\db\/plugins/boardmanager/
2024-05-21 06:06:53,135 [INFO] ApiDb:261 - Set plugin images path to: C:\ST\STM32CubeIDE_1.13.2\STM32CubeIDE\plugins\com.st.stm32cube.common.mx_6.9.2.202309101412\\db\/plugins/mcufinder/images/
2024-05-21 06:06:53,135 [WARN] DbFile:41 - Overriding database path with different value: C:\Users\This PC\.stmcufinder\plugins\mcufinder/ => C:\Users\This PC\.stmcufinder\plugins\mcufinder
2024-05-21 06:06:53,135 [INFO] ApiDb:250 - Set database path to: C:\Users\This PC\.stmcufinder\plugins\mcufinder//mcu/
2024-05-21 06:06:53,135 [WARN] DbFile:41 - Overriding database path with different value: C:\Users\This PC\.stmcufinder\plugins\mcufinder/ => C:\Users\This PC\.stmcufinder\plugins\mcufinder
2024-05-21 06:06:53,135 [INFO] DbMcusAds:125 - Set database path to: C:\Users\This PC\.stmcufinder\plugins\mcufinder//mcu/
2024-05-21 06:06:53,135 [WARN] DbFile:41 - Overriding database path with different value: C:\Users\This PC\.stmcufinder\plugins\mcufinder/ => C:\Users\This PC\.stmcufinder\plugins\mcufinder
2024-05-21 06:06:53,135 [WARN] DbFile:41 - Overriding database path with different value: C:\Users\This PC\.stmcufinder\plugins\mcufinder/ => C:\Users\This PC\.stmcufinder\plugins\mcufinder
2024-05-21 06:06:53,949 [INFO] CrossReferenceDbSqlite:203 - Set database path to: C:\Users\This PC\.stmcufinder\plugins\mcufinder//mcu/cs/
2024-05-21 06:06:54,034 [INFO] MainPanel:262 - HeapMemory: 268435456
2024-05-21 06:06:54,132 [INFO] DbMcusXml:78 - Set database path to: C:\ST\STM32CubeIDE_1.13.2\STM32CubeIDE\plugins\com.st.stm32cube.common.mx_6.9.2.202309101412\\db\/mcu/
2024-05-21 06:06:54,132 [INFO] ApiDb:274 - Set plugin database path to: C:\ST\STM32CubeIDE_1.13.2\STM32CubeIDE\plugins\com.st.stm32cube.common.mx_6.9.2.202309101412\\db\/plugins/boardmanager/
2024-05-21 06:06:54,132 [INFO] ApiDb:261 - Set plugin images path to: C:\ST\STM32CubeIDE_1.13.2\STM32CubeIDE\plugins\com.st.stm32cube.common.mx_6.9.2.202309101412\\db\/plugins/mcufinder/images/
2024-05-21 06:06:54,132 [WARN] DbFile:41 - Overriding database path with different value: C:\Users\This PC\.stmcufinder\plugins\mcufinder/ => C:\Users\This PC\.stmcufinder\plugins\mcufinder
2024-05-21 06:06:54,132 [INFO] ApiDb:250 - Set database path to: C:\Users\This PC\.stmcufinder\plugins\mcufinder//mcu/
2024-05-21 06:06:54,133 [WARN] DbFile:41 - Overriding database path with different value: C:\Users\This PC\.stmcufinder\plugins\mcufinder/ => C:\Users\This PC\.stmcufinder\plugins\mcufinder
2024-05-21 06:06:54,133 [INFO] DbMcusAds:125 - Set database path to: C:\Users\This PC\.stmcufinder\plugins\mcufinder//mcu/
2024-05-21 06:06:54,133 [WARN] DbFile:41 - Overriding database path with different value: C:\Users\This PC\.stmcufinder\plugins\mcufinder/ => C:\Users\This PC\.stmcufinder\plugins\mcufinder
2024-05-21 06:06:54,133 [WARN] DbFile:41 - Overriding database path with different value: C:\Users\This PC\.stmcufinder\plugins\mcufinder/ => C:\Users\This PC\.stmcufinder\plugins\mcufinder
2024-05-21 06:06:54,947 [INFO] CrossReferenceDbSqlite:203 - Set database path to: C:\Users\This PC\.stmcufinder\plugins\mcufinder//mcu/cs/
2024-05-21 06:06:54,968 [INFO] ApplicationProperties:184 - Using Application install path: C:\ST\STM32CubeIDE_1.13.2\STM32CubeIDE\plugins\com.st.stm32cube.common.mx_6.9.2.202309101412
2024-05-21 06:06:54,970 [INFO] PluginManage:196 - Search for loadable plugins [exclusion list=, ]
2024-05-21 06:06:54,971 [INFO] PluginManage:310 - Check plugin analytics
2024-05-21 06:06:56,050 [INFO] AnalyticsPlugin:253 - Accepted Software Licenses: 
2024-05-21 06:06:56,051 [INFO] AnalyticsPlugin:255 - Accepted CMSIS Pack Licenses: 
2024-05-21 06:06:56,051 [INFO] AnalyticsPlugin:257 - Accepted Firmware Licenses: 
2024-05-21 06:06:56,054 [INFO] PluginManage:359 - Loaded plugin analytics (category:tool,tabindex:-1)
2024-05-21 06:06:56,054 [INFO] PluginManage:310 - Check plugin cadmodel
2024-05-21 06:06:56,071 [INFO] CADModel:105 - Init CAD model plugin
2024-05-21 06:06:56,071 [INFO] PluginManage:359 - Loaded plugin cadmodel (category:power,tabindex:5)
2024-05-21 06:06:56,071 [INFO] PluginManage:310 - Check plugin clock
2024-05-21 06:06:56,096 [INFO] PluginManage:359 - Loaded plugin clock (category:base,tabindex:2)
2024-05-21 06:06:56,096 [INFO] PluginManage:310 - Check plugin ddr
2024-05-21 06:06:56,100 [INFO] PluginManage:359 - Loaded plugin ddr (category:tool,tabindex:6)
2024-05-21 06:06:56,100 [INFO] PluginManage:310 - Check plugin filemanager
2024-05-21 06:06:56,273 [INFO] PluginManage:359 - Loaded plugin filemanager (category:base,tabindex:10)
2024-05-21 06:06:56,273 [INFO] PluginManage:310 - Check plugin ipmanager
2024-05-21 06:06:56,282 [INFO] PluginManage:359 - Loaded plugin ipmanager (category:base,tabindex:5)
2024-05-21 06:06:56,282 [INFO] PluginManage:310 - Check plugin lpbam
2024-05-21 06:06:56,306 [INFO] PluginManage:359 - Loaded plugin lpbam (category:base,tabindex:0)
2024-05-21 06:06:56,306 [INFO] PluginManage:310 - Check plugin memorymap
2024-05-21 06:06:56,330 [INFO] PluginManage:359 - Loaded plugin memorymap (category:base,tabindex:4)
2024-05-21 06:06:56,330 [INFO] PluginManage:310 - Check plugin pinoutandconfiguration
2024-05-21 06:06:56,367 [INFO] PluginManage:359 - Loaded plugin pinoutandconfiguration (category:base,tabindex:1)
2024-05-21 06:06:56,367 [INFO] PluginManage:310 - Check plugin pinoutconfig
2024-05-21 06:06:56,503 [WARN] SupportedApi:132 - Cannot load RTOS API schema: s4s-elt-must-match.1: The content of 'definitions' must match (annotation?, (simpleType | complexType)?, (unique | key | keyref)*)). A problem was found starting at: attribute.
2024-05-21 06:06:56,698 [INFO] PluginManage:359 - Loaded plugin pinoutconfig (category:base,tabindex:0)
2024-05-21 06:06:56,698 [INFO] PluginManage:310 - Check plugin power
2024-05-21 06:06:56,725 [INFO] PluginManage:359 - Loaded plugin power (category:power,tabindex:4)
2024-05-21 06:06:56,725 [INFO] PluginManage:310 - Check plugin projectmanager
2024-05-21 06:06:56,744 [INFO] PluginManage:359 - Loaded plugin projectmanager (category:projectmanager,tabindex:3)
2024-05-21 06:06:56,744 [INFO] PluginManage:310 - Check plugin thirdparty
2024-05-21 06:06:57,116 [INFO] PluginManage:359 - Loaded plugin thirdparty (category:base,tabindex:-1)
2024-05-21 06:06:57,116 [INFO] PluginManage:310 - Check plugin tools
2024-05-21 06:06:57,116 [WARN] IntegrityCheckThread:84 - waiting for thirdparty lock release [integrity check]
2024-05-21 06:06:57,117 [INFO] IntegrityCheckThread:86 - entering critical section [integrity check]
2024-05-21 06:06:57,117 [INFO] ThirdPartyUpdaterWithRetryManager:70 - Updater plugin not ready yet. [1/15]
2024-05-21 06:06:57,159 [INFO] PluginManage:359 - Loaded plugin tools (category:base,tabindex:7)
2024-05-21 06:06:57,159 [INFO] PluginManage:310 - Check plugin tutovideos
2024-05-21 06:06:57,348 [INFO] PluginManage:359 - Loaded plugin tutovideos (category:base,tabindex:-1)
2024-05-21 06:06:57,348 [INFO] PluginManage:310 - Check plugin updater
2024-05-21 06:06:57,361 [INFO] PluginManage:359 - Loaded plugin updater (category:base,tabindex:12)
2024-05-21 06:06:57,361 [INFO] PluginManage:310 - Check plugin userauth
2024-05-21 06:06:57,366 [INFO] UserAuth:113 - Init User Auth plugin
2024-05-21 06:06:57,366 [INFO] PluginManage:359 - Loaded plugin userauth (category:base,tabindex:14)
2024-05-21 06:06:57,367 [INFO] PluginManage:283 - PluginManage : Loaded plugins [17]
2024-05-21 06:06:57,557 [INFO] PinOutPanel:1499 - setPackage(No Configuration,No Configuration)
2024-05-21 06:06:57,650 [INFO] CADModel:165 - CPN selected for project level
2024-05-21 06:06:57,650 [INFO] CADModel:114 - Register for checkConnection events
2024-05-21 06:06:57,675 [INFO] IPUIPlugin:80 - create IPUIPlugin
2024-05-21 06:06:57,675 [INFO] PluginManager:220 - loadIPPluginJar : add adc
2024-05-21 06:06:57,704 [INFO] IPUIPlugin:80 - create IPUIPlugin
2024-05-21 06:06:57,704 [INFO] PluginManager:220 - loadIPPluginJar : add aes
2024-05-21 06:06:57,736 [INFO] IPUIPlugin:80 - create IPUIPlugin
2024-05-21 06:06:57,736 [INFO] PluginManager:220 - loadIPPluginJar : add can
2024-05-21 06:06:57,753 [INFO] IPUIPlugin:80 - create IPUIPlugin
2024-05-21 06:06:57,753 [INFO] PluginManager:220 - loadIPPluginJar : add comp
2024-05-21 06:06:57,778 [INFO] IPUIPlugin:80 - create IPUIPlugin
2024-05-21 06:06:57,778 [INFO] PluginManager:220 - loadIPPluginJar : add cryp
2024-05-21 06:06:57,800 [INFO] IPUIPlugin:80 - create IPUIPlugin
2024-05-21 06:06:57,800 [INFO] PluginManager:220 - loadIPPluginJar : add dfsdm
2024-05-21 06:06:57,811 [INFO] IPUIPlugin:80 - create IPUIPlugin
2024-05-21 06:06:57,811 [INFO] PluginManager:220 - loadIPPluginJar : add dma
2024-05-21 06:06:57,843 [INFO] IPUIPlugin:80 - create IPUIPlugin
2024-05-21 06:06:57,843 [INFO] PluginManager:220 - loadIPPluginJar : add dma3
2024-05-21 06:06:57,857 [INFO] IPUIPlugin:80 - create IPUIPlugin
2024-05-21 06:06:57,857 [INFO] PluginManager:220 - loadIPPluginJar : add fatfs
2024-05-21 06:06:57,891 [INFO] IPUIPlugin:80 - create IPUIPlugin
2024-05-21 06:06:57,891 [INFO] PluginManager:220 - loadIPPluginJar : add fmc
2024-05-21 06:06:57,903 [INFO] IPUIPlugin:80 - create IPUIPlugin
2024-05-21 06:06:57,903 [INFO] PluginManager:220 - loadIPPluginJar : add freertos
2024-05-21 06:06:57,919 [INFO] IPUIPlugin:80 - create IPUIPlugin
2024-05-21 06:06:57,919 [INFO] PluginManager:220 - loadIPPluginJar : add genericplugin
2024-05-21 06:06:57,982 [INFO] IPUIPlugin:80 - create IPUIPlugin
2024-05-21 06:06:57,982 [INFO] PluginManager:220 - loadIPPluginJar : add gfxmmu
2024-05-21 06:06:58,071 [INFO] IPUIPlugin:80 - create IPUIPlugin
2024-05-21 06:06:58,072 [INFO] PluginManager:220 - loadIPPluginJar : add gic
2024-05-21 06:06:58,082 [INFO] IPUIPlugin:80 - create IPUIPlugin
2024-05-21 06:06:58,082 [INFO] PluginManager:220 - loadIPPluginJar : add gpio
2024-05-21 06:06:58,145 [INFO] IPUIPlugin:80 - create IPUIPlugin
2024-05-21 06:06:58,145 [INFO] PluginManager:220 - loadIPPluginJar : add gtzc
2024-05-21 06:06:58,168 [INFO] IPUIPlugin:80 - create IPUIPlugin
2024-05-21 06:06:58,169 [INFO] PluginManager:220 - loadIPPluginJar : add hash
2024-05-21 06:06:58,205 [INFO] IPUIPlugin:80 - create IPUIPlugin
2024-05-21 06:06:58,206 [INFO] PluginManager:220 - loadIPPluginJar : add i2c
2024-05-21 06:06:58,232 [INFO] IPUIPlugin:80 - create IPUIPlugin
2024-05-21 06:06:58,233 [INFO] PluginManager:220 - loadIPPluginJar : add i2s
2024-05-21 06:06:58,262 [INFO] IPUIPlugin:80 - create IPUIPlugin
2024-05-21 06:06:58,262 [INFO] PluginManager:220 - loadIPPluginJar : add i3c
2024-05-21 06:06:58,334 [INFO] IPUIPlugin:80 - create IPUIPlugin
2024-05-21 06:06:58,334 [INFO] PluginManager:220 - loadIPPluginJar : add ipddr
2024-05-21 06:06:58,399 [INFO] IPUIPlugin:80 - create IPUIPlugin
2024-05-21 06:06:58,399 [INFO] PluginManager:220 - loadIPPluginJar : add linkedlist
2024-05-21 06:06:58,425 [INFO] IPUIPlugin:80 - create IPUIPlugin
2024-05-21 06:06:58,425 [INFO] PluginManager:220 - loadIPPluginJar : add lorawan
2024-05-21 06:06:58,453 [INFO] IPUIPlugin:80 - create IPUIPlugin
2024-05-21 06:06:58,453 [INFO] PluginManager:220 - loadIPPluginJar : add ltdc
2024-05-21 06:06:58,466 [INFO] IPUIPlugin:80 - create IPUIPlugin
2024-05-21 06:06:58,466 [INFO] PluginManager:220 - loadIPPluginJar : add mdma
2024-05-21 06:06:58,476 [INFO] IPUIPlugin:80 - create IPUIPlugin
2024-05-21 06:06:58,476 [INFO] PluginManager:220 - loadIPPluginJar : add nvic
2024-05-21 06:06:58,504 [INFO] IPUIPlugin:80 - create IPUIPlugin
2024-05-21 06:06:58,504 [INFO] PluginManager:220 - loadIPPluginJar : add opamp
2024-05-21 06:06:58,547 [INFO] IPUIPlugin:80 - create IPUIPlugin
2024-05-21 06:06:58,547 [INFO] PluginManager:220 - loadIPPluginJar : add openamp
2024-05-21 06:06:58,578 [INFO] IPUIPlugin:80 - create IPUIPlugin
2024-05-21 06:06:58,578 [INFO] PluginManager:220 - loadIPPluginJar : add pdm2pcm
2024-05-21 06:06:58,590 [INFO] IPUIPlugin:80 - create IPUIPlugin
2024-05-21 06:06:58,592 [INFO] PluginManager:220 - loadIPPluginJar : add plateformsettings
2024-05-21 06:06:58,611 [INFO] IPUIPlugin:80 - create IPUIPlugin
2024-05-21 06:06:58,611 [INFO] PluginManager:220 - loadIPPluginJar : add quadspi
2024-05-21 06:06:58,624 [INFO] IPUIPlugin:80 - create IPUIPlugin
2024-05-21 06:06:58,624 [INFO] PluginManager:220 - loadIPPluginJar : add resmgrutility
2024-05-21 06:06:58,670 [INFO] IPUIPlugin:80 - create IPUIPlugin
2024-05-21 06:06:58,670 [INFO] PluginManager:220 - loadIPPluginJar : add sai
2024-05-21 06:06:58,699 [INFO] IPUIPlugin:80 - create IPUIPlugin
2024-05-21 06:06:58,699 [INFO] PluginManager:220 - loadIPPluginJar : add spi
2024-05-21 06:06:58,741 [INFO] IPUIPlugin:80 - create IPUIPlugin
2024-05-21 06:06:58,741 [INFO] PluginManager:220 - loadIPPluginJar : add stm32_wpan
2024-05-21 06:06:58,758 [INFO] IPUIPlugin:80 - create IPUIPlugin
2024-05-21 06:06:58,758 [INFO] PluginManager:220 - loadIPPluginJar : add tim
2024-05-21 06:06:58,798 [INFO] IPUIPlugin:80 - create IPUIPlugin
2024-05-21 06:06:58,798 [INFO] PluginManager:220 - loadIPPluginJar : add touchsensing
2024-05-21 06:06:58,815 [INFO] IPUIPlugin:80 - create IPUIPlugin
2024-05-21 06:06:58,815 [INFO] PluginManager:220 - loadIPPluginJar : add tracer_emb
2024-05-21 06:06:58,833 [INFO] IPUIPlugin:80 - create IPUIPlugin
2024-05-21 06:06:58,833 [INFO] PluginManager:220 - loadIPPluginJar : add ts
2024-05-21 06:06:58,851 [INFO] IPUIPlugin:80 - create IPUIPlugin
2024-05-21 06:06:58,851 [INFO] PluginManager:220 - loadIPPluginJar : add tsc
2024-05-21 06:06:58,869 [INFO] IPUIPlugin:80 - create IPUIPlugin
2024-05-21 06:06:58,869 [INFO] PluginManager:220 - loadIPPluginJar : add ucpd
2024-05-21 06:06:58,901 [INFO] IPUIPlugin:80 - create IPUIPlugin
2024-05-21 06:06:58,901 [INFO] PluginManager:220 - loadIPPluginJar : add usart
2024-05-21 06:06:58,932 [INFO] IPUIPlugin:80 - create IPUIPlugin
2024-05-21 06:06:58,932 [INFO] PluginManager:220 - loadIPPluginJar : add usbx
2024-05-21 06:06:59,044 [INFO] CADModel:165 - CPN selected for project level
2024-05-21 06:06:59,044 [INFO] CADModel:114 - Register for checkConnection events
2024-05-21 06:06:59,044 [FATAL] Updater:308 - Updater called before beeing initialized
2024-05-21 06:06:59,044 [ERROR] CADModel:125 - Updater not yet initialized, retry later 
2024-05-21 06:06:59,172 [INFO] CADModel:165 - CPN selected for project level
2024-05-21 06:06:59,172 [INFO] CADModel:114 - Register for checkConnection events
2024-05-21 06:06:59,172 [FATAL] Updater:308 - Updater called before beeing initialized
2024-05-21 06:06:59,172 [ERROR] CADModel:125 - Updater not yet initialized, retry later 
2024-05-21 06:06:59,177 [FATAL] Updater:308 - Updater called before beeing initialized
2024-05-21 06:06:59,286 [FATAL] Updater:308 - Updater called before beeing initialized
2024-05-21 06:06:59,295 [INFO] DbMcusAds:53 - JSON generation date=Thu May 16 16:22:00 ICT 2024 (1715851320852)
2024-05-21 06:06:59,295 [FATAL] Updater:308 - Updater called before beeing initialized
2024-05-21 06:06:59,357 [WARN] DetailPanel:346 - Failed to get advertising image, set to default
2024-05-21 06:06:59,426 [FATAL] Updater:308 - Updater called before beeing initialized
2024-05-21 06:06:59,428 [FATAL] Updater:308 - Updater called before beeing initialized
2024-05-21 06:06:59,428 [FATAL] Updater:308 - Updater called before beeing initialized
2024-05-21 06:06:59,428 [WARN] DetailPanel:346 - Failed to get advertising image, set to default
2024-05-21 06:06:59,428 [FATAL] Updater:308 - Updater called before beeing initialized
2024-05-21 06:06:59,480 [ERROR] Updater:1120 - MainUpdater not yet initialized. External WinMGr cannot be set.
2024-05-21 06:06:59,491 [INFO] Updater:1056 - Updater Version found : 6.9.2
2024-05-21 06:06:59,508 [INFO] ApplicationProperties:184 - Using Application install path: C:\ST\STM32CubeIDE_1.13.2\STM32CubeIDE\plugins\com.st.stm32cube.common.mx_6.9.2.202309101412
2024-05-21 06:07:00,118 [INFO] ThirdPartyUpdaterWithRetryManager:70 - Updater plugin not ready yet. [2/15]
2024-05-21 06:07:00,355 [INFO] MainUpdater:2868 - connection check result : 10
2024-05-21 06:07:00,355 [INFO] MainUpdater:285 - Updater Check For Update Now.
2024-05-21 06:07:00,355 [INFO] MicroXplorer:498 - Change Database Version : DB.6.0.92
2024-05-21 06:07:00,378 [INFO] McuFinderGlobals:63 - Set McuFinder mode to 2 (CubeIDE integrated)
2024-05-21 06:07:00,378 [INFO] UserAuth:179 - activating auth plugin
2024-05-21 06:07:00,382 [INFO] UserAuth:393 - Internet connection configuration mode: 1
2024-05-21 06:07:00,419 [INFO] JxBrowserEngine:151 - Initiate JxBrowser Engine with user profile folder
2024-05-21 06:07:00,558 [INFO] CheckServerUpdateThread:120 - End of CheckServer Thread
2024-05-21 06:07:02,223 [INFO] WebApp:157 - Instantiating new browser for Auth
2024-05-21 06:07:02,902 [INFO] WebApp:753 - Register for checkConnection events
2024-05-21 06:07:02,903 [INFO] WebApp:390 - Apply proxy settings
2024-05-21 06:07:02,903 [INFO] WebApp:475 - Chromium requires no authentication
2024-05-21 06:07:02,914 [INFO] WebApp:418 - Direct internet connection detected
2024-05-21 06:07:03,074 [INFO] WebApp:188 - Starting web application
2024-05-21 06:07:03,075 [INFO] WebApp:520 - Web application path used C:\ST\STM32CubeIDE_1.13.2\STM32CubeIDE\plugins\com.st.stm32cube.common.mx_6.9.2.202309101412\db\plugins\mcufinder\reactClient1\index.html
2024-05-21 06:07:03,372 [WARN] PackLoader:240 - Cannot read IP mode file for STMicroelectronics.FP-SNS-MOTENVWB1.1.4.0
2024-05-21 06:07:03,397 [WARN] PackLoader:240 - Cannot read IP mode file for STMicroelectronics.X-CUBE-SMBUS.2.1.0
2024-05-21 06:07:03,416 [WARN] PackLoader:240 - Cannot read IP mode file for STMicroelectronics.X-CUBE-TOUCHGFX.4.23.1
2024-05-21 06:07:03,440 [WARN] PackLoader:240 - Cannot read IP mode file for STMicroelectronics.X-CUBE-TOUCHGFX.4.23.0
2024-05-21 06:07:03,459 [WARN] PackLoader:240 - Cannot read IP mode file for STMicroelectronics.X-CUBE-TOUCHGFX.4.23.2
2024-05-21 06:07:03,521 [WARN] PackLoader:240 - Cannot read IP mode file for STMicroelectronics.X-CUBE-AZRTOS-F7.1.1.0
2024-05-21 06:07:03,546 [WARN] PackLoader:240 - Cannot read IP mode file for STMicroelectronics.FP-SNS-MOTENV1.4.3.2
2024-05-21 06:07:03,565 [WARN] PackLoader:240 - Cannot read IP mode file for STMicroelectronics.FP-SNS-FLIGHT1.5.0.2
2024-05-21 06:07:03,587 [WARN] PackLoader:240 - Cannot read IP mode file for STMicroelectronics.X-CUBE-DISPLAY.3.0.0
2024-05-21 06:07:03,613 [WARN] PackLoader:240 - Cannot read IP mode file for STMicroelectronics.X-CUBE-BLE1.7.0.0
2024-05-21 06:07:03,631 [WARN] PackLoader:240 - Cannot read IP mode file for emotas.I-CUBE-CANOPEN.1.3.0
2024-05-21 06:07:03,649 [WARN] PackLoader:240 - Cannot read IP mode file for STMicroelectronics.X-CUBE-TOUCHGFX.4.22.1
2024-05-21 06:07:03,678 [WARN] PackLoader:240 - Cannot read IP mode file for STMicroelectronics.X-CUBE-BLEMGR.3.1.0
2024-05-21 06:07:03,703 [WARN] PackLoader:240 - Cannot read IP mode file for STMicroelectronics.FP-SNS-SMARTAG2.1.2.0
2024-05-21 06:07:03,733 [INFO] LogOutputStream:77 - [STDOUT_REDIRECT] 1 : Invalid condition id : UX_CORESTACK_Condition cause : null
2024-05-21 06:07:03,733 [INFO] LogOutputStream:77 - [STDOUT_REDIRECT] 1 : Invalid condition id : UX_CORESTACK_Condition cause : null
2024-05-21 06:07:03,734 [INFO] LogOutputStream:77 - [STDOUT_REDIRECT] 1 : Invalid condition id : UX_CORESTACK_Condition cause : null
2024-05-21 06:07:03,736 [INFO] LogOutputStream:77 - [STDOUT_REDIRECT] 1 : Invalid condition id : UX_CORESTACK_Condition cause : null
2024-05-21 06:07:03,737 [INFO] LogOutputStream:77 - [STDOUT_REDIRECT] 1 : Invalid condition id : UX_CORESTACK_Condition cause : null
2024-05-21 06:07:03,740 [WARN] PackLoader:240 - Cannot read IP mode file for STMicroelectronics.X-CUBE-AZRTOS-WL.2.0.0
2024-05-21 06:07:03,758 [WARN] PackLoader:240 - Cannot read IP mode file for STMicroelectronics.FP-SNS-MOTENV1.5.0.0
2024-05-21 06:07:03,784 [WARN] PackLoader:240 - Cannot read IP mode file for WES.I-CUBE-Cesium.1.3.0
2024-05-21 06:07:03,805 [WARN] PackLoader:240 - Cannot read IP mode file for STMicroelectronics.X-CUBE-BLE2.3.3.0
2024-05-21 06:07:03,821 [WARN] PackLoader:240 - Cannot read IP mode file for STMicroelectronics.X-CUBE-TCPP.4.1.0
2024-05-21 06:07:03,837 [WARN] PackLoader:240 - Cannot read IP mode file for STMicroelectronics.X-CUBE-ALGOBUILD.1.3.0
2024-05-21 06:07:03,862 [WARN] PackLoader:240 - Cannot read IP mode file for STMicroelectronics.X-CUBE-AZRTOS-G0.1.1.0
2024-05-21 06:07:03,882 [WARN] PackLoader:240 - Cannot read IP mode file for STMicroelectronics.X-CUBE-SAFEA1.1.2.2
2024-05-21 06:07:03,896 [WARN] PackLoader:240 - Cannot read IP mode file for STMicroelectronics.X-CUBE-NFC4.3.0.0
2024-05-21 06:07:03,916 [WARN] PackLoader:240 - Cannot read IP mode file for STMicroelectronics.X-CUBE-BLEMGR.3.0.0
2024-05-21 06:07:03,932 [WARN] PackLoader:240 - Cannot read IP mode file for STMicroelectronics.FP-ATR-SIGFOX1.3.2.0
2024-05-21 06:07:03,946 [WARN] PackLoader:240 - Cannot read IP mode file for STMicroelectronics.X-CUBE-EEPRMA1.5.1.0
2024-05-21 06:07:03,983 [WARN] PackLoader:240 - Cannot read IP mode file for SEGGER.I-CUBE-embOS.1.3.1
2024-05-21 06:07:04,024 [WARN] PackLoader:240 - Cannot read IP mode file for STMicroelectronics.X-CUBE-ALGOBUILD.1.4.0
2024-05-21 06:07:04,039 [WARN] PackLoader:240 - Cannot read IP mode file for STMicroelectronics.X-CUBE-GNSS1.6.0.0
2024-05-21 06:07:04,070 [WARN] PackLoader:240 - Cannot read IP mode file for STMicroelectronics.X-CUBE-AZRTOS-F4.1.1.0
2024-05-21 06:07:04,085 [WARN] PackLoader:240 - Cannot read IP mode file for wolfSSL.I-CUBE-wolfSSL.5.6.4
2024-05-21 06:07:04,097 [WARN] PackLoader:240 - Cannot read IP mode file for STMicroelectronics.X-CUBE-FREERTOS.1.2.0
2024-05-21 06:07:04,127 [WARN] PackLoader:240 - Cannot read IP mode file for STMicroelectronics.X-CUBE-AZRTOS-L5.2.0.0
2024-05-21 06:07:04,150 [WARN] PackLoader:240 - Cannot read IP mode file for STMicroelectronics.X-CUBE-EEPRMA1.4.2.0
2024-05-21 06:07:04,169 [WARN] PackLoader:240 - Cannot read IP mode file for STMicroelectronics.X-CUBE-NFC6.3.1.0
2024-05-21 06:07:04,190 [WARN] PackLoader:240 - Cannot read IP mode file for ITTIA_DB.I-CUBE-ITTIADB.8.8.0
2024-05-21 06:07:04,206 [WARN] PackLoader:240 - Cannot read IP mode file for STMicroelectronics.X-CUBE-AI.9.0.0
2024-05-21 06:07:04,222 [WARN] PackLoader:240 - Cannot read IP mode file for STMicroelectronics.X-CUBE-NFC7.1.0.1
2024-05-21 06:07:04,265 [WARN] PackLoader:240 - Cannot read IP mode file for STMicroelectronics.X-CUBE-NFC6.3.0.0
2024-05-21 06:07:04,285 [WARN] PackLoader:240 - Cannot read IP mode file for STMicroelectronics.X-CUBE-AI.8.1.0
2024-05-21 06:07:04,335 [WARN] ConditionMgr:438 - getConditionDescription Invalid condition id : LAN8742 Phy interface Condition cause : null
2024-05-21 06:07:04,336 [WARN] PackLoader:240 - Cannot read IP mode file for STMicroelectronics.X-CUBE-AZRTOS-L4.2.0.0
2024-05-21 06:07:04,338 [WARN] ConditionMgr:1039 - genDependencies : Invalid condition id : LAN8742 Phy interface Condition cause : null
2024-05-21 06:07:04,338 [WARN] ConditionMgr:1039 - genDependencies : Invalid condition id : LAN8742 Phy interface Condition cause : null
2024-05-21 06:07:04,340 [WARN] ConditionMgr:1039 - genDependencies : Invalid condition id : LAN8742 Phy interface Condition cause : null
2024-05-21 06:07:04,356 [WARN] PackLoader:240 - Cannot read IP mode file for STMicroelectronics.X-CUBE-SFXS2LP1.4.0.0
2024-05-21 06:07:04,371 [WARN] PackLoader:240 - Cannot read IP mode file for STMicroelectronics.X-CUBE-AI.8.0.0
2024-05-21 06:07:04,489 [WARN] ConditionMgr:438 - getConditionDescription Invalid condition id : UX DEVICE CLASS RTOS Condition cause : null
2024-05-21 06:07:04,489 [WARN] ConditionMgr:438 - getConditionDescription Invalid condition id : UX DEVICE CLASS RTOS Condition cause : null
2024-05-21 06:07:04,490 [WARN] PackLoader:240 - Cannot read IP mode file for STMicroelectronics.X-CUBE-AZRTOS-WB.2.0.0
2024-05-21 06:07:04,491 [WARN] ConditionMgr:1039 - genDependencies : Invalid condition id : UX DEVICE CLASS RTOS Condition cause : null
2024-05-21 06:07:04,491 [WARN] ConditionMgr:1039 - genDependencies : Invalid condition id : UX DEVICE CLASS RTOS Condition cause : null
2024-05-21 06:07:04,491 [WARN] ConditionMgr:1039 - genDependencies : Invalid condition id : UX DEVICE CLASS RTOS Condition cause : null
2024-05-21 06:07:04,491 [WARN] ConditionMgr:1039 - genDependencies : Invalid condition id : UX DEVICE CLASS RTOS Condition cause : null
2024-05-21 06:07:04,491 [WARN] ConditionMgr:1039 - genDependencies : Invalid condition id : UX DEVICE CLASS RTOS Condition cause : null
2024-05-21 06:07:04,507 [WARN] PackLoader:240 - Cannot read IP mode file for STMicroelectronics.X-CUBE-SUBG2.5.0.0
2024-05-21 06:07:04,532 [WARN] PackLoader:240 - Cannot read IP mode file for STMicroelectronics.X-CUBE-AZRTOS-G4.2.0.0
2024-05-21 06:07:04,553 [WARN] PackLoader:240 - Cannot read IP mode file for Infineon.AIROC-Wi-Fi-Bluetooth-STM32.1.5.1
2024-05-21 06:07:04,566 [WARN] PackLoader:240 - Cannot read IP mode file for STMicroelectronics.FP-SNS-MOTENVWB1.1.3.1
2024-05-21 06:07:04,577 [WARN] PackLoader:240 - Cannot read IP mode file for STMicroelectronics.X-CUBE-ISPU.2.0.0
2024-05-21 06:07:04,618 [WARN] PackLoader:240 - Cannot read IP mode file for STMicroelectronics.X-CUBE-MEMS1.10.0.0
2024-05-21 06:07:04,739 [WARN] PackLoader:240 - Cannot read IP mode file for STMicroelectronics.X-CUBE-FREERTOS.1.1.0
2024-05-21 06:07:04,755 [WARN] PackLoader:240 - Cannot read IP mode file for portGmbH.I-Cube-SoM-uGOAL.1.1.0
2024-05-21 06:07:04,772 [WARN] PackLoader:240 - Cannot read IP mode file for STMicroelectronics.X-CUBE-ALS.1.0.1
2024-05-21 06:07:04,801 [WARN] PackLoader:240 - Cannot read IP mode file for STMicroelectronics.X-CUBE-AZRTOS-H7RS.1.0.0
2024-05-21 06:07:04,816 [WARN] PackLoader:240 - Cannot read IP mode file for STMicroelectronics.FP-ATR-ASTRA1.2.0.0
2024-05-21 06:07:04,842 [WARN] PackLoader:240 - Cannot read IP mode file for STMicroelectronics.X-CUBE-TOF1.3.4.0
2024-05-21 06:07:04,871 [WARN] PackLoader:240 - Cannot read IP mode file for STMicroelectronics.X-CUBE-TOF1.3.4.1
2024-05-21 06:07:04,925 [WARN] PackLoader:240 - Cannot read IP mode file for STMicroelectronics.X-CUBE-AZRTOS-H7.3.2.0
2024-05-21 06:07:04,930 [INFO] ThirdParty:978 - Integrity check success = true
2024-05-21 06:07:04,930 [INFO] IntegrityCheckThread:100 - exiting critical section [integrity check]
2024-05-21 06:07:04,930 [INFO] IntegrityCheckThread:103 - End integrity checks thread
2024-05-21 06:07:24,093 [ERROR] LogOutputStream:75 - [STDERR_REDIRECT] SLF4J: Failed to load class "org.slf4j.impl.StaticLoggerBinder".
2024-05-21 06:07:24,093 [ERROR] LogOutputStream:75 - [STDERR_REDIRECT] SLF4J: Defaulting to no-operation (NOP) logger implementation
2024-05-21 06:07:24,095 [ERROR] LogOutputStream:75 - [STDERR_REDIRECT] SLF4J: See http://www.slf4j.org/codes.html#StaticLoggerBinder for further details.
2024-05-21 06:13:02,324 [INFO] McuFinderGlobals:63 - Set McuFinder mode to 2 (CubeIDE integrated)
2024-05-21 06:13:02,348 [INFO] MainUpdater:2868 - connection check result : 10
2024-05-21 06:13:02,353 [INFO] MainUpdater:2868 - connection check result : 10
2024-05-21 06:13:02,501 [INFO] MicroXplorer:468 - Change Database Path : 
2024-05-21 06:13:02,501 [INFO] MicroXplorer:498 - Change Database Version : DB.6.0.92
2024-05-21 06:13:02,504 [WARN] ThirdParty:871 - waiting for thirdparty lock release [close project]
2024-05-21 06:13:02,504 [INFO] ThirdParty:873 - entering critical section [close project]
2024-05-21 06:13:02,506 [INFO] ThirdParty:883 - exiting critical section [close project]
2024-05-21 06:13:02,508 [INFO] PinOutPanel:1499 - setPackage(No Configuration,No Configuration)
2024-05-21 06:13:02,517 [INFO] UtilMem:75 - Begin LoadConfig() Used Memory: 824679048 Bytes (1073741824)
2024-05-21 06:13:02,519 [INFO] MicroXplorer:468 - Change Database Path : 
2024-05-21 06:13:02,519 [INFO] MicroXplorer:498 - Change Database Version : DB.6.0.92
2024-05-21 06:13:02,519 [INFO] OpenFileManager:308 - Change cursor
2024-05-21 06:13:02,558 [INFO] Mcu:1946 - Initializing MCU STM32F407V(E-G)Tx STM32F407VGTx STM32F407VGT6
2024-05-21 06:13:04,250 [INFO] Context:659 - Trying to add GPIOservice into a context  which must be forbidden
2024-05-21 06:13:04,758 [INFO] RtosManager:555 - Registered RTOS mode: class=CMSIS, group=RTOS, mode=CMSIS_V1, owner=FREERTOS
2024-05-21 06:13:04,759 [INFO] RtosManager:555 - Registered RTOS mode: class=CMSIS, group=RTOS2, mode=CMSIS_V2, owner=FREERTOS
2024-05-21 06:13:04,759 [INFO] RtosManager:555 - Registered RTOS mode: class=RTOS, group=Core, mode=CMSIS_V1, owner=FREERTOS
2024-05-21 06:13:04,759 [INFO] RtosManager:555 - Registered RTOS mode: class=RTOS, group=Core, mode=CMSIS_V2, owner=FREERTOS
2024-05-21 06:13:04,759 [WARN] ModelIntegratedComponent:184 - Missing modes for component STMicroelectronics:FreeRTOS:0.0.1:STMicroelectronics:RTOS:FreeRTOS:Core:::10.2.0:
2024-05-21 06:13:04,771 [WARN] ModelIntegratedComponent:63 - No mode defined for component null
2024-05-21 06:13:04,771 [WARN] ModelIntegratedComponent:63 - No mode defined for component null
2024-05-21 06:13:04,771 [WARN] ModelIntegratedComponent:63 - No mode defined for component null
2024-05-21 06:13:04,771 [WARN] ModelIntegratedComponent:63 - No mode defined for component null
2024-05-21 06:13:04,771 [WARN] ModelIntegratedComponent:63 - No mode defined for component null
2024-05-21 06:13:04,771 [WARN] ModelIntegratedComponent:63 - No mode defined for component null
2024-05-21 06:13:04,771 [WARN] ModelIntegratedComponent:63 - No mode defined for component null
2024-05-21 06:13:04,771 [WARN] ModelIntegratedComponent:63 - No mode defined for component null
2024-05-21 06:13:04,771 [WARN] ModelIntegratedComponent:63 - No mode defined for component null
2024-05-21 06:13:04,771 [WARN] ModelIntegratedComponent:63 - No mode defined for component null
2024-05-21 06:13:04,771 [WARN] ModelIntegratedComponent:63 - No mode defined for component null
2024-05-21 06:13:04,771 [WARN] ModelIntegratedComponent:63 - No mode defined for component null
2024-05-21 06:13:04,771 [WARN] ModelIntegratedComponent:63 - No mode defined for component null
2024-05-21 06:13:04,772 [WARN] ModelIntegratedComponent:63 - No mode defined for component null
2024-05-21 06:13:04,772 [WARN] ModelIntegratedComponent:63 - No mode defined for component null
2024-05-21 06:13:04,772 [WARN] ModelIntegratedComponent:63 - No mode defined for component null
2024-05-21 06:13:04,772 [WARN] ModelIntegratedComponent:63 - No mode defined for component null
2024-05-21 06:13:04,772 [WARN] ModelIntegratedComponent:63 - No mode defined for component null
2024-05-21 06:13:04,772 [WARN] ModelIntegratedComponent:63 - No mode defined for component null
2024-05-21 06:13:04,772 [WARN] ModelIntegratedComponent:63 - No mode defined for component null
2024-05-21 06:13:04,772 [WARN] ModelIntegratedComponent:63 - No mode defined for component null
2024-05-21 06:13:04,772 [WARN] ModelIntegratedComponent:63 - No mode defined for component null
2024-05-21 06:13:04,772 [WARN] ModelIntegratedComponent:63 - No mode defined for component null
2024-05-21 06:13:04,772 [WARN] ModelIntegratedComponent:63 - No mode defined for component null
2024-05-21 06:13:04,772 [WARN] ModelIntegratedComponent:63 - No mode defined for component null
2024-05-21 06:13:04,772 [WARN] ModelIntegratedComponent:63 - No mode defined for component null
2024-05-21 06:13:04,772 [WARN] ModelIntegratedComponent:63 - No mode defined for component null
2024-05-21 06:13:04,772 [WARN] ModelIntegratedComponent:63 - No mode defined for component null
2024-05-21 06:13:04,772 [WARN] ModelIntegratedComponent:63 - No mode defined for component null
2024-05-21 06:13:04,772 [WARN] ModelIntegratedComponent:63 - No mode defined for component null
2024-05-21 06:13:04,772 [WARN] ModelIntegratedComponent:63 - No mode defined for component null
2024-05-21 06:13:04,772 [WARN] ModelIntegratedComponent:63 - No mode defined for component null
2024-05-21 06:13:04,772 [WARN] ModelIntegratedComponent:63 - No mode defined for component null
2024-05-21 06:13:04,881 [INFO] ThirdPartyModel:298 - Start build external matchings
2024-05-21 06:13:05,172 [INFO] ThirdPartyModel:316 - End build external matchings
2024-05-21 06:13:05,194 [INFO] ImportTextPane:194 - (OptionalMessage_ERROR) IP (DMA) : Parameter (Instance) has Id (ADC1) currently not set
2024-05-21 06:13:05,194 [INFO] ImportTextPane:194 - (OptionalMessage_ERROR) IP (DMA) : Parameter (Channel) has Id (ADC1) currently not set
2024-05-21 06:13:05,194 [INFO] ImportTextPane:194 - (OptionalMessage_ERROR) IP (DMA) : Parameter (Direction) has Id (ADC1) currently not set
2024-05-21 06:13:05,194 [INFO] ImportTextPane:194 - (OptionalMessage_ERROR) IP (DMA) : Parameter (PeriphInc) has Id (ADC1) currently not set
2024-05-21 06:13:05,194 [INFO] ImportTextPane:194 - (OptionalMessage_ERROR) IP (DMA) : Parameter (MemInc) has Id (ADC1) currently not set
2024-05-21 06:13:05,195 [INFO] ImportTextPane:194 - (OptionalMessage_ERROR) IP (DMA) : Parameter (PeriphDataAlignment) has Id (ADC1) currently not set
2024-05-21 06:13:05,195 [INFO] ImportTextPane:194 - (OptionalMessage_ERROR) IP (DMA) : Parameter (MemDataAlignment) has Id (ADC1) currently not set
2024-05-21 06:13:05,195 [INFO] ImportTextPane:194 - (OptionalMessage_ERROR) IP (DMA) : Parameter (Mode) has Id (ADC1) currently not set
2024-05-21 06:13:05,195 [INFO] ImportTextPane:194 - (OptionalMessage_ERROR) IP (DMA) : Parameter (Priority) has Id (ADC1) currently not set
2024-05-21 06:13:05,195 [INFO] ImportTextPane:194 - (OptionalMessage_ERROR) IP (DMA) : Parameter (FIFOMode) has Id (ADC1) currently not set
2024-05-21 06:13:05,548 [INFO] UtilMem:75 - End LoadConfig() Used Memory: 715794080 Bytes (1073741824)
2024-05-21 06:13:06,652 [INFO] ApiDb:581 - Connected to CubeFinder SQLite database (C:\Users\This PC\.stmcufinder\plugins\mcufinder\mcu\cube-finder-db.db)
2024-05-21 06:13:06,716 [INFO] ApiDb:668 - CubeFinder database Data Model version=2.1
2024-05-21 06:13:06,716 [INFO] ApiDb:669 - CubeFinder database Configuration version=3.0.39
2024-05-21 06:13:06,716 [INFO] ApiDb:670 - CubeFinder database generation date=2024-04-15 (1713193726)
2024-05-21 06:13:06,716 [INFO] ApiDb:671 - CubeFinder database FW Pack versions=[FP-ATR-ASTRA1_V2.0.0, FP-SNS-FLIGHT1_V5.0.1, FP-SNS-FLIGHT1_V5.0.2, FP-SNS-MOTENV1_V4.3.1, FP-SNS-MOTENV1_V4.3.2, FP-SNS-MOTENVWB1_V1.3.1, FP-SNS-SMARTAG2_V1.2.0, STM32Cube_FW_C0_V1.1.0, STM32Cube_FW_F4_V1.28.0, STM32Cube_FW_F7_V1.17.0, STM32Cube_FW_G0_V1.6.2, STM32Cube_FW_G4_V1.5.2, STM32Cube_FW_H5_V0.5.1, STM32Cube_FW_H5_V1.1.1, STM32Cube_FW_H5_V1.2.0, STM32Cube_FW_H5_V1.2.0RC4, STM32Cube_FW_H7RS_V1.0.0, STM32Cube_FW_H7RS_V1.0.0RC4, STM32Cube_FW_H7_V1.11.0, STM32Cube_FW_L0_V1.12.2, STM32Cube_FW_L5_V1.5.1, STM32Cube_FW_U0_V1.0.0, STM32Cube_FW_U0_V1.0.0RC1, STM32Cube_FW_U5_V1.3.0RC4, STM32Cube_FW_U5_V1.5.0, STM32Cube_FW_U5_V1.5.0RC1, STM32Cube_FW_WBA_V1.0.0RC1, STM32Cube_FW_WBA_V1.2.0, STM32Cube_FW_WBA_V1.2.0RC2, STM32Cube_FW_WBA_V1.3.0, STM32Cube_FW_WBA_V1.3.0RC1, STM32Cube_FW_WB_V1.15.0RC1, STM32Cube_FW_WB_V1.16.0, STM32Cube_FW_WB_V1.16.0RC2, STM32Cube_FW_WB_V1.18.0, STM32Cube_FW_WB_V1.19.0, STM32Cube_FW_WL_V1.3.0, X-CUBE-ALGOBUILD_V1.3.0, X-CUBE-ALS_V1.0.1, X-CUBE-AZRTOS-F4_V1.1.0, X-CUBE-AZRTOS-F7_V1.1.0, X-CUBE-AZRTOS-G0_V1.1.0, X-CUBE-AZRTOS-G4_V2.0.0, X-CUBE-AZRTOS-H7_V3.2.0, X-CUBE-AZRTOS-L4_V1.0.0, X-CUBE-AZRTOS-L4_V2.0.0, X-CUBE-AZRTOS-L5_V1.1.0, X-CUBE-AZRTOS-WB_V2.0.0, X-CUBE-AZRTOS-WL_V2.0.0, X-CUBE-BLE1_V7.0.0, X-CUBE-BLE2_V3.3.0, X-CUBE-BLEMGR_V3.1.0, X-CUBE-EEPRMA1_V4.1.0, X-CUBE-EEPRMA1_V5.1.0, X-CUBE-FREERTOS_V1.1.0, X-CUBE-GNSS1_V6.0.0, X-CUBE-MEMS1_V10.0.0, X-CUBE-MEMS1_V9.1.0, X-CUBE-MEMS1_V9.4.0, X-CUBE-MEMS1_V9.6.0, X-CUBE-NFC4_V3.0.0, X-CUBE-NFC7_V1.0.1, X-CUBE-SFXS2LP1_V4.0.0, X-CUBE-SUBG2_V5.0.0, X-CUBE-TOF1_V3.4.0]
2024-05-21 06:13:08,513 [INFO] ApiDb:240 - Found 323 in-development CPN: [B-G473E-ZEST1S, B-WB1M-WPAN1, B-WL5M-SUBG1, NUCLEO-C031C6, NUCLEO-H503RB, NUCLEO-H563ZI, NUCLEO-U545RE-Q, NUCLEO-U5A5ZJ-Q, NUCLEO-WBA52CG, STEVAL-PROTEUS1, STEVAL-SMARTAG2, STEVAL-STWINBX1, STM320518-EVAL, STM32C0116-DK, STM32C011D6Y3TR, STM32C011D6Y6TR, STM32C011F4P3, STM32C011F4P6, STM32C011F4U3, STM32C011F4U6TR, STM32C011F6P3, STM32C011F6P6, STM32C011F6U3, STM32C011F6U6TR, STM32C011J4M3, STM32C011J4M6, STM32C011J6M3, STM32C011J6M6, STM32C0316-DK, STM32C031C4T3, STM32C031C4T6, STM32C031C4U3, STM32C031C4U6, STM32C031C6T3, STM32C031C6T6, STM32C031C6U3, STM32C031C6U6, STM32C031F4P3, STM32C031F4P6, STM32C031F6P3, STM32C031F6P6, STM32C031G4U3, STM32C031G4U6, STM32C031G6U3, STM32C031G6U6, STM32C031K4T3, STM32C031K4T6, STM32C031K4U3, STM32C031K4U6, STM32C031K6T3, STM32C031K6T6, STM32C031K6U3, STM32C031K6U6, STM32G071K8TXN, STM32G071K8UXN, STM32G081GBU6N, STM32G081KBT6N, STM32G081KBUXN, STM32G0B1CCT6N, STM32G0B1KCT6, STM32G0B1NEY6TR, STM32G0B1RCT6N, STM32G0C1CCT6, STM32G0C1CCT6N, STM32G0C1CCU6N, STM32G0C1CET6N, STM32G0C1CEU6N, STM32G0C1KCT6, STM32G0C1NEY6TR, STM32G0C1RCI6N, STM32G0C1RCT6N, STM32G0C1REI6N, STM32G0C1RET6N, STM32G0C1VCI6, STM32G0C1VEI6, STM32G471CCT6, STM32G471CCU6, STM32G471CET3, STM32G471CET6, STM32G471CEU3, STM32G471CEU6, STM32G471MCT6, STM32G471MET3, STM32G471MET6, STM32G471MEY6TR, STM32G471QCT6, STM32G471QET3, STM32G471RCT6, STM32G471RET3, STM32G471RET6, STM32G471VCH6, STM32G471VCI6, STM32G471VCT6, STM32G471VEH3, STM32G471VEH6, STM32G471VEI3, STM32G471VEI6, STM32G471VET3, STM32G471VET6, STM32G474CCT6, STM32H503CBT6, STM32H503CBU6, STM32H503EBY6TR, STM32H503KBU6, STM32H503RBT6, STM32H562AGI6, STM32H562AII6, STM32H562IGK6, STM32H562IGT6, STM32H562IIK6, STM32H562IIT6, STM32H562RGT6, STM32H562RGV6, STM32H562RIT6, STM32H562RIV6, STM32H562VGT6, STM32H562VIT6, STM32H562ZGT6, STM32H562ZIT6, STM32H563AGI6, STM32H563AII3Q, STM32H563AII6, STM32H563IGK6, STM32H563IGT6, STM32H563IIK3Q, STM32H563IIK6, STM32H563IIT3Q, STM32H563IIT6, STM32H563MIY3QTR, STM32H563RGT6, STM32H563RGV6, STM32H563RIT6, STM32H563RIV6, STM32H563VGT6, STM32H563VIT3Q, STM32H563VIT6, STM32H563ZGT6, STM32H563ZIT3Q, STM32H563ZIT6, STM32H573AII3Q, STM32H573AII6, STM32H573I-DK, STM32H573IIK3Q, STM32H573IIK6, STM32H573IIT3Q, STM32H573IIT6, STM32H573MIY3QTR, STM32H573RIT6, STM32H573RIV6, STM32H573VIT3Q, STM32H573VIT6, STM32H573ZIT3Q, STM32H573ZIT6, STM32L4R5QGI6STR, STM32MP131AAE3, STM32MP131AAF3, STM32MP131AAG3, STM32MP131CAE3, STM32MP131CAF3, STM32MP131CAG3, STM32MP131DAE7, STM32MP131DAF7, STM32MP131DAG7, STM32MP131FAE7, STM32MP131FAF7, STM32MP131FAG7, STM32MP133AAE3, STM32MP133AAF3, STM32MP133AAG3, STM32MP133CAE3, STM32MP133CAF3, STM32MP133CAG3, STM32MP133DAE7, STM32MP133DAF7, STM32MP133DAG7, STM32MP133FAE7, STM32MP133FAF7, STM32MP133FAG7, STM32MP135AAE3, STM32MP135AAF3, STM32MP135AAG3, STM32MP135CAE3, STM32MP135CAF3, STM32MP135CAG3, STM32MP135DAE7, STM32MP135DAF7, STM32MP135DAG7, STM32MP135F-DK, STM32MP135FAE7, STM32MP135FAF7, STM32MP135FAF7T, STM32MP135FAF7U, STM32MP135FAG7, STM32U535CBT6, STM32U535CBT6Q, STM32U535CBU6, STM32U535CBU6Q, STM32U535CCT6, STM32U535CCT6Q, STM32U535CCU6, STM32U535CCU6Q, STM32U535CET6, STM32U535CET6Q, STM32U535CEU6, STM32U535CEU6Q, STM32U535JEY6QTR, STM32U535NCY6QTR, STM32U535NEY6QTR, STM32U535RBI6, STM32U535RBI6Q, STM32U535RBT6, STM32U535RBT6Q, STM32U535RCI6, STM32U535RCI6Q, STM32U535RCT6, STM32U535RCT6Q, STM32U535REI6, STM32U535REI6Q, STM32U535RET6, STM32U535RET6Q, STM32U535VCI6, STM32U535VCI6Q, STM32U535VCT6, STM32U535VCT6Q, STM32U535VEI6, STM32U535VEI6Q, STM32U535VET6, STM32U535VET6Q, STM32U545CET6, STM32U545CET6Q, STM32U545CEU6, STM32U545CEU6Q, STM32U545JEY6QTR, STM32U545NEY6QTR, STM32U545REI6, STM32U545REI6Q, STM32U545RET6, STM32U545RET6Q, STM32U545VEI6, STM32U545VEI6Q, STM32U545VET6, STM32U545VET6Q, STM32U595AIH6, STM32U595AIH6Q, STM32U595AJH6, STM32U595AJH6Q, STM32U595QII6, STM32U595QII6Q, STM32U595QJI6, STM32U595QJI6Q, STM32U595RIT6, STM32U595RIT6Q, STM32U595RJT6, STM32U595RJT6Q, STM32U595VIT6, STM32U595VIT6Q, STM32U595VJT6, STM32U595VJT6Q, STM32U595ZIT6, STM32U595ZIT6Q, STM32U595ZIY6QTR, STM32U595ZJT6, STM32U595ZJT6Q, STM32U595ZJY6QTR, STM32U599BJY6QTR, STM32U599NIH6Q, STM32U599NJH6Q, STM32U599VIT6Q, STM32U599VJT6, STM32U599VJT6Q, STM32U599ZIT6Q, STM32U599ZIY6QTR, STM32U599ZJT6Q, STM32U599ZJY6QTR, STM32U5A5AJH6, STM32U5A5AJH6Q, STM32U5A5QJI6, STM32U5A5QJI6Q, STM32U5A5RJT6, STM32U5A5RJT6Q, STM32U5A5VJT6, STM32U5A5VJT6Q, STM32U5A5ZJT6, STM32U5A5ZJT6Q, STM32U5A5ZJY6QTR, STM32U5A9BJY6QTR, STM32U5A9J-DK, STM32U5A9NJH6Q, STM32U5A9VJT6Q, STM32U5A9ZJT6Q, STM32U5A9ZJY6QTR, STM32U5F7VIT6, STM32U5F7VIT6Q, STM32U5F7VJT6, STM32U5F7VJT6Q, STM32U5F9BJY6QTR, STM32U5F9NJH6Q, STM32U5F9VIT6Q, STM32U5F9VJT6Q, STM32U5F9ZIJ6QTR, STM32U5F9ZIT6Q, STM32U5F9ZJJ6QTR, STM32U5F9ZJT6Q, STM32U5G7VJT6, STM32U5G7VJT6Q, STM32U5G9BJY6QTR, STM32U5G9J-DK1, STM32U5G9J-DK2, STM32U5G9NJH6Q, STM32U5G9VJT6Q, STM32U5G9ZJJ6QTR, STM32U5G9ZJT6Q, STM32WB1MMCH6, STM32WBA52CEU6, STM32WBA52CEU6T, STM32WBA52CGU6, STM32WBA52CGU6T, STM32WBA52KEU6, STM32WBA52KEU6T, STM32WBA52KGU6, STM32WBA52KGU6T, STM32WL5MOCH6, STM32WL5MOCH6TR]
2024-05-21 06:13:08,516 [INFO] DbMcus:217 - Found 4073 MCUs, 4073 are supported
2024-05-21 06:13:08,521 [INFO] ApiDb:423 - Load user favorites file C:\Users\This PC/.stm32cubeide/favorites.mcus.txt: 5 item(s)
2024-05-21 06:13:08,521 [INFO] ApiDb:427 - User favorites MCUs=[STM32F303RET6, STM32F303RET6TR, STM32F303RET7, STM32F303RET7TR, STM32L451CEU6]
2024-05-21 06:13:08,521 [INFO] DbMcus:223 - Set 5 / 5 favorites MCUs
2024-05-21 06:13:08,887 [WARN] ThirdParty:833 - waiting for thirdparty lock release [change project]
2024-05-21 06:13:08,887 [INFO] ThirdParty:835 - entering critical section [change project]
2024-05-21 06:13:08,887 [INFO] ThirdParty:1030 - CMSIS Pack Vendor :STMicroelectronics USBPD 4.1
2024-05-21 06:13:08,887 [INFO] ThirdParty:1030 - CMSIS Pack Vendor :STMicroelectronics X-CUBE-GNSS1 6.0.0
2024-05-21 06:13:08,887 [INFO] ThirdParty:1030 - CMSIS Pack Vendor :STMicroelectronics USB_HOST 2.0.0
2024-05-21 06:13:08,887 [INFO] ThirdParty:1030 - CMSIS Pack Vendor :STMicroelectronics FP-SNS-MOTENVWB1 1.4.0
2024-05-21 06:13:08,887 [INFO] ThirdParty:1030 - CMSIS Pack Vendor :STMicroelectronics X-CUBE-AZRTOS-F4 1.1.0
2024-05-21 06:13:08,887 [INFO] ThirdParty:1030 - CMSIS Pack Vendor :STMicroelectronics LIBJPEG 8.0.0
2024-05-21 06:13:08,887 [INFO] ThirdParty:1030 - CMSIS Pack Vendor :wolfSSL I-CUBE-wolfSSL 5.6.4
2024-05-21 06:13:08,887 [INFO] ThirdParty:1030 - CMSIS Pack Vendor :STMicroelectronics X-CUBE-SMBUS 2.1.0
2024-05-21 06:13:08,887 [INFO] ThirdParty:1030 - CMSIS Pack Vendor :STMicroelectronics USB_DEVICE 3.0.0
2024-05-21 06:13:08,887 [INFO] ThirdParty:1030 - CMSIS Pack Vendor :STMicroelectronics X-CUBE-TCPP 4.1.0
2024-05-21 06:13:08,887 [INFO] ThirdParty:1030 - CMSIS Pack Vendor :STMicroelectronics X-CUBE-FREERTOS 1.2.0
2024-05-21 06:13:08,887 [INFO] ThirdParty:1030 - CMSIS Pack Vendor :STMicroelectronics X-CUBE-AI 8.0.0
2024-05-21 06:13:08,887 [INFO] ThirdParty:1030 - CMSIS Pack Vendor :STMicroelectronics X-CUBE-AZRTOS-WB 2.0.0
2024-05-21 06:13:08,888 [INFO] ThirdParty:1030 - CMSIS Pack Vendor :STMicroelectronics X-CUBE-TOUCHGFX 4.23.1
2024-05-21 06:13:08,888 [INFO] ThirdParty:1030 - CMSIS Pack Vendor :STMicroelectronics X-CUBE-TOUCHGFX 4.23.0
2024-05-21 06:13:08,888 [INFO] ThirdParty:1030 - CMSIS Pack Vendor :STMicroelectronics X-CUBE-TOUCHGFX 4.23.2
2024-05-21 06:13:08,888 [INFO] ThirdParty:1030 - CMSIS Pack Vendor :STMicroelectronics X-CUBE-AZRTOS-F7 1.1.0
2024-05-21 06:13:08,888 [INFO] ThirdParty:1030 - CMSIS Pack Vendor :STMicroelectronics X-CUBE-AZRTOS-L5 2.0.0
2024-05-21 06:13:08,888 [INFO] ThirdParty:1030 - CMSIS Pack Vendor :STMicroelectronics USB_DEVICE 2.0.0
2024-05-21 06:13:08,888 [INFO] ThirdParty:1030 - CMSIS Pack Vendor :STMicroelectronics X-CUBE-EEPRMA1 4.2.0
2024-05-21 06:13:08,888 [INFO] ThirdParty:1030 - CMSIS Pack Vendor :STMicroelectronics X-CUBE-NFC6 3.1.0
2024-05-21 06:13:08,888 [INFO] ThirdParty:1030 - CMSIS Pack Vendor :ITTIA_DB I-CUBE-ITTIADB 8.8.0
2024-05-21 06:13:08,888 [INFO] ThirdParty:1030 - CMSIS Pack Vendor :STMicroelectronics FP-SNS-MOTENV1 4.3.2
2024-05-21 06:13:08,888 [INFO] ThirdParty:1030 - CMSIS Pack Vendor :STMicroelectronics X-CUBE-ALGOBUILD 1.3.0
2024-05-21 06:13:08,888 [INFO] ThirdParty:1030 - CMSIS Pack Vendor :STMicroelectronics FreeRTOS 0.0.1
2024-05-21 06:13:08,888 [INFO] ThirdParty:1030 - CMSIS Pack Vendor :STMicroelectronics X-CUBE-AZRTOS-G0 1.1.0
2024-05-21 06:13:08,888 [INFO] ThirdParty:1030 - CMSIS Pack Vendor :STMicroelectronics X-CUBE-SAFEA1 1.2.2
2024-05-21 06:13:08,888 [INFO] ThirdParty:1030 - CMSIS Pack Vendor :STMicroelectronics X-CUBE-NFC4 3.0.0
2024-05-21 06:13:08,888 [INFO] ThirdParty:1030 - CMSIS Pack Vendor :STMicroelectronics X-CUBE-SUBG2 5.0.0
2024-05-21 06:13:08,888 [INFO] ThirdParty:1030 - CMSIS Pack Vendor :STMicroelectronics STM32_WPAN 1.0.0
2024-05-21 06:13:08,888 [INFO] ThirdParty:1030 - CMSIS Pack Vendor :STMicroelectronics lwIP 2.0.3
2024-05-21 06:13:08,888 [INFO] ThirdParty:1030 - CMSIS Pack Vendor :STMicroelectronics FP-SNS-FLIGHT1 5.0.2
2024-05-21 06:13:08,888 [INFO] ThirdParty:1030 - CMSIS Pack Vendor :STMicroelectronics USB_HOST 1.0.0
2024-05-21 06:13:08,888 [INFO] ThirdParty:1030 - CMSIS Pack Vendor :STMicroelectronics X-CUBE-AI 9.0.0
2024-05-21 06:13:08,888 [INFO] ThirdParty:1030 - CMSIS Pack Vendor :STMicroelectronics X-CUBE-AZRTOS-G4 2.0.0
2024-05-21 06:13:08,888 [INFO] ThirdParty:1030 - CMSIS Pack Vendor :STMicroelectronics PDM2PCM 3.1.0
2024-05-21 06:13:08,888 [INFO] ThirdParty:1030 - CMSIS Pack Vendor :Infineon AIROC-Wi-Fi-Bluetooth-STM32 1.5.1
2024-05-21 06:13:08,888 [INFO] ThirdParty:1030 - CMSIS Pack Vendor :STMicroelectronics X-CUBE-BLEMGR 3.0.0
2024-05-21 06:13:08,888 [INFO] ThirdParty:1030 - CMSIS Pack Vendor :STMicroelectronics PDM2PCM 3.3.0
2024-05-21 06:13:08,888 [INFO] ThirdParty:1030 - CMSIS Pack Vendor :STMicroelectronics X-CUBE-DISPLAY 3.0.0
2024-05-21 06:13:08,888 [INFO] ThirdParty:1030 - CMSIS Pack Vendor :STMicroelectronics FP-SNS-MOTENVWB1 1.3.1
2024-05-21 06:13:08,888 [INFO] ThirdParty:1030 - CMSIS Pack Vendor :STMicroelectronics X-CUBE-BLE1 7.0.0
2024-05-21 06:13:08,889 [INFO] ThirdParty:1030 - CMSIS Pack Vendor :STMicroelectronics FP-ATR-SIGFOX1 3.2.0
2024-05-21 06:13:08,889 [INFO] ThirdParty:1030 - CMSIS Pack Vendor :STMicroelectronics X-CUBE-ISPU 2.0.0
2024-05-21 06:13:08,889 [INFO] ThirdParty:1030 - CMSIS Pack Vendor :STMicroelectronics X-CUBE-EEPRMA1 5.1.0
2024-05-21 06:13:08,889 [INFO] ThirdParty:1030 - CMSIS Pack Vendor :STMicroelectronics HAL Drivers 0.0.0
2024-05-21 06:13:08,889 [INFO] ThirdParty:1030 - CMSIS Pack Vendor :STMicroelectronics MBEDTLS 2.16.2
2024-05-21 06:13:08,889 [INFO] ThirdParty:1030 - CMSIS Pack Vendor :emotas I-CUBE-CANOPEN 1.3.0
2024-05-21 06:13:08,889 [INFO] ThirdParty:1030 - CMSIS Pack Vendor :STMicroelectronics X-CUBE-MEMS1 10.0.0
2024-05-21 06:13:08,889 [INFO] ThirdParty:1030 - CMSIS Pack Vendor :STMicroelectronics X-CUBE-FREERTOS 1.1.0
2024-05-21 06:13:08,889 [INFO] ThirdParty:1030 - CMSIS Pack Vendor :STMicroelectronics X-CUBE-NFC7 1.0.1
2024-05-21 06:13:08,889 [INFO] ThirdParty:1030 - CMSIS Pack Vendor :STMicroelectronics MBEDTLS 2.14.1
2024-05-21 06:13:08,890 [INFO] ThirdParty:1030 - CMSIS Pack Vendor :STMicroelectronics X-CUBE-TOUCHGFX 4.22.1
2024-05-21 06:13:08,890 [INFO] ThirdParty:1030 - CMSIS Pack Vendor :STMicroelectronics X-CUBE-NFC6 3.0.0
2024-05-21 06:13:08,890 [INFO] ThirdParty:1030 - CMSIS Pack Vendor :portGmbH I-Cube-SoM-uGOAL 1.1.0
2024-05-21 06:13:08,890 [INFO] ThirdParty:1030 - CMSIS Pack Vendor :STMicroelectronics X-CUBE-ALS 1.0.1
2024-05-21 06:13:08,890 [INFO] ThirdParty:1030 - CMSIS Pack Vendor :STMicroelectronics X-CUBE-BLEMGR 3.1.0
2024-05-21 06:13:08,890 [INFO] ThirdParty:1030 - CMSIS Pack Vendor :STMicroelectronics ThreadX 1.0.0
2024-05-21 06:13:08,890 [INFO] ThirdParty:1030 - CMSIS Pack Vendor :STMicroelectronics FP-SNS-SMARTAG2 1.2.0
2024-05-21 06:13:08,890 [INFO] ThirdParty:1030 - CMSIS Pack Vendor :STMicroelectronics X-CUBE-AZRTOS-WL 2.0.0
2024-05-21 06:13:08,890 [INFO] ThirdParty:1030 - CMSIS Pack Vendor :SEGGER I-CUBE-embOS 1.3.1
2024-05-21 06:13:08,890 [INFO] ThirdParty:1030 - CMSIS Pack Vendor :STMicroelectronics X-CUBE-ALGOBUILD 1.4.0
2024-05-21 06:13:08,890 [INFO] ThirdParty:1030 - CMSIS Pack Vendor :STMicroelectronics FP-SNS-MOTENV1 5.0.0
2024-05-21 06:13:08,890 [INFO] ThirdParty:1030 - CMSIS Pack Vendor :STMicroelectronics USB_DEVICE 1.0.0
2024-05-21 06:13:08,890 [INFO] ThirdParty:1030 - CMSIS Pack Vendor :STMicroelectronics X-CUBE-AI 8.1.0
2024-05-21 06:13:08,890 [INFO] ThirdParty:1030 - CMSIS Pack Vendor :STMicroelectronics X-CUBE-AZRTOS-H7RS 1.0.0
2024-05-21 06:13:08,890 [INFO] ThirdParty:1030 - CMSIS Pack Vendor :STMicroelectronics X-CUBE-AZRTOS-L4 2.0.0
2024-05-21 06:13:08,890 [INFO] ThirdParty:1030 - CMSIS Pack Vendor :STMicroelectronics ThreadX 0.0.2
2024-05-21 06:13:08,890 [INFO] ThirdParty:1030 - CMSIS Pack Vendor :WES I-CUBE-Cesium 1.3.0
2024-05-21 06:13:08,890 [INFO] ThirdParty:1030 - CMSIS Pack Vendor :STMicroelectronics FP-ATR-ASTRA1 2.0.0
2024-05-21 06:13:08,890 [INFO] ThirdParty:1030 - CMSIS Pack Vendor :STMicroelectronics lwIP 2.1.2
2024-05-21 06:13:08,890 [INFO] ThirdParty:1030 - CMSIS Pack Vendor :STMicroelectronics X-CUBE-SFXS2LP1 4.0.0
2024-05-21 06:13:08,890 [INFO] ThirdParty:1030 - CMSIS Pack Vendor :STMicroelectronics X-CUBE-BLE2 3.3.0
2024-05-21 06:13:08,890 [INFO] ThirdParty:1030 - CMSIS Pack Vendor :STMicroelectronics X-CUBE-TOF1 3.4.0
2024-05-21 06:13:08,890 [INFO] ThirdParty:1030 - CMSIS Pack Vendor :STMicroelectronics X-CUBE-TOF1 3.4.1
2024-05-21 06:13:08,890 [INFO] ThirdParty:1030 - CMSIS Pack Vendor :STMicroelectronics X-CUBE-AZRTOS-H7 3.2.0
2024-05-21 06:13:08,890 [INFO] ThirdParty:1030 - CMSIS Pack Vendor :STMicroelectronics PDM2PCM 3.2.0
2024-05-21 06:13:08,890 [INFO] ThirdParty:841 - exiting critical section [change project]
2024-05-21 06:13:09,252 [INFO] PinOutPanel:1499 - setPackage(No Configuration,No Configuration)
2024-05-21 06:13:09,255 [INFO] PinOutPanel:1499 - setPackage(STM32F407VGTx,LQFP100)
2024-05-21 06:13:09,642 [INFO] UtilMem:75 - Before build in PCC Used Memory: 644009896 Bytes (1073741824)
2024-05-21 06:13:10,451 [INFO] UtilMem:75 - After build in PCC Used Memory: 722995712 Bytes (1073741824)
2024-05-21 06:13:10,488 [INFO] IPUIPlugin:80 - create IPUIPlugin
2024-05-21 06:13:10,488 [INFO] IPUIPlugin:80 - create IPUIPlugin
2024-05-21 06:13:10,488 [INFO] IPUIPlugin:80 - create IPUIPlugin
2024-05-21 06:13:10,488 [INFO] IPUIPlugin:80 - create IPUIPlugin
2024-05-21 06:13:10,488 [INFO] IPUIPlugin:80 - create IPUIPlugin
2024-05-21 06:13:10,489 [INFO] IPUIPlugin:80 - create IPUIPlugin
2024-05-21 06:13:10,489 [INFO] IPUIPlugin:80 - create IPUIPlugin
2024-05-21 06:13:10,489 [INFO] IPUIPlugin:80 - create IPUIPlugin
2024-05-21 06:13:10,489 [INFO] IPUIPlugin:80 - create IPUIPlugin
2024-05-21 06:13:10,489 [INFO] IPUIPlugin:80 - create IPUIPlugin
2024-05-21 06:13:10,490 [INFO] IPUIPlugin:80 - create IPUIPlugin
2024-05-21 06:13:10,490 [INFO] IPUIPlugin:80 - create IPUIPlugin
2024-05-21 06:13:10,490 [INFO] IPUIPlugin:80 - create IPUIPlugin
2024-05-21 06:13:10,490 [INFO] IPUIPlugin:80 - create IPUIPlugin
2024-05-21 06:13:10,490 [INFO] IPUIPlugin:80 - create IPUIPlugin
2024-05-21 06:13:10,490 [INFO] IPUIPlugin:80 - create IPUIPlugin
2024-05-21 06:13:10,490 [INFO] IPUIPlugin:80 - create IPUIPlugin
2024-05-21 06:13:10,491 [INFO] IPUIPlugin:80 - create IPUIPlugin
2024-05-21 06:13:10,491 [INFO] IPUIPlugin:80 - create IPUIPlugin
2024-05-21 06:13:10,491 [INFO] IPUIPlugin:80 - create IPUIPlugin
2024-05-21 06:13:10,491 [INFO] IPUIPlugin:80 - create IPUIPlugin
2024-05-21 06:13:10,491 [INFO] IPUIPlugin:80 - create IPUIPlugin
2024-05-21 06:13:10,492 [INFO] IPUIPlugin:80 - create IPUIPlugin
2024-05-21 06:13:10,492 [INFO] IPUIPlugin:80 - create IPUIPlugin
2024-05-21 06:13:10,492 [INFO] IPUIPlugin:80 - create IPUIPlugin
2024-05-21 06:13:10,492 [INFO] IPUIPlugin:80 - create IPUIPlugin
2024-05-21 06:13:10,492 [INFO] IPUIPlugin:80 - create IPUIPlugin
2024-05-21 06:13:10,493 [INFO] IPUIPlugin:80 - create IPUIPlugin
2024-05-21 06:13:10,493 [INFO] IPUIPlugin:80 - create IPUIPlugin
2024-05-21 06:13:10,493 [INFO] IPUIPlugin:80 - create IPUIPlugin
2024-05-21 06:13:10,493 [INFO] IPUIPlugin:80 - create IPUIPlugin
2024-05-21 06:13:10,494 [INFO] IPUIPlugin:80 - create IPUIPlugin
2024-05-21 06:13:10,494 [INFO] IPUIPlugin:80 - create IPUIPlugin
2024-05-21 06:13:10,494 [INFO] IPUIPlugin:80 - create IPUIPlugin
2024-05-21 06:13:10,494 [INFO] IPUIPlugin:80 - create IPUIPlugin
2024-05-21 06:13:10,495 [INFO] IPUIPlugin:80 - create IPUIPlugin
2024-05-21 06:13:10,495 [INFO] IPUIPlugin:80 - create IPUIPlugin
2024-05-21 06:13:10,495 [INFO] IPUIPlugin:80 - create IPUIPlugin
2024-05-21 06:13:10,495 [INFO] IPUIPlugin:80 - create IPUIPlugin
2024-05-21 06:13:10,496 [INFO] IPUIPlugin:80 - create IPUIPlugin
2024-05-21 06:13:10,496 [INFO] IPUIPlugin:80 - create IPUIPlugin
2024-05-21 06:13:10,496 [INFO] IPUIPlugin:80 - create IPUIPlugin
2024-05-21 06:13:10,496 [INFO] IPUIPlugin:80 - create IPUIPlugin
2024-05-21 06:13:10,497 [INFO] IPUIPlugin:80 - create IPUIPlugin
2024-05-21 06:13:10,497 [INFO] IPUIPlugin:80 - create IPUIPlugin
2024-05-21 06:13:10,497 [INFO] IPUIPlugin:80 - create IPUIPlugin
2024-05-21 06:13:10,497 [INFO] IPUIPlugin:80 - create IPUIPlugin
2024-05-21 06:13:10,498 [INFO] IPUIPlugin:80 - create IPUIPlugin
2024-05-21 06:13:10,498 [INFO] IPUIPlugin:80 - create IPUIPlugin
2024-05-21 06:13:10,499 [INFO] IPUIPlugin:80 - create IPUIPlugin
2024-05-21 06:13:10,499 [INFO] IPUIPlugin:80 - create IPUIPlugin
2024-05-21 06:13:10,499 [INFO] IPUIPlugin:80 - create IPUIPlugin
2024-05-21 06:13:10,500 [INFO] IPUIPlugin:80 - create IPUIPlugin
2024-05-21 06:13:10,500 [INFO] IPUIPlugin:80 - create IPUIPlugin
2024-05-21 06:13:10,501 [INFO] IPUIPlugin:80 - create IPUIPlugin
2024-05-21 06:13:10,501 [INFO] IPUIPlugin:80 - create IPUIPlugin
2024-05-21 06:13:10,502 [INFO] IPUIPlugin:80 - create IPUIPlugin
2024-05-21 06:13:10,502 [INFO] IPUIPlugin:80 - create IPUIPlugin
2024-05-21 06:13:10,634 [INFO] ApiDbMcu:507 - Load IP Config File for PDM2PCM
2024-05-21 06:13:10,652 [WARN] IP:2114 - I2C_Coeff_DF not found: check if there is a RefParameter without a condition.
2024-05-21 06:13:10,652 [WARN] IP:2114 - Analog_Filter not found: check if there is a RefParameter without a condition.
2024-05-21 06:13:10,908 [INFO] CADModel:165 - CPN selected for project levelSTM32F407VGT6
2024-05-21 06:13:10,908 [INFO] CADModel:114 - Register for checkConnection events
2024-05-21 06:13:10,967 [INFO] OpenFileManager:328 - Restore cursor
2024-05-21 06:13:11,200 [WARN] IP:2114 - I2C_Coeff_DF not found: check if there is a RefParameter without a condition.
2024-05-21 06:13:11,200 [WARN] IP:2114 - Analog_Filter not found: check if there is a RefParameter without a condition.
2024-05-21 06:13:11,200 [WARN] IP:2114 - I2C_Coeff_DF not found: check if there is a RefParameter without a condition.
2024-05-21 06:13:11,200 [WARN] IP:2114 - Analog_Filter not found: check if there is a RefParameter without a condition.
2024-05-21 06:16:27,801 [INFO] UtilMem:75 - End SaveConfig() Used Memory: 858760288 Bytes (1073741824)
2024-05-21 06:16:27,904 [INFO] UtilMem:75 - End SaveConfig() Used Memory: 883285040 Bytes (1073741824)
2024-05-21 06:16:28,539 [INFO] UtilMem:75 - End SaveConfig() Used Memory: 937424688 Bytes (1073741824)
2024-05-21 06:16:29,037 [INFO] BlockDiagram:2759 - set Specific Code input for plugin: IWDG
2024-05-21 06:16:29,037 [INFO] BlockDiagram:2759 - set Specific Code input for plugin: TIM1_8
2024-05-21 06:16:29,037 [INFO] BlockDiagram:2759 - set Specific Code input for plugin: SYS
2024-05-21 06:16:29,037 [INFO] BlockDiagram:2759 - set Specific Code input for plugin: ADC
2024-05-21 06:16:29,037 [INFO] BlockDiagram:2759 - set Specific Code input for plugin: RCC
2024-05-21 06:16:29,038 [INFO] BlockDiagram:2759 - set Specific Code input for plugin: I2C
2024-05-21 06:16:29,038 [INFO] BlockDiagram:2759 - set Specific Code input for plugin: RTC
2024-05-21 06:16:29,038 [INFO] BlockDiagram:2759 - set Specific Code input for plugin: NVIC
2024-05-21 06:16:29,038 [INFO] BlockDiagram:2759 - set Specific Code input for plugin: USART
2024-05-21 06:16:29,038 [INFO] BlockDiagram:2759 - set Specific Code input for plugin: DMA
2024-05-21 06:16:29,039 [INFO] BlockDiagram:2759 - set Specific Code input for plugin: GPIO
2024-05-21 06:16:29,040 [INFO] CodeGenerator:799 - code generatio: config db path: C:\ST\STM32CubeIDE_1.13.2\STM32CubeIDE\plugins\com.st.stm32cube.common.mx_6.9.2.202309101412\\db\
2024-05-21 06:16:29,064 [WARN] IP:2114 - I2C_Coeff_DF not found: check if there is a RefParameter without a condition.
2024-05-21 06:16:29,064 [WARN] IP:2114 - Analog_Filter not found: check if there is a RefParameter without a condition.
2024-05-21 06:16:29,437 [INFO] CodeEngine:255 - oldGeneratedFile, D:\PROJECT_MPPT\MPPT_Solar_Chagre_Controller\MPPT_Solar_Charge_Official\MXTmpFiles\license.tmp_save
2024-05-21 06:16:29,918 [INFO] CodeEngine:279 - Generated code: D:\PROJECT_MPPT\MPPT_Solar_Chagre_Controller\MPPT_Solar_Charge_Official\MXTmpFiles\license.tmp
2024-05-21 06:16:30,041 [INFO] CodeEngine:255 - oldGeneratedFile, D:\PROJECT_MPPT\MPPT_Solar_Chagre_Controller\MPPT_Solar_Charge_Official\MXTmpFiles\gpio.tmp_save
2024-05-21 06:16:30,251 [INFO] CodeEngine:279 - Generated code: D:\PROJECT_MPPT\MPPT_Solar_Chagre_Controller\MPPT_Solar_Charge_Official\MXTmpFiles\gpio.tmp
2024-05-21 06:16:30,876 [INFO] CodeEngine:255 - oldGeneratedFile, D:\PROJECT_MPPT\MPPT_Solar_Chagre_Controller\MPPT_Solar_Charge_Official\MXTmpFiles\dma.tmp_save
2024-05-21 06:16:31,014 [INFO] CodeEngine:279 - Generated code: D:\PROJECT_MPPT\MPPT_Solar_Chagre_Controller\MPPT_Solar_Charge_Official\MXTmpFiles\dma.tmp
2024-05-21 06:16:31,023 [INFO] CodeEngine:255 - oldGeneratedFile, D:\PROJECT_MPPT\MPPT_Solar_Chagre_Controller\MPPT_Solar_Charge_Official\MXTmpFiles\dma_GV.tmp_save
2024-05-21 06:16:31,107 [INFO] CodeEngine:279 - Generated code: D:\PROJECT_MPPT\MPPT_Solar_Chagre_Controller\MPPT_Solar_Charge_Official\MXTmpFiles\dma_GV.tmp
2024-05-21 06:16:31,151 [INFO] CodeEngine:255 - oldGeneratedFile, D:\PROJECT_MPPT\MPPT_Solar_Chagre_Controller\MPPT_Solar_Charge_Official\Core\Src\stm32f4xx_it.c_save
2024-05-21 06:16:31,310 [INFO] CodeEngine:279 - Generated code: D:\PROJECT_MPPT\MPPT_Solar_Chagre_Controller\MPPT_Solar_Charge_Official\Core\Src\stm32f4xx_it.c
2024-05-21 06:16:31,330 [INFO] CodeEngine:255 - oldGeneratedFile, D:\PROJECT_MPPT\MPPT_Solar_Chagre_Controller\MPPT_Solar_Charge_Official\Core\Inc\stm32f4xx_it.h_save
2024-05-21 06:16:31,424 [INFO] CodeEngine:279 - Generated code: D:\PROJECT_MPPT\MPPT_Solar_Chagre_Controller\MPPT_Solar_Charge_Official\Core\Inc\stm32f4xx_it.h
2024-05-21 06:16:31,471 [INFO] CodeEngine:255 - oldGeneratedFile, D:\PROJECT_MPPT\MPPT_Solar_Chagre_Controller\MPPT_Solar_Charge_Official\Core\Src\stm32f4xx_hal_msp.c_save
2024-05-21 06:16:31,640 [INFO] CodeEngine:279 - Generated code: D:\PROJECT_MPPT\MPPT_Solar_Chagre_Controller\MPPT_Solar_Charge_Official\Core\Src\stm32f4xx_hal_msp.c
2024-05-21 06:16:31,661 [INFO] CodeEngine:255 - oldGeneratedFile, D:\PROJECT_MPPT\MPPT_Solar_Chagre_Controller\MPPT_Solar_Charge_Official\MXTmpFiles\system.tmp_save
2024-05-21 06:16:31,732 [INFO] CodeEngine:279 - Generated code: D:\PROJECT_MPPT\MPPT_Solar_Chagre_Controller\MPPT_Solar_Charge_Official\MXTmpFiles\system.tmp
2024-05-21 06:16:31,782 [INFO] CodeEngine:311 - oldGeneratedFile, D:\PROJECT_MPPT\MPPT_Solar_Chagre_Controller\MPPT_Solar_Charge_Official\Core\Inc\stm32f4xx_hal_conf.h_save
2024-05-21 06:16:31,888 [INFO] CodeEngine:335 - Generated code: D:\PROJECT_MPPT\MPPT_Solar_Chagre_Controller\MPPT_Solar_Charge_Official\Core\Inc\stm32f4xx_hal_conf.h
2024-05-21 06:16:31,934 [WARN] IPConfigManager:3431 - IP not found : TIM
2024-05-21 06:16:31,935 [WARN] CodeGenerator:3764 - IP not found : null
2024-05-21 06:16:31,966 [INFO] CodeEngine:255 - oldGeneratedFile, D:\PROJECT_MPPT\MPPT_Solar_Chagre_Controller\MPPT_Solar_Charge_Official\Core\Inc\main.h_save
2024-05-21 06:16:32,098 [INFO] CodeEngine:279 - Generated code: D:\PROJECT_MPPT\MPPT_Solar_Chagre_Controller\MPPT_Solar_Charge_Official\Core\Inc\main.h
2024-05-21 06:16:32,122 [INFO] CodeEngine:255 - oldGeneratedFile, D:\PROJECT_MPPT\MPPT_Solar_Chagre_Controller\MPPT_Solar_Charge_Official\Core\Src\main.c_save
2024-05-21 06:16:32,353 [INFO] CodeEngine:279 - Generated code: D:\PROJECT_MPPT\MPPT_Solar_Chagre_Controller\MPPT_Solar_Charge_Official\Core\Src\main.c
2024-05-21 06:16:33,114 [INFO] ProjectBuilder:3064 - Time for Copy HAL[1] : 198mS.
2024-05-21 06:16:33,121 [INFO] ProjectBuilder:4404 - Project Generator version: 4.1.0
2024-05-21 06:16:33,555 [INFO] ConfigFileManager:1457 - The Die is : DIE413
2024-05-21 06:16:33,571 [INFO] ApiDbMcu:507 - Load IP Config File for FATFS
2024-05-21 06:16:33,586 [INFO] ApiDbMcu:507 - Load IP Config File for FREERTOS
2024-05-21 06:16:33,595 [INFO] ApiDbMcu:507 - Load IP Config File for LIBJPEG
2024-05-21 06:16:33,606 [INFO] ApiDbMcu:507 - Load IP Config File for LWIP
2024-05-21 06:16:33,630 [INFO] ApiDbMcu:507 - Load IP Config File for MBEDTLS
2024-05-21 06:16:33,648 [INFO] ApiDbMcu:507 - Load IP Config File for USB_DEVICE
2024-05-21 06:16:33,663 [INFO] ApiDbMcu:507 - Load IP Config File for USB_HOST
2024-05-21 06:16:34,824 [INFO] LogOutputStream:77 - [STDOUT_REDIRECT] 
2024-05-21 06:16:36,838 [INFO] ProjectBuilder:4626 - Time for Generating toolchain IDE Files: 3717mS.
2024-05-21 06:16:36,839 [INFO] ProjectBuilder:2935 - Time for Copy CMSIS : 1mS.
2024-05-21 06:16:36,840 [INFO] ProjectBuilder:2935 - Time for Copy CMSIS : 0mS.
2024-05-21 07:54:53,068 [ERROR] LogOutputStream:75 - [STDERR_REDIRECT] 
