13:16:18 **** Incremental Build of configuration Debug for project MPPT_Solar_Charge_Controller_TestBoard_F303RE ****
make -j8 all 
arm-none-eabi-g++ "../Core/Src/main.cpp" -mcpu=cortex-m4 -std=gnu++14 -g3 -DDEBUG -DUSE_HAL_DRIVER -DSTM32F303xE -c -I../Core/Inc -I../Drivers/STM32F3xx_HAL_Driver/Inc/Legacy -I../Drivers/STM32F3xx_HAL_Driver/Inc -I../Drivers/CMSIS/Device/ST/STM32F3xx/Include -I../Drivers/CMSIS/Include -I"D:/PROJECT_MPPT/MPPT_Solar_Chagre_Controller/MPPT_Solar_Charge_Controller/Application" -I"D:/PROJECT_MPPT/MPPT_Solar_Chagre_Controller/MPPT_Solar_Charge_Controller/DesignPattern/Singleton" -I"D:/PROJECT_MPPT/MPPT_Solar_Chagre_Controller/MPPT_Solar_Charge_Controller/DesignPattern/StateMachine" -I"D:/PROJECT_MPPT/MPPT_Solar_Chagre_Controller/MPPT_Solar_Charge_Controller/MyDriver" -O0 -ffunction-sections -fdata-sections -fno-exceptions -fno-rtti -fno-use-cxa-atexit -Wall -fstack-usage -fcyclomatic-complexity -MMD -MP -MF"Core/Src/main.d" -MT"Core/Src/main.o" --specs=nano.specs -mfpu=fpv4-sp-d16 -mfloat-abi=hard -mthumb -o "Core/Src/main.o"
In file included from ../Core/Src/main.cpp:30:
D:/PROJECT_MPPT/MPPT_Solar_Chagre_Controller/MPPT_Solar_Charge_Controller/Application/TestLcd.h: In member function 'void blib::LcdSimulate::impl_3_2_ChargeMode()':
D:/PROJECT_MPPT/MPPT_Solar_Chagre_Controller/MPPT_Solar_Charge_Controller/Application/TestLcd.h:604:36: warning: statement has no effect [-Wunused-value]
  604 |                         chargeMode == 0;
      |                         ~~~~~~~~~~~^~~~
../Core/Src/main.cpp: In function 'int main()':
../Core/Src/main.cpp:174:11: warning: unused variable 'analog' [-Wunused-variable]
  174 |     auto &analog = blib::Analog::getInstance();
      |           ^~~~~~
../Core/Src/main.cpp:176:11: warning: unused variable 'chargeCtrl' [-Wunused-variable]
  176 |     auto &chargeCtrl = blib::ChargeControl::getInstance();
      |           ^~~~~~~~~~
arm-none-eabi-g++ -o "MPPT_Solar_Charge_Controller_TestBoard_F303RE.elf" @"objects.list"   -mcpu=cortex-m4 -T"D:\PROJECT_MPPT\MPPT_Solar_Chagre_Controller\MPPT_Solar_Charge_Controller_TestBoard_F303RE\STM32F303RETX_FLASH.ld" --specs=nosys.specs -Wl,-Map="MPPT_Solar_Charge_Controller_TestBoard_F303RE.map" -Wl,--gc-sections -static --specs=nano.specs -mfpu=fpv4-sp-d16 -mfloat-abi=hard -mthumb -u _printf_float -Wl,--start-group -lc -lm -lstdc++ -lsupc++ -Wl,--end-group
Finished building target: MPPT_Solar_Charge_Controller_TestBoard_F303RE.elf
 
arm-none-eabi-size   MPPT_Solar_Charge_Controller_TestBoard_F303RE.elf 
arm-none-eabi-objdump -h -S  MPPT_Solar_Charge_Controller_TestBoard_F303RE.elf  > "MPPT_Solar_Charge_Controller_TestBoard_F303RE.list"
   text	   data	    bss	    dec	    hex	filename
  51752	    488	   3416	  55656	   d968	MPPT_Solar_Charge_Controller_TestBoard_F303RE.elf
Finished building: default.size.stdout
 
Finished building: MPPT_Solar_Charge_Controller_TestBoard_F303RE.list
 
13:16:22 **** Incremental Build of configuration Debug for project MPPT_Solar_Charge_Controller_TestBoard_F303RE ****
make -j8 all 
arm-none-eabi-size   MPPT_Solar_Charge_Controller_TestBoard_F303RE.elf 
   text	   data	    bss	    dec	    hex	filename
  51752	    488	   3416	  55656	   d968	MPPT_Solar_Charge_Controller_TestBoard_F303RE.elf
Finished building: default.size.stdout
 
13:19:42 **** Incremental Build of configuration Debug for project MPPT_Solar_Charge_Controller_TestBoard_F303RE ****
make -j8 all 
arm-none-eabi-g++ "../Core/Src/main.cpp" -mcpu=cortex-m4 -std=gnu++14 -g3 -DDEBUG -DUSE_HAL_DRIVER -DSTM32F303xE -c -I../Core/Inc -I../Drivers/STM32F3xx_HAL_Driver/Inc/Legacy -I../Drivers/STM32F3xx_HAL_Driver/Inc -I../Drivers/CMSIS/Device/ST/STM32F3xx/Include -I../Drivers/CMSIS/Include -I"D:/PROJECT_MPPT/MPPT_Solar_Chagre_Controller/MPPT_Solar_Charge_Controller/Application" -I"D:/PROJECT_MPPT/MPPT_Solar_Chagre_Controller/MPPT_Solar_Charge_Controller/DesignPattern/Singleton" -I"D:/PROJECT_MPPT/MPPT_Solar_Chagre_Controller/MPPT_Solar_Charge_Controller/DesignPattern/StateMachine" -I"D:/PROJECT_MPPT/MPPT_Solar_Chagre_Controller/MPPT_Solar_Charge_Controller/MyDriver" -O0 -ffunction-sections -fdata-sections -fno-exceptions -fno-rtti -fno-use-cxa-atexit -Wall -fstack-usage -fcyclomatic-complexity -MMD -MP -MF"Core/Src/main.d" -MT"Core/Src/main.o" --specs=nano.specs -mfpu=fpv4-sp-d16 -mfloat-abi=hard -mthumb -o "Core/Src/main.o"
In file included from ../Core/Src/main.cpp:30:
D:/PROJECT_MPPT/MPPT_Solar_Chagre_Controller/MPPT_Solar_Charge_Controller/Application/TestLcd.h: In member function 'void blib::LcdSimulate::impl_3_2_ChargeMode()':
D:/PROJECT_MPPT/MPPT_Solar_Chagre_Controller/MPPT_Solar_Charge_Controller/Application/TestLcd.h:607:36: warning: statement has no effect [-Wunused-value]
  607 |                         chargeMode == 0;
      |                         ~~~~~~~~~~~^~~~
../Core/Src/main.cpp: In function 'int main()':
../Core/Src/main.cpp:174:11: warning: unused variable 'analog' [-Wunused-variable]
  174 |     auto &analog = blib::Analog::getInstance();
      |           ^~~~~~
../Core/Src/main.cpp:176:11: warning: unused variable 'chargeCtrl' [-Wunused-variable]
  176 |     auto &chargeCtrl = blib::ChargeControl::getInstance();
      |           ^~~~~~~~~~
arm-none-eabi-g++ -o "MPPT_Solar_Charge_Controller_TestBoard_F303RE.elf" @"objects.list"   -mcpu=cortex-m4 -T"D:\PROJECT_MPPT\MPPT_Solar_Chagre_Controller\MPPT_Solar_Charge_Controller_TestBoard_F303RE\STM32F303RETX_FLASH.ld" --specs=nosys.specs -Wl,-Map="MPPT_Solar_Charge_Controller_TestBoard_F303RE.map" -Wl,--gc-sections -static --specs=nano.specs -mfpu=fpv4-sp-d16 -mfloat-abi=hard -mthumb -u _printf_float -Wl,--start-group -lc -lm -lstdc++ -lsupc++ -Wl,--end-group
Finished building target: MPPT_Solar_Charge_Controller_TestBoard_F303RE.elf
 
arm-none-eabi-size   MPPT_Solar_Charge_Controller_TestBoard_F303RE.elf 
arm-none-eabi-objdump -h -S  MPPT_Solar_Charge_Controller_TestBoard_F303RE.elf  > "MPPT_Solar_Charge_Controller_TestBoard_F303RE.list"
   text	   data	    bss	    dec	    hex	filename
  51800	    488	   3416	  55704	   d998	MPPT_Solar_Charge_Controller_TestBoard_F303RE.elf
Finished building: default.size.stdout
 
Finished building: MPPT_Solar_Charge_Controller_TestBoard_F303RE.list
 
13:22:06 **** Incremental Build of configuration Debug for project MPPT_Solar_Charge_Controller_TestBoard_F303RE ****
make -j8 all 
arm-none-eabi-g++ "../Core/Src/main.cpp" -mcpu=cortex-m4 -std=gnu++14 -g3 -DDEBUG -DUSE_HAL_DRIVER -DSTM32F303xE -c -I../Core/Inc -I../Drivers/STM32F3xx_HAL_Driver/Inc/Legacy -I../Drivers/STM32F3xx_HAL_Driver/Inc -I../Drivers/CMSIS/Device/ST/STM32F3xx/Include -I../Drivers/CMSIS/Include -I"D:/PROJECT_MPPT/MPPT_Solar_Chagre_Controller/MPPT_Solar_Charge_Controller/Application" -I"D:/PROJECT_MPPT/MPPT_Solar_Chagre_Controller/MPPT_Solar_Charge_Controller/DesignPattern/Singleton" -I"D:/PROJECT_MPPT/MPPT_Solar_Chagre_Controller/MPPT_Solar_Charge_Controller/DesignPattern/StateMachine" -I"D:/PROJECT_MPPT/MPPT_Solar_Chagre_Controller/MPPT_Solar_Charge_Controller/MyDriver" -O0 -ffunction-sections -fdata-sections -fno-exceptions -fno-rtti -fno-use-cxa-atexit -Wall -fstack-usage -fcyclomatic-complexity -MMD -MP -MF"Core/Src/main.d" -MT"Core/Src/main.o" --specs=nano.specs -mfpu=fpv4-sp-d16 -mfloat-abi=hard -mthumb -o "Core/Src/main.o"
In file included from ../Core/Src/main.cpp:30:
D:/PROJECT_MPPT/MPPT_Solar_Chagre_Controller/MPPT_Solar_Charge_Controller/Application/TestLcd.h: In member function 'void blib::LcdSimulate::impl_3_2_ChargeMode()':
D:/PROJECT_MPPT/MPPT_Solar_Chagre_Controller/MPPT_Solar_Charge_Controller/Application/TestLcd.h:610:36: warning: statement has no effect [-Wunused-value]
  610 |                         chargeMode == 0;
      |                         ~~~~~~~~~~~^~~~
../Core/Src/main.cpp: In function 'int main()':
../Core/Src/main.cpp:174:11: warning: unused variable 'analog' [-Wunused-variable]
  174 |     auto &analog = blib::Analog::getInstance();
      |           ^~~~~~
../Core/Src/main.cpp:176:11: warning: unused variable 'chargeCtrl' [-Wunused-variable]
  176 |     auto &chargeCtrl = blib::ChargeControl::getInstance();
      |           ^~~~~~~~~~
arm-none-eabi-g++ -o "MPPT_Solar_Charge_Controller_TestBoard_F303RE.elf" @"objects.list"   -mcpu=cortex-m4 -T"D:\PROJECT_MPPT\MPPT_Solar_Chagre_Controller\MPPT_Solar_Charge_Controller_TestBoard_F303RE\STM32F303RETX_FLASH.ld" --specs=nosys.specs -Wl,-Map="MPPT_Solar_Charge_Controller_TestBoard_F303RE.map" -Wl,--gc-sections -static --specs=nano.specs -mfpu=fpv4-sp-d16 -mfloat-abi=hard -mthumb -u _printf_float -Wl,--start-group -lc -lm -lstdc++ -lsupc++ -Wl,--end-group
Finished building target: MPPT_Solar_Charge_Controller_TestBoard_F303RE.elf
 
arm-none-eabi-size   MPPT_Solar_Charge_Controller_TestBoard_F303RE.elf 
arm-none-eabi-objdump -h -S  MPPT_Solar_Charge_Controller_TestBoard_F303RE.elf  > "MPPT_Solar_Charge_Controller_TestBoard_F303RE.list"
   text	   data	    bss	    dec	    hex	filename
  51816	    488	   3416	  55720	   d9a8	MPPT_Solar_Charge_Controller_TestBoard_F303RE.elf
Finished building: default.size.stdout
 
Finished building: MPPT_Solar_Charge_Controller_TestBoard_F303RE.list
 
13:24:21 **** Incremental Build of configuration Debug for project MPPT_Solar_Charge_Controller_TestBoard_F303RE ****
make -j8 all 
arm-none-eabi-g++ "../Core/Src/main.cpp" -mcpu=cortex-m4 -std=gnu++14 -g3 -DDEBUG -DUSE_HAL_DRIVER -DSTM32F303xE -c -I../Core/Inc -I../Drivers/STM32F3xx_HAL_Driver/Inc/Legacy -I../Drivers/STM32F3xx_HAL_Driver/Inc -I../Drivers/CMSIS/Device/ST/STM32F3xx/Include -I../Drivers/CMSIS/Include -I"D:/PROJECT_MPPT/MPPT_Solar_Chagre_Controller/MPPT_Solar_Charge_Controller/Application" -I"D:/PROJECT_MPPT/MPPT_Solar_Chagre_Controller/MPPT_Solar_Charge_Controller/DesignPattern/Singleton" -I"D:/PROJECT_MPPT/MPPT_Solar_Chagre_Controller/MPPT_Solar_Charge_Controller/DesignPattern/StateMachine" -I"D:/PROJECT_MPPT/MPPT_Solar_Chagre_Controller/MPPT_Solar_Charge_Controller/MyDriver" -O0 -ffunction-sections -fdata-sections -fno-exceptions -fno-rtti -fno-use-cxa-atexit -Wall -fstack-usage -fcyclomatic-complexity -MMD -MP -MF"Core/Src/main.d" -MT"Core/Src/main.o" --specs=nano.specs -mfpu=fpv4-sp-d16 -mfloat-abi=hard -mthumb -o "Core/Src/main.o"
In file included from ../Core/Src/main.cpp:30:
D:/PROJECT_MPPT/MPPT_Solar_Chagre_Controller/MPPT_Solar_Charge_Controller/Application/TestLcd.h: In member function 'void blib::LcdSimulate::impl_3_AboutScreen()':
D:/PROJECT_MPPT/MPPT_Solar_Chagre_Controller/MPPT_Solar_Charge_Controller/Application/TestLcd.h:163:64: error: lvalue required as unary '&' operand
  163 |                     mCallback = &LcdSimulate::impl_2_MenuScreen();
      |                                  ~~~~~~~~~~~~~~~~~~~~~~~~~~~~~~^~
D:/PROJECT_MPPT/MPPT_Solar_Chagre_Controller/MPPT_Solar_Charge_Controller/Application/TestLcd.h: In member function 'void blib::LcdSimulate::impl_3_2_ChargeMode()':
D:/PROJECT_MPPT/MPPT_Solar_Chagre_Controller/MPPT_Solar_Charge_Controller/Application/TestLcd.h:611:36: warning: statement has no effect [-Wunused-value]
  611 |                         chargeMode == 0;
      |                         ~~~~~~~~~~~^~~~
../Core/Src/main.cpp: In function 'int main()':
../Core/Src/main.cpp:174:11: warning: unused variable 'analog' [-Wunused-variable]
  174 |     auto &analog = blib::Analog::getInstance();
      |           ^~~~~~
../Core/Src/main.cpp:176:11: warning: unused variable 'chargeCtrl' [-Wunused-variable]
  176 |     auto &chargeCtrl = blib::ChargeControl::getInstance();
      |           ^~~~~~~~~~
make: *** [Core/Src/subdir.mk:38: Core/Src/main.o] Error 1
"make -j8 all" terminated with exit code 2. Build might be incomplete.
13:24:36 **** Incremental Build of configuration Debug for project MPPT_Solar_Charge_Controller_TestBoard_F303RE ****
make -j8 all 
arm-none-eabi-g++ "../Core/Src/main.cpp" -mcpu=cortex-m4 -std=gnu++14 -g3 -DDEBUG -DUSE_HAL_DRIVER -DSTM32F303xE -c -I../Core/Inc -I../Drivers/STM32F3xx_HAL_Driver/Inc/Legacy -I../Drivers/STM32F3xx_HAL_Driver/Inc -I../Drivers/CMSIS/Device/ST/STM32F3xx/Include -I../Drivers/CMSIS/Include -I"D:/PROJECT_MPPT/MPPT_Solar_Chagre_Controller/MPPT_Solar_Charge_Controller/Application" -I"D:/PROJECT_MPPT/MPPT_Solar_Chagre_Controller/MPPT_Solar_Charge_Controller/DesignPattern/Singleton" -I"D:/PROJECT_MPPT/MPPT_Solar_Chagre_Controller/MPPT_Solar_Charge_Controller/DesignPattern/StateMachine" -I"D:/PROJECT_MPPT/MPPT_Solar_Chagre_Controller/MPPT_Solar_Charge_Controller/MyDriver" -O0 -ffunction-sections -fdata-sections -fno-exceptions -fno-rtti -fno-use-cxa-atexit -Wall -fstack-usage -fcyclomatic-complexity -MMD -MP -MF"Core/Src/main.d" -MT"Core/Src/main.o" --specs=nano.specs -mfpu=fpv4-sp-d16 -mfloat-abi=hard -mthumb -o "Core/Src/main.o"
In file included from ../Core/Src/main.cpp:30:
D:/PROJECT_MPPT/MPPT_Solar_Chagre_Controller/MPPT_Solar_Charge_Controller/Application/TestLcd.h: In member function 'void blib::LcdSimulate::impl_3_2_ChargeMode()':
D:/PROJECT_MPPT/MPPT_Solar_Chagre_Controller/MPPT_Solar_Charge_Controller/Application/TestLcd.h:611:36: warning: statement has no effect [-Wunused-value]
  611 |                         chargeMode == 0;
      |                         ~~~~~~~~~~~^~~~
../Core/Src/main.cpp: In function 'int main()':
../Core/Src/main.cpp:174:11: warning: unused variable 'analog' [-Wunused-variable]
  174 |     auto &analog = blib::Analog::getInstance();
      |           ^~~~~~
../Core/Src/main.cpp:176:11: warning: unused variable 'chargeCtrl' [-Wunused-variable]
  176 |     auto &chargeCtrl = blib::ChargeControl::getInstance();
      |           ^~~~~~~~~~
arm-none-eabi-g++ -o "MPPT_Solar_Charge_Controller_TestBoard_F303RE.elf" @"objects.list"   -mcpu=cortex-m4 -T"D:\PROJECT_MPPT\MPPT_Solar_Chagre_Controller\MPPT_Solar_Charge_Controller_TestBoard_F303RE\STM32F303RETX_FLASH.ld" --specs=nosys.specs -Wl,-Map="MPPT_Solar_Charge_Controller_TestBoard_F303RE.map" -Wl,--gc-sections -static --specs=nano.specs -mfpu=fpv4-sp-d16 -mfloat-abi=hard -mthumb -u _printf_float -Wl,--start-group -lc -lm -lstdc++ -lsupc++ -Wl,--end-group
Finished building target: MPPT_Solar_Charge_Controller_TestBoard_F303RE.elf
 
arm-none-eabi-size   MPPT_Solar_Charge_Controller_TestBoard_F303RE.elf 
arm-none-eabi-objdump -h -S  MPPT_Solar_Charge_Controller_TestBoard_F303RE.elf  > "MPPT_Solar_Charge_Controller_TestBoard_F303RE.list"
   text	   data	    bss	    dec	    hex	filename
  51824	    488	   3416	  55728	   d9b0	MPPT_Solar_Charge_Controller_TestBoard_F303RE.elf
Finished building: default.size.stdout
 
Finished building: MPPT_Solar_Charge_Controller_TestBoard_F303RE.list
 
13:26:21 **** Incremental Build of configuration Debug for project MPPT_Solar_Charge_Controller_TestBoard_F303RE ****
make -j8 all 
arm-none-eabi-g++ "../Core/Src/main.cpp" -mcpu=cortex-m4 -std=gnu++14 -g3 -DDEBUG -DUSE_HAL_DRIVER -DSTM32F303xE -c -I../Core/Inc -I../Drivers/STM32F3xx_HAL_Driver/Inc/Legacy -I../Drivers/STM32F3xx_HAL_Driver/Inc -I../Drivers/CMSIS/Device/ST/STM32F3xx/Include -I../Drivers/CMSIS/Include -I"D:/PROJECT_MPPT/MPPT_Solar_Chagre_Controller/MPPT_Solar_Charge_Controller/Application" -I"D:/PROJECT_MPPT/MPPT_Solar_Chagre_Controller/MPPT_Solar_Charge_Controller/DesignPattern/Singleton" -I"D:/PROJECT_MPPT/MPPT_Solar_Chagre_Controller/MPPT_Solar_Charge_Controller/DesignPattern/StateMachine" -I"D:/PROJECT_MPPT/MPPT_Solar_Chagre_Controller/MPPT_Solar_Charge_Controller/MyDriver" -O0 -ffunction-sections -fdata-sections -fno-exceptions -fno-rtti -fno-use-cxa-atexit -Wall -fstack-usage -fcyclomatic-complexity -MMD -MP -MF"Core/Src/main.d" -MT"Core/Src/main.o" --specs=nano.specs -mfpu=fpv4-sp-d16 -mfloat-abi=hard -mthumb -o "Core/Src/main.o"
In file included from ../Core/Src/main.cpp:30:
D:/PROJECT_MPPT/MPPT_Solar_Chagre_Controller/MPPT_Solar_Charge_Controller/Application/TestLcd.h: In member function 'void blib::LcdSimulate::impl_3_2_ChargeMode()':
D:/PROJECT_MPPT/MPPT_Solar_Chagre_Controller/MPPT_Solar_Charge_Controller/Application/TestLcd.h:612:36: warning: statement has no effect [-Wunused-value]
  612 |                         chargeMode == 0;
      |                         ~~~~~~~~~~~^~~~
../Core/Src/main.cpp: In function 'int main()':
../Core/Src/main.cpp:174:11: warning: unused variable 'analog' [-Wunused-variable]
  174 |     auto &analog = blib::Analog::getInstance();
      |           ^~~~~~
../Core/Src/main.cpp:176:11: warning: unused variable 'chargeCtrl' [-Wunused-variable]
  176 |     auto &chargeCtrl = blib::ChargeControl::getInstance();
      |           ^~~~~~~~~~
arm-none-eabi-g++ -o "MPPT_Solar_Charge_Controller_TestBoard_F303RE.elf" @"objects.list"   -mcpu=cortex-m4 -T"D:\PROJECT_MPPT\MPPT_Solar_Chagre_Controller\MPPT_Solar_Charge_Controller_TestBoard_F303RE\STM32F303RETX_FLASH.ld" --specs=nosys.specs -Wl,-Map="MPPT_Solar_Charge_Controller_TestBoard_F303RE.map" -Wl,--gc-sections -static --specs=nano.specs -mfpu=fpv4-sp-d16 -mfloat-abi=hard -mthumb -u _printf_float -Wl,--start-group -lc -lm -lstdc++ -lsupc++ -Wl,--end-group
Finished building target: MPPT_Solar_Charge_Controller_TestBoard_F303RE.elf
 
arm-none-eabi-size   MPPT_Solar_Charge_Controller_TestBoard_F303RE.elf 
arm-none-eabi-objdump -h -S  MPPT_Solar_Charge_Controller_TestBoard_F303RE.elf  > "MPPT_Solar_Charge_Controller_TestBoard_F303RE.list"
   text	   data	    bss	    dec	    hex	filename
  51840	    488	   3416	  55744	   d9c0	MPPT_Solar_Charge_Controller_TestBoard_F303RE.elf
Finished building: default.size.stdout
 
Finished building: MPPT_Solar_Charge_Controller_TestBoard_F303RE.list
 
13:31:42 **** Incremental Build of configuration Debug for project MPPT_Solar_Charge_Controller_TestBoard_F303RE ****
make -j8 all 
arm-none-eabi-g++ "../Core/Src/main.cpp" -mcpu=cortex-m4 -std=gnu++14 -g3 -DDEBUG -DUSE_HAL_DRIVER -DSTM32F303xE -c -I../Core/Inc -I../Drivers/STM32F3xx_HAL_Driver/Inc/Legacy -I../Drivers/STM32F3xx_HAL_Driver/Inc -I../Drivers/CMSIS/Device/ST/STM32F3xx/Include -I../Drivers/CMSIS/Include -I"D:/PROJECT_MPPT/MPPT_Solar_Chagre_Controller/MPPT_Solar_Charge_Controller/Application" -I"D:/PROJECT_MPPT/MPPT_Solar_Chagre_Controller/MPPT_Solar_Charge_Controller/DesignPattern/Singleton" -I"D:/PROJECT_MPPT/MPPT_Solar_Chagre_Controller/MPPT_Solar_Charge_Controller/DesignPattern/StateMachine" -I"D:/PROJECT_MPPT/MPPT_Solar_Chagre_Controller/MPPT_Solar_Charge_Controller/MyDriver" -O0 -ffunction-sections -fdata-sections -fno-exceptions -fno-rtti -fno-use-cxa-atexit -Wall -fstack-usage -fcyclomatic-complexity -MMD -MP -MF"Core/Src/main.d" -MT"Core/Src/main.o" --specs=nano.specs -mfpu=fpv4-sp-d16 -mfloat-abi=hard -mthumb -o "Core/Src/main.o"
In file included from ../Core/Src/main.cpp:30:
D:/PROJECT_MPPT/MPPT_Solar_Chagre_Controller/MPPT_Solar_Charge_Controller/Application/TestLcd.h: In member function 'void blib::LcdSimulate::impl_3_2_ChargeMode()':
D:/PROJECT_MPPT/MPPT_Solar_Chagre_Controller/MPPT_Solar_Charge_Controller/Application/TestLcd.h:614:36: warning: statement has no effect [-Wunused-value]
  614 |                         chargeMode == 0;
      |                         ~~~~~~~~~~~^~~~
../Core/Src/main.cpp: In function 'int main()':
../Core/Src/main.cpp:174:11: warning: unused variable 'analog' [-Wunused-variable]
  174 |     auto &analog = blib::Analog::getInstance();
      |           ^~~~~~
../Core/Src/main.cpp:176:11: warning: unused variable 'chargeCtrl' [-Wunused-variable]
  176 |     auto &chargeCtrl = blib::ChargeControl::getInstance();
      |           ^~~~~~~~~~
arm-none-eabi-g++ -o "MPPT_Solar_Charge_Controller_TestBoard_F303RE.elf" @"objects.list"   -mcpu=cortex-m4 -T"D:\PROJECT_MPPT\MPPT_Solar_Chagre_Controller\MPPT_Solar_Charge_Controller_TestBoard_F303RE\STM32F303RETX_FLASH.ld" --specs=nosys.specs -Wl,-Map="MPPT_Solar_Charge_Controller_TestBoard_F303RE.map" -Wl,--gc-sections -static --specs=nano.specs -mfpu=fpv4-sp-d16 -mfloat-abi=hard -mthumb -u _printf_float -Wl,--start-group -lc -lm -lstdc++ -lsupc++ -Wl,--end-group
Finished building target: MPPT_Solar_Charge_Controller_TestBoard_F303RE.elf
 
arm-none-eabi-size   MPPT_Solar_Charge_Controller_TestBoard_F303RE.elf 
arm-none-eabi-objdump -h -S  MPPT_Solar_Charge_Controller_TestBoard_F303RE.elf  > "MPPT_Solar_Charge_Controller_TestBoard_F303RE.list"
   text	   data	    bss	    dec	    hex	filename
  51848	    488	   3416	  55752	   d9c8	MPPT_Solar_Charge_Controller_TestBoard_F303RE.elf
Finished building: default.size.stdout
 
Finished building: MPPT_Solar_Charge_Controller_TestBoard_F303RE.list
 
13:32:14 **** Incremental Build of configuration Debug for project MPPT_Solar_Charge_Controller_TestBoard_F303RE ****
make -j8 all 
arm-none-eabi-g++ "../Core/Src/main.cpp" -mcpu=cortex-m4 -std=gnu++14 -g3 -DDEBUG -DUSE_HAL_DRIVER -DSTM32F303xE -c -I../Core/Inc -I../Drivers/STM32F3xx_HAL_Driver/Inc/Legacy -I../Drivers/STM32F3xx_HAL_Driver/Inc -I../Drivers/CMSIS/Device/ST/STM32F3xx/Include -I../Drivers/CMSIS/Include -I"D:/PROJECT_MPPT/MPPT_Solar_Chagre_Controller/MPPT_Solar_Charge_Controller/Application" -I"D:/PROJECT_MPPT/MPPT_Solar_Chagre_Controller/MPPT_Solar_Charge_Controller/DesignPattern/Singleton" -I"D:/PROJECT_MPPT/MPPT_Solar_Chagre_Controller/MPPT_Solar_Charge_Controller/DesignPattern/StateMachine" -I"D:/PROJECT_MPPT/MPPT_Solar_Chagre_Controller/MPPT_Solar_Charge_Controller/MyDriver" -O0 -ffunction-sections -fdata-sections -fno-exceptions -fno-rtti -fno-use-cxa-atexit -Wall -fstack-usage -fcyclomatic-complexity -MMD -MP -MF"Core/Src/main.d" -MT"Core/Src/main.o" --specs=nano.specs -mfpu=fpv4-sp-d16 -mfloat-abi=hard -mthumb -o "Core/Src/main.o"
In file included from ../Core/Src/main.cpp:30:
D:/PROJECT_MPPT/MPPT_Solar_Chagre_Controller/MPPT_Solar_Charge_Controller/Application/TestLcd.h: In member function 'void blib::LcdSimulate::impl_3_2_ChargeMode()':
D:/PROJECT_MPPT/MPPT_Solar_Chagre_Controller/MPPT_Solar_Charge_Controller/Application/TestLcd.h:614:36: warning: statement has no effect [-Wunused-value]
  614 |                         chargeMode == 0;
      |                         ~~~~~~~~~~~^~~~
../Core/Src/main.cpp: In function 'int main()':
../Core/Src/main.cpp:174:11: warning: unused variable 'analog' [-Wunused-variable]
  174 |     auto &analog = blib::Analog::getInstance();
      |           ^~~~~~
../Core/Src/main.cpp:176:11: warning: unused variable 'chargeCtrl' [-Wunused-variable]
  176 |     auto &chargeCtrl = blib::ChargeControl::getInstance();
      |           ^~~~~~~~~~
arm-none-eabi-g++ -o "MPPT_Solar_Charge_Controller_TestBoard_F303RE.elf" @"objects.list"   -mcpu=cortex-m4 -T"D:\PROJECT_MPPT\MPPT_Solar_Chagre_Controller\MPPT_Solar_Charge_Controller_TestBoard_F303RE\STM32F303RETX_FLASH.ld" --specs=nosys.specs -Wl,-Map="MPPT_Solar_Charge_Controller_TestBoard_F303RE.map" -Wl,--gc-sections -static --specs=nano.specs -mfpu=fpv4-sp-d16 -mfloat-abi=hard -mthumb -u _printf_float -Wl,--start-group -lc -lm -lstdc++ -lsupc++ -Wl,--end-group
Finished building target: MPPT_Solar_Charge_Controller_TestBoard_F303RE.elf
 
arm-none-eabi-size   MPPT_Solar_Charge_Controller_TestBoard_F303RE.elf 
arm-none-eabi-objdump -h -S  MPPT_Solar_Charge_Controller_TestBoard_F303RE.elf  > "MPPT_Solar_Charge_Controller_TestBoard_F303RE.list"
   text	   data	    bss	    dec	    hex	filename
  51848	    488	   3416	  55752	   d9c8	MPPT_Solar_Charge_Controller_TestBoard_F303RE.elf
Finished building: default.size.stdout
 
Finished building: MPPT_Solar_Charge_Controller_TestBoard_F303RE.list
 
13:35:15 **** Incremental Build of configuration Debug for project MPPT_Solar_Charge_Controller_TestBoard_F303RE ****
make -j8 all 
arm-none-eabi-g++ "../Core/Src/main.cpp" -mcpu=cortex-m4 -std=gnu++14 -g3 -DDEBUG -DUSE_HAL_DRIVER -DSTM32F303xE -c -I../Core/Inc -I../Drivers/STM32F3xx_HAL_Driver/Inc/Legacy -I../Drivers/STM32F3xx_HAL_Driver/Inc -I../Drivers/CMSIS/Device/ST/STM32F3xx/Include -I../Drivers/CMSIS/Include -I"D:/PROJECT_MPPT/MPPT_Solar_Chagre_Controller/MPPT_Solar_Charge_Controller/Application" -I"D:/PROJECT_MPPT/MPPT_Solar_Chagre_Controller/MPPT_Solar_Charge_Controller/DesignPattern/Singleton" -I"D:/PROJECT_MPPT/MPPT_Solar_Chagre_Controller/MPPT_Solar_Charge_Controller/DesignPattern/StateMachine" -I"D:/PROJECT_MPPT/MPPT_Solar_Chagre_Controller/MPPT_Solar_Charge_Controller/MyDriver" -O0 -ffunction-sections -fdata-sections -fno-exceptions -fno-rtti -fno-use-cxa-atexit -Wall -fstack-usage -fcyclomatic-complexity -MMD -MP -MF"Core/Src/main.d" -MT"Core/Src/main.o" --specs=nano.specs -mfpu=fpv4-sp-d16 -mfloat-abi=hard -mthumb -o "Core/Src/main.o"
In file included from ../Core/Src/main.cpp:30:
D:/PROJECT_MPPT/MPPT_Solar_Chagre_Controller/MPPT_Solar_Charge_Controller/Application/TestLcd.h: In member function 'void blib::LcdSimulate::impl_3_2_ChargeMode()':
D:/PROJECT_MPPT/MPPT_Solar_Chagre_Controller/MPPT_Solar_Charge_Controller/Application/TestLcd.h:614:36: warning: statement has no effect [-Wunused-value]
  614 |                         chargeMode == 0;
      |                         ~~~~~~~~~~~^~~~
../Core/Src/main.cpp: In function 'int main()':
../Core/Src/main.cpp:174:11: warning: unused variable 'analog' [-Wunused-variable]
  174 |     auto &analog = blib::Analog::getInstance();
      |           ^~~~~~
../Core/Src/main.cpp:176:11: warning: unused variable 'chargeCtrl' [-Wunused-variable]
  176 |     auto &chargeCtrl = blib::ChargeControl::getInstance();
      |           ^~~~~~~~~~
arm-none-eabi-g++ -o "MPPT_Solar_Charge_Controller_TestBoard_F303RE.elf" @"objects.list"   -mcpu=cortex-m4 -T"D:\PROJECT_MPPT\MPPT_Solar_Chagre_Controller\MPPT_Solar_Charge_Controller_TestBoard_F303RE\STM32F303RETX_FLASH.ld" --specs=nosys.specs -Wl,-Map="MPPT_Solar_Charge_Controller_TestBoard_F303RE.map" -Wl,--gc-sections -static --specs=nano.specs -mfpu=fpv4-sp-d16 -mfloat-abi=hard -mthumb -u _printf_float -Wl,--start-group -lc -lm -lstdc++ -lsupc++ -Wl,--end-group
Finished building target: MPPT_Solar_Charge_Controller_TestBoard_F303RE.elf
 
arm-none-eabi-size   MPPT_Solar_Charge_Controller_TestBoard_F303RE.elf 
arm-none-eabi-objdump -h -S  MPPT_Solar_Charge_Controller_TestBoard_F303RE.elf  > "MPPT_Solar_Charge_Controller_TestBoard_F303RE.list"
   text	   data	    bss	    dec	    hex	filename
  51848	    488	   3416	  55752	   d9c8	MPPT_Solar_Charge_Controller_TestBoard_F303RE.elf
Finished building: default.size.stdout
 
Finished building: MPPT_Solar_Charge_Controller_TestBoard_F303RE.list
 
13:37:17 **** Incremental Build of configuration Debug for project MPPT_Solar_Charge_Controller_TestBoard_F303RE ****
make -j8 all 
arm-none-eabi-g++ "../Core/Src/main.cpp" -mcpu=cortex-m4 -std=gnu++14 -g3 -DDEBUG -DUSE_HAL_DRIVER -DSTM32F303xE -c -I../Core/Inc -I../Drivers/STM32F3xx_HAL_Driver/Inc/Legacy -I../Drivers/STM32F3xx_HAL_Driver/Inc -I../Drivers/CMSIS/Device/ST/STM32F3xx/Include -I../Drivers/CMSIS/Include -I"D:/PROJECT_MPPT/MPPT_Solar_Chagre_Controller/MPPT_Solar_Charge_Controller/Application" -I"D:/PROJECT_MPPT/MPPT_Solar_Chagre_Controller/MPPT_Solar_Charge_Controller/DesignPattern/Singleton" -I"D:/PROJECT_MPPT/MPPT_Solar_Chagre_Controller/MPPT_Solar_Charge_Controller/DesignPattern/StateMachine" -I"D:/PROJECT_MPPT/MPPT_Solar_Chagre_Controller/MPPT_Solar_Charge_Controller/MyDriver" -O0 -ffunction-sections -fdata-sections -fno-exceptions -fno-rtti -fno-use-cxa-atexit -Wall -fstack-usage -fcyclomatic-complexity -MMD -MP -MF"Core/Src/main.d" -MT"Core/Src/main.o" --specs=nano.specs -mfpu=fpv4-sp-d16 -mfloat-abi=hard -mthumb -o "Core/Src/main.o"
In file included from ../Core/Src/main.cpp:30:
D:/PROJECT_MPPT/MPPT_Solar_Chagre_Controller/MPPT_Solar_Charge_Controller/Application/TestLcd.h: In member function 'void blib::LcdSimulate::impl_3_2_ChargeMode()':
D:/PROJECT_MPPT/MPPT_Solar_Chagre_Controller/MPPT_Solar_Charge_Controller/Application/TestLcd.h:614:36: warning: statement has no effect [-Wunused-value]
  614 |                         chargeMode == 0;
      |                         ~~~~~~~~~~~^~~~
../Core/Src/main.cpp: In function 'int main()':
../Core/Src/main.cpp:174:11: warning: unused variable 'analog' [-Wunused-variable]
  174 |     auto &analog = blib::Analog::getInstance();
      |           ^~~~~~
../Core/Src/main.cpp:176:11: warning: unused variable 'chargeCtrl' [-Wunused-variable]
  176 |     auto &chargeCtrl = blib::ChargeControl::getInstance();
      |           ^~~~~~~~~~
arm-none-eabi-g++ -o "MPPT_Solar_Charge_Controller_TestBoard_F303RE.elf" @"objects.list"   -mcpu=cortex-m4 -T"D:\PROJECT_MPPT\MPPT_Solar_Chagre_Controller\MPPT_Solar_Charge_Controller_TestBoard_F303RE\STM32F303RETX_FLASH.ld" --specs=nosys.specs -Wl,-Map="MPPT_Solar_Charge_Controller_TestBoard_F303RE.map" -Wl,--gc-sections -static --specs=nano.specs -mfpu=fpv4-sp-d16 -mfloat-abi=hard -mthumb -u _printf_float -Wl,--start-group -lc -lm -lstdc++ -lsupc++ -Wl,--end-group
Finished building target: MPPT_Solar_Charge_Controller_TestBoard_F303RE.elf
 
arm-none-eabi-size   MPPT_Solar_Charge_Controller_TestBoard_F303RE.elf 
arm-none-eabi-objdump -h -S  MPPT_Solar_Charge_Controller_TestBoard_F303RE.elf  > "MPPT_Solar_Charge_Controller_TestBoard_F303RE.list"
   text	   data	    bss	    dec	    hex	filename
  51848	    488	   3416	  55752	   d9c8	MPPT_Solar_Charge_Controller_TestBoard_F303RE.elf
Finished building: default.size.stdout
 
Finished building: MPPT_Solar_Charge_Controller_TestBoard_F303RE.list
 
13:46:32 **** Incremental Build of configuration Debug for project MPPT_Solar_Charge_Controller_TestBoard_F303RE ****
make -j8 all 
arm-none-eabi-g++ "../Core/Src/main.cpp" -mcpu=cortex-m4 -std=gnu++14 -g3 -DDEBUG -DUSE_HAL_DRIVER -DSTM32F303xE -c -I../Core/Inc -I../Drivers/STM32F3xx_HAL_Driver/Inc/Legacy -I../Drivers/STM32F3xx_HAL_Driver/Inc -I../Drivers/CMSIS/Device/ST/STM32F3xx/Include -I../Drivers/CMSIS/Include -I"D:/PROJECT_MPPT/MPPT_Solar_Chagre_Controller/MPPT_Solar_Charge_Controller/Application" -I"D:/PROJECT_MPPT/MPPT_Solar_Chagre_Controller/MPPT_Solar_Charge_Controller/DesignPattern/Singleton" -I"D:/PROJECT_MPPT/MPPT_Solar_Chagre_Controller/MPPT_Solar_Charge_Controller/DesignPattern/StateMachine" -I"D:/PROJECT_MPPT/MPPT_Solar_Chagre_Controller/MPPT_Solar_Charge_Controller/MyDriver" -O0 -ffunction-sections -fdata-sections -fno-exceptions -fno-rtti -fno-use-cxa-atexit -Wall -fstack-usage -fcyclomatic-complexity -MMD -MP -MF"Core/Src/main.d" -MT"Core/Src/main.o" --specs=nano.specs -mfpu=fpv4-sp-d16 -mfloat-abi=hard -mthumb -o "Core/Src/main.o"
In file included from ../Core/Src/main.cpp:30:
D:/PROJECT_MPPT/MPPT_Solar_Chagre_Controller/MPPT_Solar_Charge_Controller/Application/TestLcd.h: In member function 'void blib::LcdSimulate::impl_3_2_ChargeMode()':
D:/PROJECT_MPPT/MPPT_Solar_Chagre_Controller/MPPT_Solar_Charge_Controller/Application/TestLcd.h:621:36: warning: statement has no effect [-Wunused-value]
  621 |                         chargeMode == 0;
      |                         ~~~~~~~~~~~^~~~
../Core/Src/main.cpp: In function 'int main()':
../Core/Src/main.cpp:174:11: warning: unused variable 'analog' [-Wunused-variable]
  174 |     auto &analog = blib::Analog::getInstance();
      |           ^~~~~~
../Core/Src/main.cpp:176:11: warning: unused variable 'chargeCtrl' [-Wunused-variable]
  176 |     auto &chargeCtrl = blib::ChargeControl::getInstance();
      |           ^~~~~~~~~~
arm-none-eabi-g++ -o "MPPT_Solar_Charge_Controller_TestBoard_F303RE.elf" @"objects.list"   -mcpu=cortex-m4 -T"D:\PROJECT_MPPT\MPPT_Solar_Chagre_Controller\MPPT_Solar_Charge_Controller_TestBoard_F303RE\STM32F303RETX_FLASH.ld" --specs=nosys.specs -Wl,-Map="MPPT_Solar_Charge_Controller_TestBoard_F303RE.map" -Wl,--gc-sections -static --specs=nano.specs -mfpu=fpv4-sp-d16 -mfloat-abi=hard -mthumb -u _printf_float -Wl,--start-group -lc -lm -lstdc++ -lsupc++ -Wl,--end-group
Finished building target: MPPT_Solar_Charge_Controller_TestBoard_F303RE.elf
 
arm-none-eabi-size   MPPT_Solar_Charge_Controller_TestBoard_F303RE.elf 
arm-none-eabi-objdump -h -S  MPPT_Solar_Charge_Controller_TestBoard_F303RE.elf  > "MPPT_Solar_Charge_Controller_TestBoard_F303RE.list"
   text	   data	    bss	    dec	    hex	filename
  51888	    488	   3416	  55792	   d9f0	MPPT_Solar_Charge_Controller_TestBoard_F303RE.elf
Finished building: default.size.stdout
 
Finished building: MPPT_Solar_Charge_Controller_TestBoard_F303RE.list
 
13:47:21 **** Incremental Build of configuration Debug for project MPPT_Solar_Charge_Controller_TestBoard_F303RE ****
make -j8 all 
arm-none-eabi-g++ "../Core/Src/main.cpp" -mcpu=cortex-m4 -std=gnu++14 -g3 -DDEBUG -DUSE_HAL_DRIVER -DSTM32F303xE -c -I../Core/Inc -I../Drivers/STM32F3xx_HAL_Driver/Inc/Legacy -I../Drivers/STM32F3xx_HAL_Driver/Inc -I../Drivers/CMSIS/Device/ST/STM32F3xx/Include -I../Drivers/CMSIS/Include -I"D:/PROJECT_MPPT/MPPT_Solar_Chagre_Controller/MPPT_Solar_Charge_Controller/Application" -I"D:/PROJECT_MPPT/MPPT_Solar_Chagre_Controller/MPPT_Solar_Charge_Controller/DesignPattern/Singleton" -I"D:/PROJECT_MPPT/MPPT_Solar_Chagre_Controller/MPPT_Solar_Charge_Controller/DesignPattern/StateMachine" -I"D:/PROJECT_MPPT/MPPT_Solar_Chagre_Controller/MPPT_Solar_Charge_Controller/MyDriver" -O0 -ffunction-sections -fdata-sections -fno-exceptions -fno-rtti -fno-use-cxa-atexit -Wall -fstack-usage -fcyclomatic-complexity -MMD -MP -MF"Core/Src/main.d" -MT"Core/Src/main.o" --specs=nano.specs -mfpu=fpv4-sp-d16 -mfloat-abi=hard -mthumb -o "Core/Src/main.o"
In file included from ../Core/Src/main.cpp:30:
D:/PROJECT_MPPT/MPPT_Solar_Chagre_Controller/MPPT_Solar_Charge_Controller/Application/TestLcd.h: In member function 'void blib::LcdSimulate::impl_3_2_ChargeMode()':
D:/PROJECT_MPPT/MPPT_Solar_Chagre_Controller/MPPT_Solar_Charge_Controller/Application/TestLcd.h:621:36: warning: statement has no effect [-Wunused-value]
  621 |                         chargeMode == 0;
      |                         ~~~~~~~~~~~^~~~
../Core/Src/main.cpp: In function 'int main()':
../Core/Src/main.cpp:174:11: warning: unused variable 'analog' [-Wunused-variable]
  174 |     auto &analog = blib::Analog::getInstance();
      |           ^~~~~~
../Core/Src/main.cpp:176:11: warning: unused variable 'chargeCtrl' [-Wunused-variable]
  176 |     auto &chargeCtrl = blib::ChargeControl::getInstance();
      |           ^~~~~~~~~~
arm-none-eabi-g++ -o "MPPT_Solar_Charge_Controller_TestBoard_F303RE.elf" @"objects.list"   -mcpu=cortex-m4 -T"D:\PROJECT_MPPT\MPPT_Solar_Chagre_Controller\MPPT_Solar_Charge_Controller_TestBoard_F303RE\STM32F303RETX_FLASH.ld" --specs=nosys.specs -Wl,-Map="MPPT_Solar_Charge_Controller_TestBoard_F303RE.map" -Wl,--gc-sections -static --specs=nano.specs -mfpu=fpv4-sp-d16 -mfloat-abi=hard -mthumb -u _printf_float -Wl,--start-group -lc -lm -lstdc++ -lsupc++ -Wl,--end-group
Finished building target: MPPT_Solar_Charge_Controller_TestBoard_F303RE.elf
 
arm-none-eabi-size   MPPT_Solar_Charge_Controller_TestBoard_F303RE.elf 
arm-none-eabi-objdump -h -S  MPPT_Solar_Charge_Controller_TestBoard_F303RE.elf  > "MPPT_Solar_Charge_Controller_TestBoard_F303RE.list"
   text	   data	    bss	    dec	    hex	filename
  51888	    488	   3416	  55792	   d9f0	MPPT_Solar_Charge_Controller_TestBoard_F303RE.elf
Finished building: default.size.stdout
 
Finished building: MPPT_Solar_Charge_Controller_TestBoard_F303RE.list
 
13:50:33 **** Incremental Build of configuration Debug for project MPPT_Solar_Charge_Controller_TestBoard_F303RE ****
make -j8 all 
arm-none-eabi-g++ "../Core/Src/main.cpp" -mcpu=cortex-m4 -std=gnu++14 -g3 -DDEBUG -DUSE_HAL_DRIVER -DSTM32F303xE -c -I../Core/Inc -I../Drivers/STM32F3xx_HAL_Driver/Inc/Legacy -I../Drivers/STM32F3xx_HAL_Driver/Inc -I../Drivers/CMSIS/Device/ST/STM32F3xx/Include -I../Drivers/CMSIS/Include -I"D:/PROJECT_MPPT/MPPT_Solar_Chagre_Controller/MPPT_Solar_Charge_Controller/Application" -I"D:/PROJECT_MPPT/MPPT_Solar_Chagre_Controller/MPPT_Solar_Charge_Controller/DesignPattern/Singleton" -I"D:/PROJECT_MPPT/MPPT_Solar_Chagre_Controller/MPPT_Solar_Charge_Controller/DesignPattern/StateMachine" -I"D:/PROJECT_MPPT/MPPT_Solar_Chagre_Controller/MPPT_Solar_Charge_Controller/MyDriver" -O0 -ffunction-sections -fdata-sections -fno-exceptions -fno-rtti -fno-use-cxa-atexit -Wall -fstack-usage -fcyclomatic-complexity -MMD -MP -MF"Core/Src/main.d" -MT"Core/Src/main.o" --specs=nano.specs -mfpu=fpv4-sp-d16 -mfloat-abi=hard -mthumb -o "Core/Src/main.o"
In file included from ../Core/Src/main.cpp:30:
D:/PROJECT_MPPT/MPPT_Solar_Chagre_Controller/MPPT_Solar_Charge_Controller/Application/TestLcd.h: In member function 'void blib::LcdSimulate::impl_3_2_ChargeMode()':
D:/PROJECT_MPPT/MPPT_Solar_Chagre_Controller/MPPT_Solar_Charge_Controller/Application/TestLcd.h:622:36: warning: statement has no effect [-Wunused-value]
  622 |                         chargeMode == 0;
      |                         ~~~~~~~~~~~^~~~
../Core/Src/main.cpp: In function 'int main()':
../Core/Src/main.cpp:174:11: warning: unused variable 'analog' [-Wunused-variable]
  174 |     auto &analog = blib::Analog::getInstance();
      |           ^~~~~~
../Core/Src/main.cpp:176:11: warning: unused variable 'chargeCtrl' [-Wunused-variable]
  176 |     auto &chargeCtrl = blib::ChargeControl::getInstance();
      |           ^~~~~~~~~~
arm-none-eabi-g++ -o "MPPT_Solar_Charge_Controller_TestBoard_F303RE.elf" @"objects.list"   -mcpu=cortex-m4 -T"D:\PROJECT_MPPT\MPPT_Solar_Chagre_Controller\MPPT_Solar_Charge_Controller_TestBoard_F303RE\STM32F303RETX_FLASH.ld" --specs=nosys.specs -Wl,-Map="MPPT_Solar_Charge_Controller_TestBoard_F303RE.map" -Wl,--gc-sections -static --specs=nano.specs -mfpu=fpv4-sp-d16 -mfloat-abi=hard -mthumb -u _printf_float -Wl,--start-group -lc -lm -lstdc++ -lsupc++ -Wl,--end-group
Finished building target: MPPT_Solar_Charge_Controller_TestBoard_F303RE.elf
 
arm-none-eabi-size   MPPT_Solar_Charge_Controller_TestBoard_F303RE.elf 
arm-none-eabi-objdump -h -S  MPPT_Solar_Charge_Controller_TestBoard_F303RE.elf  > "MPPT_Solar_Charge_Controller_TestBoard_F303RE.list"
   text	   data	    bss	    dec	    hex	filename
  51896	    488	   3416	  55800	   d9f8	MPPT_Solar_Charge_Controller_TestBoard_F303RE.elf
Finished building: default.size.stdout
 
Finished building: MPPT_Solar_Charge_Controller_TestBoard_F303RE.list
 
13:52:29 **** Incremental Build of configuration Debug for project MPPT_Solar_Charge_Controller_TestBoard_F303RE ****
make -j8 all 
arm-none-eabi-g++ "../Core/Src/main.cpp" -mcpu=cortex-m4 -std=gnu++14 -g3 -DDEBUG -DUSE_HAL_DRIVER -DSTM32F303xE -c -I../Core/Inc -I../Drivers/STM32F3xx_HAL_Driver/Inc/Legacy -I../Drivers/STM32F3xx_HAL_Driver/Inc -I../Drivers/CMSIS/Device/ST/STM32F3xx/Include -I../Drivers/CMSIS/Include -I"D:/PROJECT_MPPT/MPPT_Solar_Chagre_Controller/MPPT_Solar_Charge_Controller/Application" -I"D:/PROJECT_MPPT/MPPT_Solar_Chagre_Controller/MPPT_Solar_Charge_Controller/DesignPattern/Singleton" -I"D:/PROJECT_MPPT/MPPT_Solar_Chagre_Controller/MPPT_Solar_Charge_Controller/DesignPattern/StateMachine" -I"D:/PROJECT_MPPT/MPPT_Solar_Chagre_Controller/MPPT_Solar_Charge_Controller/MyDriver" -O0 -ffunction-sections -fdata-sections -fno-exceptions -fno-rtti -fno-use-cxa-atexit -Wall -fstack-usage -fcyclomatic-complexity -MMD -MP -MF"Core/Src/main.d" -MT"Core/Src/main.o" --specs=nano.specs -mfpu=fpv4-sp-d16 -mfloat-abi=hard -mthumb -o "Core/Src/main.o"
In file included from ../Core/Src/main.cpp:30:
D:/PROJECT_MPPT/MPPT_Solar_Chagre_Controller/MPPT_Solar_Charge_Controller/Application/TestLcd.h: In member function 'void blib::LcdSimulate::impl_3_2_ChargeMode()':
D:/PROJECT_MPPT/MPPT_Solar_Chagre_Controller/MPPT_Solar_Charge_Controller/Application/TestLcd.h:623:36: warning: statement has no effect [-Wunused-value]
  623 |                         chargeMode == 0;
      |                         ~~~~~~~~~~~^~~~
../Core/Src/main.cpp: In function 'int main()':
../Core/Src/main.cpp:174:11: warning: unused variable 'analog' [-Wunused-variable]
  174 |     auto &analog = blib::Analog::getInstance();
      |           ^~~~~~
../Core/Src/main.cpp:176:11: warning: unused variable 'chargeCtrl' [-Wunused-variable]
  176 |     auto &chargeCtrl = blib::ChargeControl::getInstance();
      |           ^~~~~~~~~~
arm-none-eabi-g++ -o "MPPT_Solar_Charge_Controller_TestBoard_F303RE.elf" @"objects.list"   -mcpu=cortex-m4 -T"D:\PROJECT_MPPT\MPPT_Solar_Chagre_Controller\MPPT_Solar_Charge_Controller_TestBoard_F303RE\STM32F303RETX_FLASH.ld" --specs=nosys.specs -Wl,-Map="MPPT_Solar_Charge_Controller_TestBoard_F303RE.map" -Wl,--gc-sections -static --specs=nano.specs -mfpu=fpv4-sp-d16 -mfloat-abi=hard -mthumb -u _printf_float -Wl,--start-group -lc -lm -lstdc++ -lsupc++ -Wl,--end-group
Finished building target: MPPT_Solar_Charge_Controller_TestBoard_F303RE.elf
 
arm-none-eabi-size   MPPT_Solar_Charge_Controller_TestBoard_F303RE.elf 
arm-none-eabi-objdump -h -S  MPPT_Solar_Charge_Controller_TestBoard_F303RE.elf  > "MPPT_Solar_Charge_Controller_TestBoard_F303RE.list"
   text	   data	    bss	    dec	    hex	filename
  51896	    488	   3416	  55800	   d9f8	MPPT_Solar_Charge_Controller_TestBoard_F303RE.elf
Finished building: default.size.stdout
 
Finished building: MPPT_Solar_Charge_Controller_TestBoard_F303RE.list
 
13:54:26 **** Incremental Build of configuration Debug for project MPPT_Solar_Charge_Controller_TestBoard_F303RE ****
make -j8 all 
arm-none-eabi-g++ "../Core/Src/main.cpp" -mcpu=cortex-m4 -std=gnu++14 -g3 -DDEBUG -DUSE_HAL_DRIVER -DSTM32F303xE -c -I../Core/Inc -I../Drivers/STM32F3xx_HAL_Driver/Inc/Legacy -I../Drivers/STM32F3xx_HAL_Driver/Inc -I../Drivers/CMSIS/Device/ST/STM32F3xx/Include -I../Drivers/CMSIS/Include -I"D:/PROJECT_MPPT/MPPT_Solar_Chagre_Controller/MPPT_Solar_Charge_Controller/Application" -I"D:/PROJECT_MPPT/MPPT_Solar_Chagre_Controller/MPPT_Solar_Charge_Controller/DesignPattern/Singleton" -I"D:/PROJECT_MPPT/MPPT_Solar_Chagre_Controller/MPPT_Solar_Charge_Controller/DesignPattern/StateMachine" -I"D:/PROJECT_MPPT/MPPT_Solar_Chagre_Controller/MPPT_Solar_Charge_Controller/MyDriver" -O0 -ffunction-sections -fdata-sections -fno-exceptions -fno-rtti -fno-use-cxa-atexit -Wall -fstack-usage -fcyclomatic-complexity -MMD -MP -MF"Core/Src/main.d" -MT"Core/Src/main.o" --specs=nano.specs -mfpu=fpv4-sp-d16 -mfloat-abi=hard -mthumb -o "Core/Src/main.o"
In file included from ../Core/Src/main.cpp:30:
D:/PROJECT_MPPT/MPPT_Solar_Chagre_Controller/MPPT_Solar_Charge_Controller/Application/TestLcd.h: In member function 'void blib::LcdSimulate::impl_3_2_ChargeMode()':
D:/PROJECT_MPPT/MPPT_Solar_Chagre_Controller/MPPT_Solar_Charge_Controller/Application/TestLcd.h:624:36: warning: statement has no effect [-Wunused-value]
  624 |                         chargeMode == 0;
      |                         ~~~~~~~~~~~^~~~
../Core/Src/main.cpp: In function 'int main()':
../Core/Src/main.cpp:174:11: warning: unused variable 'analog' [-Wunused-variable]
  174 |     auto &analog = blib::Analog::getInstance();
      |           ^~~~~~
../Core/Src/main.cpp:176:11: warning: unused variable 'chargeCtrl' [-Wunused-variable]
  176 |     auto &chargeCtrl = blib::ChargeControl::getInstance();
      |           ^~~~~~~~~~
arm-none-eabi-g++ -o "MPPT_Solar_Charge_Controller_TestBoard_F303RE.elf" @"objects.list"   -mcpu=cortex-m4 -T"D:\PROJECT_MPPT\MPPT_Solar_Chagre_Controller\MPPT_Solar_Charge_Controller_TestBoard_F303RE\STM32F303RETX_FLASH.ld" --specs=nosys.specs -Wl,-Map="MPPT_Solar_Charge_Controller_TestBoard_F303RE.map" -Wl,--gc-sections -static --specs=nano.specs -mfpu=fpv4-sp-d16 -mfloat-abi=hard -mthumb -u _printf_float -Wl,--start-group -lc -lm -lstdc++ -lsupc++ -Wl,--end-group
Finished building target: MPPT_Solar_Charge_Controller_TestBoard_F303RE.elf
 
arm-none-eabi-size   MPPT_Solar_Charge_Controller_TestBoard_F303RE.elf 
arm-none-eabi-objdump -h -S  MPPT_Solar_Charge_Controller_TestBoard_F303RE.elf  > "MPPT_Solar_Charge_Controller_TestBoard_F303RE.list"
   text	   data	    bss	    dec	    hex	filename
  51896	    488	   3416	  55800	   d9f8	MPPT_Solar_Charge_Controller_TestBoard_F303RE.elf
Finished building: default.size.stdout
 
Finished building: MPPT_Solar_Charge_Controller_TestBoard_F303RE.list
 
13:58:20 **** Incremental Build of configuration Debug for project MPPT_Solar_Charge_Controller_TestBoard_F303RE ****
make -j8 all 
arm-none-eabi-g++ "../Core/Src/main.cpp" -mcpu=cortex-m4 -std=gnu++14 -g3 -DDEBUG -DUSE_HAL_DRIVER -DSTM32F303xE -c -I../Core/Inc -I../Drivers/STM32F3xx_HAL_Driver/Inc/Legacy -I../Drivers/STM32F3xx_HAL_Driver/Inc -I../Drivers/CMSIS/Device/ST/STM32F3xx/Include -I../Drivers/CMSIS/Include -I"D:/PROJECT_MPPT/MPPT_Solar_Chagre_Controller/MPPT_Solar_Charge_Controller/Application" -I"D:/PROJECT_MPPT/MPPT_Solar_Chagre_Controller/MPPT_Solar_Charge_Controller/DesignPattern/Singleton" -I"D:/PROJECT_MPPT/MPPT_Solar_Chagre_Controller/MPPT_Solar_Charge_Controller/DesignPattern/StateMachine" -I"D:/PROJECT_MPPT/MPPT_Solar_Chagre_Controller/MPPT_Solar_Charge_Controller/MyDriver" -O0 -ffunction-sections -fdata-sections -fno-exceptions -fno-rtti -fno-use-cxa-atexit -Wall -fstack-usage -fcyclomatic-complexity -MMD -MP -MF"Core/Src/main.d" -MT"Core/Src/main.o" --specs=nano.specs -mfpu=fpv4-sp-d16 -mfloat-abi=hard -mthumb -o "Core/Src/main.o"
In file included from ../Core/Src/main.cpp:30:
D:/PROJECT_MPPT/MPPT_Solar_Chagre_Controller/MPPT_Solar_Charge_Controller/Application/TestLcd.h: In member function 'void blib::LcdSimulate::impl_3_2_ChargeMode()':
D:/PROJECT_MPPT/MPPT_Solar_Chagre_Controller/MPPT_Solar_Charge_Controller/Application/TestLcd.h:625:36: warning: statement has no effect [-Wunused-value]
  625 |                         chargeMode == 0;
      |                         ~~~~~~~~~~~^~~~
../Core/Src/main.cpp: In function 'int main()':
../Core/Src/main.cpp:174:11: warning: unused variable 'analog' [-Wunused-variable]
  174 |     auto &analog = blib::Analog::getInstance();
      |           ^~~~~~
../Core/Src/main.cpp:176:11: warning: unused variable 'chargeCtrl' [-Wunused-variable]
  176 |     auto &chargeCtrl = blib::ChargeControl::getInstance();
      |           ^~~~~~~~~~
arm-none-eabi-g++ -o "MPPT_Solar_Charge_Controller_TestBoard_F303RE.elf" @"objects.list"   -mcpu=cortex-m4 -T"D:\PROJECT_MPPT\MPPT_Solar_Chagre_Controller\MPPT_Solar_Charge_Controller_TestBoard_F303RE\STM32F303RETX_FLASH.ld" --specs=nosys.specs -Wl,-Map="MPPT_Solar_Charge_Controller_TestBoard_F303RE.map" -Wl,--gc-sections -static --specs=nano.specs -mfpu=fpv4-sp-d16 -mfloat-abi=hard -mthumb -u _printf_float -Wl,--start-group -lc -lm -lstdc++ -lsupc++ -Wl,--end-group
Finished building target: MPPT_Solar_Charge_Controller_TestBoard_F303RE.elf
 
arm-none-eabi-size   MPPT_Solar_Charge_Controller_TestBoard_F303RE.elf 
arm-none-eabi-objdump -h -S  MPPT_Solar_Charge_Controller_TestBoard_F303RE.elf  > "MPPT_Solar_Charge_Controller_TestBoard_F303RE.list"
   text	   data	    bss	    dec	    hex	filename
  51904	    488	   3416	  55808	   da00	MPPT_Solar_Charge_Controller_TestBoard_F303RE.elf
Finished building: default.size.stdout
 
Finished building: MPPT_Solar_Charge_Controller_TestBoard_F303RE.list
 
14:01:30 **** Incremental Build of configuration Debug for project MPPT_Solar_Charge_Controller_TestBoard_F303RE ****
make -j8 all 
arm-none-eabi-g++ "../Core/Src/main.cpp" -mcpu=cortex-m4 -std=gnu++14 -g3 -DDEBUG -DUSE_HAL_DRIVER -DSTM32F303xE -c -I../Core/Inc -I../Drivers/STM32F3xx_HAL_Driver/Inc/Legacy -I../Drivers/STM32F3xx_HAL_Driver/Inc -I../Drivers/CMSIS/Device/ST/STM32F3xx/Include -I../Drivers/CMSIS/Include -I"D:/PROJECT_MPPT/MPPT_Solar_Chagre_Controller/MPPT_Solar_Charge_Controller/Application" -I"D:/PROJECT_MPPT/MPPT_Solar_Chagre_Controller/MPPT_Solar_Charge_Controller/DesignPattern/Singleton" -I"D:/PROJECT_MPPT/MPPT_Solar_Chagre_Controller/MPPT_Solar_Charge_Controller/DesignPattern/StateMachine" -I"D:/PROJECT_MPPT/MPPT_Solar_Chagre_Controller/MPPT_Solar_Charge_Controller/MyDriver" -O0 -ffunction-sections -fdata-sections -fno-exceptions -fno-rtti -fno-use-cxa-atexit -Wall -fstack-usage -fcyclomatic-complexity -MMD -MP -MF"Core/Src/main.d" -MT"Core/Src/main.o" --specs=nano.specs -mfpu=fpv4-sp-d16 -mfloat-abi=hard -mthumb -o "Core/Src/main.o"
In file included from ../Core/Src/main.cpp:30:
D:/PROJECT_MPPT/MPPT_Solar_Chagre_Controller/MPPT_Solar_Charge_Controller/Application/TestLcd.h: In member function 'void blib::LcdSimulate::impl_3_2_ChargeMode()':
D:/PROJECT_MPPT/MPPT_Solar_Chagre_Controller/MPPT_Solar_Charge_Controller/Application/TestLcd.h:634:36: warning: statement has no effect [-Wunused-value]
  634 |                         chargeMode == 0;
      |                         ~~~~~~~~~~~^~~~
../Core/Src/main.cpp: In function 'int main()':
../Core/Src/main.cpp:174:11: warning: unused variable 'analog' [-Wunused-variable]
  174 |     auto &analog = blib::Analog::getInstance();
      |           ^~~~~~
../Core/Src/main.cpp:176:11: warning: unused variable 'chargeCtrl' [-Wunused-variable]
  176 |     auto &chargeCtrl = blib::ChargeControl::getInstance();
      |           ^~~~~~~~~~
arm-none-eabi-g++ -o "MPPT_Solar_Charge_Controller_TestBoard_F303RE.elf" @"objects.list"   -mcpu=cortex-m4 -T"D:\PROJECT_MPPT\MPPT_Solar_Chagre_Controller\MPPT_Solar_Charge_Controller_TestBoard_F303RE\STM32F303RETX_FLASH.ld" --specs=nosys.specs -Wl,-Map="MPPT_Solar_Charge_Controller_TestBoard_F303RE.map" -Wl,--gc-sections -static --specs=nano.specs -mfpu=fpv4-sp-d16 -mfloat-abi=hard -mthumb -u _printf_float -Wl,--start-group -lc -lm -lstdc++ -lsupc++ -Wl,--end-group
Finished building target: MPPT_Solar_Charge_Controller_TestBoard_F303RE.elf
 
arm-none-eabi-size   MPPT_Solar_Charge_Controller_TestBoard_F303RE.elf 
arm-none-eabi-objdump -h -S  MPPT_Solar_Charge_Controller_TestBoard_F303RE.elf  > "MPPT_Solar_Charge_Controller_TestBoard_F303RE.list"
   text	   data	    bss	    dec	    hex	filename
  51960	    488	   3416	  55864	   da38	MPPT_Solar_Charge_Controller_TestBoard_F303RE.elf
Finished building: default.size.stdout
 
Finished building: MPPT_Solar_Charge_Controller_TestBoard_F303RE.list
 
